INFO - [♥] Lovely 0.6.0
INFO - [♥] Game directory is at "C:\\Users\\ramosalves\\Desktop\\laura\\Balatro"
INFO - [♥] Writing logs to "C:\\Users\\ramosalves\\AppData\\Roaming\\Balatro\\Mods\\lovely\\log"
INFO - [♥] Using mod directory at "C:\\Users\\ramosalves\\AppData\\Roaming\\Balatro\\Mods"
WARN - [♥] Unknown key `patches.15.?.match_indent` found in patch file at "C:\\Users\\ramosalves\\AppData\\Roaming\\Balatro\\Mods\\Bunco-main\\lovely.toml", ignoring it
WARN - [♥] Unknown key `patches.46.?.match_indent` found in patch file at "C:\\Users\\ramosalves\\AppData\\Roaming\\Balatro\\Mods\\smods-main\\lovely\\fixes.toml", ignoring it
WARN - [♥] Unknown key `patches.3.?.match_indent` found in patch file at "C:\\Users\\ramosalves\\AppData\\Roaming\\Balatro\\Mods\\smods-main\\lovely\\rarity.toml", ignoring it
INFO - [♥] Cleaning up dumps directory at "C:\\Users\\ramosalves\\AppData\\Roaming\\Balatro\\Mods\\lovely\\dump"
INFO - [♥] Initialization complete in 50ms
WARN - [♥] Pattern 'modded and {' on target 'main.lua' resulted in no matches
INFO - [♥] Applied 17 patches to 'main.lua'
INFO - [♥] Applied 6 patches to 'engine/controller.lua'
INFO - [♥] Applied 11 patches to 'back.lua'
INFO - [♥] Applied 9 patches to 'tag.lua'
INFO - [♥] Applied 3 patches to 'engine/node.lua'
INFO - [♥] Applied 1 patch to 'engine/moveable.lua'
INFO - [♥] Applied 4 patches to 'engine/sprite.lua'
INFO - [♥] Applied 2 patches to 'engine/animatedsprite.lua'
WARN - [♥] Pattern 'assembled_string = assembled_string..(type(subpart) == \'string\' and subpart or args.vars[tonumber(subpart[1])])' on target 'functions/misc_functions.lua' resulted in no matches
INFO - [♥] Applied 45 patches to 'functions/misc_functions.lua'
INFO - [♥] Applied 47 patches to 'game.lua'
INFO - [♥] Applied 4 patches to 'globals.lua'
WARN - [♥] Pattern 'self.config.chosen = true' on target 'engine/ui.lua' resulted in no matches
INFO - [♥] Applied 4 patches to 'engine/ui.lua'
WARN - [♥] Pattern 'if (v.type == \'Base\' or v.type == \'Enhanced\') and G.GAME.used_vouchers[\"v_illusion\"] and pseudorandom(pseudoseed(\'illusion\')) > 0.8 then nope' on target 'functions/UI_definitions.lua' resulted in no matches
INFO - [♥] Applied 91 patches to 'functions/UI_definitions.lua'
WARN - [♥] Pattern 'if game_over then nope' on target 'functions/state_events.lua' resulted in no matches
WARN - [♥] Pattern 'if next(eval) then nope' on target 'functions/state_events.lua' resulted in no matches
WARN - [♥] Pattern '--calculate the card edition effects\nif effects[ii].edition then\n    hand_chips = mod_chips(hand_chips + (effects[ii].edition.chip_mod or 0))\n    mult = mult + (effects[ii].edition.mult_mod or 0)\n    mult = mod_mult(mult*(effects[ii].edition.x_mult_mod or 1))\n    update_hand_text({delay = 0}, {\n        chips = effects[ii].edition.chip_mod and hand_chips or nil,\n        mult = (effects[ii].edition.mult_mod or effects[ii].edition.x_mult_mod) and mult or nil,\n    })\n    card_eval_status_text(scoring_hand[i], \'extra\', nil, percent, nil, {\n        message = (effects[ii].edition.chip_mod and localize{type=\'variable\',key=\'a_chips\',vars={effects[ii].edition.chip_mod}}) or\n                (effects[ii].edition.mult_mod and localize{type=\'variable\',key=\'a_mult\',vars={effects[ii].edition.mult_mod}}) or\n                (effects[ii].edition.x_mult_mod and localize{type=\'variable\',key=\'a_xmult\',vars={effects[ii].edition.x_mult_mod}}),\n        chip_mod =  effects[ii].edition.chip_mod,\n        mult_mod =  effects[ii].edition.mult_mod,\n        x_mult_mod =  effects[ii].edition.x_mult_mod,\n        colour = G.C.DARK_EDITION,\n        edition = true})\nend\n' on target 'functions/state_events.lua' resulted in no matches
WARN - [♥] Pattern '    scoring_hand[i].lucky_trigger = nil\n\n        for ii = 1, #effects do\n        --If chips added, do chip add event and add the chips to the total\n        if effects[ii].chips then \n            if effects[ii].card then juice_card(effects[ii].card) end\n            hand_chips = mod_chips(hand_chips + effects[ii].chips)\n            update_hand_text({delay = 0}, {chips = hand_chips})\n            card_eval_status_text(scoring_hand[i], \'chips\', effects[ii].chips, percent)\n        end\n\n        --If mult added, do mult add event and add the mult to the total\n        if effects[ii].mult then \n            if effects[ii].card then juice_card(effects[ii].card) end\n            mult = mod_mult(mult + effects[ii].mult)\n            update_hand_text({delay = 0}, {mult = mult})\n            card_eval_status_text(scoring_hand[i], \'mult\', effects[ii].mult, percent)\n        end\n\n        --If play dollars added, add dollars to total\n        if effects[ii].p_dollars then \n            if effects[ii].card then juice_card(effects[ii].card) end\n            ease_dollars(effects[ii].p_dollars)\n            card_eval_status_text(scoring_hand[i], \'dollars\', effects[ii].p_dollars, percent)\n        end\n\n        --If dollars added, add dollars to total\n        if effects[ii].dollars then \n            if effects[ii].card then juice_card(effects[ii].card) end\n            ease_dollars(effects[ii].dollars)\n            card_eval_status_text(scoring_hand[i], \'dollars\', effects[ii].dollars, percent)\n        end\n\n        --Any extra effects\n        if effects[ii].extra then \n            if effects[ii].card then juice_card(effects[ii].card) end\n            local extras = {mult = false, hand_chips = false}\n            if effects[ii].extra.mult_mod then mult =mod_mult( mult + effects[ii].extra.mult_mod);extras.mult = true end\n            if effects[ii].extra.chip_mod then hand_chips = mod_chips(hand_chips + effects[ii].extra.chip_mod);extras.hand_chips = true end\n            if effects[ii].extra.swap then \n                local old_mult = mult\n                mult = mod_mult(hand_chips)\n                hand_chips = mod_chips(old_mult)\n                extras.hand_chips = true; extras.mult = true\n            end\n            if effects[ii].extra.func then effects[ii].extra.func() end\n            update_hand_text({delay = 0}, {chips = extras.hand_chips and hand_chips, mult = extras.mult and mult})\n            card_eval_status_text(scoring_hand[i], \'extra\', nil, percent, nil, effects[ii].extra)\n        end\n\n        --If x_mult added, do mult add event and mult the mult to the total\n        if effects[ii].x_mult then \n            if effects[ii].card then juice_card(effects[ii].card) end\n            mult = mod_mult(mult*effects[ii].x_mult)\n            update_hand_text({delay = 0}, {mult = mult})\n            card_eval_status_text(scoring_hand[i], \'x_mult\', effects[ii].x_mult, percent)\n        end\n\n\n        end\n    end\nend\n' on target 'functions/state_events.lua' resulted in no matches
WARN - [♥] Pattern 'local percent = (i-0.999)/(#G.hand.cards-0.998) + (j-1)*0.1' on target 'functions/state_events.lua' resulted in no matches
WARN - [♥] Pattern 'card_eval_status_text(scoring_hand[i], \'extra\', nil, percent, nil, effects[ii].extra)' on target 'functions/state_events.lua' resulted in no matches
WARN - [♥] Pattern 'card_eval_status_text(scoring_hand[i], \'extra\', nil, percent, nil, effects[ii].extra)' on target 'functions/state_events.lua' resulted in no matches
WARN - [♥] Pattern 'card_eval_status_text(scoring_hand[i], \'debuff\')' on target 'functions/state_events.lua' resulted in no matches
WARN - [♥] Pattern 'for j=1,#reps do' on target 'functions/state_events.lua' resulted in no matches
WARN - [♥] Pattern 'G.jokers.cards[i]:calculate_perishable()' on target 'functions/state_events.lua' resulted in no matches
INFO - [♥] Applied 66 patches to 'functions/state_events.lua'
WARN - [♥] Regex '(?<indent>[\\t ]*)if G\\.F_NO_ACHIEVEMENTS then return end\\n[\\s\\S][\\s\\S]{16}--\\|LOCAL SETTINGS FILE' on target 'functions/common_events.lua' resulted in no matches
WARN - [♥] Pattern 'if context.cardarea == G.play then\n    local chips = card:get_chip_bonus()\n    if chips > 0 then \n        ret.chips = chips\n    end\n\n    local mult = card:get_chip_mult()\n    if mult > 0 then \n        ret.mult = mult\n    end\n\n    local x_mult = card:get_chip_x_mult(context)\n    if x_mult > 0 then \n        ret.x_mult = x_mult\n    end\n\n    local p_dollars = card:get_p_dollars()\n    if p_dollars > 0 then \n        ret.p_dollars = p_dollars\n    end\n\n    local jokers = card:calculate_joker(context)\n    if jokers then \n        ret.jokers = jokers\n    end\n\n    local edition = card:get_edition(context)\n    if edition then \n        ret.edition = edition\n    end\nend\n' on target 'functions/common_events.lua' resulted in no matches
WARN - [♥] Pattern 'if context.cardarea == G.hand then\n    local h_mult = card:get_chip_h_mult()\n    if h_mult > 0 then \n        ret.h_mult = h_mult\n    end\n\n    local h_x_mult = card:get_chip_h_x_mult()\n    if h_x_mult > 0 then \n        ret.x_mult = h_x_mult\n    end\n' on target 'functions/common_events.lua' resulted in no matches
WARN - [♥] Pattern 'info_queue[#info_queue + 1] = G.P_CENTERS[\'e_\'..v]' on target 'functions/common_events.lua' resulted in no matches
INFO - [♥] Applied 116 patches to 'functions/common_events.lua'
WARN - [♥] Pattern 'G.pack_cards:emplace(v)' on target 'functions/button_callbacks.lua' resulted in no matches
WARN - [♥] Pattern 'if G.STATE == G.STATES.TAROT_PACK or G.STATE == G.STATES.PLANET_PACK or G.STATE == G.STATES.SPECTRAL_PACK*' on target 'functions/button_callbacks.lua' resulted in no matches
WARN - [♥] Pattern 'if G.STATE == G.STATES.TAROT_PACK or G.STATE == G.STATES.PLANET_PACK or G.STATE == G.STATES.SPECTRAL_PACK*' on target 'functions/button_callbacks.lua' resulted in no matches
WARN - [♥] Pattern 'G.jokers.cards[i]:calculate_joker({skip_blind = true})' on target 'functions/button_callbacks.lua' resulted in no matches
INFO - [♥] Applied 57 patches to 'functions/button_callbacks.lua'
WARN - [♥] Pattern 'if not self.no_shadow and G.SETTINGS.GRAPHICS.shadows == \'On\' and((layer == \'shadow\' or layer == \'both\') and (self.ability.effect ~= \'Glass Card\' and not self.greyed) and ((self.area and self.area ~= G.discard and self.area.config.type ~= \'deck\') or not self.area or self.states.drag.is)) then' on target 'card.lua' resulted in no matches
WARN - [♥] Pattern 'if (self.edition and (self.edition.negative or self.edition.cry_oversat)) or (self.ability.name == \'Antimatter\' and (self.config.center.discovered or self.bypass_discovery_center)) then' on target 'card.lua' resulted in no matches
WARN - [♥] Regex '(?<indent>[\t ]*)for\\s+i\\s*=\\s*1,\\s*#G\\.jokers\\.cards\\s*do\\s*\\n[\\t ]*G\\.jokers\\.cards\\[i\\]:calculate_joker\\(\\{\\s*open_booster\\s*=\\s*true,\\s*card\\s*=\\s*self\\s*\\}\\)\\s*\\n[\\t ]*end' on target 'card.lua' resulted in no matches
INFO - [♥] Applied 185 patches to 'card.lua'
INFO - [♥] Applied 21 patches to 'cardarea.lua'
INFO - [♥] Applied 33 patches to 'blind.lua'
INFO - [♥] Applied 2 patches to 'engine/text.lua'
INFO - [G] Totally applied 4 replacements to overrides.lua
INFO - [G] Failed to connect to the debug server
INFO - [G] 2025-01-19 21:30:01 :: DEBUG :: DebugConsole :: Steamodded Debug Socket started !
INFO - [♥] Applied 9 patches to 'engine/sound_manager.lua'
INFO - [♥] Applied 1 patch to 'engine/save_manager.lua'
INFO - [G] 2025-01-19 21:30:02 :: TRACE :: Loader :: Processing Mod file (Legacy header): BBBalatro_code.lua
INFO - [G] 2025-01-19 21:30:02 :: TRACE :: Loader :: Saving Mod Info: BBBalatro
INFO - [G] 2025-01-19 21:30:02 :: TRACE :: Loader :: Processing Mod file (Legacy header): olympus.lua
INFO - [G] 2025-01-19 21:30:02 :: TRACE :: Loader :: Saving Mod Info: Olympus
INFO - [G] 2025-01-19 21:30:02 :: TRACE :: Loader :: Processing Mod file (Legacy header): Bunco.lua
INFO - [G] 2025-01-19 21:30:02 :: TRACE :: Loader :: Saving Mod Info: Bunco
INFO - [G] 2025-01-19 21:30:02 :: TRACE :: Loader :: Processing Mod file (Legacy header): mod.lua
INFO - [G] 2025-01-19 21:30:02 :: TRACE :: Loader :: Saving Mod Info: cartomancer
INFO - [G] 2025-01-19 21:30:02 :: INFO  :: DefaultLogger :: Valid JSON file found
INFO - [G] 2025-01-19 21:30:02 :: TRACE :: Loader :: Processing Mod file (Legacy header): 5_legendary_challenges.lua
INFO - [G] 2025-01-19 21:30:02 :: TRACE :: Loader :: Saving Mod Info: legendaryChallenges
INFO - [G] 2025-01-19 21:30:02 :: TRACE :: Loader :: Processing Mod file (Legacy header): Betmma_Abilities.lua
INFO - [G] 2025-01-19 21:30:02 :: TRACE :: Loader :: Saving Mod Info: BetmmaAbilities
INFO - [G] 2025-01-19 21:30:02 :: TRACE :: Loader :: Processing Mod file (Legacy header): Betmma_Jokers.lua
INFO - [G] 2025-01-19 21:30:03 :: TRACE :: Loader :: Saving Mod Info: BetmmaJokers
INFO - [G] 2025-01-19 21:30:03 :: TRACE :: Loader :: Processing Mod file (Legacy header): Betmma_Spells.lua
INFO - [G] 2025-01-19 21:30:03 :: TRACE :: Loader :: Saving Mod Info: BetmmaSpells
INFO - [G] 2025-01-19 21:30:03 :: TRACE :: Loader :: Processing Mod file (Legacy header): Betmma_Voucher_Pack.lua
INFO - [G] 2025-01-19 21:30:03 :: TRACE :: Loader :: Saving Mod Info: BetmmaVoucherPack
INFO - [G] 2025-01-19 21:30:03 :: TRACE :: Loader :: Processing Mod file (Legacy header): Betmma_Vouchers.lua
INFO - [G] 2025-01-19 21:30:03 :: TRACE :: Loader :: Saving Mod Info: BetmmaVouchers
INFO - [G] 2025-01-19 21:30:03 :: TRACE :: Loader :: Processing Mod file (Legacy header): better_vouchers_this_run_ui.lua
INFO - [G] 2025-01-19 21:30:03 :: TRACE :: Loader :: Saving Mod Info: BetterVouchersThisRunUI
INFO - [G] betmma config not found
INFO - [G] 2025-01-19 21:30:03 :: WARN  :: Spell :: The field `raw_key` on dark is deprecated.
Set `prefix_config.key = false` on your object instead.
INFO - [G] 2025-01-19 21:30:03 :: WARN  :: Spell :: The field `raw_key` on light is deprecated.
Set `prefix_config.key = false` on your object instead.
INFO - [G] 2025-01-19 21:30:03 :: WARN  :: Spell :: The field `raw_key` on earth is deprecated.
Set `prefix_config.key = false` on your object instead.
INFO - [G] 2025-01-19 21:30:03 :: WARN  :: Spell :: The field `raw_key` on air is deprecated.
Set `prefix_config.key = false` on your object instead.
INFO - [G] 2025-01-19 21:30:03 :: WARN  :: Spell :: The field `raw_key` on water is deprecated.
Set `prefix_config.key = false` on your object instead.
INFO - [G] 2025-01-19 21:30:03 :: WARN  :: Spell :: The field `raw_key` on fire is deprecated.
Set `prefix_config.key = false` on your object instead.
INFO - [G] 2025-01-19 21:30:03 :: WARN  :: Spell :: The field `raw_key` on shadow is deprecated.
Set `prefix_config.key = false` on your object instead.
INFO - [G] 2025-01-19 21:30:03 :: WARN  :: Spell :: The field `raw_key` on inferno is deprecated.
Set `prefix_config.key = false` on your object instead.
INFO - [G] 2025-01-19 21:30:03 :: WARN  :: Spell :: The field `raw_key` on abyss is deprecated.
Set `prefix_config.key = false` on your object instead.
INFO - [G] 2025-01-19 21:30:03 :: WARN  :: Spell :: The field `raw_key` on cavern is deprecated.
Set `prefix_config.key = false` on your object instead.
INFO - [G] 2025-01-19 21:30:03 :: WARN  :: Spell :: The field `raw_key` on smoke is deprecated.
Set `prefix_config.key = false` on your object instead.
INFO - [G] 2025-01-19 21:30:03 :: WARN  :: Spell :: The field `raw_key` on radiance is deprecated.
Set `prefix_config.key = false` on your object instead.
INFO - [G] 2025-01-19 21:30:03 :: WARN  :: Spell :: The field `raw_key` on reflection is deprecated.
Set `prefix_config.key = false` on your object instead.
INFO - [G] 2025-01-19 21:30:03 :: WARN  :: Spell :: The field `raw_key` on crystal is deprecated.
Set `prefix_config.key = false` on your object instead.
INFO - [G] 2025-01-19 21:30:03 :: WARN  :: Spell :: The field `raw_key` on halo is deprecated.
Set `prefix_config.key = false` on your object instead.
INFO - [G] 2025-01-19 21:30:03 :: WARN  :: Spell :: The field `raw_key` on steam is deprecated.
Set `prefix_config.key = false` on your object instead.
INFO - [G] 2025-01-19 21:30:03 :: WARN  :: Spell :: The field `raw_key` on magma is deprecated.
Set `prefix_config.key = false` on your object instead.
INFO - [G] 2025-01-19 21:30:03 :: WARN  :: Spell :: The field `raw_key` on ember is deprecated.
Set `prefix_config.key = false` on your object instead.
INFO - [G] 2025-01-19 21:30:03 :: WARN  :: Spell :: The field `raw_key` on mud is deprecated.
Set `prefix_config.key = false` on your object instead.
INFO - [G] 2025-01-19 21:30:03 :: WARN  :: Spell :: The field `raw_key` on dust is deprecated.
Set `prefix_config.key = false` on your object instead.
INFO - [G] 2025-01-19 21:30:03 :: WARN  :: Spell :: The field `raw_key` on cloud is deprecated.
Set `prefix_config.key = false` on your object instead.
INFO - [G] 2025-01-19 21:30:03 :: WARN  :: Spell :: The field `raw_key` on ripple is deprecated.
Set `prefix_config.key = false` on your object instead.
INFO - [G] 2025-01-19 21:30:03 :: WARN  :: Spell :: The field `raw_key` on lava is deprecated.
Set `prefix_config.key = false` on your object instead.
INFO - [G] 2025-01-19 21:30:03 :: WARN  :: Challenge :: Detected duplicate register call on object c_mad_world_1
INFO - [G] 2025-01-19 21:30:03 :: INFO  :: TIMER :: [0000] Injected Language in 0.005 ms
INFO - [G] 2025-01-19 21:30:03 :: INFO  :: TIMER :: [0000] Injected [INTERNAL] in 2.079 ms
INFO - [G] 2025-01-19 21:30:04 :: INFO  :: TIMER :: [0227] Injected Atlas in 1324.789 ms
INFO - [G] 2025-01-19 21:30:04 :: INFO  :: TIMER :: [0011] Injected Sound in 0.992 ms
INFO - [G] 2025-01-19 21:30:04 :: INFO  :: TIMER :: [0012] Injected Stake in 0.820 ms
INFO - [G] 2025-01-19 21:30:04 :: INFO  :: TIMER :: [0004] Injected Rarity in 0.068 ms
INFO - [G] 2025-01-19 21:30:04 :: INFO  :: TIMER :: [0007] Injected ObjectType in 0.180 ms
INFO - [G] 2025-01-19 21:30:04 :: INFO  :: TIMER :: [0386] Injected Center in 7.043 ms
INFO - [G] 2025-01-19 21:30:04 :: INFO  :: TIMER :: [0009] Injected Undiscovered Sprite in 0.034 ms
INFO - [G] 2025-01-19 21:30:04 :: INFO  :: TIMER :: [0027] Injected Blind in 0.572 ms
INFO - [G] 2025-01-19 21:30:04 :: INFO  :: TIMER :: [0004] Injected Seal in 0.282 ms
INFO - [G] 2025-01-19 21:30:04 :: INFO  :: TIMER :: [0006] Injected Suit in 0.226 ms
INFO - [G] 2025-01-19 21:30:04 :: INFO  :: TIMER :: [0013] Injected Rank in 0.238 ms
INFO - [G] 2025-01-19 21:30:04 :: INFO  :: TIMER :: [0016] Injected DeckSkin in 0.082 ms
INFO - [G] 2025-01-19 21:30:04 :: INFO  :: TIMER :: [0017] Injected PokerHand in 0.181 ms
INFO - [G] 2025-01-19 21:30:04 :: INFO  :: TIMER :: [0020] Injected Challenge in 0.055 ms
INFO - [G] 2025-01-19 21:30:04 :: INFO  :: TIMER :: [0018] Injected Tag in 0.392 ms
INFO - [G] 2025-01-19 21:30:04 :: INFO  :: TIMER :: [0007] Injected Sticker in 0.271 ms
INFO - [G] 2025-01-19 21:30:05 :: INFO  :: TIMER :: [0004] Injected Shader in 118.398 ms
INFO - [G] 2025-01-19 21:30:05 :: INFO  :: TIMER :: [0001] Injected Keybind in 0.037 ms
INFO - [G] 2025-01-19 21:30:05 :: INFO  :: TIMER :: [0000] Injected Achievement in 0.039 ms
INFO - [G] 2025-01-19 21:30:05 :: INFO  :: TIMER :: [0000] Injected [INTERNAL] in 8.463 ms
INFO - [G] line not found
INFO - [G] file not found: main.lua: No such file or directory
INFO - [G] file not found: main.lua: No such file or directory
INFO - [G] file not found: main.lua: No such file or directory
INFO - [G] file not found: main.lua: No such file or directory
INFO - [G] 2025-01-19 21:30:18 :: ERROR :: StackTrace :: Oops! The game crashed
[SMODS _ "src/utils.lua"]:1111: attempt to index local 'effect' (a number value)
Stack Traceback
===============
(1) Lua local 'handler' at file 'main.lua:756'
	Local variables:
	 msg = string: "[SMODS _ \"src/utils.lua\"]:1111: attempt to index local 'effect' (a number value)"
	 (*temporary) = Lua function '?' (defined at line 31 of chunk [SMODS _ "src/logging.lua"])
	 (*temporary) = string: "Oops! The game crashed\
"
(2) LÖVE metamethod at file 'boot.lua:352'
	Local variables:
	 errhand = Lua function '?' (defined at line 742 of chunk main.lua)
	 handler = Lua function '?' (defined at line 742 of chunk main.lua)
(3) Lua field 'calculate_effect' at Steamodded file 'src/utils.lua:1111' 
	Local variables:
	 effect = number: 10
	 scored_card = table: 0x28adf428  {debuff:false, ambient_tilt:0.2, click_offset:table: 0x2873fea0, RETS:table: 0x285d8a70 (more...)}
	 from_edition = nil
	 pre_jokers = nil
	 calculated = boolean: false
	 message = boolean: false
	 (for generator) = C function: builtin#6
	 (for state) = table: 0x28193830  {1:chips, 2:h_chips, 3:chip_mod, 4:mult, 5:h_mult, 6:mult_mod, 7:x_mult (more...)}
	 (for control) = number: 1
	 _ = number: 1
	 key = string: "chips"
	 (*temporary) = number: 0
	 (*temporary) = nil
	 (*temporary) = table: 0x28adf428  {debuff:false, ambient_tilt:0.2, click_offset:table: 0x2873fea0, RETS:table: 0x285d8a70 (more...)}
	 (*temporary) = table: 0x289c6850  {destroying_card:table: 0x28adf428, poker_hands:table: 0x2842beb0, scoring_name:High Card (more...)}
	 (*temporary) = string: "eternal"
	 (*temporary) = table: 0x285cbed8  {order:1, atlas:stickers, should_apply:false, _saved_d_u:true, original_key:eternal (more...)}
	 (*temporary) = nil
	 (*temporary) = string: "attempt to index local 'effect' (a number value)"
(4) Lua field 'calculate_destroying_cards' at Steamodded file 'src/utils.lua:1479' 
	Local variables:
	 context = table: 0x289c6850  {destroying_card:table: 0x28adf428, poker_hands:table: 0x2842beb0, scoring_name:High Card (more...)}
	 cards_destroyed = table: 0x289c3990  {}
	 scoring_hand = table: 0x2842bf40  {1:table: 0x28adf428}
	 (for generator) = C function: builtin#6
	 (for state) = table: 0x2842bf40  {1:table: 0x28adf428}
	 (for control) = number: 1
	 i = number: 1
	 card = table: 0x28adf428  {debuff:false, ambient_tilt:0.2, click_offset:table: 0x2873fea0, RETS:table: 0x285d8a70 (more...)}
	 destroyed = nil
	 eval = table: 0x28bdb8e0  {chips:10}
	 post = nil
	 self_destroy = boolean: false
	 (for generator) = C function: next
	 (for state) = table: 0x28bdb8e0  {chips:10}
	 (for control) = number: nan
	 key = string: "chips"
	 effect = number: 10
(5) Lua upvalue 'G_FUNCS_evaluate_play_ref' at file 'functions/state_events.lua:1150'
	Local variables:
	 e = nil
	 antiscore = nil
	 text = string: "High Card"
	 disp_text = string: "High Card"
	 poker_hands = table: 0x2842beb0  {Flush House:table: 0x287d4bb0, top:table: 0x28add1f8, Pair:table: 0x2874e768 (more...)}
	 scoring_hand = table: 0x2842bf40  {1:table: 0x28adf428}
	 non_loc_disp_text = string: "High Card"
	 pures = table: 0x280e2880  {}
	 hand_text_set = boolean: false
	 modded = boolean: false
	 nu_chip = nil
	 nu_mult = nil
	 cards_destroyed = table: 0x289c3990  {}
	 (for generator) = C function: builtin#6
	 (for state) = table: 0x289c40d0  {1:table: 0x27eb66e8, 2:table: 0x28a370e0, 3:table: 0x289c52b8, 4:table: 0x289c52e0 (more...)}
	 (for control) = number: 1
	 _ = number: 1
	 v = table: 0x27eb66e8  {click_offset:table: 0x2853abf8, children:table: 0x28292e28, shuffle_amt:0 (more...)}
(6) Lua upvalue 'G_FUNCS_evaluate_play_ref' at file 'Betmma_Abilities.lua:958' (from mod with id BetmmaAbilities)
	Local variables:
	 e = nil
(7) Lua field 'evaluate_play' at file 'Betmma_Abilities.lua:1865' (from mod with id BetmmaAbilities)
	Local variables:
	 e = nil
(8) Lua field 'func' at file 'functions/state_events.lua:715'
(9) Lua method 'handle' at file 'engine/event.lua:99'
	Local variables:
	 self = table: 0x284f0ff8  {start_timer:true, timer:TOTAL, blockable:true, trigger:immediate, func:function: 0x2814e978 (more...)}
	 _results = table: 0x28524960  {blocking:true, pause_skip:false, time_done:false, completed:false}
(10) Lua method 'update' at file 'engine/event.lua:182'
	Local variables:
	 self = table: 0x27ff44f0  {queue_last_processed:13.2, queues:table: 0x27ff4518, queue_dt:0.016666666666667 (more...)}
	 dt = number: 0.0165962
	 forced = nil
	 (for generator) = C function: next
	 (for state) = table: 0x27ff4518  {unlock:table: 0x27ff4540, other:table: 0x28507138, tutorial:table: 0x28589380 (more...)}
	 (for control) = number: nan
	 k = string: "base"
	 v = table: 0x28589358  {1:table: 0x285599b0, 2:table: 0x288b36f0, 3:table: 0x284f0ff8, 4:table: 0x287a7050 (more...)}
	 blocked = boolean: false
	 i = number: 3
	 results = table: 0x28524960  {blocking:true, pause_skip:false, time_done:false, completed:false}
(11) Lua upvalue 'gameUpdateRef' at file 'game.lua:2571'
	Local variables:
	 self = table: 0x27f529a0  {F_GUIDE:false, F_CRASH_REPORTS:false, F_QUIT_BUTTON:true, HUD_tags:table: 0x28cc5510 (more...)}
	 dt = number: 0.0165962
	 http_resp = nil
(12) Lua upvalue 'original_game_update' at Steamodded file 'src/ui.lua:81' 
	Local variables:
	 self = table: 0x27f529a0  {F_GUIDE:false, F_CRASH_REPORTS:false, F_QUIT_BUTTON:true, HUD_tags:table: 0x28cc5510 (more...)}
	 dt = number: 0.0165962
(13) Lua method 'update' at file 'Bunco.lua:590' (from mod with id Bunco)
	Local variables:
	 self = table: 0x27f529a0  {F_GUIDE:false, F_CRASH_REPORTS:false, F_QUIT_BUTTON:true, HUD_tags:table: 0x28cc5510 (more...)}
	 dt = number: 0.0165962
(14) Lua field 'update' at file 'main.lua:1136'
	Local variables:
	 dt = number: 0.0165962
(15) Lua function '?' at file 'main.lua:1075' (best guess)
(16) global C function 'xpcall'
(17) LÖVE function at file 'boot.lua:377' (best guess)
	Local variables:
	 func = Lua function '?' (defined at line 1046 of chunk main.lua)
	 inerror = boolean: true
	 deferErrhand = Lua function '(LÖVE Function)' (defined at line 348 of chunk [love "boot.lua"])
	 earlyinit = Lua function '(LÖVE Function)' (defined at line 355 of chunk [love "boot.lua"])

INFO - [G] file not found: main.lua: No such file or directory
INFO - [G] file not found: main.lua: No such file or directory
INFO - [G] 2025-01-19 21:30:18 :: INFO  :: StackTrace :: Additional Context:
Balatro Version: 1.0.1n-FULL
Modded Version: 1.0.0~ALPHA-1319c-STEAMODDED
LÖVE Version: 11.5.0
Lovely Version: 0.6.0
Platform: Windows
Steamodded Mods:
    1: Olympus by AbhinavR314 [ID: Olympus]
    2: Betmma Vouchers by Betmma [ID: BetmmaVouchers, Priority: -1, Version: 3.0.0(20241017)]
    3: Betmma Voucher Pack by Betmma, nicholassam6425 [ID: BetmmaVoucherPack]
    4: Betmma Spells by Betmma [ID: BetmmaSpells, Version: 0.1.8(20241009)]
    5: Cartomancer by stupxd aka stupid [ID: cartomancer, Priority: 69, Version: 4.10, Uses Lovely]
    6: Betmma Jokers by Betmma [ID: BetmmaJokers]
    7: Betmma Abilities by Betmma [ID: BetmmaAbilities, Version: 1.0.3.2(20240827)]
    8: Cosmos by Cosmos [ID: Cosmos, Version: 1.0.0, Uses Lovely]
    9: 5 legendary challenges by Betmma [ID: legendaryChallenges]
    10: Better Vouchers This Run UI by Betmma [ID: BetterVouchersThisRunUI]
    11: BBBalatro by B [ID: BBBalatro]
    12: Bunco by Firch, RENREN, Peas, minichibis, J.D., Guwahavel, Ciirulean, ejwu [ID: Bunco, Version: 5.0, Uses Lovely]
Lovely Mods:
    1: betmma_mods
