INFO - [♥] Lovely 0.6.0
INFO - [♥] Game directory is at "C:\\Users\\ramosalves\\Desktop\\laura\\Balatro"
INFO - [♥] Writing logs to "C:\\Users\\ramosalves\\AppData\\Roaming\\Balatro\\Mods\\lovely\\log"
INFO - [♥] Using mod directory at "C:\\Users\\ramosalves\\AppData\\Roaming\\Balatro\\Mods"
WARN - [♥] Unknown key `patches.15.?.match_indent` found in patch file at "C:\\Users\\ramosalves\\AppData\\Roaming\\Balatro\\Mods\\Bunco-main\\lovely.toml", ignoring it
WARN - [♥] Unknown key `patches.46.?.match_indent` found in patch file at "C:\\Users\\ramosalves\\AppData\\Roaming\\Balatro\\Mods\\smods-main\\lovely\\fixes.toml", ignoring it
WARN - [♥] Unknown key `patches.3.?.match_indent` found in patch file at "C:\\Users\\ramosalves\\AppData\\Roaming\\Balatro\\Mods\\smods-main\\lovely\\rarity.toml", ignoring it
INFO - [♥] Cleaning up dumps directory at "C:\\Users\\ramosalves\\AppData\\Roaming\\Balatro\\Mods\\lovely\\dump"
INFO - [♥] Initialization complete in 48ms
WARN - [♥] Pattern 'G.ARGS.score_intensity.organ = G.video_organ or G.ARGS.score_intensity.required_score > 0 and math.max(math.min(0.4, 0.1*math.log(G.ARGS.score_intensity.earned_score/(G.ARGS.score_intensity.required_score+1), 5)),0.) or 0' on target 'main.lua' resulted in no matches
WARN - [♥] Pattern 'if type(G.GAME.current_round.current_hand.chips) ~= \'number\' or type(G.GAME.current_round.current_hand.mult) ~= \'number\' then' on target 'main.lua' resulted in no matches
WARN - [♥] Pattern 'modded and {' on target 'main.lua' resulted in no matches
INFO - [♥] Applied 19 patches to 'main.lua'
INFO - [♥] Applied 2 patches to 'engine/string_packer.lua'
INFO - [♥] Applied 6 patches to 'engine/controller.lua'
INFO - [♥] Applied 11 patches to 'back.lua'
INFO - [♥] Applied 9 patches to 'tag.lua'
INFO - [♥] Applied 3 patches to 'engine/node.lua'
INFO - [♥] Applied 2 patches to 'engine/moveable.lua'
INFO - [♥] Applied 4 patches to 'engine/sprite.lua'
INFO - [♥] Applied 2 patches to 'engine/animatedsprite.lua'
WARN - [♥] Pattern 'assembled_string = assembled_string..(type(subpart) == \'string\' and subpart or args.vars[tonumber(subpart[1])])' on target 'functions/misc_functions.lua' resulted in no matches
WARN - [♥] Pattern 'assembled_string = assembled_string..(type(subpart) == \'string\' and subpart or args.vars[tonumber(subpart[1])] or \'ERROR\')' on target 'functions/misc_functions.lua' resulted in no matches
INFO - [♥] Applied 49 patches to 'functions/misc_functions.lua'
INFO - [♥] Applied 55 patches to 'game.lua'
INFO - [♥] Applied 4 patches to 'globals.lua'
WARN - [♥] Pattern 'self.config.chosen = true' on target 'engine/ui.lua' resulted in no matches
INFO - [♥] Applied 7 patches to 'engine/ui.lua'
WARN - [♥] Pattern 'if (v.type == \'Base\' or v.type == \'Enhanced\') and G.GAME.used_vouchers[\"v_illusion\"] and pseudorandom(pseudoseed(\'illusion\')) > 0.8 then nope' on target 'functions/UI_definitions.lua' resulted in no matches
WARN - [♥] Pattern '{n=G.UIT.T, config={text = G.GAME.hands[handname].chips, scale = 0.45, colour = G.C.UI.TEXT_LIGHT}},' on target 'functions/UI_definitions.lua' resulted in no matches
WARN - [♥] Pattern '{n=G.UIT.T, config={text = G.GAME.hands[handname].mult, scale = 0.45, colour = G.C.UI.TEXT_LIGHT}}' on target 'functions/UI_definitions.lua' resulted in no matches
INFO - [♥] Applied 92 patches to 'functions/UI_definitions.lua'
WARN - [♥] Pattern 'if game_over then nope' on target 'functions/state_events.lua' resulted in no matches
WARN - [♥] Pattern 'if next(eval) then nope' on target 'functions/state_events.lua' resulted in no matches
WARN - [♥] Pattern '--calculate the card edition effects\nif effects[ii].edition then\n    hand_chips = mod_chips(hand_chips + (effects[ii].edition.chip_mod or 0))\n    mult = mult + (effects[ii].edition.mult_mod or 0)\n    mult = mod_mult(mult*(effects[ii].edition.x_mult_mod or 1))\n    update_hand_text({delay = 0}, {\n        chips = effects[ii].edition.chip_mod and hand_chips or nil,\n        mult = (effects[ii].edition.mult_mod or effects[ii].edition.x_mult_mod) and mult or nil,\n    })\n    card_eval_status_text(scoring_hand[i], \'extra\', nil, percent, nil, {\n        message = (effects[ii].edition.chip_mod and localize{type=\'variable\',key=\'a_chips\',vars={effects[ii].edition.chip_mod}}) or\n                (effects[ii].edition.mult_mod and localize{type=\'variable\',key=\'a_mult\',vars={effects[ii].edition.mult_mod}}) or\n                (effects[ii].edition.x_mult_mod and localize{type=\'variable\',key=\'a_xmult\',vars={effects[ii].edition.x_mult_mod}}),\n        chip_mod =  effects[ii].edition.chip_mod,\n        mult_mod =  effects[ii].edition.mult_mod,\n        x_mult_mod =  effects[ii].edition.x_mult_mod,\n        colour = G.C.DARK_EDITION,\n        edition = true})\nend\n' on target 'functions/state_events.lua' resulted in no matches
WARN - [♥] Pattern '    scoring_hand[i].lucky_trigger = nil\n\n        for ii = 1, #effects do\n        --If chips added, do chip add event and add the chips to the total\n        if effects[ii].chips then \n            if effects[ii].card then juice_card(effects[ii].card) end\n            hand_chips = mod_chips(hand_chips + effects[ii].chips)\n            update_hand_text({delay = 0}, {chips = hand_chips})\n            card_eval_status_text(scoring_hand[i], \'chips\', effects[ii].chips, percent)\n        end\n\n        --If mult added, do mult add event and add the mult to the total\n        if effects[ii].mult then \n            if effects[ii].card then juice_card(effects[ii].card) end\n            mult = mod_mult(mult + effects[ii].mult)\n            update_hand_text({delay = 0}, {mult = mult})\n            card_eval_status_text(scoring_hand[i], \'mult\', effects[ii].mult, percent)\n        end\n\n        --If play dollars added, add dollars to total\n        if effects[ii].p_dollars then \n            if effects[ii].card then juice_card(effects[ii].card) end\n            ease_dollars(effects[ii].p_dollars)\n            card_eval_status_text(scoring_hand[i], \'dollars\', effects[ii].p_dollars, percent)\n        end\n\n        --If dollars added, add dollars to total\n        if effects[ii].dollars then \n            if effects[ii].card then juice_card(effects[ii].card) end\n            ease_dollars(effects[ii].dollars)\n            card_eval_status_text(scoring_hand[i], \'dollars\', effects[ii].dollars, percent)\n        end\n\n        --Any extra effects\n        if effects[ii].extra then \n            if effects[ii].card then juice_card(effects[ii].card) end\n            local extras = {mult = false, hand_chips = false}\n            if effects[ii].extra.mult_mod then mult =mod_mult( mult + effects[ii].extra.mult_mod);extras.mult = true end\n            if effects[ii].extra.chip_mod then hand_chips = mod_chips(hand_chips + effects[ii].extra.chip_mod);extras.hand_chips = true end\n            if effects[ii].extra.swap then \n                local old_mult = mult\n                mult = mod_mult(hand_chips)\n                hand_chips = mod_chips(old_mult)\n                extras.hand_chips = true; extras.mult = true\n            end\n            if effects[ii].extra.func then effects[ii].extra.func() end\n            update_hand_text({delay = 0}, {chips = extras.hand_chips and hand_chips, mult = extras.mult and mult})\n            card_eval_status_text(scoring_hand[i], \'extra\', nil, percent, nil, effects[ii].extra)\n        end\n\n        --If x_mult added, do mult add event and mult the mult to the total\n        if effects[ii].x_mult then \n            if effects[ii].card then juice_card(effects[ii].card) end\n            mult = mod_mult(mult*effects[ii].x_mult)\n            update_hand_text({delay = 0}, {mult = mult})\n            card_eval_status_text(scoring_hand[i], \'x_mult\', effects[ii].x_mult, percent)\n        end\n\n\n        end\n    end\nend\n' on target 'functions/state_events.lua' resulted in no matches
WARN - [♥] Pattern 'local percent = (i-0.999)/(#G.hand.cards-0.998) + (j-1)*0.1' on target 'functions/state_events.lua' resulted in no matches
WARN - [♥] Pattern 'if effects[ii].card then' on target 'functions/state_events.lua' resulted in no matches
WARN - [♥] Pattern 'if effects.jokers.Xmult_mod then mult = mod_mult(mult*effects.jokers.Xmult_mod);extras.mult = true  end' on target 'functions/state_events.lua' resulted in no matches
WARN - [♥] Pattern 'if effect.Xmult_mod then mult = mod_mult(mult*effect.Xmult_mod);extras.mult = true  end' on target 'functions/state_events.lua' resulted in no matches
WARN - [♥] Pattern 'if effects[ii].message then' on target 'functions/state_events.lua' resulted in no matches
WARN - [♥] Pattern '--calculate the card edition effects' on target 'functions/state_events.lua' resulted in no matches
WARN - [♥] Pattern 'if effects[ii].edition.p_dollars_mod then' on target 'functions/state_events.lua' resulted in no matches
WARN - [♥] Pattern 'if edition_effects.jokers.x_mult_mod then' on target 'functions/state_events.lua' resulted in no matches
WARN - [♥] Pattern 'card_eval_status_text(scoring_hand[i], \'extra\', nil, percent, nil, effects[ii].extra)' on target 'functions/state_events.lua' resulted in no matches
WARN - [♥] Pattern 'card_eval_status_text(scoring_hand[i], \'extra\', nil, percent, nil, effects[ii].extra)' on target 'functions/state_events.lua' resulted in no matches
WARN - [♥] Pattern 'card_eval_status_text(scoring_hand[i], \'debuff\')' on target 'functions/state_events.lua' resulted in no matches
WARN - [♥] Pattern 'for j=1,#reps do' on target 'functions/state_events.lua' resulted in no matches
WARN - [♥] Pattern 'G.jokers.cards[i]:calculate_perishable()' on target 'functions/state_events.lua' resulted in no matches
INFO - [♥] Applied 71 patches to 'functions/state_events.lua'
WARN - [♥] Regex '(?<indent>[\\t ]*)if G\\.F_NO_ACHIEVEMENTS then return end\\n[\\s\\S][\\s\\S]{16}--\\|LOCAL SETTINGS FILE' on target 'functions/common_events.lua' resulted in no matches
WARN - [♥] Pattern 'if context.cardarea == G.play then\n    local chips = card:get_chip_bonus()\n    if chips > 0 then \n        ret.chips = chips\n    end\n\n    local mult = card:get_chip_mult()\n    if mult > 0 then \n        ret.mult = mult\n    end\n\n    local x_mult = card:get_chip_x_mult(context)\n    if x_mult > 0 then \n        ret.x_mult = x_mult\n    end\n\n    local p_dollars = card:get_p_dollars()\n    if p_dollars > 0 then \n        ret.p_dollars = p_dollars\n    end\n\n    local jokers = card:calculate_joker(context)\n    if jokers then \n        ret.jokers = jokers\n    end\n\n    local edition = card:get_edition(context)\n    if edition then \n        ret.edition = edition\n    end\nend\n' on target 'functions/common_events.lua' resulted in no matches
WARN - [♥] Pattern 'if context.cardarea == G.hand then\n    local h_mult = card:get_chip_h_mult()\n    if h_mult > 0 then \n        ret.h_mult = h_mult\n    end\n\n    local h_x_mult = card:get_chip_h_x_mult()\n    if h_x_mult > 0 then \n        ret.x_mult = h_x_mult\n    end\n' on target 'functions/common_events.lua' resulted in no matches
WARN - [♥] Pattern 'func = (function() if eval_func(card) then if not first or first then card:juice_up(0.1, 0.1) end;juice_card_until(card, eval_func, nil, 0.8) end return true end)' on target 'functions/common_events.lua' resulted in no matches
WARN - [♥] Pattern 'info_queue[#info_queue + 1] = G.P_CENTERS[\'e_\'..v]' on target 'functions/common_events.lua' resulted in no matches
INFO - [♥] Applied 133 patches to 'functions/common_events.lua'
WARN - [♥] Pattern 'G.pack_cards:emplace(v)' on target 'functions/button_callbacks.lua' resulted in no matches
WARN - [♥] Pattern 'if G.STATE == G.STATES.TAROT_PACK or G.STATE == G.STATES.PLANET_PACK or G.STATE == G.STATES.SPECTRAL_PACK*' on target 'functions/button_callbacks.lua' resulted in no matches
WARN - [♥] Pattern 'if G.STATE == G.STATES.TAROT_PACK or G.STATE == G.STATES.PLANET_PACK or G.STATE == G.STATES.SPECTRAL_PACK*' on target 'functions/button_callbacks.lua' resulted in no matches
WARN - [♥] Pattern 'G.jokers.cards[i]:calculate_joker({skip_blind = true})' on target 'functions/button_callbacks.lua' resulted in no matches
INFO - [♥] Applied 63 patches to 'functions/button_callbacks.lua'
WARN - [♥] Pattern 'if not self.no_shadow and G.SETTINGS.GRAPHICS.shadows == \'On\' and((layer == \'shadow\' or layer == \'both\') and (self.ability.effect ~= \'Glass Card\' and not self.greyed) and ((self.area and self.area ~= G.discard and self.area.config.type ~= \'deck\') or not self.area or self.states.drag.is)) then' on target 'card.lua' resulted in no matches
WARN - [♥] Pattern 'if G.GAME.blind then G.E_MANAGER:add_event(Event({ func = function() G.GAME.blind:set_blind(nil, true, nil); return true end })) end' on target 'card.lua' resulted in no matches
WARN - [♥] Pattern 'if (self.edition and (self.edition.negative or self.edition.cry_oversat)) or (self.ability.name == \'Antimatter\' and (self.config.center.discovered or self.bypass_discovery_center)) then' on target 'card.lua' resulted in no matches
WARN - [♥] Regex '(?<indent>[\t ]*)for\\s+i\\s*=\\s*1,\\s*#G\\.jokers\\.cards\\s*do\\s*\\n[\\t ]*G\\.jokers\\.cards\\[i\\]:calculate_joker\\(\\{\\s*open_booster\\s*=\\s*true,\\s*card\\s*=\\s*self\\s*\\}\\)\\s*\\n[\\t ]*end' on target 'card.lua' resulted in no matches
INFO - [♥] Applied 189 patches to 'card.lua'
INFO - [♥] Applied 21 patches to 'cardarea.lua'
INFO - [♥] Applied 34 patches to 'blind.lua'
INFO - [♥] Applied 5 patches to 'engine/text.lua'
INFO - [G] Totally applied 4 replacements to overrides.lua
INFO - [G] Failed to connect to the debug server
INFO - [G] 2025-01-19 21:28:25 :: DEBUG :: DebugConsole :: Steamodded Debug Socket started !
INFO - [♥] Applied 9 patches to 'engine/sound_manager.lua'
INFO - [♥] Applied 2 patches to 'engine/string_packer.lua'
INFO - [G] 2025-01-19 21:28:27 :: TRACE :: Loader :: Processing Mod file (Legacy header): BBBalatro_code.lua
INFO - [G] 2025-01-19 21:28:27 :: TRACE :: Loader :: Saving Mod Info: BBBalatro
INFO - [G] 2025-01-19 21:28:27 :: TRACE :: Loader :: Processing Mod file (Legacy header): olympus.lua
INFO - [G] 2025-01-19 21:28:27 :: TRACE :: Loader :: Saving Mod Info: Olympus
INFO - [G] 2025-01-19 21:28:27 :: TRACE :: Loader :: Processing Mod file (Legacy header): Bunco.lua
INFO - [G] 2025-01-19 21:28:27 :: TRACE :: Loader :: Saving Mod Info: Bunco
INFO - [G] 2025-01-19 21:28:27 :: TRACE :: Loader :: Processing Mod file (Legacy header): mod.lua
INFO - [G] 2025-01-19 21:28:27 :: TRACE :: Loader :: Saving Mod Info: cartomancer
INFO - [G] 2025-01-19 21:28:27 :: INFO  :: DefaultLogger :: Valid JSON file found
INFO - [G] 2025-01-19 21:28:27 :: TRACE :: Loader :: Processing Mod file (Legacy header): steamodded_metadata.lua
INFO - [G] 2025-01-19 21:28:27 :: TRACE :: Loader :: Saving Mod Info: Talisman
INFO - [G] 2025-01-19 21:28:27 :: TRACE :: Loader :: Processing Mod file (Legacy header): 5_legendary_challenges.lua
INFO - [G] 2025-01-19 21:28:27 :: TRACE :: Loader :: Saving Mod Info: legendaryChallenges
INFO - [G] 2025-01-19 21:28:27 :: TRACE :: Loader :: Processing Mod file (Legacy header): Betmma_Abilities.lua
INFO - [G] 2025-01-19 21:28:27 :: TRACE :: Loader :: Saving Mod Info: BetmmaAbilities
INFO - [G] 2025-01-19 21:28:27 :: TRACE :: Loader :: Processing Mod file (Legacy header): Betmma_Jokers.lua
INFO - [G] 2025-01-19 21:28:27 :: TRACE :: Loader :: Saving Mod Info: BetmmaJokers
INFO - [G] 2025-01-19 21:28:27 :: TRACE :: Loader :: Processing Mod file (Legacy header): Betmma_Spells.lua
INFO - [G] 2025-01-19 21:28:27 :: TRACE :: Loader :: Saving Mod Info: BetmmaSpells
INFO - [G] 2025-01-19 21:28:27 :: TRACE :: Loader :: Processing Mod file (Legacy header): Betmma_Voucher_Pack.lua
INFO - [G] 2025-01-19 21:28:27 :: TRACE :: Loader :: Saving Mod Info: BetmmaVoucherPack
INFO - [G] 2025-01-19 21:28:27 :: TRACE :: Loader :: Processing Mod file (Legacy header): Betmma_Vouchers.lua
INFO - [G] 2025-01-19 21:28:27 :: TRACE :: Loader :: Saving Mod Info: BetmmaVouchers
INFO - [G] 2025-01-19 21:28:27 :: TRACE :: Loader :: Processing Mod file (Legacy header): better_vouchers_this_run_ui.lua
INFO - [G] 2025-01-19 21:28:27 :: TRACE :: Loader :: Saving Mod Info: BetterVouchersThisRunUI
INFO - [G] betmma config not found
INFO - [G] 2025-01-19 21:28:27 :: WARN  :: Spell :: The field `raw_key` on dark is deprecated.
Set `prefix_config.key = false` on your object instead.
INFO - [G] 2025-01-19 21:28:27 :: WARN  :: Spell :: The field `raw_key` on light is deprecated.
Set `prefix_config.key = false` on your object instead.
INFO - [G] 2025-01-19 21:28:27 :: WARN  :: Spell :: The field `raw_key` on earth is deprecated.
Set `prefix_config.key = false` on your object instead.
INFO - [G] 2025-01-19 21:28:27 :: WARN  :: Spell :: The field `raw_key` on air is deprecated.
Set `prefix_config.key = false` on your object instead.
INFO - [G] 2025-01-19 21:28:27 :: WARN  :: Spell :: The field `raw_key` on water is deprecated.
Set `prefix_config.key = false` on your object instead.
INFO - [G] 2025-01-19 21:28:27 :: WARN  :: Spell :: The field `raw_key` on fire is deprecated.
Set `prefix_config.key = false` on your object instead.
INFO - [G] 2025-01-19 21:28:27 :: WARN  :: Spell :: The field `raw_key` on shadow is deprecated.
Set `prefix_config.key = false` on your object instead.
INFO - [G] 2025-01-19 21:28:27 :: WARN  :: Spell :: The field `raw_key` on inferno is deprecated.
Set `prefix_config.key = false` on your object instead.
INFO - [G] 2025-01-19 21:28:27 :: WARN  :: Spell :: The field `raw_key` on abyss is deprecated.
Set `prefix_config.key = false` on your object instead.
INFO - [G] 2025-01-19 21:28:27 :: WARN  :: Spell :: The field `raw_key` on cavern is deprecated.
Set `prefix_config.key = false` on your object instead.
INFO - [G] 2025-01-19 21:28:27 :: WARN  :: Spell :: The field `raw_key` on smoke is deprecated.
Set `prefix_config.key = false` on your object instead.
INFO - [G] 2025-01-19 21:28:27 :: WARN  :: Spell :: The field `raw_key` on radiance is deprecated.
Set `prefix_config.key = false` on your object instead.
INFO - [G] 2025-01-19 21:28:27 :: WARN  :: Spell :: The field `raw_key` on reflection is deprecated.
Set `prefix_config.key = false` on your object instead.
INFO - [G] 2025-01-19 21:28:27 :: WARN  :: Spell :: The field `raw_key` on crystal is deprecated.
Set `prefix_config.key = false` on your object instead.
INFO - [G] 2025-01-19 21:28:27 :: WARN  :: Spell :: The field `raw_key` on halo is deprecated.
Set `prefix_config.key = false` on your object instead.
INFO - [G] 2025-01-19 21:28:27 :: WARN  :: Spell :: The field `raw_key` on steam is deprecated.
Set `prefix_config.key = false` on your object instead.
INFO - [G] 2025-01-19 21:28:27 :: WARN  :: Spell :: The field `raw_key` on magma is deprecated.
Set `prefix_config.key = false` on your object instead.
INFO - [G] 2025-01-19 21:28:27 :: WARN  :: Spell :: The field `raw_key` on ember is deprecated.
Set `prefix_config.key = false` on your object instead.
INFO - [G] 2025-01-19 21:28:27 :: WARN  :: Spell :: The field `raw_key` on mud is deprecated.
Set `prefix_config.key = false` on your object instead.
INFO - [G] 2025-01-19 21:28:27 :: WARN  :: Spell :: The field `raw_key` on dust is deprecated.
Set `prefix_config.key = false` on your object instead.
INFO - [G] 2025-01-19 21:28:27 :: WARN  :: Spell :: The field `raw_key` on cloud is deprecated.
Set `prefix_config.key = false` on your object instead.
INFO - [G] 2025-01-19 21:28:27 :: WARN  :: Spell :: The field `raw_key` on ripple is deprecated.
Set `prefix_config.key = false` on your object instead.
INFO - [G] 2025-01-19 21:28:27 :: WARN  :: Spell :: The field `raw_key` on lava is deprecated.
Set `prefix_config.key = false` on your object instead.
INFO - [G] 2025-01-19 21:28:27 :: WARN  :: Challenge :: Detected duplicate register call on object c_mad_world_1
INFO - [G] 2025-01-19 21:28:27 :: INFO  :: TIMER :: [0000] Injected Language in 0.001 ms
INFO - [G] 2025-01-19 21:28:27 :: INFO  :: TIMER :: [0000] Injected [INTERNAL] in 1.208 ms
INFO - [G] 2025-01-19 21:28:28 :: INFO  :: TIMER :: [0228] Injected Atlas in 1069.562 ms
INFO - [G] 2025-01-19 21:28:28 :: INFO  :: TIMER :: [0018] Injected Sound in 13.975 ms
INFO - [G] 2025-01-19 21:28:28 :: INFO  :: TIMER :: [0012] Injected Stake in 0.630 ms
INFO - [G] 2025-01-19 21:28:28 :: INFO  :: TIMER :: [0004] Injected Rarity in 0.144 ms
INFO - [G] 2025-01-19 21:28:28 :: INFO  :: TIMER :: [0007] Injected ObjectType in 0.240 ms
INFO - [G] 2025-01-19 21:28:28 :: INFO  :: TIMER :: [0386] Injected Center in 7.072 ms
INFO - [G] 2025-01-19 21:28:28 :: INFO  :: TIMER :: [0009] Injected Undiscovered Sprite in 0.041 ms
INFO - [G] 2025-01-19 21:28:28 :: INFO  :: TIMER :: [0027] Injected Blind in 0.111 ms
INFO - [G] 2025-01-19 21:28:28 :: INFO  :: TIMER :: [0004] Injected Seal in 0.296 ms
INFO - [G] 2025-01-19 21:28:28 :: INFO  :: TIMER :: [0006] Injected Suit in 0.248 ms
INFO - [G] 2025-01-19 21:28:28 :: INFO  :: TIMER :: [0013] Injected Rank in 0.184 ms
INFO - [G] 2025-01-19 21:28:28 :: INFO  :: TIMER :: [0016] Injected DeckSkin in 0.094 ms
INFO - [G] 2025-01-19 21:28:28 :: INFO  :: TIMER :: [0017] Injected PokerHand in 0.413 ms
INFO - [G] 2025-01-19 21:28:28 :: INFO  :: TIMER :: [0020] Injected Challenge in 0.163 ms
INFO - [G] 2025-01-19 21:28:28 :: INFO  :: TIMER :: [0018] Injected Tag in 0.269 ms
INFO - [G] 2025-01-19 21:28:28 :: INFO  :: TIMER :: [0007] Injected Sticker in 0.271 ms
INFO - [G] 2025-01-19 21:28:28 :: INFO  :: TIMER :: [0004] Injected Shader in 118.387 ms
INFO - [G] 2025-01-19 21:28:28 :: INFO  :: TIMER :: [0001] Injected Keybind in 0.016 ms
INFO - [G] 2025-01-19 21:28:28 :: INFO  :: TIMER :: [0000] Injected Achievement in 0.038 ms
INFO - [G] 2025-01-19 21:28:28 :: INFO  :: TIMER :: [0000] Injected [INTERNAL] in 8.185 ms
INFO - [G] line not found
INFO - [G] file not found: main.lua: No such file or directory
INFO - [G] file not found: main.lua: No such file or directory
INFO - [G] file not found: main.lua: No such file or directory
INFO - [G] file not found: main.lua: No such file or directory
INFO - [G] 2025-01-19 21:28:45 :: ERROR :: StackTrace :: Oops! The game crashed
main.lua:1918: [SMODS _ "src/utils.lua"]:1111: attempt to index local 'effect' (a number value)
Stack Traceback
===============
(1) Lua local 'handler' at file 'main.lua:756'
	Local variables:
	 msg = string: "main.lua:1918: [SMODS _ \"src/utils.lua\"]:1111: attempt to index local 'effect' (a number value)"
	 (*temporary) = Lua function '?' (defined at line 31 of chunk [SMODS _ "src/logging.lua"])
	 (*temporary) = string: "Oops! The game crashed\
"
(2) LÖVE function at file 'boot.lua:352' (best guess)
	Local variables:
	 errhand = Lua function '?' (defined at line 742 of chunk main.lua)
	 handler = Lua function '?' (defined at line 742 of chunk main.lua)
(3) global C function 'error'
(4) Lua upvalue 'gfep' at file 'main.lua:1918'
	Local variables:
	 success = boolean: false
	 err = string: "[SMODS _ \"src/utils.lua\"]:1111: attempt to index local 'effect' (a number value)"
(5) Lua upvalue 'G_FUNCS_evaluate_play_ref' at file 'main.lua:2035'
	Local variables:
	 e = nil
(6) Lua upvalue 'G_FUNCS_evaluate_play_ref' at file 'Betmma_Abilities.lua:958' (from mod with id BetmmaAbilities)
	Local variables:
	 e = nil
(7) Lua field 'evaluate_play' at file 'Betmma_Abilities.lua:1865' (from mod with id BetmmaAbilities)
	Local variables:
	 e = nil
(8) Lua field 'func' at file 'functions/state_events.lua:717'
(9) Lua method 'handle' at file 'engine/event.lua:99'
	Local variables:
	 self = table: 0x2dc29650  {start_timer:true, timer:TOTAL, blockable:true, trigger:immediate, func:function: 0x2dc29630 (more...)}
	 _results = table: 0x2c5f77c8  {blocking:true, pause_skip:false, time_done:false, completed:false}
(10) Lua method 'update' at file 'engine/event.lua:182'
	Local variables:
	 self = table: 0x2c5f8f80  {queue_last_processed:16.05, queues:table: 0x2c5f8fa8, queue_dt:0.016666666666667 (more...)}
	 dt = number: 0.0166311
	 forced = nil
	 (for generator) = C function: next
	 (for state) = table: 0x2c5f8fa8  {unlock:table: 0x2c5f9098, other:table: 0x2c5f9138, tutorial:table: 0x2c5f90e8 (more...)}
	 (for control) = number: nan
	 k = string: "base"
	 v = table: 0x2c5f90c0  {1:table: 0x2d100bf8, 2:table: 0x2d61cc68, 3:table: 0x2dc29650, 4:table: 0x2dc29728 (more...)}
	 blocked = boolean: false
	 i = number: 3
	 results = table: 0x2c5f77c8  {blocking:true, pause_skip:false, time_done:false, completed:false}
(11) Lua upvalue 'gameUpdateRef' at file 'game.lua:2678'
	Local variables:
	 self = table: 0x2c098418  {F_GUIDE:false, F_CRASH_REPORTS:false, F_QUIT_BUTTON:true, HUD_tags:table: 0x2d313008 (more...)}
	 dt = number: 0.0166311
	 http_resp = nil
(12) Lua upvalue 'upd' at Steamodded file 'src/ui.lua:81' 
	Local variables:
	 self = table: 0x2c098418  {F_GUIDE:false, F_CRASH_REPORTS:false, F_QUIT_BUTTON:true, HUD_tags:table: 0x2d313008 (more...)}
	 dt = number: 0.0166311
(13) Lua upvalue 'original_game_update' at file 'main.lua:1898'
	Local variables:
	 self = table: 0x2c098418  {F_GUIDE:false, F_CRASH_REPORTS:false, F_QUIT_BUTTON:true, HUD_tags:table: 0x2d313008 (more...)}
	 dt = number: 0.0166311
(14) Lua method 'update' at file 'Bunco.lua:590' (from mod with id Bunco)
	Local variables:
	 self = table: 0x2c098418  {F_GUIDE:false, F_CRASH_REPORTS:false, F_QUIT_BUTTON:true, HUD_tags:table: 0x2d313008 (more...)}
	 dt = number: 0.0166311
(15) Lua upvalue 'oldupd' at file 'main.lua:1136'
	Local variables:
	 dt = number: 0.0166311
(16) Lua field 'update' at file 'main.lua:1925'
	Local variables:
	 dt = number: 0.0166311
(17) Lua function '?' at file 'main.lua:1075' (best guess)
(18) global C function 'xpcall'
(19) LÖVE function at file 'boot.lua:377' (best guess)
	Local variables:
	 func = Lua function '?' (defined at line 1046 of chunk main.lua)
	 inerror = boolean: true
	 deferErrhand = Lua function '(LÖVE Function)' (defined at line 348 of chunk [love "boot.lua"])
	 earlyinit = Lua function '(LÖVE Function)' (defined at line 355 of chunk [love "boot.lua"])

INFO - [G] file not found: main.lua: No such file or directory
INFO - [G] file not found: main.lua: No such file or directory
INFO - [G] 2025-01-19 21:28:45 :: INFO  :: StackTrace :: Additional Context:
Balatro Version: 1.0.1n-FULL
Modded Version: 1.0.0~ALPHA-1319c-STEAMODDED
LÖVE Version: 11.5.0
Lovely Version: 0.6.0
Platform: Windows
Steamodded Mods:
    1: Olympus by AbhinavR314 [ID: Olympus]
    2: Betmma Voucher Pack by Betmma, nicholassam6425 [ID: BetmmaVoucherPack]
    3: Betmma Spells by Betmma [ID: BetmmaSpells, Version: 0.1.8(20241009)]
    4: Cosmos by Cosmos [ID: Cosmos, Version: 1.0.0, Uses Lovely]
    5: 5 legendary challenges by Betmma [ID: legendaryChallenges]
    6: Betmma Jokers by Betmma [ID: BetmmaJokers]
    7: Bunco by Firch, RENREN, Peas, minichibis, J.D., Guwahavel, Ciirulean, ejwu [ID: Bunco, Version: 5.0, Uses Lovely]
    8: Cartomancer by stupxd aka stupid [ID: cartomancer, Priority: 69, Version: 4.10, Uses Lovely]
    9: Betmma Abilities by Betmma [ID: BetmmaAbilities, Version: 1.0.3.2(20240827)]
    10: Talisman by MathIsFun_, Mathguy24, jenwalter666, cg-223 [ID: Talisman, Version: 2.0.2, Uses Lovely]
        Break Infinity: omeganum
    11: Betmma Vouchers by Betmma [ID: BetmmaVouchers, Priority: -1, Version: 3.0.0(20241017)]
    12: Better Vouchers This Run UI by Betmma [ID: BetterVouchersThisRunUI]
    13: BBBalatro by B [ID: BBBalatro]
Lovely Mods:
    1: betmma_mods
