INFO - [♥] Lovely 0.6.0
INFO - [♥] Game directory is at "C:\\Users\\ramosalves\\Desktop\\laura\\Balatro"
INFO - [♥] Writing logs to "C:\\Users\\ramosalves\\AppData\\Roaming\\Balatro\\Mods\\lovely\\log"
INFO - [♥] Using mod directory at "C:\\Users\\ramosalves\\AppData\\Roaming\\Balatro\\Mods"
WARN - [♥] Unknown key `patches.15.?.match_indent` found in patch file at "C:\\Users\\ramosalves\\AppData\\Roaming\\Balatro\\Mods\\Bunco-main\\lovely.toml", ignoring it
WARN - [♥] Unknown key `patches.46.?.match_indent` found in patch file at "C:\\Users\\ramosalves\\AppData\\Roaming\\Balatro\\Mods\\smods-main\\lovely\\fixes.toml", ignoring it
WARN - [♥] Unknown key `patches.3.?.match_indent` found in patch file at "C:\\Users\\ramosalves\\AppData\\Roaming\\Balatro\\Mods\\smods-main\\lovely\\rarity.toml", ignoring it
INFO - [♥] Cleaning up dumps directory at "C:\\Users\\ramosalves\\AppData\\Roaming\\Balatro\\Mods\\lovely\\dump"
INFO - [♥] Initialization complete in 48ms
WARN - [♥] Pattern 'modded and {' on target 'main.lua' resulted in no matches
INFO - [♥] Applied 21 patches to 'main.lua'
INFO - [♥] Applied 7 patches to 'engine/controller.lua'
INFO - [♥] Applied 13 patches to 'back.lua'
INFO - [♥] Applied 18 patches to 'tag.lua'
INFO - [♥] Applied 3 patches to 'engine/node.lua'
INFO - [♥] Applied 1 patch to 'engine/moveable.lua'
INFO - [♥] Applied 2 patches to 'engine/sprite.lua'
INFO - [♥] Applied 2 patches to 'engine/animatedsprite.lua'
INFO - [♥] Applied 47 patches to 'functions/misc_functions.lua'
WARN - [♥] Pattern 'for i = 1, 2 do' on target 'game.lua' resulted in no matches
INFO - [♥] Applied 84 patches to 'game.lua'
INFO - [♥] Applied 4 patches to 'globals.lua'
WARN - [♥] Pattern 'self.config.chosen = true' on target 'engine/ui.lua' resulted in no matches
INFO - [♥] Applied 4 patches to 'engine/ui.lua'
WARN - [♥] Pattern '{card_limit = _size, type = \'consumeable\', highlight_limit = 1}' on target 'functions/UI_definitions.lua' resulted in no matches
INFO - [♥] Applied 105 patches to 'functions/UI_definitions.lua'
WARN - [♥] Pattern 'ease_to = G.GAME.chips + math.floor(hand_chips * mult) * (e and e.antiscore and -1 or 1),' on target 'functions/state_events.lua' resulted in no matches
WARN - [♥] Pattern 'if cards_destroyed[i].ability.name == \'Glass Card\' then' on target 'functions/state_events.lua' resulted in no matches
WARN - [♥] Pattern 'local hand_space = e or math.min(#G.deck.cards, G.hand.config.card_limit - #G.hand.cards)' on target 'functions/state_events.lua' resulted in no matches
WARN - [♥] Pattern 'local effects = {G.hand.cards[i]:get_end_of_round_effect()}' on target 'functions/state_events.lua' resulted in no matches
WARN - [♥] Pattern '--calculate the card edition effects\nif effects[ii].edition then\n    hand_chips = mod_chips(hand_chips + (effects[ii].edition.chip_mod or 0))\n    mult = mult + (effects[ii].edition.mult_mod or 0)\n    mult = mod_mult(mult*(effects[ii].edition.x_mult_mod or 1))\n    update_hand_text({delay = 0}, {\n        chips = effects[ii].edition.chip_mod and hand_chips or nil,\n        mult = (effects[ii].edition.mult_mod or effects[ii].edition.x_mult_mod) and mult or nil,\n    })\n    card_eval_status_text(scoring_hand[i], \'extra\', nil, percent, nil, {\n        message = (effects[ii].edition.chip_mod and localize{type=\'variable\',key=\'a_chips\',vars={effects[ii].edition.chip_mod}}) or\n                (effects[ii].edition.mult_mod and localize{type=\'variable\',key=\'a_mult\',vars={effects[ii].edition.mult_mod}}) or\n                (effects[ii].edition.x_mult_mod and localize{type=\'variable\',key=\'a_xmult\',vars={effects[ii].edition.x_mult_mod}}),\n        chip_mod =  effects[ii].edition.chip_mod,\n        mult_mod =  effects[ii].edition.mult_mod,\n        x_mult_mod =  effects[ii].edition.x_mult_mod,\n        colour = G.C.DARK_EDITION,\n        edition = true})\nend\n' on target 'functions/state_events.lua' resulted in no matches
WARN - [♥] Pattern '    scoring_hand[i].lucky_trigger = nil\n\n        for ii = 1, #effects do\n        --If chips added, do chip add event and add the chips to the total\n        if effects[ii].chips then \n            if effects[ii].card then juice_card(effects[ii].card) end\n            hand_chips = mod_chips(hand_chips + effects[ii].chips)\n            update_hand_text({delay = 0}, {chips = hand_chips})\n            card_eval_status_text(scoring_hand[i], \'chips\', effects[ii].chips, percent)\n        end\n\n        --If mult added, do mult add event and add the mult to the total\n        if effects[ii].mult then \n            if effects[ii].card then juice_card(effects[ii].card) end\n            mult = mod_mult(mult + effects[ii].mult)\n            update_hand_text({delay = 0}, {mult = mult})\n            card_eval_status_text(scoring_hand[i], \'mult\', effects[ii].mult, percent)\n        end\n\n        --If play dollars added, add dollars to total\n        if effects[ii].p_dollars then \n            if effects[ii].card then juice_card(effects[ii].card) end\n            ease_dollars(effects[ii].p_dollars)\n            card_eval_status_text(scoring_hand[i], \'dollars\', effects[ii].p_dollars, percent)\n        end\n\n        --If dollars added, add dollars to total\n        if effects[ii].dollars then \n            if effects[ii].card then juice_card(effects[ii].card) end\n            ease_dollars(effects[ii].dollars)\n            card_eval_status_text(scoring_hand[i], \'dollars\', effects[ii].dollars, percent)\n        end\n\n        --Any extra effects\n        if effects[ii].extra then \n            if effects[ii].card then juice_card(effects[ii].card) end\n            local extras = {mult = false, hand_chips = false}\n            if effects[ii].extra.mult_mod then mult =mod_mult( mult + effects[ii].extra.mult_mod);extras.mult = true end\n            if effects[ii].extra.chip_mod then hand_chips = mod_chips(hand_chips + effects[ii].extra.chip_mod);extras.hand_chips = true end\n            if effects[ii].extra.swap then \n                local old_mult = mult\n                mult = mod_mult(hand_chips)\n                hand_chips = mod_chips(old_mult)\n                extras.hand_chips = true; extras.mult = true\n            end\n            if effects[ii].extra.func then effects[ii].extra.func() end\n            update_hand_text({delay = 0}, {chips = extras.hand_chips and hand_chips, mult = extras.mult and mult})\n            card_eval_status_text(scoring_hand[i], \'extra\', nil, percent, nil, effects[ii].extra)\n        end\n\n        --If x_mult added, do mult add event and mult the mult to the total\n        if effects[ii].x_mult then \n            if effects[ii].card then juice_card(effects[ii].card) end\n            mult = mod_mult(mult*effects[ii].x_mult)\n            update_hand_text({delay = 0}, {mult = mult})\n            card_eval_status_text(scoring_hand[i], \'x_mult\', effects[ii].x_mult, percent)\n        end\n\n\n        end\n    end\nend\n' on target 'functions/state_events.lua' resulted in no matches
WARN - [♥] Pattern '--calculate the joker edition effects\nlocal edition_effects = eval_card(_card, {cardarea = G.jokers, full_hand = G.play.cards, scoring_hand = scoring_hand, scoring_name = text, poker_hands = poker_hands, edition = true})\nif edition_effects.jokers then\n    edition_effects.jokers.edition = true\n    if edition_effects.jokers.chip_mod then\n        hand_chips = mod_chips(hand_chips + edition_effects.jokers.chip_mod)\n        update_hand_text({delay = 0}, {chips = hand_chips})\n        card_eval_status_text(_card, \'jokers\', nil, percent, nil, {\n            message = localize{type=\'variable\',key=\'a_chips\',vars={edition_effects.jokers.chip_mod}},\n            chip_mod =  edition_effects.jokers.chip_mod,\n            colour =  G.C.EDITION,\n            edition = true})\n    end\n    if edition_effects.jokers.mult_mod then\n        mult = mod_mult(mult + edition_effects.jokers.mult_mod)\n        update_hand_text({delay = 0}, {mult = mult})\n        card_eval_status_text(_card, \'jokers\', nil, percent, nil, {\n            message = localize{type=\'variable\',key=\'a_mult\',vars={edition_effects.jokers.mult_mod}},\n            mult_mod =  edition_effects.jokers.mult_mod,\n            colour = G.C.DARK_EDITION,\n            edition = true})\n    end\n    percent = percent+percent_delta\nend' on target 'functions/state_events.lua' resulted in no matches
WARN - [♥] Pattern 'if edition_effects.jokers then\n    if edition_effects.jokers.x_mult_mod then\n        mult = mod_mult(mult*edition_effects.jokers.x_mult_mod)\n        update_hand_text({delay = 0}, {mult = mult})\n        card_eval_status_text(_card, \'jokers\', nil, percent, nil, {\n            message = localize{type=\'variable\',key=\'a_xmult\',vars={edition_effects.jokers.x_mult_mod}},\n            x_mult_mod =  edition_effects.jokers.x_mult_mod,\n            colour =  G.C.EDITION,\n            edition = true})\n    end\n    percent = percent+percent_delta\nend' on target 'functions/state_events.lua' resulted in no matches
WARN - [♥] Pattern '            --calculate the joker effects\n            local effects = eval_card(_card, {cardarea = G.jokers, full_hand = G.play.cards, scoring_hand = scoring_hand, scoring_name = text, poker_hands = poker_hands, joker_main = true})\n\n            --Any Joker effects\n            if effects.jokers then \n                local extras = {mult = false, hand_chips = false}\n                if effects.jokers.mult_mod then mult = mod_mult(mult + effects.jokers.mult_mod);extras.mult = true end\n                if effects.jokers.chip_mod then hand_chips = mod_chips(hand_chips + effects.jokers.chip_mod);extras.hand_chips = true end\n                if effects.jokers.Xmult_mod then mult = mod_mult(mult*effects.jokers.Xmult_mod);extras.mult = true  end\n                update_hand_text({delay = 0}, {chips = extras.hand_chips and hand_chips, mult = extras.mult and mult})\n                card_eval_status_text(_card, \'jokers\', nil, percent, nil, effects.jokers)\n                percent = percent+percent_delta\n            end' on target 'functions/state_events.lua' resulted in no matches
WARN - [♥] Pattern '--Joker on Joker effects\nfor _, v in ipairs(G.jokers.cards) do\n    local effect = v:calculate_joker{full_hand = G.play.cards, scoring_hand = scoring_hand, scoring_name = text, poker_hands = poker_hands, other_joker = _card}\n    if effect then\n        local extras = {mult = false, hand_chips = false}\n        if effect.mult_mod then mult = mod_mult(mult + effect.mult_mod);extras.mult = true end\n        if effect.chip_mod then hand_chips = mod_chips(hand_chips + effect.chip_mod);extras.hand_chips = true end\n        if effect.Xmult_mod then mult = mod_mult(mult*effect.Xmult_mod);extras.mult = true  end\n        if extras.mult or extras.hand_chips then update_hand_text({delay = 0}, {chips = extras.hand_chips and hand_chips, mult = extras.mult and mult}) end\n        if extras.mult or extras.hand_chips then card_eval_status_text(v, \'jokers\', nil, percent, nil, effect) end\n        percent = percent+percent_delta\n    end\nend' on target 'functions/state_events.lua' resulted in no matches
WARN - [♥] Pattern 'for j = 1, #G.jokers.cards do\n    destroyed = G.jokers.cards[j]:calculate_joker({destroying_card = scoring_hand[i], full_hand = G.play.cards})\n    if destroyed then break end\nend\n\nif scoring_hand[i].ability.name == \'Glass Card\' and not scoring_hand[i].debuff and pseudorandom(\'glass\') < G.GAME.probabilities.normal/scoring_hand[i].ability.extra then \n    destroyed = true\nend' on target 'functions/state_events.lua' resulted in no matches
WARN - [♥] Pattern 'local percent = (i-0.999)/(#G.hand.cards-0.998) + (j-1)*0.1' on target 'functions/state_events.lua' resulted in no matches
WARN - [♥] Pattern 'card_eval_status_text(scoring_hand[i], \'extra\', nil, percent, nil, effects[ii].extra)' on target 'functions/state_events.lua' resulted in no matches
WARN - [♥] Pattern 'card_eval_status_text(scoring_hand[i], \'extra\', nil, percent, nil, effects[ii].extra)' on target 'functions/state_events.lua' resulted in no matches
WARN - [♥] Pattern 'card_eval_status_text(scoring_hand[i], \'debuff\')' on target 'functions/state_events.lua' resulted in no matches
WARN - [♥] Pattern 'for j=1,#reps do' on target 'functions/state_events.lua' resulted in no matches
WARN - [♥] Pattern 'ease_to = G.GAME.chips + math.floor(hand_chips*mult),' on target 'functions/state_events.lua' resulted in no matches
WARN - [♥] Pattern 'G.jokers.cards[i]:calculate_perishable()' on target 'functions/state_events.lua' resulted in no matches
WARN - [♥] Regex '(?<indent>[\\t ]*)if destroyed then \\n' on target 'functions/state_events.lua' resulted in no matches
INFO - [♥] Applied 94 patches to 'functions/state_events.lua'
WARN - [♥] Regex '(?<indent>[\\t ]*)if G\\.F_NO_ACHIEVEMENTS then return end\\n[\\s\\S][\\s\\S]{16}--\\|LOCAL SETTINGS FILE' on target 'functions/common_events.lua' resulted in no matches
WARN - [♥] Pattern 'function generate_card_ui(_c, full_UI_table, specific_vars, card_type, badges, hide_desc, main_start, main_end)' on target 'functions/common_events.lua' resulted in no matches
WARN - [♥] Pattern '{n=G.UIT.T, config={text = localize(\'$\')..config.dollars, scale = 1.2*scale, colour = G.C.WHITE, shadow = true, juice = true}}' on target 'functions/common_events.lua' resulted in no matches
WARN - [♥] Pattern 'elseif _c.name == \'Cryptid\' then loc_vars = {_c.config.extra}' on target 'functions/common_events.lua' resulted in no matches
WARN - [♥] Pattern 'elseif _c.name == \"Clearance Sale\" or _c.name == \"Liquidation\" then loc_vars = {_c.config.extra}' on target 'functions/common_events.lua' resulted in no matches
WARN - [♥] Pattern 'elseif v.boss.showdown and (G.GAME.round_resets.ante)%G.GAME.win_ante == 0 and G.GAME.round_resets.ante >= 2 then' on target 'functions/common_events.lua' resulted in no matches
WARN - [♥] Pattern 'if v == \'negative_consumable\' then info_queue[#info_queue+1] = {key = \'e_negative_consumable\', set = \'Edition\', config = {extra = 1}} end' on target 'functions/common_events.lua' resulted in no matches
WARN - [♥] Pattern 'info_queue[#info_queue + 1] = G.P_CENTERS[\'e_\'..v]' on target 'functions/common_events.lua' resulted in no matches
INFO - [♥] Applied 141 patches to 'functions/common_events.lua'
WARN - [♥] Pattern 'G.pack_cards:emplace(v)' on target 'functions/button_callbacks.lua' resulted in no matches
WARN - [♥] Pattern 'if #G.hand.highlighted <= 0 or G.GAME.blind.block_play or #G.hand.highlighted > 5 then' on target 'functions/button_callbacks.lua' resulted in no matches
WARN - [♥] Pattern 'add_tag(_tag.config.ref_table)' on target 'functions/button_callbacks.lua' resulted in no matches
WARN - [♥] Pattern 'G.jokers.cards[i]:calculate_joker({skip_blind = true})' on target 'functions/button_callbacks.lua' resulted in no matches
INFO - [♥] Applied 59 patches to 'functions/button_callbacks.lua'
WARN - [♥] Pattern 'if k ~= \'focused_ui\' and k ~= \"front\" and k ~= \"back\" and k ~= \"soul_parts\" and k ~= \"center\" and k ~= \'floating_sprite\' and k~= \"shadow\" and k~= \"use_button\" and k ~= \'buy_button\' and k ~= \'buy_and_use_button\' and k~= \"debuff\" and k ~= \'price\' and k~= \'particles\' and k ~= \'h_popup\' then v:draw() end' on target 'card.lua' resulted in no matches
WARN - [♥] Pattern 'if center_table.name == \'Overstock\' or center_table.name == \'Overstock Plus\' then' on target 'card.lua' resulted in no matches
WARN - [♥] Pattern 'if self.ability.name == \'Campfire\' and G.GAME.blind.boss and not (G.GAME.blind.config and G.GAME.blind.config.bonus) and self.ability.x_mult > 1 then' on target 'card.lua' resulted in no matches
WARN - [♥] Pattern 'if self.ability.name:find(\'Arcana\') then' on target 'card.lua' resulted in no matches
WARN - [♥] Pattern 'if center_table.name == \'Overstock\' or center_table.name == \'Overstock Plus\' then' on target 'card.lua' resulted in no matches
WARN - [♥] Pattern 'if self.ability.name == \'The Hermit\' or self.ability.consumeable.hand_type or self.ability.name == \'Temperance\' or self.ability.name == \'Black Hole\' then' on target 'card.lua' resulted in no matches
WARN - [♥] Pattern 'if self.ability.queue_negative_removal then' on target 'card.lua' resulted in no matches
WARN - [♥] Pattern 'if (self.edition and self.edition.negative) or (self.ability.name == \'Antimatter\' and (self.config.center.discovered or self.bypass_discovery_center)) then' on target 'card.lua' resulted in no matches
WARN - [♥] Regex '(?<indent>[\t ]*)for\\s+i\\s*=\\s*1,\\s*#G\\.jokers\\.cards\\s*do\\s*\\n[\\t ]*G\\.jokers\\.cards\\[i\\]:calculate_joker\\(\\{\\s*open_booster\\s*=\\s*true,\\s*card\\s*=\\s*self\\s*\\}\\)\\s*\\n[\\t ]*end' on target 'card.lua' resulted in no matches
WARN - [♥] Pattern 'self:start_dissolve({G.C.GOLD})' on target 'card.lua' resulted in no matches
INFO - [♥] Applied 264 patches to 'card.lua'
WARN - [♥] Pattern 'table.sort(self.cards, function (a, b) return a.T.x + a.T.w/2 - 100*(a.pinned and a.sort_id or 0) < b.T.x + b.T.w/2 - 100*(b.pinned and b.sort_id or 0) end)' on target 'cardarea.lua' resulted in no matches
WARN - [♥] Pattern 'update_hand_text({immediate = true, nopulse = nil, delay = 0}, {handname=disp_text, level=G.GAME.hands[text].level, mult = G.GAME.hands[text].mult, chips = G.GAME.hands[text].chips})' on target 'cardarea.lua' resulted in no matches
INFO - [♥] Applied 27 patches to 'cardarea.lua'
INFO - [♥] Applied 33 patches to 'blind.lua'
INFO - [♥] Applied 2 patches to 'engine/text.lua'
INFO - [G] Totally applied 4 replacements to overrides.lua
INFO - [G] Failed to connect to the debug server
INFO - [G] 2025-01-19 21:25:21 :: DEBUG :: DebugConsole :: Steamodded Debug Socket started !
INFO - [G] [Blueprint] Starting to load config
INFO - [G] [Blueprint] Reading config file: 
INFO - [G] [Blueprint] return {
	["INTERNAL_debug"] = false,
	["hello"] = true,
}
INFO - [♥] Applied 9 patches to 'engine/sound_manager.lua'
INFO - [♥] Applied 1 patch to 'engine/save_manager.lua'
INFO - [G] Loaded all Blueprint mod shaders successfully
INFO - [G] 2025-01-19 21:25:23 :: TRACE :: Loader :: Processing Mod file (Legacy header): BBBalatro_code.lua
INFO - [G] 2025-01-19 21:25:23 :: TRACE :: Loader :: Saving Mod Info: BBBalatro
INFO - [G] 2025-01-19 21:25:23 :: TRACE :: Loader :: Processing Mod file (Legacy header): olympus.lua
INFO - [G] 2025-01-19 21:25:23 :: TRACE :: Loader :: Saving Mod Info: Olympus
INFO - [G] 2025-01-19 21:25:23 :: TRACE :: Loader :: Processing Mod file (Legacy header): mod.lua
INFO - [G] 2025-01-19 21:25:23 :: TRACE :: Loader :: Saving Mod Info: blueprint
INFO - [G] 2025-01-19 21:25:23 :: TRACE :: Loader :: Processing Mod file (Legacy header): Bunco.lua
INFO - [G] 2025-01-19 21:25:23 :: TRACE :: Loader :: Saving Mod Info: Bunco
INFO - [G] 2025-01-19 21:25:23 :: TRACE :: Loader :: Processing Mod file (Legacy header): mod.lua
INFO - [G] 2025-01-19 21:25:23 :: TRACE :: Loader :: Saving Mod Info: cartomancer
INFO - [G] 2025-01-19 21:25:23 :: INFO  :: DefaultLogger :: Valid JSON file found
INFO - [G] 2025-01-19 21:25:23 :: TRACE :: Loader :: Processing Mod file (Legacy header): Cryptid.lua
INFO - [G] 2025-01-19 21:25:23 :: TRACE :: Loader :: Saving Mod Info: Cryptid
INFO - [G] 2025-01-19 21:25:23 :: WARN  :: Challenge :: Detected duplicate register call on object c_mad_world_1
INFO - [G] 2025-01-19 21:25:23 :: TRACE :: Loader :: Mod Cryptid was unable to load: Missing Dependencies: 1: Talisman>=2.0.0-beta8


INFO - [G] 2025-01-19 21:25:23 :: INFO  :: TIMER :: [0000] Injected Language in 0.002 ms
INFO - [G] 2025-01-19 21:25:23 :: INFO  :: TIMER :: [0000] Injected [INTERNAL] in 2.046 ms
INFO - [G] 2025-01-19 21:25:24 :: INFO  :: TIMER :: [0074] Injected Atlas in 984.301 ms
INFO - [G] 2025-01-19 21:25:24 :: INFO  :: TIMER :: [0011] Injected Sound in 1.700 ms
INFO - [G] 2025-01-19 21:25:24 :: INFO  :: TIMER :: [0012] Injected Stake in 0.279 ms
INFO - [G] 2025-01-19 21:25:24 :: INFO  :: TIMER :: [0004] Injected Rarity in 0.028 ms
INFO - [G] 2025-01-19 21:25:24 :: INFO  :: TIMER :: [0005] Injected ObjectType in 0.058 ms
INFO - [G] 2025-01-19 21:25:24 :: INFO  :: TIMER :: [0235] Injected Center in 2.236 ms
INFO - [G] 2025-01-19 21:25:24 :: INFO  :: TIMER :: [0008] Injected Undiscovered Sprite in 0.071 ms
INFO - [G] 2025-01-19 21:25:24 :: INFO  :: TIMER :: [0027] Injected Blind in 0.181 ms
INFO - [G] 2025-01-19 21:25:24 :: INFO  :: TIMER :: [0004] Injected Seal in 0.320 ms
INFO - [G] 2025-01-19 21:25:24 :: INFO  :: TIMER :: [0006] Injected Suit in 0.240 ms
INFO - [G] 2025-01-19 21:25:24 :: INFO  :: TIMER :: [0013] Injected Rank in 0.155 ms
INFO - [G] 2025-01-19 21:25:24 :: INFO  :: TIMER :: [0016] Injected DeckSkin in 0.097 ms
INFO - [G] 2025-01-19 21:25:24 :: INFO  :: TIMER :: [0017] Injected PokerHand in 0.233 ms
INFO - [G] 2025-01-19 21:25:24 :: INFO  :: TIMER :: [0020] Injected Challenge in 0.061 ms
INFO - [G] 2025-01-19 21:25:24 :: INFO  :: TIMER :: [0018] Injected Tag in 0.367 ms
INFO - [G] 2025-01-19 21:25:24 :: INFO  :: TIMER :: [0007] Injected Sticker in 0.246 ms
INFO - [G] 2025-01-19 21:25:24 :: INFO  :: TIMER :: [0004] Injected Shader in 106.672 ms
INFO - [G] 2025-01-19 21:25:24 :: INFO  :: TIMER :: [0001] Injected Keybind in 0.014 ms
INFO - [G] 2025-01-19 21:25:24 :: INFO  :: TIMER :: [0000] Injected Achievement in 0.029 ms
INFO - [G] 2025-01-19 21:25:24 :: INFO  :: TIMER :: [0000] Injected [INTERNAL] in 7.528 ms
INFO - [G] line not found
INFO - [G] file not found: main.lua: No such file or directory
INFO - [G] file not found: main.lua: No such file or directory
INFO - [G] file not found: main.lua: No such file or directory
INFO - [G] file not found: main.lua: No such file or directory
INFO - [G] 2025-01-19 21:25:25 :: ERROR :: StackTrace :: Oops! The game crashed
card.lua:540: attempt to call global 'cry_format' (a nil value)
Stack Traceback
===============
(1) Lua local 'handler' at file 'main.lua:756'
	Local variables:
	 msg = string: "card.lua:540: attempt to call global 'cry_format' (a nil value)"
	 (*temporary) = Lua function '?' (defined at line 31 of chunk [SMODS _ "src/logging.lua"])
	 (*temporary) = string: "Oops! The game crashed\
"
(2) LÖVE global at file 'boot.lua:352'
	Local variables:
	 errhand = Lua function '?' (defined at line 742 of chunk main.lua)
	 handler = Lua function '?' (defined at line 742 of chunk main.lua)
(3) Lua method 'set_cost' at file 'card.lua:540'
	Local variables:
	 self = table: 0x1611be88  {click_offset:table: 0x1611c1d0, children:table: 0x1611cc58, ambient_tilt:0.2 (more...)}
	 (*temporary) = nil
	 (*temporary) = number: 2
	 (*temporary) = string: "%.2f"
	 (*temporary) = number: 2.5
	 (*temporary) = number: 100
	 (*temporary) = nil
	 (*temporary) = number: 0
	 (*temporary) = table: 0x158ffba8  {alerted:true, _saved_d_u:true, unlocked:true, _u:true, effect:Mult, cost:2 (more...)}
	 (*temporary) = table: 0x1611f840  {h_mult:0, mult:4, effect:Mult, t_mult:0, h_dollars:0, set:Joker, x_mult:1 (more...)}
	 (*temporary) = string: "attempt to call global 'cry_format' (a nil value)"
(4) Lua upvalue 'card_init' at file 'card.lua:74'
	Local variables:
	 self = table: 0x1611be88  {click_offset:table: 0x1611c1d0, children:table: 0x1611cc58, ambient_tilt:0.2 (more...)}
	 X = number: 8.77073
	 Y = number: 14.0993
	 W = number: 2.45854
	 H = number: 3.30146
	 card = nil
	 center = table: 0x158ffba8  {alerted:true, _saved_d_u:true, unlocked:true, _u:true, effect:Mult, cost:2 (more...)}
	 params = nil
(5) Lua method 'init' at Steamodded file 'src/overrides.lua:1252' 
	Local variables:
	 self = table: 0x1611be88  {click_offset:table: 0x1611c1d0, children:table: 0x1611cc58, ambient_tilt:0.2 (more...)}
	 X = number: 8.77073
	 Y = number: 14.0993
	 W = number: 2.45854
	 H = number: 3.30146
	 card = nil
	 center = table: 0x158ffba8  {alerted:true, _saved_d_u:true, unlocked:true, _u:true, effect:Mult, cost:2 (more...)}
	 params = nil
(6) Lua global 'Card' at file 'engine/object.lua:35'
	Local variables:
	 self = table: 0x157fa230  {set_base:function: 0x1588acf8, calculate_reactive:function: 0x15813ed0 (more...)}
	 obj = table: 0x1611be88  {click_offset:table: 0x1611c1d0, children:table: 0x1611cc58, ambient_tilt:0.2 (more...)}
(7) Lua field 'func' at file 'game.lua:1442'
	Local variables:
	 SC_scale = number: 1.2
(8) Lua method 'handle' at file 'engine/event.lua:55'
	Local variables:
	 self = table: 0x1610de28  {start_timer:true, timer:TOTAL, blockable:true, trigger:after, func:function: 0x1610dde8 (more...)}
	 _results = table: 0x1610b410  {blocking:true, pause_skip:false, time_done:true, completed:false}
(9) Lua method 'update' at file 'engine/event.lua:182'
	Local variables:
	 self = table: 0x15b83db8  {queue_last_processed:0.26666666666667, queues:table: 0x15b83de0, queue_dt:0.016666666666667 (more...)}
	 dt = number: 0.0164642
	 forced = nil
	 (for generator) = C function: next
	 (for state) = table: 0x15b83de0  {unlock:table: 0x15b83ed0, other:table: 0x15b83f70, tutorial:table: 0x15b83f20 (more...)}
	 (for control) = number: nan
	 k = string: "base"
	 v = table: 0x15b83ef8  {1:table: 0x1610de28, 2:table: 0x1610df00, 3:table: 0x1610e018, 4:table: 0x1610e110 (more...)}
	 blocked = boolean: false
	 i = number: 1
	 results = table: 0x1610b410  {blocking:true, pause_skip:false, time_done:true, completed:false}
(10) Lua upvalue 'gameUpdateRef' at file 'game.lua:2656'
	Local variables:
	 self = table: 0x155f83c0  {F_GUIDE:false, F_CRASH_REPORTS:false, F_QUIT_BUTTON:true, F_ENGLISH_ONLY:false (more...)}
	 dt = number: 0.0164642
	 http_resp = nil
(11) Lua upvalue 'original_game_update' at Steamodded file 'src/ui.lua:81' 
	Local variables:
	 self = table: 0x155f83c0  {F_GUIDE:false, F_CRASH_REPORTS:false, F_QUIT_BUTTON:true, F_ENGLISH_ONLY:false (more...)}
	 dt = number: 0.0164642
(12) Lua method 'update' at file 'Bunco.lua:590' (from mod with id Bunco)
	Local variables:
	 self = table: 0x155f83c0  {F_GUIDE:false, F_CRASH_REPORTS:false, F_QUIT_BUTTON:true, F_ENGLISH_ONLY:false (more...)}
	 dt = number: 0.0164642
(13) Lua field 'update' at file 'main.lua:1142'
	Local variables:
	 dt = number: 0.0164642
(14) Lua function '?' at file 'main.lua:1075' (best guess)
(15) global C function 'xpcall'
(16) LÖVE function at file 'boot.lua:377' (best guess)
	Local variables:
	 func = Lua function '?' (defined at line 1046 of chunk main.lua)
	 inerror = boolean: true
	 deferErrhand = Lua function '(LÖVE Function)' (defined at line 348 of chunk [love "boot.lua"])
	 earlyinit = Lua function '(LÖVE Function)' (defined at line 355 of chunk [love "boot.lua"])

INFO - [G] file not found: main.lua: No such file or directory
INFO - [G] file not found: main.lua: No such file or directory
INFO - [G] 2025-01-19 21:25:25 :: INFO  :: StackTrace :: Additional Context:
Balatro Version: 1.0.1n-FULL
Modded Version: 1.0.0~ALPHA-1319c-STEAMODDED
LÖVE Version: 11.5.0
Lovely Version: 0.6.0
Platform: Windows
Steamodded Mods:
    1: Cartomancer by stupxd aka stupid [ID: cartomancer, Priority: 69, Version: 4.10, Uses Lovely]
    2: Cosmos by Cosmos [ID: Cosmos, Version: 1.0.0, Uses Lovely]
    3: Bunco by Firch, RENREN, Peas, minichibis, J.D., Guwahavel, Ciirulean, ejwu [ID: Bunco, Version: 5.0, Uses Lovely]
    4: Olympus by AbhinavR314 [ID: Olympus]
    5: BBBalatro by B [ID: BBBalatro]
    6: Blueprint by stupxd aka stupid, Jonathan [ID: blueprint, Priority: 69, Version: 3.2, Uses Lovely]
Lovely Mods:
    1: Cryptid
        Has Steamodded mod that failed to load.
        Missing Dependencies:
            1. Talisman>=2.0.0-beta8
