INFO - [♥] Lovely 0.6.0
INFO - [♥] Game directory is at "C:\\Users\\ramosalves\\Desktop\\laura\\Balatro"
INFO - [♥] Writing logs to "C:\\Users\\ramosalves\\AppData\\Roaming\\Balatro\\Mods\\lovely\\log"
INFO - [♥] Using mod directory at "C:\\Users\\ramosalves\\AppData\\Roaming\\Balatro\\Mods"
WARN - [♥] Unknown key `patches.15.?.match_indent` found in patch file at "C:\\Users\\ramosalves\\AppData\\Roaming\\Balatro\\Mods\\Bunco-main\\lovely.toml", ignoring it
WARN - [♥] Unknown key `patches.46.?.match_indent` found in patch file at "C:\\Users\\ramosalves\\AppData\\Roaming\\Balatro\\Mods\\smods-main\\lovely\\fixes.toml", ignoring it
WARN - [♥] Unknown key `patches.3.?.match_indent` found in patch file at "C:\\Users\\ramosalves\\AppData\\Roaming\\Balatro\\Mods\\smods-main\\lovely\\rarity.toml", ignoring it
INFO - [♥] Cleaning up dumps directory at "C:\\Users\\ramosalves\\AppData\\Roaming\\Balatro\\Mods\\lovely\\dump"
INFO - [♥] Initialization complete in 32ms
WARN - [♥] Pattern 'modded and {' on target 'main.lua' resulted in no matches
INFO - [♥] Applied 27 patches to 'main.lua'
INFO - [♥] Applied 6 patches to 'engine/controller.lua'
INFO - [♥] Applied 11 patches to 'back.lua'
INFO - [♥] Applied 9 patches to 'tag.lua'
INFO - [♥] Applied 3 patches to 'engine/node.lua'
INFO - [♥] Applied 1 patch to 'engine/moveable.lua'
INFO - [♥] Applied 2 patches to 'engine/sprite.lua'
INFO - [♥] Applied 2 patches to 'engine/animatedsprite.lua'
INFO - [♥] Applied 45 patches to 'functions/misc_functions.lua'
INFO - [♥] Applied 49 patches to 'game.lua'
INFO - [♥] Applied 4 patches to 'globals.lua'
WARN - [♥] Pattern 'self.config.chosen = true' on target 'engine/ui.lua' resulted in no matches
INFO - [♥] Applied 4 patches to 'engine/ui.lua'
INFO - [♥] Applied 89 patches to 'functions/UI_definitions.lua'
WARN - [♥] Pattern 'reset_idol_card()\nreset_mail_rank()\nreset_ancient_card()\nreset_castle_card()\n' on target 'functions/state_events.lua' resulted in no matches
WARN - [♥] Pattern '--calculate the card edition effects\nif effects[ii].edition then\n    hand_chips = mod_chips(hand_chips + (effects[ii].edition.chip_mod or 0))\n    mult = mult + (effects[ii].edition.mult_mod or 0)\n    mult = mod_mult(mult*(effects[ii].edition.x_mult_mod or 1))\n    update_hand_text({delay = 0}, {\n        chips = effects[ii].edition.chip_mod and hand_chips or nil,\n        mult = (effects[ii].edition.mult_mod or effects[ii].edition.x_mult_mod) and mult or nil,\n    })\n    card_eval_status_text(scoring_hand[i], \'extra\', nil, percent, nil, {\n        message = (effects[ii].edition.chip_mod and localize{type=\'variable\',key=\'a_chips\',vars={effects[ii].edition.chip_mod}}) or\n                (effects[ii].edition.mult_mod and localize{type=\'variable\',key=\'a_mult\',vars={effects[ii].edition.mult_mod}}) or\n                (effects[ii].edition.x_mult_mod and localize{type=\'variable\',key=\'a_xmult\',vars={effects[ii].edition.x_mult_mod}}),\n        chip_mod =  effects[ii].edition.chip_mod,\n        mult_mod =  effects[ii].edition.mult_mod,\n        x_mult_mod =  effects[ii].edition.x_mult_mod,\n        colour = G.C.DARK_EDITION,\n        edition = true})\nend\n' on target 'functions/state_events.lua' resulted in no matches
WARN - [♥] Pattern '    scoring_hand[i].lucky_trigger = nil\n\n        for ii = 1, #effects do\n        --If chips added, do chip add event and add the chips to the total\n        if effects[ii].chips then \n            if effects[ii].card then juice_card(effects[ii].card) end\n            hand_chips = mod_chips(hand_chips + effects[ii].chips)\n            update_hand_text({delay = 0}, {chips = hand_chips})\n            card_eval_status_text(scoring_hand[i], \'chips\', effects[ii].chips, percent)\n        end\n\n        --If mult added, do mult add event and add the mult to the total\n        if effects[ii].mult then \n            if effects[ii].card then juice_card(effects[ii].card) end\n            mult = mod_mult(mult + effects[ii].mult)\n            update_hand_text({delay = 0}, {mult = mult})\n            card_eval_status_text(scoring_hand[i], \'mult\', effects[ii].mult, percent)\n        end\n\n        --If play dollars added, add dollars to total\n        if effects[ii].p_dollars then \n            if effects[ii].card then juice_card(effects[ii].card) end\n            ease_dollars(effects[ii].p_dollars)\n            card_eval_status_text(scoring_hand[i], \'dollars\', effects[ii].p_dollars, percent)\n        end\n\n        --If dollars added, add dollars to total\n        if effects[ii].dollars then \n            if effects[ii].card then juice_card(effects[ii].card) end\n            ease_dollars(effects[ii].dollars)\n            card_eval_status_text(scoring_hand[i], \'dollars\', effects[ii].dollars, percent)\n        end\n\n        --Any extra effects\n        if effects[ii].extra then \n            if effects[ii].card then juice_card(effects[ii].card) end\n            local extras = {mult = false, hand_chips = false}\n            if effects[ii].extra.mult_mod then mult =mod_mult( mult + effects[ii].extra.mult_mod);extras.mult = true end\n            if effects[ii].extra.chip_mod then hand_chips = mod_chips(hand_chips + effects[ii].extra.chip_mod);extras.hand_chips = true end\n            if effects[ii].extra.swap then \n                local old_mult = mult\n                mult = mod_mult(hand_chips)\n                hand_chips = mod_chips(old_mult)\n                extras.hand_chips = true; extras.mult = true\n            end\n            if effects[ii].extra.func then effects[ii].extra.func() end\n            update_hand_text({delay = 0}, {chips = extras.hand_chips and hand_chips, mult = extras.mult and mult})\n            card_eval_status_text(scoring_hand[i], \'extra\', nil, percent, nil, effects[ii].extra)\n        end\n\n        --If x_mult added, do mult add event and mult the mult to the total\n        if effects[ii].x_mult then \n            if effects[ii].card then juice_card(effects[ii].card) end\n            mult = mod_mult(mult*effects[ii].x_mult)\n            update_hand_text({delay = 0}, {mult = mult})\n            card_eval_status_text(scoring_hand[i], \'x_mult\', effects[ii].x_mult, percent)\n        end\n\n\n        end\n    end\nend\n' on target 'functions/state_events.lua' resulted in no matches
WARN - [♥] Pattern 'local percent = (i-0.999)/(#G.hand.cards-0.998) + (j-1)*0.1' on target 'functions/state_events.lua' resulted in no matches
WARN - [♥] Pattern 'card_eval_status_text(scoring_hand[i], \'extra\', nil, percent, nil, effects[ii].extra)' on target 'functions/state_events.lua' resulted in no matches
WARN - [♥] Pattern 'card_eval_status_text(scoring_hand[i], \'extra\', nil, percent, nil, effects[ii].extra)' on target 'functions/state_events.lua' resulted in no matches
WARN - [♥] Pattern 'card_eval_status_text(scoring_hand[i], \'debuff\')' on target 'functions/state_events.lua' resulted in no matches
WARN - [♥] Pattern 'for j=1,#reps do' on target 'functions/state_events.lua' resulted in no matches
WARN - [♥] Pattern 'G.jokers.cards[i]:calculate_perishable()' on target 'functions/state_events.lua' resulted in no matches
INFO - [♥] Applied 64 patches to 'functions/state_events.lua'
WARN - [♥] Regex '(?<indent>[\\t ]*)if G\\.F_NO_ACHIEVEMENTS then return end\\n[\\s\\S][\\s\\S]{16}--\\|LOCAL SETTINGS FILE' on target 'functions/common_events.lua' resulted in no matches
WARN - [♥] Pattern 'info_queue[#info_queue + 1] = G.P_CENTERS[\'e_\'..v]' on target 'functions/common_events.lua' resulted in no matches
INFO - [♥] Applied 111 patches to 'functions/common_events.lua'
WARN - [♥] Pattern 'G.pack_cards:emplace(v)' on target 'functions/button_callbacks.lua' resulted in no matches
WARN - [♥] Pattern 'G.jokers.cards[i]:calculate_joker({skip_blind = true})' on target 'functions/button_callbacks.lua' resulted in no matches
INFO - [♥] Applied 52 patches to 'functions/button_callbacks.lua'
WARN - [♥] Pattern 'if (self.edition and (self.edition.negative or self.edition.cry_oversat)) or (self.ability.name == \'Antimatter\' and (self.config.center.discovered or self.bypass_discovery_center)) then' on target 'card.lua' resulted in no matches
WARN - [♥] Regex '(?<indent>[\t ]*)for\\s+i\\s*=\\s*1,\\s*#G\\.jokers\\.cards\\s*do\\s*\\n[\\t ]*G\\.jokers\\.cards\\[i\\]:calculate_joker\\(\\{\\s*open_booster\\s*=\\s*true,\\s*card\\s*=\\s*self\\s*\\}\\)\\s*\\n[\\t ]*end' on target 'card.lua' resulted in no matches
INFO - [♥] Applied 190 patches to 'card.lua'
INFO - [♥] Applied 20 patches to 'cardarea.lua'
INFO - [♥] Applied 32 patches to 'blind.lua'
INFO - [♥] Applied 2 patches to 'engine/text.lua'
INFO - [G] Totally applied 4 replacements to overrides.lua
INFO - [G] Failed to connect to the debug server
INFO - [G] 2025-01-20 09:58:22 :: DEBUG :: DebugConsole :: Steamodded Debug Socket started !
INFO - [G] [Blueprint] Starting to load config
INFO - [G] [Blueprint] Reading config file: 
INFO - [G] [Blueprint] return {
	["INTERNAL_debug"] = false,
	["hello"] = true,
}
INFO - [♥] Applied 9 patches to 'engine/sound_manager.lua'
INFO - [♥] Applied 1 patch to 'engine/save_manager.lua'
INFO - [G] Loaded all Blueprint mod shaders successfully
INFO - [G] 2025-01-20 09:58:24 :: TRACE :: Loader :: Processing Mod file (Legacy header): BBBalatro_code.lua
INFO - [G] 2025-01-20 09:58:24 :: TRACE :: Loader :: Saving Mod Info: BBBalatro
INFO - [G] 2025-01-20 09:58:24 :: TRACE :: Loader :: Processing Mod file (Legacy header): olympus.lua
INFO - [G] 2025-01-20 09:58:24 :: TRACE :: Loader :: Saving Mod Info: Olympus
INFO - [G] 2025-01-20 09:58:24 :: TRACE :: Loader :: Processing Mod file (Legacy header): mod.lua
INFO - [G] 2025-01-20 09:58:24 :: TRACE :: Loader :: Saving Mod Info: blueprint
INFO - [G] 2025-01-20 09:58:24 :: TRACE :: Loader :: Processing Mod file (Legacy header): Bunco.lua
INFO - [G] 2025-01-20 09:58:24 :: TRACE :: Loader :: Saving Mod Info: Bunco
INFO - [G] 2025-01-20 09:58:24 :: TRACE :: Loader :: Processing Mod file (Legacy header): mod.lua
INFO - [G] 2025-01-20 09:58:24 :: TRACE :: Loader :: Saving Mod Info: cartomancer
INFO - [G] 2025-01-20 09:58:24 :: INFO  :: DefaultLogger :: Valid JSON file found
INFO - [G] 2025-01-20 09:58:24 :: TRACE :: Loader :: Processing Mod file (Legacy header): TarotDx.lua
INFO - [G] 2025-01-20 09:58:24 :: TRACE :: Loader :: Saving Mod Info: JeffDeluxeConsumablesPack
INFO - [G] 2025-01-20 09:58:24 :: TRACE :: Loader :: Processing Mod file (Legacy header): datealive.lua
INFO - [G] 2025-01-20 09:58:24 :: TRACE :: Loader :: Saving Mod Info: datealive
INFO - [G] 2025-01-20 09:58:24 :: TRACE :: Loader :: Processing Mod file (Legacy header): Distro.lua
INFO - [G] 2025-01-20 09:58:24 :: TRACE :: Loader :: Saving Mod Info: Distro
INFO - [G] 2025-01-20 09:58:24 :: INFO  :: DefaultLogger :: Valid JSON file found
INFO - [G] 2025-01-20 09:58:24 :: TRACE :: Loader :: Processing Mod file (Legacy header): FloundersJokers.lua
INFO - [G] 2025-01-20 09:58:24 :: TRACE :: Loader :: Saving Mod Info: flounderjokers
INFO - [G] 2025-01-20 09:58:24 :: TRACE :: Loader :: Processing Mod file (Legacy header): steamodded.lua
INFO - [G] 2025-01-20 09:58:24 :: TRACE :: Loader :: Saving Mod Info: Handy
INFO - [G] 2025-01-20 09:58:24 :: TRACE :: Loader :: Processing Mod file (Legacy header): IncreaseJokerCap.lua
INFO - [G] 2025-01-20 09:58:24 :: TRACE :: Loader :: Saving Mod Info: IncreaseJokerCap
INFO - [G] 2025-01-20 09:58:24 :: TRACE :: Loader :: Processing Mod file (Legacy header): JankChallenges.lua
INFO - [G] 2025-01-20 09:58:24 :: TRACE :: Loader :: Saving Mod Info: JankChallenges
INFO - [G] 2025-01-20 09:58:24 :: TRACE :: Loader :: Processing Mod file (Legacy header): JankJonklers.lua
INFO - [G] 2025-01-20 09:58:24 :: TRACE :: Loader :: Saving Mod Info: JankJonklersMod
INFO - [G] 2025-01-20 09:58:24 :: TRACE :: Loader :: Processing Mod file (Legacy header): Aurinko.lua
INFO - [G] 2025-01-20 09:58:25 :: TRACE :: Loader :: Saving Mod Info: aurinko
INFO - [G] 2025-01-20 09:58:25 :: TRACE :: Loader :: Processing Mod file (Legacy header): Incantation.lua
INFO - [G] 2025-01-20 09:58:25 :: TRACE :: Loader :: Saving Mod Info: incantation
INFO - [G] 2025-01-20 09:58:25 :: TRACE :: Loader :: Processing Mod file (Legacy header): JenLib.lua
INFO - [G] 2025-01-20 09:58:25 :: TRACE :: Loader :: Saving Mod Info: JenLib
INFO - [G] 2025-01-20 09:58:25 :: TRACE :: Loader :: Processing Mod file (Legacy header): Loop.lua
INFO - [G] 2025-01-20 09:58:25 :: TRACE :: Loader :: Saving Mod Info: loop
INFO - [G] 2025-01-20 09:58:25 :: TRACE :: Loader :: Processing Mod file (Legacy header): Nopeus.lua
INFO - [G] 2025-01-20 09:58:25 :: TRACE :: Loader :: Saving Mod Info: nopeus
INFO - [G] 2025-01-20 09:58:25 :: TRACE :: Loader :: Processing Mod file (Legacy header): JokerDisplay.lua
INFO - [G] 2025-01-20 09:58:25 :: TRACE :: Loader :: Saving Mod Info: JokerDisplay
INFO - [G] 2025-01-20 09:58:25 :: WARN  :: Challenge :: Detected duplicate register call on object c_mad_world_1
INFO - [G] 2025-01-20 09:58:25 :: WARN  :: Atlas :: Detected duplicate register call on object ExtraCredit_ECjokers
INFO - [G] 2025-01-20 09:58:25 :: INFO  :: DX :: Deluxe Consumables Cards Loaded
INFO - [G] 2025-01-20 09:58:25 :: INFO  :: DX :: Bunco Loaded
INFO - [G] 2025-01-20 09:58:25 :: INFO  :: TIMER :: [0000] Injected Language in 0.003 ms
INFO - [G] 2025-01-20 09:58:25 :: INFO  :: TIMER :: [0000] Injected [INTERNAL] in 2.482 ms
INFO - [G] 2025-01-20 09:58:26 :: INFO  :: TIMER :: [0130] Injected Atlas in 1563.137 ms
INFO - [G] 2025-01-20 09:58:26 :: INFO  :: TIMER :: [0011] Injected Sound in 3.107 ms
INFO - [G] 2025-01-20 09:58:26 :: INFO  :: TIMER :: [0012] Injected Stake in 0.277 ms
INFO - [G] 2025-01-20 09:58:26 :: INFO  :: TIMER :: [0004] Injected Rarity in 0.040 ms
INFO - [G] 2025-01-20 09:58:26 :: INFO  :: TIMER :: [0005] Injected ObjectType in 0.070 ms
INFO - [G] 2025-01-20 09:58:26 :: INFO  :: TIMER :: [0457] Injected Center in 4.658 ms
INFO - [G] 2025-01-20 09:58:27 :: INFO  :: TIMER :: [0008] Injected Undiscovered Sprite in 0.026 ms
INFO - [G] 2025-01-20 09:58:27 :: INFO  :: TIMER :: [0027] Injected Blind in 0.056 ms
INFO - [G] 2025-01-20 09:58:27 :: INFO  :: TIMER :: [0004] Injected Seal in 0.241 ms
INFO - [G] 2025-01-20 09:58:27 :: INFO  :: TIMER :: [0006] Injected Suit in 0.188 ms
INFO - [G] 2025-01-20 09:58:27 :: INFO  :: TIMER :: [0013] Injected Rank in 0.214 ms
INFO - [G] 2025-01-20 09:58:27 :: INFO  :: TIMER :: [0016] Injected DeckSkin in 0.078 ms
INFO - [G] 2025-01-20 09:58:27 :: INFO  :: TIMER :: [0017] Injected PokerHand in 0.196 ms
INFO - [G] 2025-01-20 09:58:27 :: INFO  :: TIMER :: [0022] Injected Challenge in 0.044 ms
INFO - [G] 2025-01-20 09:58:27 :: INFO  :: TIMER :: [0018] Injected Tag in 0.155 ms
INFO - [G] 2025-01-20 09:58:27 :: INFO  :: TIMER :: [0007] Injected Sticker in 0.149 ms
INFO - [G] 2025-01-20 09:58:27 :: INFO  :: TIMER :: [0004] Injected Shader in 123.364 ms
INFO - [G] 2025-01-20 09:58:27 :: INFO  :: TIMER :: [0001] Injected Keybind in 0.021 ms
INFO - [G] 2025-01-20 09:58:27 :: INFO  :: TIMER :: [0000] Injected Achievement in 0.030 ms
INFO - [G] 2025-01-20 09:58:27 :: INFO  :: TIMER :: [0000] Injected [INTERNAL] in 11.337 ms
INFO - [G] Distro :: Failed to connect to Discord IPC
INFO - [G] LONG DT @ 26: 0.066476401338313
INFO - [G] LONG DT @ 26: 0.055749501070651
