INFO - [♥] Lovely 0.6.0
INFO - [♥] Game directory is at "C:\\Users\\ramosalves\\Desktop\\laura\\Balatro"
INFO - [♥] Writing logs to "C:\\Users\\ramosalves\\AppData\\Roaming\\Balatro\\Mods\\lovely\\log"
INFO - [♥] Using mod directory at "C:\\Users\\ramosalves\\AppData\\Roaming\\Balatro\\Mods"
WARN - [♥] Unknown key `patches.15.?.match_indent` found in patch file at "C:\\Users\\ramosalves\\AppData\\Roaming\\Balatro\\Mods\\Bunco-main\\lovely.toml", ignoring it
WARN - [♥] Unknown key `patches.46.?.match_indent` found in patch file at "C:\\Users\\ramosalves\\AppData\\Roaming\\Balatro\\Mods\\smods-main\\lovely\\fixes.toml", ignoring it
WARN - [♥] Unknown key `patches.3.?.match_indent` found in patch file at "C:\\Users\\ramosalves\\AppData\\Roaming\\Balatro\\Mods\\smods-main\\lovely\\rarity.toml", ignoring it
INFO - [♥] Cleaning up dumps directory at "C:\\Users\\ramosalves\\AppData\\Roaming\\Balatro\\Mods\\lovely\\dump"
INFO - [♥] Initialization complete in 59ms
WARN - [♥] Pattern 'G.ARGS.score_intensity.organ = G.video_organ or G.ARGS.score_intensity.required_score > 0 and math.max(math.min(0.4, 0.1*math.log(G.ARGS.score_intensity.earned_score/(G.ARGS.score_intensity.required_score+1), 5)),0.) or 0' on target 'main.lua' resulted in no matches
WARN - [♥] Pattern 'if type(G.GAME.current_round.current_hand.chips) ~= \'number\' or type(G.GAME.current_round.current_hand.mult) ~= \'number\' then' on target 'main.lua' resulted in no matches
WARN - [♥] Pattern 'modded and {' on target 'main.lua' resulted in no matches
INFO - [♥] Applied 31 patches to 'main.lua'
INFO - [♥] Applied 2 patches to 'engine/string_packer.lua'
INFO - [♥] Applied 6 patches to 'engine/controller.lua'
INFO - [♥] Applied 17 patches to 'back.lua'
INFO - [♥] Applied 9 patches to 'tag.lua'
INFO - [♥] Applied 3 patches to 'engine/node.lua'
INFO - [♥] Applied 2 patches to 'engine/moveable.lua'
INFO - [♥] Applied 2 patches to 'engine/sprite.lua'
INFO - [♥] Applied 2 patches to 'engine/animatedsprite.lua'
WARN - [♥] Pattern 'assembled_string = assembled_string..(type(subpart) == \'string\' and subpart or args.vars[tonumber(subpart[1])] or \'ERROR\')' on target 'functions/misc_functions.lua' resulted in no matches
INFO - [♥] Applied 50 patches to 'functions/misc_functions.lua'
INFO - [♥] Applied 64 patches to 'game.lua'
INFO - [♥] Applied 4 patches to 'globals.lua'
WARN - [♥] Pattern 'self.config.chosen = true' on target 'engine/ui.lua' resulted in no matches
INFO - [♥] Applied 7 patches to 'engine/ui.lua'
WARN - [♥] Pattern '{n=G.UIT.T, config={text = G.GAME.hands[handname].chips, scale = 0.45, colour = G.C.UI.TEXT_LIGHT}},' on target 'functions/UI_definitions.lua' resulted in no matches
WARN - [♥] Pattern '{n=G.UIT.T, config={text = G.GAME.hands[handname].mult, scale = 0.45, colour = G.C.UI.TEXT_LIGHT}}' on target 'functions/UI_definitions.lua' resulted in no matches
INFO - [♥] Applied 90 patches to 'functions/UI_definitions.lua'
WARN - [♥] Pattern 'reset_idol_card()\nreset_mail_rank()\nreset_ancient_card()\nreset_castle_card()\n' on target 'functions/state_events.lua' resulted in no matches
WARN - [♥] Pattern '--calculate the card edition effects\nif effects[ii].edition then\n    hand_chips = mod_chips(hand_chips + (effects[ii].edition.chip_mod or 0))\n    mult = mult + (effects[ii].edition.mult_mod or 0)\n    mult = mod_mult(mult*(effects[ii].edition.x_mult_mod or 1))\n    update_hand_text({delay = 0}, {\n        chips = effects[ii].edition.chip_mod and hand_chips or nil,\n        mult = (effects[ii].edition.mult_mod or effects[ii].edition.x_mult_mod) and mult or nil,\n    })\n    card_eval_status_text(scoring_hand[i], \'extra\', nil, percent, nil, {\n        message = (effects[ii].edition.chip_mod and localize{type=\'variable\',key=\'a_chips\',vars={effects[ii].edition.chip_mod}}) or\n                (effects[ii].edition.mult_mod and localize{type=\'variable\',key=\'a_mult\',vars={effects[ii].edition.mult_mod}}) or\n                (effects[ii].edition.x_mult_mod and localize{type=\'variable\',key=\'a_xmult\',vars={effects[ii].edition.x_mult_mod}}),\n        chip_mod =  effects[ii].edition.chip_mod,\n        mult_mod =  effects[ii].edition.mult_mod,\n        x_mult_mod =  effects[ii].edition.x_mult_mod,\n        colour = G.C.DARK_EDITION,\n        edition = true})\nend\n' on target 'functions/state_events.lua' resulted in no matches
WARN - [♥] Pattern '    scoring_hand[i].lucky_trigger = nil\n\n        for ii = 1, #effects do\n        --If chips added, do chip add event and add the chips to the total\n        if effects[ii].chips then \n            if effects[ii].card then juice_card(effects[ii].card) end\n            hand_chips = mod_chips(hand_chips + effects[ii].chips)\n            update_hand_text({delay = 0}, {chips = hand_chips})\n            card_eval_status_text(scoring_hand[i], \'chips\', effects[ii].chips, percent)\n        end\n\n        --If mult added, do mult add event and add the mult to the total\n        if effects[ii].mult then \n            if effects[ii].card then juice_card(effects[ii].card) end\n            mult = mod_mult(mult + effects[ii].mult)\n            update_hand_text({delay = 0}, {mult = mult})\n            card_eval_status_text(scoring_hand[i], \'mult\', effects[ii].mult, percent)\n        end\n\n        --If play dollars added, add dollars to total\n        if effects[ii].p_dollars then \n            if effects[ii].card then juice_card(effects[ii].card) end\n            ease_dollars(effects[ii].p_dollars)\n            card_eval_status_text(scoring_hand[i], \'dollars\', effects[ii].p_dollars, percent)\n        end\n\n        --If dollars added, add dollars to total\n        if effects[ii].dollars then \n            if effects[ii].card then juice_card(effects[ii].card) end\n            ease_dollars(effects[ii].dollars)\n            card_eval_status_text(scoring_hand[i], \'dollars\', effects[ii].dollars, percent)\n        end\n\n        --Any extra effects\n        if effects[ii].extra then \n            if effects[ii].card then juice_card(effects[ii].card) end\n            local extras = {mult = false, hand_chips = false}\n            if effects[ii].extra.mult_mod then mult =mod_mult( mult + effects[ii].extra.mult_mod);extras.mult = true end\n            if effects[ii].extra.chip_mod then hand_chips = mod_chips(hand_chips + effects[ii].extra.chip_mod);extras.hand_chips = true end\n            if effects[ii].extra.swap then \n                local old_mult = mult\n                mult = mod_mult(hand_chips)\n                hand_chips = mod_chips(old_mult)\n                extras.hand_chips = true; extras.mult = true\n            end\n            if effects[ii].extra.func then effects[ii].extra.func() end\n            update_hand_text({delay = 0}, {chips = extras.hand_chips and hand_chips, mult = extras.mult and mult})\n            card_eval_status_text(scoring_hand[i], \'extra\', nil, percent, nil, effects[ii].extra)\n        end\n\n        --If x_mult added, do mult add event and mult the mult to the total\n        if effects[ii].x_mult then \n            if effects[ii].card then juice_card(effects[ii].card) end\n            mult = mod_mult(mult*effects[ii].x_mult)\n            update_hand_text({delay = 0}, {mult = mult})\n            card_eval_status_text(scoring_hand[i], \'x_mult\', effects[ii].x_mult, percent)\n        end\n\n\n        end\n    end\nend\n' on target 'functions/state_events.lua' resulted in no matches
WARN - [♥] Pattern 'local percent = (i-0.999)/(#G.hand.cards-0.998) + (j-1)*0.1' on target 'functions/state_events.lua' resulted in no matches
WARN - [♥] Pattern 'if effects[ii].card then' on target 'functions/state_events.lua' resulted in no matches
WARN - [♥] Pattern 'if effects.jokers.Xmult_mod then mult = mod_mult(mult*effects.jokers.Xmult_mod);extras.mult = true  end' on target 'functions/state_events.lua' resulted in no matches
WARN - [♥] Pattern 'if effect.Xmult_mod then mult = mod_mult(mult*effect.Xmult_mod);extras.mult = true  end' on target 'functions/state_events.lua' resulted in no matches
WARN - [♥] Pattern 'if effects[ii].message then' on target 'functions/state_events.lua' resulted in no matches
WARN - [♥] Pattern '--calculate the card edition effects' on target 'functions/state_events.lua' resulted in no matches
WARN - [♥] Pattern 'if effects[ii].edition.p_dollars_mod then' on target 'functions/state_events.lua' resulted in no matches
WARN - [♥] Pattern 'if edition_effects.jokers.x_mult_mod then' on target 'functions/state_events.lua' resulted in no matches
WARN - [♥] Pattern 'card_eval_status_text(scoring_hand[i], \'extra\', nil, percent, nil, effects[ii].extra)' on target 'functions/state_events.lua' resulted in no matches
WARN - [♥] Pattern 'card_eval_status_text(scoring_hand[i], \'extra\', nil, percent, nil, effects[ii].extra)' on target 'functions/state_events.lua' resulted in no matches
WARN - [♥] Pattern 'card_eval_status_text(scoring_hand[i], \'debuff\')' on target 'functions/state_events.lua' resulted in no matches
WARN - [♥] Pattern 'for j=1,#reps do' on target 'functions/state_events.lua' resulted in no matches
WARN - [♥] Pattern 'G.jokers.cards[i]:calculate_perishable()' on target 'functions/state_events.lua' resulted in no matches
INFO - [♥] Applied 69 patches to 'functions/state_events.lua'
WARN - [♥] Regex '(?<indent>[\\t ]*)if G\\.F_NO_ACHIEVEMENTS then return end\\n[\\s\\S][\\s\\S]{16}--\\|LOCAL SETTINGS FILE' on target 'functions/common_events.lua' resulted in no matches
WARN - [♥] Pattern 'func = (function() if eval_func(card) then if not first or first then card:juice_up(0.1, 0.1) end;juice_card_until(card, eval_func, nil, 0.8) end return true end)' on target 'functions/common_events.lua' resulted in no matches
WARN - [♥] Pattern 'info_queue[#info_queue + 1] = G.P_CENTERS[\'e_\'..v]' on target 'functions/common_events.lua' resulted in no matches
INFO - [♥] Applied 128 patches to 'functions/common_events.lua'
WARN - [♥] Pattern 'G.pack_cards:emplace(v)' on target 'functions/button_callbacks.lua' resulted in no matches
WARN - [♥] Pattern 'G.jokers.cards[i]:calculate_joker({skip_blind = true})' on target 'functions/button_callbacks.lua' resulted in no matches
INFO - [♥] Applied 58 patches to 'functions/button_callbacks.lua'
WARN - [♥] Pattern 'if G.GAME.blind then G.E_MANAGER:add_event(Event({ func = function() G.GAME.blind:set_blind(nil, true, nil); return true end })) end' on target 'card.lua' resulted in no matches
WARN - [♥] Pattern 'if (self.edition and (self.edition.negative or self.edition.cry_oversat)) or (self.ability.name == \'Antimatter\' and (self.config.center.discovered or self.bypass_discovery_center)) then' on target 'card.lua' resulted in no matches
WARN - [♥] Regex '(?<indent>[\t ]*)for\\s+i\\s*=\\s*1,\\s*#G\\.jokers\\.cards\\s*do\\s*\\n[\\t ]*G\\.jokers\\.cards\\[i\\]:calculate_joker\\(\\{\\s*open_booster\\s*=\\s*true,\\s*card\\s*=\\s*self\\s*\\}\\)\\s*\\n[\\t ]*end' on target 'card.lua' resulted in no matches
INFO - [♥] Applied 198 patches to 'card.lua'
INFO - [♥] Applied 20 patches to 'cardarea.lua'
INFO - [♥] Applied 33 patches to 'blind.lua'
INFO - [♥] Applied 5 patches to 'engine/text.lua'
INFO - [G] Totally applied 4 replacements to overrides.lua
INFO - [G] Failed to connect to the debug server
INFO - [G] 2025-01-22 13:45:30 :: DEBUG :: DebugConsole :: Steamodded Debug Socket started !
INFO - [G] [Blueprint] Starting to load config
INFO - [G] [Blueprint] Reading config file: 
INFO - [G] [Blueprint] return {
	["INTERNAL_debug"] = false,
	["hello"] = true,
}
INFO - [♥] Applied 9 patches to 'engine/sound_manager.lua'
INFO - [♥] Applied 2 patches to 'engine/string_packer.lua'
INFO - [G] Loaded all Blueprint mod shaders successfully
INFO - [G] {
  [1] = table: 0x19266570   {
     [1] = 0.99607843137255,
     [2] = 0.37254901960784,
     [3] = 0.33333333333333,
     [4] = 1,
   },
  [2] = table: 0x19266608   {
     [1] = 0,
     [2] = 0.6156862745098,
     [3] = 1,
     [4] = 1,
   },
}
INFO - [G] 2025-01-22 13:45:31 :: TRACE :: Loader :: Processing Mod file (Legacy header): BBBalatro_code.lua
INFO - [G] 2025-01-22 13:45:31 :: TRACE :: Loader :: Saving Mod Info: BBBalatro
INFO - [G] 2025-01-22 13:45:31 :: TRACE :: Loader :: Processing Mod file (Legacy header): olympus.lua
INFO - [G] 2025-01-22 13:45:31 :: TRACE :: Loader :: Saving Mod Info: Olympus
INFO - [G] 2025-01-22 13:45:31 :: TRACE :: Loader :: Processing Mod file (Legacy header): mod.lua
INFO - [G] 2025-01-22 13:45:31 :: TRACE :: Loader :: Saving Mod Info: blueprint
INFO - [G] 2025-01-22 13:45:31 :: TRACE :: Loader :: Processing Mod file (Legacy header): Bunco.lua
INFO - [G] 2025-01-22 13:45:31 :: TRACE :: Loader :: Saving Mod Info: Bunco
INFO - [G] 2025-01-22 13:45:31 :: TRACE :: Loader :: Processing Mod file (Legacy header): mod.lua
INFO - [G] 2025-01-22 13:45:31 :: TRACE :: Loader :: Saving Mod Info: cartomancer
INFO - [G] 2025-01-22 13:45:31 :: INFO  :: DefaultLogger :: Valid JSON file found
INFO - [G] 2025-01-22 13:45:31 :: TRACE :: Loader :: Processing Mod file (Legacy header): TarotDx.lua
INFO - [G] 2025-01-22 13:45:31 :: TRACE :: Loader :: Saving Mod Info: JeffDeluxeConsumablesPack
INFO - [G] 2025-01-22 13:45:31 :: TRACE :: Loader :: Processing Mod file (Legacy header): datealive.lua
INFO - [G] 2025-01-22 13:45:31 :: TRACE :: Loader :: Saving Mod Info: datealive
INFO - [G] 2025-01-22 13:45:31 :: TRACE :: Loader :: Processing Mod file (Legacy header): Distro.lua
INFO - [G] 2025-01-22 13:45:31 :: TRACE :: Loader :: Saving Mod Info: Distro
INFO - [G] 2025-01-22 13:45:31 :: INFO  :: DefaultLogger :: Valid JSON file found
INFO - [G] 2025-01-22 13:45:31 :: TRACE :: Loader :: Processing Mod file (Legacy header): GamepadStyleKeyboardControls.lua
INFO - [G] 2025-01-22 13:45:31 :: TRACE :: Loader :: Saving Mod Info: GamepadStyleKeyboardControls
INFO - [G] 2025-01-22 13:45:31 :: TRACE :: Loader :: Processing Mod file (Legacy header): steamodded.lua
INFO - [G] 2025-01-22 13:45:31 :: TRACE :: Loader :: Saving Mod Info: Handy
INFO - [G] 2025-01-22 13:45:31 :: WARN  :: Loader :: Found lone Lua file HoldForFinalHandScore.lua in Mods directory :: Please place the files for each mod in its own subdirectory.
INFO - [G] 2025-01-22 13:45:31 :: TRACE :: Loader :: Processing Mod file (Legacy header): HoldForFinalHandScore.lua
INFO - [G] 2025-01-22 13:45:31 :: TRACE :: Loader :: Saving Mod Info: HoldForFinalHandScore
INFO - [G] 2025-01-22 13:45:31 :: TRACE :: Loader :: Processing Mod file (Legacy header): IncreaseJokerCap.lua
INFO - [G] 2025-01-22 13:45:31 :: TRACE :: Loader :: Saving Mod Info: IncreaseJokerCap
INFO - [G] 2025-01-22 13:45:31 :: TRACE :: Loader :: Processing Mod file (Legacy header): JankChallenges.lua
INFO - [G] 2025-01-22 13:45:31 :: TRACE :: Loader :: Saving Mod Info: JankChallenges
INFO - [G] 2025-01-22 13:45:31 :: TRACE :: Loader :: Processing Mod file (Legacy header): JankJonklers.lua
INFO - [G] 2025-01-22 13:45:31 :: TRACE :: Loader :: Saving Mod Info: JankJonklersMod
INFO - [G] 2025-01-22 13:45:31 :: TRACE :: Loader :: Processing Mod file (Legacy header): Aurinko.lua
INFO - [G] 2025-01-22 13:45:31 :: TRACE :: Loader :: Saving Mod Info: aurinko
INFO - [G] 2025-01-22 13:45:31 :: TRACE :: Loader :: Processing Mod file (Legacy header): Incantation.lua
INFO - [G] 2025-01-22 13:45:31 :: TRACE :: Loader :: Saving Mod Info: incantation
INFO - [G] 2025-01-22 13:45:31 :: TRACE :: Loader :: Processing Mod file (Legacy header): JenLib.lua
INFO - [G] 2025-01-22 13:45:31 :: TRACE :: Loader :: Saving Mod Info: JenLib
INFO - [G] 2025-01-22 13:45:31 :: TRACE :: Loader :: Processing Mod file (Legacy header): Loop.lua
INFO - [G] 2025-01-22 13:45:31 :: TRACE :: Loader :: Saving Mod Info: loop
INFO - [G] 2025-01-22 13:45:31 :: TRACE :: Loader :: Processing Mod file (Legacy header): Nopeus.lua
INFO - [G] 2025-01-22 13:45:31 :: TRACE :: Loader :: Saving Mod Info: nopeus
INFO - [G] 2025-01-22 13:45:31 :: TRACE :: Loader :: Processing Mod file (Legacy header): JokerDisplay.lua
INFO - [G] 2025-01-22 13:45:31 :: TRACE :: Loader :: Saving Mod Info: JokerDisplay
INFO - [G] 2025-01-22 13:45:31 :: TRACE :: Loader :: Processing Mod file (Legacy header): MoreFluff.lua
INFO - [G] 2025-01-22 13:45:31 :: TRACE :: Loader :: Saving Mod Info: MoreFluff
INFO - [G] 2025-01-22 13:45:31 :: TRACE :: Loader :: Processing Mod file (Legacy header): MoreJokerPacks.lua
INFO - [G] 2025-01-22 13:45:31 :: TRACE :: Loader :: Saving Mod Info: MoreJokerPacks
INFO - [G] 2025-01-22 13:45:31 :: TRACE :: Loader :: Processing Mod file (Legacy header): PampaJokers.lua
INFO - [G] 2025-01-22 13:45:31 :: TRACE :: Loader :: Saving Mod Info: mtl_jkr
INFO - [G] 2025-01-22 13:45:31 :: TRACE :: Loader :: Processing Mod file (Legacy header): main.lua
INFO - [G] 2025-01-22 13:45:31 :: TRACE :: Loader :: Saving Mod Info: sdm0sstuff
INFO - [G] 2025-01-22 13:45:31 :: WARN  :: Loader :: Found lone Lua file ShopStake.lua in Mods directory :: Please place the files for each mod in its own subdirectory.
INFO - [G] 2025-01-22 13:45:31 :: TRACE :: Loader :: Processing Mod file (Legacy header): ShopStake.lua
INFO - [G] 2025-01-22 13:45:31 :: TRACE :: Loader :: Saving Mod Info: ShopStakeMod
INFO - [G] 2025-01-22 13:45:31 :: ERROR :: Loader :: Found invalid metadata JSON file at C:\Users\ramosalves\AppData\Roaming\Balatro\Mods/SnoresvilleTurbulentJokers/SnoresvilleTurbulentJokers.json, ignoring: [SMODS _ "src/loader.lua"]:105: attempt to call method 'gmatch' (a nil value)
INFO - [G] 2025-01-22 13:45:31 :: TRACE :: Loader :: Processing Mod file (Legacy header): SnowMods.lua
INFO - [G] 2025-01-22 13:45:31 :: TRACE :: Loader :: Saving Mod Info: SnowHolidayJokers
INFO - [G] 2025-01-22 13:45:31 :: TRACE :: Loader :: Processing Mod file (Legacy header): Taikomochi.lua
INFO - [G] 2025-01-22 13:45:31 :: TRACE :: Loader :: Saving Mod Info: Taikomochi
INFO - [G] 2025-01-22 13:45:31 :: TRACE :: Loader :: Processing Mod file (Legacy header): steamodded_metadata.lua
INFO - [G] 2025-01-22 13:45:31 :: TRACE :: Loader :: Saving Mod Info: Talisman
INFO - [G] 2025-01-22 13:45:31 :: TRACE :: Loader :: Processing Mod file (Legacy header): ThemedDecks.lua
INFO - [G] 2025-01-22 13:45:31 :: TRACE :: Loader :: Saving Mod Info: ThemedDecks
INFO - [G] 2025-01-22 13:45:31 :: TRACE :: Loader :: Processing Mod file (Legacy header): ThemedJokers.lua
INFO - [G] 2025-01-22 13:45:31 :: TRACE :: Loader :: Saving Mod Info: ThemedJokers
INFO - [G] 2025-01-22 13:45:31 :: TRACE :: Loader :: Processing Mod file (Legacy header): ThemedTarots.lua
INFO - [G] 2025-01-22 13:45:31 :: TRACE :: Loader :: Saving Mod Info: ThemedTarots
INFO - [G] 2025-01-22 13:45:31 :: ERROR :: Loader :: Found invalid metadata JSON file at C:\Users\ramosalves\AppData\Roaming\Balatro\Mods/Themed.Jokers/manifest.json, ignoring: [SMODS _ "src/loader.lua"]:226: id
INFO - [G] 2025-01-22 13:45:31 :: TRACE :: Loader :: Processing Mod file (Legacy header): MultiJokers.lua
INFO - [G] 2025-01-22 13:45:31 :: TRACE :: Loader :: Saving Mod Info: MultiJokersMod
INFO - [G] 2025-01-22 13:45:31 :: ERROR :: Loader :: Found invalid metadata JSON file at C:\Users\ramosalves\AppData\Roaming\Balatro\Mods/paperback-0.4.2/.vscode/settings.json, ignoring: [SMODS _ "src/loader.lua"]:226: id
INFO - [G] 2025-01-22 13:45:31 :: INFO  :: DefaultLogger :: Valid JSON file found
INFO - [G] 2025-01-22 13:45:31 :: TRACE :: Loader :: Processing Mod file (Legacy header): sevendeadlysins.lua
INFO - [G] 2025-01-22 13:45:31 :: TRACE :: Loader :: Saving Mod Info: 7deadlysins
INFO - [G] 2025-01-22 13:45:31 :: WARN  :: Challenge :: Detected duplicate register call on object c_mad_world_1
INFO - [G] basepaul_card
INFO - [G] clownfish
INFO - [G] expansion_pack
INFO - [G] hollow
INFO - [G] jester
INFO - [G] lollipop
INFO - [G] luckycharm
INFO - [G] monochrome
INFO - [G] mspaint
INFO - [G] simplified
INFO - [G] spiral
INFO - [G] treasuremap
INFO - [G] philosophical
INFO - [G] badlegaldefence
INFO - [G] clipart
INFO - [G] dropkick
INFO - [G] bladedance
INFO - [G] hyperbeam
INFO - [G] blasphemy
INFO - [G] dramaticentrance
INFO - [G] coupon_catalogue
INFO - [G] css
INFO - [G] globe
INFO - [G] goldencarrot
INFO - [G] hallofmirrors
INFO - [G] impostor
INFO - [G] tonersoup
INFO - [G] loadeddisk
INFO - [G] stylemeter
INFO - [G] teacup
INFO - [G] recycling
INFO - [G] virtual
INFO - [G] bloodpact
INFO - [G] bowlingball
INFO - [G] cba
INFO - [G] fleshprison
INFO - [G] hugejoker
INFO - [G] jankman
INFO - [G] pixeljoker
INFO - [G] rainbowjoker
INFO - [G] rosetinted
INFO - [G] the_solo
INFO - [G] triangle
INFO - [G] colorem
INFO - [G] 2025-01-22 13:45:32 :: DEBUG :: Paperback :: Loaded joker: calling_card
INFO - [G] 2025-01-22 13:45:32 :: DEBUG :: Paperback :: Loaded joker: quick_fix
INFO - [G] 2025-01-22 13:45:32 :: DEBUG :: Paperback :: Loaded joker: sacrificial_lamb
INFO - [G] 2025-01-22 13:45:32 :: DEBUG :: Paperback :: Loaded joker: wish_you_were_here
INFO - [G] 2025-01-22 13:45:32 :: DEBUG :: Paperback :: Loaded joker: stamp
INFO - [G] 2025-01-22 13:45:32 :: DEBUG :: Paperback :: Loaded joker: solar_system
INFO - [G] 2025-01-22 13:45:32 :: DEBUG :: Paperback :: Loaded joker: furioso
INFO - [G] 2025-01-22 13:45:32 :: DEBUG :: Paperback :: Loaded joker: pride_flag
INFO - [G] 2025-01-22 13:45:32 :: DEBUG :: Paperback :: Loaded joker: pool_table
INFO - [G] 2025-01-22 13:45:32 :: DEBUG :: Paperback :: Loaded joker: summoning_circle
INFO - [G] 2025-01-22 13:45:32 :: DEBUG :: Paperback :: Loaded joker: hole_in_one
INFO - [G] 2025-01-22 13:45:32 :: DEBUG :: Paperback :: Loaded joker: derecho
INFO - [G] 2025-01-22 13:45:32 :: DEBUG :: Paperback :: Loaded joker: skydiver
INFO - [G] 2025-01-22 13:45:32 :: DEBUG :: Paperback :: Loaded joker: solemn_lament
INFO - [G] 2025-01-22 13:45:32 :: DEBUG :: Paperback :: Loaded joker: ghost_cola
INFO - [G] 2025-01-22 13:45:32 :: DEBUG :: Paperback :: Loaded joker: mismatched_sock
INFO - [G] 2025-01-22 13:45:32 :: DEBUG :: Paperback :: Loaded joker: shopping_center
INFO - [G] 2025-01-22 13:45:32 :: DEBUG :: Paperback :: Loaded joker: union_card
INFO - [G] 2025-01-22 13:45:32 :: DEBUG :: Paperback :: Loaded joker: nachos
INFO - [G] 2025-01-22 13:45:32 :: DEBUG :: Paperback :: Loaded joker: complete_breakfast
INFO - [G] 2025-01-22 13:45:32 :: DEBUG :: Paperback :: Loaded joker: reference_card
INFO - [G] 2025-01-22 13:45:32 :: DEBUG :: Paperback :: Loaded joker: crispy_taco
INFO - [G] 2025-01-22 13:45:32 :: DEBUG :: Paperback :: Loaded joker: soft_taco
INFO - [G] 2025-01-22 13:45:32 :: DEBUG :: Paperback :: Loaded joker: prince_of_darkness
INFO - [G] 2025-01-22 13:45:32 :: DEBUG :: Paperback :: Loaded joker: emergency_broadcast
INFO - [G] 2025-01-22 13:45:32 :: DEBUG :: Paperback :: Loaded joker: triple_moon_goddess
INFO - [G] 2025-01-22 13:45:32 :: DEBUG :: Paperback :: Loaded joker: wild_prize
INFO - [G] 2025-01-22 13:45:32 :: DEBUG :: Paperback :: Loaded joker: bicycle
INFO - [G] 2025-01-22 13:45:32 :: DEBUG :: Paperback :: Loaded joker: grand_strategy
INFO - [G] 2025-01-22 13:45:32 :: DEBUG :: Paperback :: Loaded joker: great_wave
INFO - [G] 2025-01-22 13:45:32 :: DEBUG :: Paperback :: Loaded joker: let_it_happen
INFO - [G] 2025-01-22 13:45:32 :: DEBUG :: Paperback :: Loaded joker: dreamsicle
INFO - [G] 2025-01-22 13:45:32 :: DEBUG :: Paperback :: Loaded joker: popsicle_stick
INFO - [G] 2025-01-22 13:45:32 :: DEBUG :: Paperback :: Loaded joker: cakepop
INFO - [G] 2025-01-22 13:45:32 :: DEBUG :: Paperback :: Loaded joker: pop_stick
INFO - [G] 2025-01-22 13:45:32 :: DEBUG :: Paperback :: Loaded joker: caramel_apple
INFO - [G] 2025-01-22 13:45:32 :: DEBUG :: Paperback :: Loaded joker: pointy_stick
INFO - [G] 2025-01-22 13:45:32 :: DEBUG :: Paperback :: Loaded joker: charred_marshmallow
INFO - [G] 2025-01-22 13:45:32 :: DEBUG :: Paperback :: Loaded joker: sticky_stick
INFO - [G] 2025-01-22 13:45:32 :: DEBUG :: Paperback :: Loaded joker: paranoia
INFO - [G] 2025-01-22 13:45:32 :: DEBUG :: Paperback :: Loaded joker: subterfuge
INFO - [G] 2025-01-22 13:45:32 :: DEBUG :: Paperback :: Loaded joker: unholy_alliance
INFO - [G] 2025-01-22 13:45:32 :: DEBUG :: Paperback :: Loaded joker: cherry_blossoms
INFO - [G] 2025-01-22 13:45:32 :: DEBUG :: Paperback :: Loaded joker: blue_bonnets
INFO - [G] 2025-01-22 13:45:32 :: DEBUG :: Paperback :: Loaded joker: autumn_leaves
INFO - [G] 2025-01-22 13:45:32 :: DEBUG :: Paperback :: Loaded joker: evergreens
INFO - [G] 2025-01-22 13:45:32 :: DEBUG :: Paperback :: Loaded joker: river
INFO - [G] 2025-01-22 13:45:32 :: DEBUG :: Paperback :: Loaded joker: moribund
INFO - [G] 2025-01-22 13:45:32 :: DEBUG :: Paperback :: Loaded joker: jimbo_adventure
INFO - [G] 2025-01-22 13:45:32 :: DEBUG :: Paperback :: Loaded joker: joker_cookie
INFO - [G] 2025-01-22 13:45:32 :: DEBUG :: Paperback :: Loaded joker: jestrica
INFO - [G] 2025-01-22 13:45:32 :: WARN  :: Atlas :: Detected duplicate register call on object ExtraCredit_ECjokers
INFO - [G] 2025-01-22 13:45:32 :: INFO  :: DX :: Deluxe Consumables Cards Loaded
INFO - [G] 2025-01-22 13:45:32 :: INFO  :: DX :: Bunco Loaded
INFO - [G] 2025-01-22 13:45:32 :: INFO  :: TIMER :: [0000] Injected Language in 0.003 ms
INFO - [G] 2025-01-22 13:45:32 :: INFO  :: TIMER :: [0000] Injected [INTERNAL] in 2.394 ms
INFO - [G] 2025-01-22 13:45:33 :: INFO  :: TIMER :: [0135] Injected Atlas in 1584.665 ms
INFO - [G] 2025-01-22 13:45:33 :: INFO  :: TIMER :: [0019] Injected Sound in 15.727 ms
INFO - [G] 2025-01-22 13:45:33 :: INFO  :: TIMER :: [0012] Injected Stake in 2.339 ms
INFO - [G] 2025-01-22 13:45:33 :: INFO  :: TIMER :: [0004] Injected Rarity in 0.125 ms
INFO - [G] 2025-01-22 13:45:33 :: INFO  :: TIMER :: [0006] Injected ObjectType in 0.393 ms
INFO - [G] 2025-01-22 13:45:33 :: INFO  :: TIMER :: [0682] Injected Center in 11.762 ms
INFO - [G] 2025-01-22 13:45:33 :: INFO  :: TIMER :: [0009] Injected Undiscovered Sprite in 0.025 ms
INFO - [G] 2025-01-22 13:45:33 :: INFO  :: TIMER :: [0027] Injected Blind in 0.156 ms
INFO - [G] 2025-01-22 13:45:33 :: INFO  :: TIMER :: [0004] Injected Seal in 1.579 ms
INFO - [G] 2025-01-22 13:45:33 :: INFO  :: TIMER :: [0006] Injected Suit in 1.071 ms
INFO - [G] 2025-01-22 13:45:33 :: INFO  :: TIMER :: [0013] Injected Rank in 1.226 ms
INFO - [G] 2025-01-22 13:45:33 :: INFO  :: TIMER :: [0016] Injected DeckSkin in 0.227 ms
INFO - [G] 2025-01-22 13:45:33 :: INFO  :: TIMER :: [0017] Injected PokerHand in 0.749 ms
INFO - [G] 2025-01-22 13:45:33 :: INFO  :: TIMER :: [0027] Injected Challenge in 0.080 ms
INFO - [G] 2025-01-22 13:45:34 :: INFO  :: TIMER :: [0018] Injected Tag in 0.368 ms
INFO - [G] 2025-01-22 13:45:34 :: INFO  :: TIMER :: [0007] Injected Sticker in 0.933 ms
INFO - [G] 2025-01-22 13:45:34 :: INFO  :: TIMER :: [0004] Injected Shader in 126.960 ms
INFO - [G] 2025-01-22 13:45:34 :: INFO  :: TIMER :: [0001] Injected Keybind in 0.012 ms
INFO - [G] 2025-01-22 13:45:34 :: INFO  :: TIMER :: [0006] Injected Achievement in 0.079 ms
INFO - [G] 2025-01-22 13:45:34 :: INFO  :: TIMER :: [0000] Injected [INTERNAL] in 40.669 ms
INFO - [G] 2025-01-22 13:45:39 :: DEBUG :: DefaultLogger :: remove from deck
INFO - [G] 2025-01-22 13:45:39 :: DEBUG :: DefaultLogger :: remove from deck
INFO - [G] 2025-01-22 13:45:39 :: DEBUG :: DefaultLogger :: remove from deck
INFO - [G] 2025-01-22 13:45:39 :: DEBUG :: DefaultLogger :: remove from deck
INFO - [G] Distro :: Connected to Discord IPC (pipe 0)
INFO - [G] Distro :: Received 1 - {"cmd":"DISPATCH","data":{"v":1,"config":{"cdn_host":"cdn.discordapp.com","api_endpoint":"//discord.com/api","environment":"production"},"user":{"id":"650965599316475931","username":"zlaura.xyz","discriminator":"0","global_name":"Laura ⚸","avatar":"9d6ceab675e8a29dfa3f3daf9addd1c7","avatar_decoration_data":null,"bot":false,"flags":96,"premium_type":0}},"evt":"READY","nonce":null}
INFO - [G] LONG DT @ 12: 0.075105817558426
INFO - [G] LONG DT @ 12: 0.06479369404674
INFO - [G] LONG DT @ 12: 0.055049075237393
INFO - [G] 2025-01-22 13:45:42 :: DEBUG :: DefaultLogger :: remove from deck
INFO - [G] 2025-01-22 13:45:42 :: DEBUG :: DefaultLogger :: remove from deck
INFO - [G] 2025-01-22 13:45:42 :: DEBUG :: DefaultLogger :: remove from deck
INFO - [G] 2025-01-22 13:45:42 :: DEBUG :: DefaultLogger :: remove from deck
INFO - [G] 2025-01-22 13:45:42 :: DEBUG :: DefaultLogger :: remove from deck
INFO - [G] 2025-01-22 13:45:42 :: DEBUG :: DefaultLogger :: remove from deck
INFO - [G] 2025-01-22 13:45:42 :: DEBUG :: DefaultLogger :: remove from deck
INFO - [G] 2025-01-22 13:45:42 :: DEBUG :: DefaultLogger :: remove from deck
INFO - [G] 2025-01-22 13:45:42 :: DEBUG :: DefaultLogger :: remove from deck
INFO - [G] 2025-01-22 13:45:42 :: DEBUG :: DefaultLogger :: remove from deck
INFO - [G] 2025-01-22 13:45:43 :: DEBUG :: DefaultLogger :: remove from deck
INFO - [G] 2025-01-22 13:45:43 :: DEBUG :: DefaultLogger :: remove from deck
INFO - [G] 2025-01-22 13:45:43 :: DEBUG :: DefaultLogger :: remove from deck
INFO - [G] 2025-01-22 13:45:43 :: DEBUG :: DefaultLogger :: remove from deck
INFO - [G] 2025-01-22 13:45:43 :: DEBUG :: DefaultLogger :: remove from deck
INFO - [G] 2025-01-22 13:45:43 :: DEBUG :: DefaultLogger :: remove from deck
INFO - [G] 2025-01-22 13:45:43 :: DEBUG :: DefaultLogger :: remove from deck
INFO - [G] 2025-01-22 13:45:43 :: DEBUG :: DefaultLogger :: remove from deck
INFO - [G] 2025-01-22 13:45:43 :: DEBUG :: DefaultLogger :: remove from deck
INFO - [G] 2025-01-22 13:45:43 :: DEBUG :: DefaultLogger :: remove from deck
INFO - [G] 2025-01-22 13:45:44 :: DEBUG :: DefaultLogger :: remove from deck
INFO - [G] 2025-01-22 13:45:45 :: DEBUG :: DefaultLogger :: remove from deck
INFO - [G] 2025-01-22 13:45:45 :: DEBUG :: DefaultLogger :: remove from deck
INFO - [G] 2025-01-22 13:46:11 :: DEBUG :: DefaultLogger :: remove from deck
INFO - [G] 2025-01-22 13:46:13 :: DEBUG :: DefaultLogger :: remove from deck
INFO - [G] 2025-01-22 13:46:13 :: DEBUG :: DefaultLogger :: remove from deck
INFO - [G] 2025-01-22 13:46:13 :: DEBUG :: DefaultLogger :: remove from deck
INFO - [G] 2025-01-22 13:46:13 :: DEBUG :: DefaultLogger :: remove from deck
INFO - [G] 2025-01-22 13:46:13 :: DEBUG :: DefaultLogger :: remove from deck
INFO - [G] 2025-01-22 13:48:56 :: DEBUG :: DefaultLogger :: remove from deck
INFO - [G] 2025-01-22 13:48:56 :: DEBUG :: DefaultLogger :: remove from deck
INFO - [G] 2025-01-22 13:48:56 :: DEBUG :: DefaultLogger :: remove from deck
INFO - [G] 2025-01-22 13:48:56 :: DEBUG :: DefaultLogger :: remove from deck
INFO - [G] 2025-01-22 13:48:56 :: DEBUG :: DefaultLogger :: remove from deck
INFO - [G] 2025-01-22 13:50:05 :: DEBUG :: DefaultLogger :: remove from deck
INFO - [G] 2025-01-22 13:50:11 :: DEBUG :: DefaultLogger :: remove from deck
INFO - [G] 2025-01-22 13:50:11 :: DEBUG :: DefaultLogger :: remove from deck
INFO - [G] 2025-01-22 13:50:11 :: DEBUG :: DefaultLogger :: remove from deck
INFO - [G] 2025-01-22 13:50:11 :: DEBUG :: DefaultLogger :: remove from deck
INFO - [G] 2025-01-22 13:50:11 :: DEBUG :: DefaultLogger :: remove from deck
INFO - [G] 2025-01-22 13:50:21 :: DEBUG :: DefaultLogger :: remove from deck
INFO - [G] 2025-01-22 13:50:21 :: DEBUG :: DefaultLogger :: remove from deck
INFO - [G] 2025-01-22 13:50:21 :: DEBUG :: DefaultLogger :: remove from deck
INFO - [G] 2025-01-22 13:50:21 :: DEBUG :: DefaultLogger :: remove from deck
INFO - [G] 2025-01-22 13:50:21 :: DEBUG :: DefaultLogger :: remove from deck
INFO - [G] 2025-01-22 13:51:31 :: DEBUG :: DefaultLogger :: remove from deck
INFO - [G] 2025-01-22 13:51:41 :: DEBUG :: DefaultLogger :: remove from deck
INFO - [G] 2025-01-22 13:51:45 :: DEBUG :: DefaultLogger :: remove from deck
INFO - [G] 2025-01-22 13:51:45 :: DEBUG :: DefaultLogger :: remove from deck
INFO - [G] 2025-01-22 13:51:45 :: DEBUG :: DefaultLogger :: remove from deck
INFO - [G] 2025-01-22 13:51:45 :: DEBUG :: DefaultLogger :: remove from deck
INFO - [G] 2025-01-22 13:51:45 :: DEBUG :: DefaultLogger :: remove from deck
INFO - [G] 2025-01-22 13:53:04 :: DEBUG :: DefaultLogger :: remove from deck
INFO - [G] 2025-01-22 13:53:16 :: DEBUG :: DefaultLogger :: remove from deck
INFO - [G] 2025-01-22 13:53:24 :: DEBUG :: DefaultLogger :: remove from deck
INFO - [G] 2025-01-22 13:53:35 :: DEBUG :: DefaultLogger :: remove from deck
INFO - [G] 2025-01-22 13:53:36 :: DEBUG :: DefaultLogger :: remove from deck
INFO - [G] 2025-01-22 13:53:36 :: DEBUG :: DefaultLogger :: remove from deck
INFO - [G] LONG DT @ 523: 0.057901308975183
INFO - [G] LONG DT @ 523: 0.05094202718015
INFO - [G] 2025-01-22 13:54:18 :: DEBUG :: DefaultLogger :: remove from deck
INFO - [G] 2025-01-22 13:54:18 :: DEBUG :: DefaultLogger :: remove from deck
INFO - [G] 2025-01-22 13:54:18 :: DEBUG :: DefaultLogger :: remove from deck
INFO - [G] 2025-01-22 13:54:18 :: DEBUG :: DefaultLogger :: remove from deck
INFO - [G] 2025-01-22 13:55:29 :: DEBUG :: DefaultLogger :: remove from deck
INFO - [G] 2025-01-22 13:56:17 :: DEBUG :: DefaultLogger :: remove from deck
INFO - [G] 2025-01-22 13:56:21 :: DEBUG :: DefaultLogger :: remove from deck
INFO - [G] 2025-01-22 13:56:21 :: DEBUG :: DefaultLogger :: remove from deck
INFO - [G] 2025-01-22 13:56:21 :: DEBUG :: DefaultLogger :: remove from deck
INFO - [G] 2025-01-22 13:56:21 :: DEBUG :: DefaultLogger :: remove from deck
INFO - [G] 2025-01-22 13:56:21 :: DEBUG :: DefaultLogger :: remove from deck
INFO - [G] 2025-01-22 13:56:51 :: DEBUG :: DefaultLogger :: remove from deck
INFO - [G] LONG DT @ 694: 0.056750763641968
INFO - [G] 2025-01-22 13:57:54 :: DEBUG :: DefaultLogger :: remove from deck
INFO - [G] 2025-01-22 13:57:54 :: DEBUG :: DefaultLogger :: remove from deck
INFO - [G] 2025-01-22 13:57:54 :: DEBUG :: DefaultLogger :: remove from deck
INFO - [G] 2025-01-22 13:57:54 :: DEBUG :: DefaultLogger :: remove from deck
INFO - [G] 2025-01-22 13:57:54 :: DEBUG :: DefaultLogger :: remove from deck
INFO - [G] 2025-01-22 13:57:54 :: DEBUG :: DefaultLogger :: remove from deck
INFO - [G] 2025-01-22 13:57:54 :: DEBUG :: DefaultLogger :: remove from deck
INFO - [G] 2025-01-22 13:57:54 :: DEBUG :: DefaultLogger :: remove from deck
INFO - [G] 2025-01-22 13:57:54 :: DEBUG :: DefaultLogger :: remove from deck
INFO - [G] 2025-01-22 13:57:54 :: DEBUG :: DefaultLogger :: remove from deck
INFO - [G] 2025-01-22 13:57:54 :: DEBUG :: DefaultLogger :: remove from deck
INFO - [G] 2025-01-22 13:57:54 :: DEBUG :: DefaultLogger :: remove from deck
INFO - [G] 2025-01-22 13:57:54 :: DEBUG :: DefaultLogger :: remove from deck
INFO - [G] 2025-01-22 13:57:54 :: DEBUG :: DefaultLogger :: remove from deck
INFO - [G] 2025-01-22 13:57:54 :: DEBUG :: DefaultLogger :: remove from deck
INFO - [G] 2025-01-22 13:57:54 :: DEBUG :: DefaultLogger :: remove from deck
INFO - [G] 2025-01-22 13:57:54 :: DEBUG :: DefaultLogger :: remove from deck
INFO - [G] 2025-01-22 13:57:54 :: DEBUG :: DefaultLogger :: remove from deck
INFO - [G] 2025-01-22 13:57:54 :: DEBUG :: DefaultLogger :: remove from deck
INFO - [G] 2025-01-22 13:57:54 :: DEBUG :: DefaultLogger :: remove from deck
INFO - [G] 2025-01-22 13:57:54 :: DEBUG :: DefaultLogger :: remove from deck
INFO - [G] 2025-01-22 13:57:54 :: DEBUG :: DefaultLogger :: remove from deck
INFO - [G] 2025-01-22 13:57:54 :: DEBUG :: DefaultLogger :: remove from deck
INFO - [G] 2025-01-22 13:57:54 :: DEBUG :: DefaultLogger :: remove from deck
INFO - [G] 2025-01-22 13:57:54 :: DEBUG :: DefaultLogger :: remove from deck
INFO - [G] 2025-01-22 13:57:54 :: DEBUG :: DefaultLogger :: remove from deck
INFO - [G] 2025-01-22 13:57:54 :: DEBUG :: DefaultLogger :: remove from deck
INFO - [G] 2025-01-22 13:57:54 :: DEBUG :: DefaultLogger :: remove from deck
INFO - [G] 2025-01-22 13:57:54 :: DEBUG :: DefaultLogger :: remove from deck
INFO - [G] 2025-01-22 13:57:54 :: DEBUG :: DefaultLogger :: remove from deck
INFO - [G] 2025-01-22 13:57:54 :: DEBUG :: DefaultLogger :: remove from deck
INFO - [G] 2025-01-22 13:57:55 :: DEBUG :: DefaultLogger :: remove from deck
INFO - [G] 2025-01-22 13:57:55 :: DEBUG :: DefaultLogger :: remove from deck
INFO - [G] 2025-01-22 13:57:55 :: DEBUG :: DefaultLogger :: remove from deck
INFO - [G] 2025-01-22 13:57:55 :: DEBUG :: DefaultLogger :: remove from deck
INFO - [G] 2025-01-22 13:57:55 :: DEBUG :: DefaultLogger :: remove from deck
INFO - [G] 2025-01-22 13:57:55 :: DEBUG :: DefaultLogger :: remove from deck
INFO - [G] 2025-01-22 13:57:55 :: DEBUG :: DefaultLogger :: remove from deck
INFO - [G] 2025-01-22 13:57:55 :: DEBUG :: DefaultLogger :: remove from deck
INFO - [G] 2025-01-22 13:57:55 :: DEBUG :: DefaultLogger :: remove from deck
INFO - [G] 2025-01-22 13:57:55 :: DEBUG :: DefaultLogger :: remove from deck
INFO - [G] 2025-01-22 13:57:55 :: DEBUG :: DefaultLogger :: remove from deck
INFO - [G] 2025-01-22 13:57:55 :: DEBUG :: DefaultLogger :: remove from deck
INFO - [G] 2025-01-22 13:57:55 :: DEBUG :: DefaultLogger :: remove from deck
INFO - [G] 2025-01-22 13:57:55 :: DEBUG :: DefaultLogger :: remove from deck
INFO - [G] 2025-01-22 13:57:55 :: DEBUG :: DefaultLogger :: remove from deck
INFO - [G] 2025-01-22 13:57:55 :: DEBUG :: DefaultLogger :: remove from deck
INFO - [G] 2025-01-22 13:57:55 :: DEBUG :: DefaultLogger :: remove from deck
INFO - [G] 2025-01-22 13:57:55 :: DEBUG :: DefaultLogger :: remove from deck
INFO - [G] 2025-01-22 13:57:55 :: DEBUG :: DefaultLogger :: remove from deck
INFO - [G] 2025-01-22 13:57:55 :: DEBUG :: DefaultLogger :: remove from deck
INFO - [G] 2025-01-22 13:57:55 :: DEBUG :: DefaultLogger :: remove from deck
INFO - [G] 2025-01-22 13:57:55 :: DEBUG :: DefaultLogger :: remove from deck
INFO - [G] 2025-01-22 13:57:55 :: DEBUG :: DefaultLogger :: remove from deck
INFO - [G] 2025-01-22 13:57:55 :: DEBUG :: DefaultLogger :: remove from deck
INFO - [G] 2025-01-22 13:57:55 :: DEBUG :: DefaultLogger :: remove from deck
INFO - [G] 2025-01-22 13:57:55 :: DEBUG :: DefaultLogger :: remove from deck
INFO - [G] 2025-01-22 13:57:55 :: DEBUG :: DefaultLogger :: remove from deck
INFO - [G] 2025-01-22 13:57:55 :: DEBUG :: DefaultLogger :: remove from deck
INFO - [G] 2025-01-22 13:57:55 :: DEBUG :: DefaultLogger :: remove from deck
INFO - [G] 2025-01-22 13:57:55 :: DEBUG :: DefaultLogger :: remove from deck
INFO - [G] 2025-01-22 13:57:55 :: DEBUG :: DefaultLogger :: remove from deck
INFO - [G] 2025-01-22 13:57:55 :: DEBUG :: DefaultLogger :: remove from deck
INFO - [G] 2025-01-22 13:57:55 :: DEBUG :: DefaultLogger :: remove from deck
INFO - [G] LONG DT @ 747: 0.065921226780717
INFO - [G] LONG DT @ 747: 0.080763581424572
INFO - [G] LONG DT @ 747: 0.07001332513964
INFO - [G] LONG DT @ 747: 0.059433260111733
INFO - [G] LONG DT @ 747: 0.050812768089385
INFO - [G] 2025-01-22 13:57:56 :: DEBUG :: DefaultLogger :: remove from deck
INFO - [G] 2025-01-22 13:57:56 :: DEBUG :: DefaultLogger :: remove from deck
INFO - [G] 2025-01-22 13:59:04 :: DEBUG :: DefaultLogger :: remove from deck
INFO - [G] 2025-01-22 13:59:10 :: DEBUG :: DefaultLogger :: remove from deck
INFO - [G] 2025-01-22 13:59:10 :: DEBUG :: DefaultLogger :: remove from deck
INFO - [G] 2025-01-22 13:59:10 :: DEBUG :: DefaultLogger :: remove from deck
INFO - [G] 2025-01-22 13:59:24 :: DEBUG :: DefaultLogger :: remove from deck
INFO - [G] 2025-01-22 13:59:24 :: DEBUG :: DefaultLogger :: remove from deck
INFO - [G] 2025-01-22 13:59:24 :: DEBUG :: DefaultLogger :: remove from deck
INFO - [G] 2025-01-22 13:59:24 :: DEBUG :: DefaultLogger :: remove from deck
INFO - [G] 2025-01-22 13:59:24 :: DEBUG :: DefaultLogger :: remove from deck
INFO - [G] 2025-01-22 13:59:24 :: DEBUG :: DefaultLogger :: remove from deck
INFO - [G] 2025-01-22 13:59:24 :: DEBUG :: DefaultLogger :: remove from deck
INFO - [G] 2025-01-22 13:59:24 :: DEBUG :: DefaultLogger :: remove from deck
INFO - [G] 2025-01-22 13:59:29 :: DEBUG :: DefaultLogger :: remove from deck
INFO - [G] 2025-01-22 13:59:29 :: DEBUG :: DefaultLogger :: remove from deck
INFO - [G] 2025-01-22 13:59:29 :: DEBUG :: DefaultLogger :: remove from deck
INFO - [G] 2025-01-22 13:59:29 :: DEBUG :: DefaultLogger :: remove from deck
INFO - [G] 2025-01-22 13:59:29 :: DEBUG :: DefaultLogger :: remove from deck
INFO - [G] 2025-01-22 13:59:29 :: DEBUG :: DefaultLogger :: remove from deck
INFO - [G] 2025-01-22 13:59:29 :: DEBUG :: DefaultLogger :: remove from deck
INFO - [G] 2025-01-22 13:59:29 :: DEBUG :: DefaultLogger :: remove from deck
INFO - [G] 2025-01-22 14:00:29 :: DEBUG :: DefaultLogger :: remove from deck
INFO - [G] 2025-01-22 14:00:29 :: DEBUG :: DefaultLogger :: remove from deck
INFO - [G] 2025-01-22 14:00:29 :: DEBUG :: DefaultLogger :: remove from deck
INFO - [G] 2025-01-22 14:00:29 :: DEBUG :: DefaultLogger :: remove from deck
INFO - [G] 2025-01-22 14:00:29 :: DEBUG :: DefaultLogger :: remove from deck
INFO - [G] 2025-01-22 14:01:11 :: DEBUG :: DefaultLogger :: remove from deck
INFO - [G] 2025-01-22 14:01:12 :: DEBUG :: DefaultLogger :: remove from deck
INFO - [G] 2025-01-22 14:01:12 :: DEBUG :: DefaultLogger :: remove from deck
INFO - [G] 2025-01-22 14:01:12 :: DEBUG :: DefaultLogger :: remove from deck
INFO - [G] 2025-01-22 14:01:12 :: DEBUG :: DefaultLogger :: remove from deck
INFO - [G] LONG DT @ 1002: 0.059674404980187
INFO - [G] LONG DT @ 1002: 0.052212803984151
INFO - [G] 2025-01-22 14:02:15 :: DEBUG :: DefaultLogger :: remove from deck
INFO - [G] 2025-01-22 14:02:15 :: DEBUG :: DefaultLogger :: remove from deck
INFO - [G] 2025-01-22 14:02:15 :: DEBUG :: DefaultLogger :: remove from deck
INFO - [G] 2025-01-22 14:02:15 :: DEBUG :: DefaultLogger :: remove from deck
INFO - [G] 2025-01-22 14:02:15 :: DEBUG :: DefaultLogger :: remove from deck
INFO - [G] 2025-01-22 14:02:15 :: DEBUG :: DefaultLogger :: remove from deck
INFO - [G] 2025-01-22 14:02:15 :: DEBUG :: DefaultLogger :: remove from deck
INFO - [G] 2025-01-22 14:02:15 :: DEBUG :: DefaultLogger :: remove from deck
INFO - [G] 2025-01-22 14:02:15 :: DEBUG :: DefaultLogger :: remove from deck
INFO - [G] 2025-01-22 14:02:15 :: DEBUG :: DefaultLogger :: remove from deck
INFO - [G] 2025-01-22 14:02:16 :: DEBUG :: DefaultLogger :: remove from deck
INFO - [G] 2025-01-22 14:02:16 :: DEBUG :: DefaultLogger :: remove from deck
INFO - [G] 2025-01-22 14:02:16 :: DEBUG :: DefaultLogger :: remove from deck
INFO - [G] 2025-01-22 14:02:16 :: DEBUG :: DefaultLogger :: remove from deck
INFO - [G] 2025-01-22 14:02:16 :: DEBUG :: DefaultLogger :: remove from deck
INFO - [G] 2025-01-22 14:02:16 :: DEBUG :: DefaultLogger :: remove from deck
INFO - [G] 2025-01-22 14:02:16 :: DEBUG :: DefaultLogger :: remove from deck
INFO - [G] 2025-01-22 14:02:16 :: DEBUG :: DefaultLogger :: remove from deck
INFO - [G] 2025-01-22 14:02:16 :: DEBUG :: DefaultLogger :: remove from deck
INFO - [G] 2025-01-22 14:02:16 :: DEBUG :: DefaultLogger :: remove from deck
INFO - [G] 2025-01-22 14:02:16 :: DEBUG :: DefaultLogger :: remove from deck
INFO - [G] 2025-01-22 14:02:16 :: DEBUG :: DefaultLogger :: remove from deck
INFO - [G] 2025-01-22 14:02:16 :: DEBUG :: DefaultLogger :: remove from deck
INFO - [G] 2025-01-22 14:02:16 :: DEBUG :: DefaultLogger :: remove from deck
INFO - [G] 2025-01-22 14:02:16 :: DEBUG :: DefaultLogger :: remove from deck
INFO - [G] 2025-01-22 14:02:16 :: DEBUG :: DefaultLogger :: remove from deck
INFO - [G] 2025-01-22 14:02:16 :: DEBUG :: DefaultLogger :: remove from deck
INFO - [G] 2025-01-22 14:02:16 :: DEBUG :: DefaultLogger :: remove from deck
INFO - [G] 2025-01-22 14:02:16 :: DEBUG :: DefaultLogger :: remove from deck
INFO - [G] 2025-01-22 14:02:16 :: DEBUG :: DefaultLogger :: remove from deck
INFO - [G] 2025-01-22 14:02:16 :: DEBUG :: DefaultLogger :: remove from deck
INFO - [G] 2025-01-22 14:02:16 :: DEBUG :: DefaultLogger :: remove from deck
INFO - [G] 2025-01-22 14:02:16 :: DEBUG :: DefaultLogger :: remove from deck
INFO - [G] 2025-01-22 14:02:16 :: DEBUG :: DefaultLogger :: remove from deck
INFO - [G] 2025-01-22 14:02:16 :: DEBUG :: DefaultLogger :: remove from deck
INFO - [G] 2025-01-22 14:02:16 :: DEBUG :: DefaultLogger :: remove from deck
INFO - [G] 2025-01-22 14:02:16 :: DEBUG :: DefaultLogger :: remove from deck
INFO - [G] 2025-01-22 14:02:16 :: DEBUG :: DefaultLogger :: remove from deck
INFO - [G] 2025-01-22 14:02:16 :: DEBUG :: DefaultLogger :: remove from deck
INFO - [G] 2025-01-22 14:02:16 :: DEBUG :: DefaultLogger :: remove from deck
INFO - [G] 2025-01-22 14:02:16 :: DEBUG :: DefaultLogger :: remove from deck
INFO - [G] 2025-01-22 14:02:16 :: DEBUG :: DefaultLogger :: remove from deck
INFO - [G] 2025-01-22 14:02:16 :: DEBUG :: DefaultLogger :: remove from deck
INFO - [G] 2025-01-22 14:02:16 :: DEBUG :: DefaultLogger :: remove from deck
INFO - [G] 2025-01-22 14:02:16 :: DEBUG :: DefaultLogger :: remove from deck
INFO - [G] 2025-01-22 14:02:16 :: DEBUG :: DefaultLogger :: remove from deck
INFO - [G] 2025-01-22 14:02:16 :: DEBUG :: DefaultLogger :: remove from deck
INFO - [G] 2025-01-22 14:02:16 :: DEBUG :: DefaultLogger :: remove from deck
INFO - [G] 2025-01-22 14:02:16 :: DEBUG :: DefaultLogger :: remove from deck
INFO - [G] 2025-01-22 14:02:16 :: DEBUG :: DefaultLogger :: remove from deck
INFO - [G] 2025-01-22 14:02:16 :: DEBUG :: DefaultLogger :: remove from deck
INFO - [G] 2025-01-22 14:02:16 :: DEBUG :: DefaultLogger :: remove from deck
INFO - [G] 2025-01-22 14:02:16 :: DEBUG :: DefaultLogger :: remove from deck
INFO - [G] 2025-01-22 14:02:16 :: DEBUG :: DefaultLogger :: remove from deck
INFO - [G] 2025-01-22 14:02:16 :: DEBUG :: DefaultLogger :: remove from deck
INFO - [G] 2025-01-22 14:02:16 :: DEBUG :: DefaultLogger :: remove from deck
INFO - [G] 2025-01-22 14:02:16 :: DEBUG :: DefaultLogger :: remove from deck
INFO - [G] 2025-01-22 14:02:16 :: DEBUG :: DefaultLogger :: remove from deck
INFO - [G] 2025-01-22 14:02:16 :: DEBUG :: DefaultLogger :: remove from deck
INFO - [G] 2025-01-22 14:02:16 :: DEBUG :: DefaultLogger :: remove from deck
INFO - [G] 2025-01-22 14:02:16 :: DEBUG :: DefaultLogger :: remove from deck
INFO - [G] 2025-01-22 14:02:16 :: DEBUG :: DefaultLogger :: remove from deck
INFO - [G] 2025-01-22 14:02:16 :: DEBUG :: DefaultLogger :: remove from deck
INFO - [G] 2025-01-22 14:02:17 :: DEBUG :: DefaultLogger :: remove from deck
INFO - [G] 2025-01-22 14:02:17 :: DEBUG :: DefaultLogger :: remove from deck
INFO - [G] 2025-01-22 14:03:02 :: DEBUG :: DefaultLogger :: remove from deck
INFO - [G] 2025-01-22 14:03:10 :: DEBUG :: DefaultLogger :: remove from deck
INFO - [G] 2025-01-22 14:03:10 :: DEBUG :: DefaultLogger :: remove from deck
INFO - [G] 2025-01-22 14:03:10 :: DEBUG :: DefaultLogger :: remove from deck
INFO - [G] 2025-01-22 14:03:10 :: DEBUG :: DefaultLogger :: remove from deck
INFO - [G] 2025-01-22 14:03:56 :: DEBUG :: DefaultLogger :: remove from deck
INFO - [G] 2025-01-22 14:03:56 :: DEBUG :: DefaultLogger :: remove from deck
INFO - [G] 2025-01-22 14:03:56 :: DEBUG :: DefaultLogger :: remove from deck
INFO - [G] LONG DT @ 1188: 0.050676378326354
INFO - [G] 2025-01-22 14:05:19 :: DEBUG :: DefaultLogger :: remove from deck
INFO - [G] 2025-01-22 14:05:19 :: DEBUG :: DefaultLogger :: remove from deck
INFO - [G] 2025-01-22 14:05:19 :: DEBUG :: DefaultLogger :: remove from deck
INFO - [G] 2025-01-22 14:05:19 :: DEBUG :: DefaultLogger :: remove from deck
INFO - [G] 2025-01-22 14:05:19 :: DEBUG :: DefaultLogger :: remove from deck
INFO - [G] 2025-01-22 14:05:19 :: DEBUG :: DefaultLogger :: remove from deck
INFO - [G] 2025-01-22 14:05:19 :: DEBUG :: DefaultLogger :: remove from deck
INFO - [G] 2025-01-22 14:05:19 :: DEBUG :: DefaultLogger :: remove from deck
INFO - [G] 2025-01-22 14:05:19 :: DEBUG :: DefaultLogger :: remove from deck
INFO - [G] 2025-01-22 14:05:19 :: DEBUG :: DefaultLogger :: remove from deck
INFO - [G] 2025-01-22 14:05:19 :: DEBUG :: DefaultLogger :: remove from deck
INFO - [G] 2025-01-22 14:05:20 :: DEBUG :: DefaultLogger :: remove from deck
INFO - [G] 2025-01-22 14:05:20 :: DEBUG :: DefaultLogger :: remove from deck
INFO - [G] 2025-01-22 14:05:20 :: DEBUG :: DefaultLogger :: remove from deck
INFO - [G] 2025-01-22 14:05:20 :: DEBUG :: DefaultLogger :: remove from deck
INFO - [G] 2025-01-22 14:05:20 :: DEBUG :: DefaultLogger :: remove from deck
INFO - [G] 2025-01-22 14:05:20 :: DEBUG :: DefaultLogger :: remove from deck
INFO - [G] 2025-01-22 14:05:20 :: DEBUG :: DefaultLogger :: remove from deck
INFO - [G] 2025-01-22 14:05:20 :: DEBUG :: DefaultLogger :: remove from deck
INFO - [G] 2025-01-22 14:05:20 :: DEBUG :: DefaultLogger :: remove from deck
INFO - [G] 2025-01-22 14:05:20 :: DEBUG :: DefaultLogger :: remove from deck
INFO - [G] 2025-01-22 14:05:20 :: DEBUG :: DefaultLogger :: remove from deck
INFO - [G] 2025-01-22 14:05:20 :: DEBUG :: DefaultLogger :: remove from deck
INFO - [G] 2025-01-22 14:05:20 :: DEBUG :: DefaultLogger :: remove from deck
INFO - [G] 2025-01-22 14:05:20 :: DEBUG :: DefaultLogger :: remove from deck
INFO - [G] 2025-01-22 14:05:20 :: DEBUG :: DefaultLogger :: remove from deck
INFO - [G] 2025-01-22 14:05:20 :: DEBUG :: DefaultLogger :: remove from deck
INFO - [G] 2025-01-22 14:05:20 :: DEBUG :: DefaultLogger :: remove from deck
INFO - [G] 2025-01-22 14:05:20 :: DEBUG :: DefaultLogger :: remove from deck
INFO - [G] 2025-01-22 14:05:20 :: DEBUG :: DefaultLogger :: remove from deck
INFO - [G] 2025-01-22 14:05:20 :: DEBUG :: DefaultLogger :: remove from deck
INFO - [G] 2025-01-22 14:05:20 :: DEBUG :: DefaultLogger :: remove from deck
INFO - [G] 2025-01-22 14:05:20 :: DEBUG :: DefaultLogger :: remove from deck
INFO - [G] 2025-01-22 14:05:20 :: DEBUG :: DefaultLogger :: remove from deck
INFO - [G] 2025-01-22 14:05:20 :: DEBUG :: DefaultLogger :: remove from deck
INFO - [G] 2025-01-22 14:05:20 :: DEBUG :: DefaultLogger :: remove from deck
INFO - [G] 2025-01-22 14:05:20 :: DEBUG :: DefaultLogger :: remove from deck
INFO - [G] 2025-01-22 14:05:20 :: DEBUG :: DefaultLogger :: remove from deck
INFO - [G] 2025-01-22 14:05:20 :: DEBUG :: DefaultLogger :: remove from deck
INFO - [G] 2025-01-22 14:05:20 :: DEBUG :: DefaultLogger :: remove from deck
INFO - [G] 2025-01-22 14:05:20 :: DEBUG :: DefaultLogger :: remove from deck
INFO - [G] 2025-01-22 14:05:20 :: DEBUG :: DefaultLogger :: remove from deck
INFO - [G] 2025-01-22 14:05:20 :: DEBUG :: DefaultLogger :: remove from deck
INFO - [G] 2025-01-22 14:05:20 :: DEBUG :: DefaultLogger :: remove from deck
INFO - [G] 2025-01-22 14:05:20 :: DEBUG :: DefaultLogger :: remove from deck
INFO - [G] 2025-01-22 14:05:20 :: DEBUG :: DefaultLogger :: remove from deck
INFO - [G] 2025-01-22 14:05:20 :: DEBUG :: DefaultLogger :: remove from deck
INFO - [G] 2025-01-22 14:05:20 :: DEBUG :: DefaultLogger :: remove from deck
INFO - [G] 2025-01-22 14:05:20 :: DEBUG :: DefaultLogger :: remove from deck
INFO - [G] 2025-01-22 14:05:20 :: DEBUG :: DefaultLogger :: remove from deck
INFO - [G] 2025-01-22 14:05:20 :: DEBUG :: DefaultLogger :: remove from deck
INFO - [G] 2025-01-22 14:05:20 :: DEBUG :: DefaultLogger :: remove from deck
INFO - [G] 2025-01-22 14:05:20 :: DEBUG :: DefaultLogger :: remove from deck
INFO - [G] 2025-01-22 14:05:20 :: DEBUG :: DefaultLogger :: remove from deck
INFO - [G] 2025-01-22 14:05:20 :: DEBUG :: DefaultLogger :: remove from deck
INFO - [G] 2025-01-22 14:05:20 :: DEBUG :: DefaultLogger :: remove from deck
INFO - [G] 2025-01-22 14:05:20 :: DEBUG :: DefaultLogger :: remove from deck
INFO - [G] 2025-01-22 14:05:20 :: DEBUG :: DefaultLogger :: remove from deck
INFO - [G] 2025-01-22 14:05:20 :: DEBUG :: DefaultLogger :: remove from deck
INFO - [G] 2025-01-22 14:05:20 :: DEBUG :: DefaultLogger :: remove from deck
INFO - [G] 2025-01-22 14:05:20 :: DEBUG :: DefaultLogger :: remove from deck
INFO - [G] 2025-01-22 14:05:20 :: DEBUG :: DefaultLogger :: remove from deck
INFO - [G] 2025-01-22 14:05:20 :: DEBUG :: DefaultLogger :: remove from deck
INFO - [G] 2025-01-22 14:05:20 :: DEBUG :: DefaultLogger :: remove from deck
INFO - [G] 2025-01-22 14:05:21 :: DEBUG :: DefaultLogger :: remove from deck
INFO - [G] 2025-01-22 14:05:21 :: DEBUG :: DefaultLogger :: remove from deck
INFO - [G] 2025-01-22 14:06:15 :: DEBUG :: DefaultLogger :: remove from deck
INFO - [G] 2025-01-22 14:06:15 :: DEBUG :: DefaultLogger :: remove from deck
INFO - [G] 2025-01-22 14:06:15 :: DEBUG :: DefaultLogger :: remove from deck
INFO - [G] 2025-01-22 14:06:15 :: DEBUG :: DefaultLogger :: remove from deck
INFO - [G] LONG DT @ 1250: 0.052858706884745
INFO - [G] 2025-01-22 14:06:42 :: WARN  :: Util :: SMODS.eval_this is deprecated. All calculation stages now support returning effects directly. Effects evaluated using this function are out of order and may not use the correct sound pitch.
INFO - [G] 2025-01-22 14:06:42 :: WARN  :: Util :: SMODS.eval_this is deprecated. All calculation stages now support returning effects directly. Effects evaluated using this function are out of order and may not use the correct sound pitch.
INFO - [G] 2025-01-22 14:07:02 :: DEBUG :: DefaultLogger :: remove from deck
INFO - [G] 2025-01-22 14:07:07 :: DEBUG :: DefaultLogger :: remove from deck
INFO - [G] 2025-01-22 14:07:22 :: DEBUG :: DefaultLogger :: remove from deck
INFO - [G] 2025-01-22 14:07:22 :: DEBUG :: DefaultLogger :: remove from deck
INFO - [G] 2025-01-22 14:07:31 :: DEBUG :: DefaultLogger :: remove from deck
INFO - [G] 2025-01-22 14:07:31 :: DEBUG :: DefaultLogger :: remove from deck
INFO - [G] 2025-01-22 14:07:31 :: DEBUG :: DefaultLogger :: remove from deck
INFO - [G] 2025-01-22 14:08:01 :: WARN  :: Util :: SMODS.eval_this is deprecated. All calculation stages now support returning effects directly. Effects evaluated using this function are out of order and may not use the correct sound pitch.
INFO - [G] 2025-01-22 14:08:01 :: WARN  :: Util :: SMODS.eval_this is deprecated. All calculation stages now support returning effects directly. Effects evaluated using this function are out of order and may not use the correct sound pitch.
INFO - [G] LONG DT @ 1353: 0.051842041034009
INFO - [G] LONG DT @ 1402: 0.05704519431135
INFO - [G] 2025-01-22 14:09:03 :: DEBUG :: DefaultLogger :: remove from deck
INFO - [G] 2025-01-22 14:09:09 :: DEBUG :: DefaultLogger :: remove from deck
INFO - [G] 2025-01-22 14:09:09 :: DEBUG :: DefaultLogger :: remove from deck
INFO - [G] 2025-01-22 14:09:09 :: DEBUG :: DefaultLogger :: remove from deck
INFO - [G] LONG DT @ 1423: 0.052606236773678
INFO - [G] 2025-01-22 14:09:26 :: DEBUG :: DefaultLogger :: remove from deck
INFO - [G] 2025-01-22 14:09:36 :: DEBUG :: DefaultLogger :: remove from deck
INFO - [G] 2025-01-22 14:09:36 :: DEBUG :: DefaultLogger :: remove from deck
INFO - [G] 2025-01-22 14:09:36 :: DEBUG :: DefaultLogger :: remove from deck
INFO - [G] 2025-01-22 14:09:36 :: DEBUG :: DefaultLogger :: remove from deck
INFO - [G] 2025-01-22 14:09:36 :: DEBUG :: DefaultLogger :: remove from deck
INFO - [G] 2025-01-22 14:09:38 :: DEBUG :: DefaultLogger :: remove from deck
INFO - [G] 2025-01-22 14:09:38 :: DEBUG :: DefaultLogger :: remove from deck
INFO - [G] 2025-01-22 14:09:43 :: DEBUG :: DefaultLogger :: remove from deck
INFO - [G] 2025-01-22 14:09:43 :: DEBUG :: DefaultLogger :: remove from deck
INFO - [G] LONG DT @ 1497: 0.050036069269454
INFO - [G] LONG DT @ 1501: 0.050592502451137
INFO - [G] 2025-01-22 14:10:28 :: WARN  :: Util :: SMODS.eval_this is deprecated. All calculation stages now support returning effects directly. Effects evaluated using this function are out of order and may not use the correct sound pitch.
INFO - [G] 2025-01-22 14:10:28 :: WARN  :: Util :: SMODS.eval_this is deprecated. All calculation stages now support returning effects directly. Effects evaluated using this function are out of order and may not use the correct sound pitch.
INFO - [G] 2025-01-22 14:10:59 :: DEBUG :: DefaultLogger :: remove from deck
INFO - [G] 2025-01-22 14:11:03 :: DEBUG :: DefaultLogger :: remove from deck
INFO - [G] 2025-01-22 14:11:03 :: DEBUG :: DefaultLogger :: remove from deck
INFO - [G] 2025-01-22 14:11:03 :: DEBUG :: DefaultLogger :: remove from deck
INFO - [G] 2025-01-22 14:11:07 :: DEBUG :: DefaultLogger :: remove from deck
INFO - [G] LONG DT @ 1541: 0.05481125976176
INFO - [G] 2025-01-22 14:11:27 :: DEBUG :: DefaultLogger :: remove from deck
INFO - [G] 2025-01-22 14:11:27 :: DEBUG :: DefaultLogger :: remove from deck
INFO - [G] 2025-01-22 14:11:28 :: DEBUG :: DefaultLogger :: remove from deck
INFO - [G] 2025-01-22 14:11:28 :: DEBUG :: DefaultLogger :: remove from deck
INFO - [G] 2025-01-22 14:11:28 :: DEBUG :: DefaultLogger :: remove from deck
INFO - [G] 2025-01-22 14:11:28 :: DEBUG :: DefaultLogger :: remove from deck
INFO - [G] 2025-01-22 14:11:28 :: DEBUG :: DefaultLogger :: remove from deck
INFO - [G] 2025-01-22 14:11:30 :: DEBUG :: DefaultLogger :: remove from deck
INFO - [G] 2025-01-22 14:11:30 :: DEBUG :: DefaultLogger :: remove from deck
INFO - [G] 2025-01-22 14:11:54 :: DEBUG :: DefaultLogger :: remove from deck
INFO - [G] LONG DT @ 1593: 0.061992965467005
INFO - [G] LONG DT @ 1593: 0.052493172373607
INFO - [G] LONG DT @ 1613: 0.057933585010521
INFO - [G] LONG DT @ 1613: 0.05031278800839
INFO - [G] 2025-01-22 14:12:28 :: WARN  :: Util :: SMODS.eval_this is deprecated. All calculation stages now support returning effects directly. Effects evaluated using this function are out of order and may not use the correct sound pitch.
INFO - [G] 2025-01-22 14:12:35 :: DEBUG :: DefaultLogger :: remove from deck
INFO - [G] 2025-01-22 14:12:36 :: DEBUG :: DefaultLogger :: remove from deck
INFO - [G] 2025-01-22 14:12:36 :: DEBUG :: DefaultLogger :: remove from deck
INFO - [G] 2025-01-22 14:12:36 :: DEBUG :: DefaultLogger :: remove from deck
INFO - [G] 2025-01-22 14:12:36 :: DEBUG :: DefaultLogger :: remove from deck
INFO - [G] 2025-01-22 14:12:59 :: DEBUG :: DefaultLogger :: remove from deck
INFO - [G] 2025-01-22 14:13:16 :: DEBUG :: DefaultLogger :: remove from deck
INFO - [G] LONG DT @ 1669: 0.056400940867161
INFO - [G] LONG DT @ 1669: 0.074719812693693
INFO - [G] LONG DT @ 1669: 0.064725410154977
INFO - [G] LONG DT @ 1669: 0.056454288123972
INFO - [G] LONG DT @ 1673: 0.05258442646215
INFO - [G] 2025-01-22 14:13:30 :: DEBUG :: DefaultLogger :: remove from deck
INFO - [G] 2025-01-22 14:13:30 :: DEBUG :: DefaultLogger :: remove from deck
INFO - [G] 2025-01-22 14:13:30 :: DEBUG :: DefaultLogger :: remove from deck
INFO - [G] 2025-01-22 14:13:33 :: DEBUG :: DefaultLogger :: remove from deck
INFO - [G] 2025-01-22 14:13:33 :: DEBUG :: DefaultLogger :: remove from deck
INFO - [G] 2025-01-22 14:13:33 :: DEBUG :: DefaultLogger :: remove from deck
INFO - [G] 2025-01-22 14:14:10 :: DEBUG :: DefaultLogger :: remove from deck
INFO - [G] 2025-01-22 14:14:10 :: DEBUG :: DefaultLogger :: remove from deck
INFO - [G] 2025-01-22 14:14:10 :: DEBUG :: DefaultLogger :: remove from deck
INFO - [G] 2025-01-22 14:14:10 :: DEBUG :: DefaultLogger :: remove from deck
INFO - [G] 2025-01-22 14:14:10 :: DEBUG :: DefaultLogger :: remove from deck
INFO - [G] 2025-01-22 14:14:10 :: DEBUG :: DefaultLogger :: remove from deck
INFO - [G] 2025-01-22 14:14:22 :: DEBUG :: DefaultLogger :: remove from deck
INFO - [G] 2025-01-22 14:14:22 :: DEBUG :: DefaultLogger :: remove from deck
INFO - [G] 2025-01-22 14:14:22 :: DEBUG :: DefaultLogger :: remove from deck
INFO - [G] 2025-01-22 14:14:22 :: DEBUG :: DefaultLogger :: remove from deck
INFO - [G] 2025-01-22 14:14:22 :: DEBUG :: DefaultLogger :: remove from deck
INFO - [G] 2025-01-22 14:14:22 :: DEBUG :: DefaultLogger :: remove from deck
INFO - [G] 2025-01-22 14:14:22 :: DEBUG :: DefaultLogger :: remove from deck
INFO - [G] 2025-01-22 14:14:22 :: DEBUG :: DefaultLogger :: remove from deck
INFO - [G] 2025-01-22 14:14:22 :: DEBUG :: DefaultLogger :: remove from deck
INFO - [G] 2025-01-22 14:14:22 :: DEBUG :: DefaultLogger :: remove from deck
INFO - [G] 2025-01-22 14:14:22 :: DEBUG :: DefaultLogger :: remove from deck
INFO - [G] 2025-01-22 14:14:22 :: DEBUG :: DefaultLogger :: remove from deck
INFO - [G] 2025-01-22 14:14:22 :: DEBUG :: DefaultLogger :: remove from deck
INFO - [G] 2025-01-22 14:14:22 :: DEBUG :: DefaultLogger :: remove from deck
INFO - [G] 2025-01-22 14:14:22 :: DEBUG :: DefaultLogger :: remove from deck
INFO - [G] 2025-01-22 14:14:22 :: DEBUG :: DefaultLogger :: remove from deck
INFO - [G] 2025-01-22 14:14:22 :: DEBUG :: DefaultLogger :: remove from deck
INFO - [G] 2025-01-22 14:14:22 :: DEBUG :: DefaultLogger :: remove from deck
INFO - [G] 2025-01-22 14:14:22 :: DEBUG :: DefaultLogger :: remove from deck
INFO - [G] 2025-01-22 14:14:22 :: DEBUG :: DefaultLogger :: remove from deck
INFO - [G] 2025-01-22 14:14:22 :: DEBUG :: DefaultLogger :: remove from deck
INFO - [G] 2025-01-22 14:14:22 :: DEBUG :: DefaultLogger :: remove from deck
INFO - [G] 2025-01-22 14:14:22 :: DEBUG :: DefaultLogger :: remove from deck
INFO - [G] 2025-01-22 14:14:22 :: DEBUG :: DefaultLogger :: remove from deck
INFO - [G] 2025-01-22 14:14:22 :: DEBUG :: DefaultLogger :: remove from deck
INFO - [G] 2025-01-22 14:14:22 :: DEBUG :: DefaultLogger :: remove from deck
INFO - [G] 2025-01-22 14:14:22 :: DEBUG :: DefaultLogger :: remove from deck
INFO - [G] 2025-01-22 14:14:22 :: DEBUG :: DefaultLogger :: remove from deck
INFO - [G] 2025-01-22 14:14:22 :: DEBUG :: DefaultLogger :: remove from deck
INFO - [G] 2025-01-22 14:14:22 :: DEBUG :: DefaultLogger :: remove from deck
INFO - [G] 2025-01-22 14:14:22 :: DEBUG :: DefaultLogger :: remove from deck
INFO - [G] 2025-01-22 14:14:22 :: DEBUG :: DefaultLogger :: remove from deck
INFO - [G] 2025-01-22 14:14:22 :: DEBUG :: DefaultLogger :: remove from deck
INFO - [G] 2025-01-22 14:14:22 :: DEBUG :: DefaultLogger :: remove from deck
INFO - [G] 2025-01-22 14:14:22 :: DEBUG :: DefaultLogger :: remove from deck
INFO - [G] 2025-01-22 14:14:22 :: DEBUG :: DefaultLogger :: remove from deck
INFO - [G] 2025-01-22 14:14:22 :: DEBUG :: DefaultLogger :: remove from deck
INFO - [G] 2025-01-22 14:14:22 :: DEBUG :: DefaultLogger :: remove from deck
INFO - [G] 2025-01-22 14:14:22 :: DEBUG :: DefaultLogger :: remove from deck
INFO - [G] 2025-01-22 14:14:22 :: DEBUG :: DefaultLogger :: remove from deck
INFO - [G] 2025-01-22 14:14:22 :: DEBUG :: DefaultLogger :: remove from deck
INFO - [G] LONG DT @ 1736: 0.075170361257232
INFO - [G] LONG DT @ 1736: 0.072271829005794
INFO - [G] LONG DT @ 1736: 0.1
INFO - [G] LONG DT @ 1736: 0.081965460000019
INFO - [G] LONG DT @ 1736: 0.07182822799998
INFO - [G] LONG DT @ 1736: 0.060662622399986
INFO - [G] LONG DT @ 1736: 0.055513197920014
INFO - [G] LONG DT @ 1740: 0.053355506223205
INFO - [G] 2025-01-22 14:14:28 :: DEBUG :: DefaultLogger :: remove from deck
INFO - [G] 2025-01-22 14:14:33 :: DEBUG :: DefaultLogger :: remove from deck
INFO - [G] 2025-01-22 14:14:33 :: DEBUG :: DefaultLogger :: remove from deck
INFO - [G] 2025-01-22 14:14:33 :: DEBUG :: DefaultLogger :: remove from deck
INFO - [G] LONG DT @ 1759: 0.058928561466201
INFO - [G] LONG DT @ 1759: 0.05246928917296
INFO - [G] LONG DT @ 1781: 0.058886513491182
INFO - [G] LONG DT @ 1781: 0.05067959079292
INFO - [G] 2025-01-22 14:15:11 :: DEBUG :: DefaultLogger :: remove from deck
INFO - [G] LONG DT @ 1794: 0.05116720716727
INFO - [G] 2025-01-22 14:15:22 :: DEBUG :: DefaultLogger :: remove from deck
INFO - [G] 2025-01-22 14:15:29 :: DEBUG :: DefaultLogger :: remove from deck
INFO - [G] 2025-01-22 14:15:33 :: DEBUG :: DefaultLogger :: remove from deck
INFO - [G] 2025-01-22 14:15:33 :: DEBUG :: DefaultLogger :: remove from deck
INFO - [G] 2025-01-22 14:15:33 :: DEBUG :: DefaultLogger :: remove from deck
INFO - [G] 2025-01-22 14:15:33 :: DEBUG :: DefaultLogger :: remove from deck
INFO - [G] 2025-01-22 14:15:34 :: DEBUG :: DefaultLogger :: remove from deck
INFO - [G] 2025-01-22 14:15:34 :: DEBUG :: DefaultLogger :: remove from deck
INFO - [G] 2025-01-22 14:15:34 :: DEBUG :: DefaultLogger :: remove from deck
INFO - [G] 2025-01-22 14:15:34 :: DEBUG :: DefaultLogger :: remove from deck
INFO - [G] LONG DT @ 1807: 0.062608697168823
INFO - [G] LONG DT @ 1807: 0.055546957735052
INFO - [G] LONG DT @ 1807: 0.050758026188048
INFO - [G] 2025-01-22 14:15:34 :: DEBUG :: DefaultLogger :: remove from deck
INFO - [G] 2025-01-22 14:15:34 :: DEBUG :: DefaultLogger :: remove from deck
INFO - [G] 2025-01-22 14:15:34 :: DEBUG :: DefaultLogger :: remove from deck
INFO - [G] 2025-01-22 14:15:34 :: DEBUG :: DefaultLogger :: remove from deck
INFO - [G] 2025-01-22 14:15:42 :: DEBUG :: DefaultLogger :: remove from deck
INFO - [G] 2025-01-22 14:15:42 :: DEBUG :: DefaultLogger :: remove from deck
INFO - [G] 2025-01-22 14:15:42 :: DEBUG :: DefaultLogger :: remove from deck
INFO - [G] 2025-01-22 14:15:42 :: DEBUG :: DefaultLogger :: remove from deck
INFO - [G] 2025-01-22 14:15:43 :: DEBUG :: DefaultLogger :: remove from deck
INFO - [G] 2025-01-22 14:15:43 :: DEBUG :: DefaultLogger :: remove from deck
INFO - [G] 2025-01-22 14:15:43 :: DEBUG :: DefaultLogger :: remove from deck
INFO - [G] 2025-01-22 14:15:43 :: DEBUG :: DefaultLogger :: remove from deck
INFO - [G] 2025-01-22 14:15:44 :: DEBUG :: DefaultLogger :: remove from deck
INFO - [G] 2025-01-22 14:15:44 :: DEBUG :: DefaultLogger :: remove from deck
INFO - [G] 2025-01-22 14:15:44 :: DEBUG :: DefaultLogger :: remove from deck
INFO - [G] 2025-01-22 14:15:44 :: DEBUG :: DefaultLogger :: remove from deck
INFO - [G] 2025-01-22 14:15:45 :: DEBUG :: DefaultLogger :: remove from deck
INFO - [G] 2025-01-22 14:15:45 :: DEBUG :: DefaultLogger :: remove from deck
INFO - [G] 2025-01-22 14:15:45 :: DEBUG :: DefaultLogger :: remove from deck
INFO - [G] 2025-01-22 14:15:45 :: DEBUG :: DefaultLogger :: remove from deck
INFO - [G] 2025-01-22 14:15:49 :: DEBUG :: DefaultLogger :: remove from deck
INFO - [G] 2025-01-22 14:15:49 :: DEBUG :: DefaultLogger :: remove from deck
INFO - [G] 2025-01-22 14:15:49 :: DEBUG :: DefaultLogger :: remove from deck
INFO - [G] 2025-01-22 14:15:49 :: DEBUG :: DefaultLogger :: remove from deck
INFO - [G] 2025-01-22 14:15:49 :: DEBUG :: DefaultLogger :: remove from deck
INFO - [G] 2025-01-22 14:15:49 :: DEBUG :: DefaultLogger :: remove from deck
INFO - [G] 2025-01-22 14:15:49 :: DEBUG :: DefaultLogger :: remove from deck
INFO - [G] 2025-01-22 14:15:49 :: DEBUG :: DefaultLogger :: remove from deck
INFO - [G] 2025-01-22 14:15:49 :: DEBUG :: DefaultLogger :: remove from deck
INFO - [G] 2025-01-22 14:15:49 :: DEBUG :: DefaultLogger :: remove from deck
INFO - [G] 2025-01-22 14:15:49 :: DEBUG :: DefaultLogger :: remove from deck
INFO - [G] 2025-01-22 14:15:49 :: DEBUG :: DefaultLogger :: remove from deck
INFO - [G] LONG DT @ 1831: 0.074373590607315
INFO - [G] LONG DT @ 1831: 0.063782212485881
INFO - [G] LONG DT @ 1831: 0.056160929988714
INFO - [G] 2025-01-22 14:16:06 :: DEBUG :: DefaultLogger :: [BUNCO] - matching_ranks: 1, mismatched_ranks: 1
INFO - [G] 2025-01-22 14:16:06 :: DEBUG :: DefaultLogger :: [BUNCO] - matching_suits: 0, mismatched_suits: 3
INFO - [G] 2025-01-22 14:16:06 :: DEBUG :: DefaultLogger :: remove from deck
INFO - [G] 2025-01-22 14:16:06 :: DEBUG :: DefaultLogger :: remove from deck
INFO - [G] 2025-01-22 14:16:06 :: DEBUG :: DefaultLogger :: remove from deck
INFO - [G] 2025-01-22 14:16:06 :: DEBUG :: DefaultLogger :: remove from deck
INFO - [G] 2025-01-22 14:16:06 :: DEBUG :: DefaultLogger :: [BUNCO] - matching_ranks: 1, mismatched_ranks: 1
INFO - [G] 2025-01-22 14:16:06 :: DEBUG :: DefaultLogger :: [BUNCO] - matching_suits: 0, mismatched_suits: 3
INFO - [G] 2025-01-22 14:16:06 :: DEBUG :: DefaultLogger :: [BUNCO] - matching_ranks: 1, mismatched_ranks: 1
INFO - [G] 2025-01-22 14:16:06 :: DEBUG :: DefaultLogger :: [BUNCO] - matching_suits: 0, mismatched_suits: 3
INFO - [G] 2025-01-22 14:16:06 :: DEBUG :: DefaultLogger :: [BUNCO] - matching_ranks: 1, mismatched_ranks: 1
INFO - [G] 2025-01-22 14:16:06 :: DEBUG :: DefaultLogger :: [BUNCO] - matching_suits: 0, mismatched_suits: 3
INFO - [G] 2025-01-22 14:16:06 :: DEBUG :: DefaultLogger :: [BUNCO] - matching_ranks: 1, mismatched_ranks: 1
INFO - [G] 2025-01-22 14:16:06 :: DEBUG :: DefaultLogger :: [BUNCO] - matching_suits: 0, mismatched_suits: 3
INFO - [G] 2025-01-22 14:16:06 :: DEBUG :: DefaultLogger :: [BUNCO] - matching_ranks: 1, mismatched_ranks: 1
INFO - [G] 2025-01-22 14:16:06 :: DEBUG :: DefaultLogger :: [BUNCO] - matching_suits: 0, mismatched_suits: 3
INFO - [G] 2025-01-22 14:16:06 :: DEBUG :: DefaultLogger :: [BUNCO] - matching_ranks: 1, mismatched_ranks: 1
INFO - [G] 2025-01-22 14:16:06 :: DEBUG :: DefaultLogger :: [BUNCO] - matching_suits: 0, mismatched_suits: 3
INFO - [G] 2025-01-22 14:16:06 :: DEBUG :: DefaultLogger :: [BUNCO] - matching_ranks: 1, mismatched_ranks: 1
INFO - [G] 2025-01-22 14:16:06 :: DEBUG :: DefaultLogger :: [BUNCO] - matching_suits: 0, mismatched_suits: 3
INFO - [G] 2025-01-22 14:16:06 :: DEBUG :: DefaultLogger :: [BUNCO] - matching_ranks: 1, mismatched_ranks: 1
INFO - [G] 2025-01-22 14:16:06 :: DEBUG :: DefaultLogger :: [BUNCO] - matching_suits: 0, mismatched_suits: 3
INFO - [G] 2025-01-22 14:16:06 :: DEBUG :: DefaultLogger :: [BUNCO] - matching_ranks: 1, mismatched_ranks: 1
INFO - [G] 2025-01-22 14:16:06 :: DEBUG :: DefaultLogger :: [BUNCO] - matching_suits: 0, mismatched_suits: 3
INFO - [G] 2025-01-22 14:16:06 :: DEBUG :: DefaultLogger :: [BUNCO] - matching_ranks: 1, mismatched_ranks: 1
INFO - [G] 2025-01-22 14:16:06 :: DEBUG :: DefaultLogger :: [BUNCO] - matching_suits: 0, mismatched_suits: 3
INFO - [G] 2025-01-22 14:16:06 :: DEBUG :: DefaultLogger :: [BUNCO] - matching_ranks: 1, mismatched_ranks: 1
INFO - [G] 2025-01-22 14:16:06 :: DEBUG :: DefaultLogger :: [BUNCO] - matching_suits: 0, mismatched_suits: 3
INFO - [G] 2025-01-22 14:16:06 :: DEBUG :: DefaultLogger :: [BUNCO] - matching_ranks: 1, mismatched_ranks: 1
INFO - [G] 2025-01-22 14:16:06 :: DEBUG :: DefaultLogger :: [BUNCO] - matching_suits: 0, mismatched_suits: 3
INFO - [G] 2025-01-22 14:16:06 :: DEBUG :: DefaultLogger :: [BUNCO] - matching_ranks: 1, mismatched_ranks: 1
INFO - [G] 2025-01-22 14:16:06 :: DEBUG :: DefaultLogger :: [BUNCO] - matching_suits: 0, mismatched_suits: 3
INFO - [G] 2025-01-22 14:16:06 :: DEBUG :: DefaultLogger :: [BUNCO] - matching_ranks: 1, mismatched_ranks: 1
INFO - [G] 2025-01-22 14:16:06 :: DEBUG :: DefaultLogger :: [BUNCO] - matching_suits: 0, mismatched_suits: 3
INFO - [G] 2025-01-22 14:16:07 :: DEBUG :: DefaultLogger :: [BUNCO] - matching_ranks: 1, mismatched_ranks: 1
INFO - [G] 2025-01-22 14:16:07 :: DEBUG :: DefaultLogger :: [BUNCO] - matching_suits: 0, mismatched_suits: 3
INFO - [G] 2025-01-22 14:16:07 :: DEBUG :: DefaultLogger :: [BUNCO] - matching_ranks: 1, mismatched_ranks: 1
INFO - [G] 2025-01-22 14:16:07 :: DEBUG :: DefaultLogger :: [BUNCO] - matching_suits: 0, mismatched_suits: 3
INFO - [G] 2025-01-22 14:16:07 :: DEBUG :: DefaultLogger :: [BUNCO] - matching_ranks: 1, mismatched_ranks: 1
INFO - [G] 2025-01-22 14:16:07 :: DEBUG :: DefaultLogger :: [BUNCO] - matching_suits: 0, mismatched_suits: 3
INFO - [G] 2025-01-22 14:16:07 :: DEBUG :: DefaultLogger :: [BUNCO] - matching_ranks: 1, mismatched_ranks: 1
INFO - [G] 2025-01-22 14:16:07 :: DEBUG :: DefaultLogger :: [BUNCO] - matching_suits: 0, mismatched_suits: 3
INFO - [G] 2025-01-22 14:16:07 :: DEBUG :: DefaultLogger :: [BUNCO] - matching_ranks: 1, mismatched_ranks: 1
INFO - [G] 2025-01-22 14:16:07 :: DEBUG :: DefaultLogger :: [BUNCO] - matching_suits: 0, mismatched_suits: 3
INFO - [G] 2025-01-22 14:16:07 :: DEBUG :: DefaultLogger :: remove from deck
INFO - [G] 2025-01-22 14:16:07 :: DEBUG :: DefaultLogger :: remove from deck
INFO - [G] 2025-01-22 14:16:07 :: DEBUG :: DefaultLogger :: remove from deck
INFO - [G] 2025-01-22 14:16:07 :: DEBUG :: DefaultLogger :: remove from deck
INFO - [G] 2025-01-22 14:16:07 :: DEBUG :: DefaultLogger :: [BUNCO] - matching_ranks: 1, mismatched_ranks: 1
INFO - [G] 2025-01-22 14:16:07 :: DEBUG :: DefaultLogger :: [BUNCO] - matching_suits: 0, mismatched_suits: 3
INFO - [G] 2025-01-22 14:16:07 :: DEBUG :: DefaultLogger :: remove from deck
INFO - [G] 2025-01-22 14:16:07 :: DEBUG :: DefaultLogger :: remove from deck
INFO - [G] 2025-01-22 14:16:07 :: DEBUG :: DefaultLogger :: remove from deck
INFO - [G] 2025-01-22 14:16:07 :: DEBUG :: DefaultLogger :: remove from deck
INFO - [G] 2025-01-22 14:16:07 :: DEBUG :: DefaultLogger :: [BUNCO] - matching_ranks: 1, mismatched_ranks: 1
INFO - [G] 2025-01-22 14:16:07 :: DEBUG :: DefaultLogger :: [BUNCO] - matching_suits: 0, mismatched_suits: 3
INFO - [G] 2025-01-22 14:16:07 :: DEBUG :: DefaultLogger :: [BUNCO] - matching_ranks: 1, mismatched_ranks: 1
INFO - [G] 2025-01-22 14:16:07 :: DEBUG :: DefaultLogger :: [BUNCO] - matching_suits: 0, mismatched_suits: 3
INFO - [G] 2025-01-22 14:16:07 :: DEBUG :: DefaultLogger :: [BUNCO] - matching_ranks: 1, mismatched_ranks: 1
INFO - [G] 2025-01-22 14:16:07 :: DEBUG :: DefaultLogger :: [BUNCO] - matching_suits: 0, mismatched_suits: 3
INFO - [G] 2025-01-22 14:16:07 :: DEBUG :: DefaultLogger :: [BUNCO] - matching_ranks: 1, mismatched_ranks: 1
INFO - [G] 2025-01-22 14:16:07 :: DEBUG :: DefaultLogger :: [BUNCO] - matching_suits: 0, mismatched_suits: 3
INFO - [G] 2025-01-22 14:16:07 :: DEBUG :: DefaultLogger :: [BUNCO] - matching_ranks: 1, mismatched_ranks: 1
INFO - [G] 2025-01-22 14:16:07 :: DEBUG :: DefaultLogger :: [BUNCO] - matching_suits: 0, mismatched_suits: 3
INFO - [G] 2025-01-22 14:16:07 :: DEBUG :: DefaultLogger :: [BUNCO] - matching_ranks: 1, mismatched_ranks: 1
INFO - [G] 2025-01-22 14:16:07 :: DEBUG :: DefaultLogger :: [BUNCO] - matching_suits: 0, mismatched_suits: 3
INFO - [G] 2025-01-22 14:16:07 :: DEBUG :: DefaultLogger :: [BUNCO] - matching_ranks: 1, mismatched_ranks: 1
INFO - [G] 2025-01-22 14:16:07 :: DEBUG :: DefaultLogger :: [BUNCO] - matching_suits: 0, mismatched_suits: 3
INFO - [G] 2025-01-22 14:16:07 :: DEBUG :: DefaultLogger :: [BUNCO] - matching_ranks: 1, mismatched_ranks: 1
INFO - [G] 2025-01-22 14:16:07 :: DEBUG :: DefaultLogger :: [BUNCO] - matching_suits: 0, mismatched_suits: 3
INFO - [G] 2025-01-22 14:16:07 :: DEBUG :: DefaultLogger :: [BUNCO] - matching_ranks: 1, mismatched_ranks: 1
INFO - [G] 2025-01-22 14:16:07 :: DEBUG :: DefaultLogger :: [BUNCO] - matching_suits: 0, mismatched_suits: 3
INFO - [G] 2025-01-22 14:16:07 :: DEBUG :: DefaultLogger :: [BUNCO] - matching_ranks: 1, mismatched_ranks: 1
INFO - [G] 2025-01-22 14:16:07 :: DEBUG :: DefaultLogger :: [BUNCO] - matching_suits: 0, mismatched_suits: 3
INFO - [G] 2025-01-22 14:16:07 :: DEBUG :: DefaultLogger :: [BUNCO] - matching_ranks: 1, mismatched_ranks: 1
INFO - [G] 2025-01-22 14:16:07 :: DEBUG :: DefaultLogger :: [BUNCO] - matching_suits: 0, mismatched_suits: 3
INFO - [G] 2025-01-22 14:16:07 :: DEBUG :: DefaultLogger :: [BUNCO] - matching_ranks: 1, mismatched_ranks: 1
INFO - [G] 2025-01-22 14:16:07 :: DEBUG :: DefaultLogger :: [BUNCO] - matching_suits: 0, mismatched_suits: 3
INFO - [G] 2025-01-22 14:16:07 :: DEBUG :: DefaultLogger :: [BUNCO] - matching_ranks: 1, mismatched_ranks: 1
INFO - [G] 2025-01-22 14:16:07 :: DEBUG :: DefaultLogger :: [BUNCO] - matching_suits: 0, mismatched_suits: 3
INFO - [G] 2025-01-22 14:16:07 :: DEBUG :: DefaultLogger :: [BUNCO] - matching_ranks: 1, mismatched_ranks: 1
INFO - [G] 2025-01-22 14:16:07 :: DEBUG :: DefaultLogger :: [BUNCO] - matching_suits: 0, mismatched_suits: 3
INFO - [G] 2025-01-22 14:16:07 :: DEBUG :: DefaultLogger :: [BUNCO] - matching_ranks: 1, mismatched_ranks: 1
INFO - [G] 2025-01-22 14:16:07 :: DEBUG :: DefaultLogger :: [BUNCO] - matching_suits: 0, mismatched_suits: 3
INFO - [G] 2025-01-22 14:16:07 :: DEBUG :: DefaultLogger :: [BUNCO] - matching_ranks: 1, mismatched_ranks: 1
INFO - [G] 2025-01-22 14:16:07 :: DEBUG :: DefaultLogger :: [BUNCO] - matching_suits: 0, mismatched_suits: 3
INFO - [G] 2025-01-22 14:16:07 :: DEBUG :: DefaultLogger :: [BUNCO] - matching_ranks: 1, mismatched_ranks: 1
INFO - [G] 2025-01-22 14:16:07 :: DEBUG :: DefaultLogger :: [BUNCO] - matching_suits: 0, mismatched_suits: 3
INFO - [G] 2025-01-22 14:16:07 :: DEBUG :: DefaultLogger :: [BUNCO] - matching_ranks: 1, mismatched_ranks: 1
INFO - [G] 2025-01-22 14:16:07 :: DEBUG :: DefaultLogger :: [BUNCO] - matching_suits: 0, mismatched_suits: 3
INFO - [G] 2025-01-22 14:16:07 :: DEBUG :: DefaultLogger :: [BUNCO] - matching_ranks: 1, mismatched_ranks: 1
INFO - [G] 2025-01-22 14:16:07 :: DEBUG :: DefaultLogger :: [BUNCO] - matching_suits: 0, mismatched_suits: 3
INFO - [G] 2025-01-22 14:16:07 :: DEBUG :: DefaultLogger :: [BUNCO] - matching_ranks: 1, mismatched_ranks: 1
INFO - [G] 2025-01-22 14:16:07 :: DEBUG :: DefaultLogger :: [BUNCO] - matching_suits: 0, mismatched_suits: 3
INFO - [G] 2025-01-22 14:16:07 :: DEBUG :: DefaultLogger :: [BUNCO] - matching_ranks: 1, mismatched_ranks: 1
INFO - [G] 2025-01-22 14:16:07 :: DEBUG :: DefaultLogger :: [BUNCO] - matching_suits: 0, mismatched_suits: 3
INFO - [G] 2025-01-22 14:16:08 :: DEBUG :: DefaultLogger :: [BUNCO] - matching_ranks: 1, mismatched_ranks: 1
INFO - [G] 2025-01-22 14:16:08 :: DEBUG :: DefaultLogger :: [BUNCO] - matching_suits: 0, mismatched_suits: 3
INFO - [G] 2025-01-22 14:16:08 :: DEBUG :: DefaultLogger :: [BUNCO] - matching_ranks: 1, mismatched_ranks: 1
INFO - [G] 2025-01-22 14:16:08 :: DEBUG :: DefaultLogger :: [BUNCO] - matching_suits: 0, mismatched_suits: 3
INFO - [G] 2025-01-22 14:16:08 :: DEBUG :: DefaultLogger :: [BUNCO] - matching_ranks: 1, mismatched_ranks: 1
INFO - [G] 2025-01-22 14:16:08 :: DEBUG :: DefaultLogger :: [BUNCO] - matching_suits: 0, mismatched_suits: 3
INFO - [G] 2025-01-22 14:16:08 :: DEBUG :: DefaultLogger :: [BUNCO] - matching_ranks: 1, mismatched_ranks: 1
INFO - [G] 2025-01-22 14:16:08 :: DEBUG :: DefaultLogger :: [BUNCO] - matching_suits: 0, mismatched_suits: 3
INFO - [G] 2025-01-22 14:16:08 :: DEBUG :: DefaultLogger :: [BUNCO] - matching_ranks: 1, mismatched_ranks: 1
INFO - [G] 2025-01-22 14:16:08 :: DEBUG :: DefaultLogger :: [BUNCO] - matching_suits: 0, mismatched_suits: 3
INFO - [G] 2025-01-22 14:16:08 :: DEBUG :: DefaultLogger :: [BUNCO] - matching_ranks: 1, mismatched_ranks: 1
INFO - [G] 2025-01-22 14:16:08 :: DEBUG :: DefaultLogger :: [BUNCO] - matching_suits: 0, mismatched_suits: 3
INFO - [G] 2025-01-22 14:16:08 :: DEBUG :: DefaultLogger :: [BUNCO] - matching_ranks: 1, mismatched_ranks: 1
INFO - [G] 2025-01-22 14:16:08 :: DEBUG :: DefaultLogger :: [BUNCO] - matching_suits: 0, mismatched_suits: 3
INFO - [G] 2025-01-22 14:16:08 :: DEBUG :: DefaultLogger :: [BUNCO] - matching_ranks: 1, mismatched_ranks: 1
INFO - [G] 2025-01-22 14:16:08 :: DEBUG :: DefaultLogger :: [BUNCO] - matching_suits: 0, mismatched_suits: 3
INFO - [G] 2025-01-22 14:16:08 :: DEBUG :: DefaultLogger :: [BUNCO] - matching_ranks: 1, mismatched_ranks: 1
INFO - [G] 2025-01-22 14:16:08 :: DEBUG :: DefaultLogger :: [BUNCO] - matching_suits: 0, mismatched_suits: 3
INFO - [G] 2025-01-22 14:16:08 :: DEBUG :: DefaultLogger :: [BUNCO] - matching_ranks: 1, mismatched_ranks: 1
INFO - [G] 2025-01-22 14:16:08 :: DEBUG :: DefaultLogger :: [BUNCO] - matching_suits: 0, mismatched_suits: 3
INFO - [G] 2025-01-22 14:16:08 :: DEBUG :: DefaultLogger :: [BUNCO] - matching_ranks: 1, mismatched_ranks: 1
INFO - [G] 2025-01-22 14:16:08 :: DEBUG :: DefaultLogger :: [BUNCO] - matching_suits: 0, mismatched_suits: 3
INFO - [G] 2025-01-22 14:16:08 :: DEBUG :: DefaultLogger :: [BUNCO] - matching_ranks: 1, mismatched_ranks: 1
INFO - [G] 2025-01-22 14:16:08 :: DEBUG :: DefaultLogger :: [BUNCO] - matching_suits: 0, mismatched_suits: 3
INFO - [G] 2025-01-22 14:16:08 :: DEBUG :: DefaultLogger :: remove from deck
INFO - [G] 2025-01-22 14:16:08 :: DEBUG :: DefaultLogger :: remove from deck
INFO - [G] 2025-01-22 14:16:08 :: DEBUG :: DefaultLogger :: remove from deck
INFO - [G] 2025-01-22 14:16:08 :: DEBUG :: DefaultLogger :: remove from deck
INFO - [G] 2025-01-22 14:16:08 :: DEBUG :: DefaultLogger :: remove from deck
INFO - [G] 2025-01-22 14:16:08 :: DEBUG :: DefaultLogger :: remove from deck
INFO - [G] 2025-01-22 14:16:08 :: DEBUG :: DefaultLogger :: remove from deck
INFO - [G] 2025-01-22 14:16:08 :: DEBUG :: DefaultLogger :: remove from deck
INFO - [G] 2025-01-22 14:16:16 :: DEBUG :: DefaultLogger :: remove from deck
INFO - [G] 2025-01-22 14:16:16 :: DEBUG :: DefaultLogger :: remove from deck
INFO - [G] 2025-01-22 14:16:16 :: DEBUG :: DefaultLogger :: remove from deck
INFO - [G] 2025-01-22 14:16:16 :: DEBUG :: DefaultLogger :: remove from deck
INFO - [G] 2025-01-22 14:16:16 :: DEBUG :: DefaultLogger :: remove from deck
INFO - [G] 2025-01-22 14:16:16 :: DEBUG :: DefaultLogger :: remove from deck
INFO - [G] 2025-01-22 14:16:16 :: DEBUG :: DefaultLogger :: remove from deck
INFO - [G] 2025-01-22 14:16:16 :: DEBUG :: DefaultLogger :: remove from deck
INFO - [G] 2025-01-22 14:16:16 :: DEBUG :: DefaultLogger :: remove from deck
INFO - [G] 2025-01-22 14:16:16 :: DEBUG :: DefaultLogger :: remove from deck
INFO - [G] 2025-01-22 14:16:16 :: DEBUG :: DefaultLogger :: remove from deck
INFO - [G] 2025-01-22 14:16:16 :: DEBUG :: DefaultLogger :: remove from deck
INFO - [G] 2025-01-22 14:16:16 :: DEBUG :: DefaultLogger :: remove from deck
INFO - [G] 2025-01-22 14:16:16 :: DEBUG :: DefaultLogger :: remove from deck
INFO - [G] 2025-01-22 14:16:16 :: DEBUG :: DefaultLogger :: remove from deck
INFO - [G] 2025-01-22 14:16:16 :: DEBUG :: DefaultLogger :: remove from deck
INFO - [G] 2025-01-22 14:16:16 :: DEBUG :: DefaultLogger :: remove from deck
INFO - [G] 2025-01-22 14:16:16 :: DEBUG :: DefaultLogger :: remove from deck
INFO - [G] 2025-01-22 14:16:16 :: DEBUG :: DefaultLogger :: remove from deck
INFO - [G] 2025-01-22 14:16:16 :: DEBUG :: DefaultLogger :: remove from deck
INFO - [G] 2025-01-22 14:16:16 :: DEBUG :: DefaultLogger :: remove from deck
INFO - [G] 2025-01-22 14:16:16 :: DEBUG :: DefaultLogger :: remove from deck
INFO - [G] 2025-01-22 14:16:16 :: DEBUG :: DefaultLogger :: remove from deck
INFO - [G] 2025-01-22 14:16:16 :: DEBUG :: DefaultLogger :: remove from deck
INFO - [G] 2025-01-22 14:16:16 :: DEBUG :: DefaultLogger :: remove from deck
INFO - [G] 2025-01-22 14:16:16 :: DEBUG :: DefaultLogger :: remove from deck
INFO - [G] 2025-01-22 14:16:16 :: DEBUG :: DefaultLogger :: remove from deck
INFO - [G] 2025-01-22 14:16:16 :: DEBUG :: DefaultLogger :: remove from deck
INFO - [G] 2025-01-22 14:16:16 :: DEBUG :: DefaultLogger :: remove from deck
INFO - [G] 2025-01-22 14:16:16 :: DEBUG :: DefaultLogger :: remove from deck
INFO - [G] 2025-01-22 14:16:16 :: DEBUG :: DefaultLogger :: remove from deck
INFO - [G] 2025-01-22 14:16:16 :: DEBUG :: DefaultLogger :: remove from deck
INFO - [G] 2025-01-22 14:16:16 :: DEBUG :: DefaultLogger :: remove from deck
INFO - [G] 2025-01-22 14:16:16 :: DEBUG :: DefaultLogger :: remove from deck
INFO - [G] 2025-01-22 14:16:16 :: DEBUG :: DefaultLogger :: remove from deck
INFO - [G] 2025-01-22 14:16:16 :: DEBUG :: DefaultLogger :: remove from deck
INFO - [G] 2025-01-22 14:16:16 :: DEBUG :: DefaultLogger :: remove from deck
INFO - [G] 2025-01-22 14:16:16 :: DEBUG :: DefaultLogger :: remove from deck
INFO - [G] 2025-01-22 14:16:16 :: DEBUG :: DefaultLogger :: remove from deck
INFO - [G] 2025-01-22 14:16:16 :: DEBUG :: DefaultLogger :: remove from deck
INFO - [G] 2025-01-22 14:16:16 :: DEBUG :: DefaultLogger :: remove from deck
INFO - [G] 2025-01-22 14:16:21 :: DEBUG :: DefaultLogger :: remove from deck
INFO - [G] 2025-01-22 14:16:21 :: DEBUG :: DefaultLogger :: remove from deck
INFO - [G] 2025-01-22 14:16:30 :: DEBUG :: DefaultLogger :: remove from deck
INFO - [G] LONG DT @ 1870: 0.056962455088215
INFO - [G] 2025-01-22 14:16:43 :: DEBUG :: DefaultLogger :: remove from deck
INFO - [G] 2025-01-22 14:16:45 :: DEBUG :: DefaultLogger :: remove from deck
INFO - [G] LONG DT @ 1882: 0.054251223418062
INFO - [G] 2025-01-22 14:16:57 :: DEBUG :: DefaultLogger :: remove from deck
INFO - [G] LONG DT @ 1895: 0.051822707472072
INFO - [G] 2025-01-22 14:17:18 :: DEBUG :: DefaultLogger :: remove from deck
INFO - [G] 2025-01-22 14:17:18 :: DEBUG :: DefaultLogger :: remove from deck
INFO - [G] 2025-01-22 14:17:18 :: DEBUG :: DefaultLogger :: remove from deck
INFO - [G] 2025-01-22 14:17:18 :: DEBUG :: DefaultLogger :: remove from deck
INFO - [G] 2025-01-22 14:17:20 :: DEBUG :: DefaultLogger :: remove from deck
INFO - [G] 2025-01-22 14:17:20 :: DEBUG :: DefaultLogger :: remove from deck
INFO - [G] 2025-01-22 14:17:20 :: DEBUG :: DefaultLogger :: remove from deck
INFO - [G] 2025-01-22 14:17:20 :: DEBUG :: DefaultLogger :: remove from deck
INFO - [G] 2025-01-22 14:17:20 :: DEBUG :: DefaultLogger :: remove from deck
INFO - [G] 2025-01-22 14:17:20 :: DEBUG :: DefaultLogger :: remove from deck
INFO - [G] 2025-01-22 14:17:20 :: DEBUG :: DefaultLogger :: remove from deck
INFO - [G] 2025-01-22 14:17:20 :: DEBUG :: DefaultLogger :: remove from deck
INFO - [G] 2025-01-22 14:17:21 :: DEBUG :: DefaultLogger :: remove from deck
INFO - [G] 2025-01-22 14:17:21 :: DEBUG :: DefaultLogger :: remove from deck
INFO - [G] 2025-01-22 14:17:21 :: DEBUG :: DefaultLogger :: remove from deck
INFO - [G] 2025-01-22 14:17:21 :: DEBUG :: DefaultLogger :: remove from deck
INFO - [G] LONG DT @ 1916: 0.052492506223885
INFO - [G] LONG DT @ 1928: 0.052153972557668
INFO - [G] 2025-01-22 14:17:40 :: DEBUG :: DefaultLogger :: remove from deck
INFO - [G] 2025-01-22 14:17:47 :: DEBUG :: DefaultLogger :: remove from deck
INFO - [G] 2025-01-22 14:17:49 :: DEBUG :: DefaultLogger :: remove from deck
INFO - [G] 2025-01-22 14:17:49 :: DEBUG :: DefaultLogger :: remove from deck
INFO - [G] 2025-01-22 14:17:52 :: DEBUG :: DefaultLogger :: remove from deck
INFO - [G] LONG DT @ 1951: 0.058226903895968
INFO - [G] 2025-01-22 14:17:59 :: DEBUG :: DefaultLogger :: remove from deck
INFO - [G] 2025-01-22 14:17:59 :: DEBUG :: DefaultLogger :: remove from deck
INFO - [G] 2025-01-22 14:17:59 :: DEBUG :: DefaultLogger :: remove from deck
INFO - [G] 2025-01-22 14:17:59 :: DEBUG :: DefaultLogger :: remove from deck
INFO - [G] LONG DT @ 1952: 0.075317523116755
INFO - [G] LONG DT @ 1952: 0.0660924784934
INFO - [G] LONG DT @ 1952: 0.05663854279471
INFO - [G] LONG DT @ 1952: 0.051936094235778
INFO - [G] 2025-01-22 14:18:18 :: DEBUG :: DefaultLogger :: remove from deck
INFO - [G] 2025-01-22 14:18:19 :: DEBUG :: DefaultLogger :: remove from deck
INFO - [G] 2025-01-22 14:18:19 :: DEBUG :: DefaultLogger :: remove from deck
INFO - [G] LONG DT @ 1974: 0.065558744781093
INFO - [G] LONG DT @ 1974: 0.056325815824874
INFO - [G] 2025-01-22 14:18:24 :: DEBUG :: DefaultLogger :: remove from deck
INFO - [G] 2025-01-22 14:18:26 :: DEBUG :: DefaultLogger :: remove from deck
INFO - [G] 2025-01-22 14:18:29 :: DEBUG :: DefaultLogger :: remove from deck
INFO - [G] 2025-01-22 14:18:29 :: DEBUG :: DefaultLogger :: remove from deck
INFO - [G] 2025-01-22 14:18:33 :: DEBUG :: DefaultLogger :: remove from deck
INFO - [G] 2025-01-22 14:18:36 :: DEBUG :: DefaultLogger :: remove from deck
INFO - [G] 2025-01-22 14:18:43 :: DEBUG :: DefaultLogger :: remove from deck
INFO - [G] 2025-01-22 14:18:45 :: DEBUG :: DefaultLogger :: remove from deck
INFO - [G] LONG DT @ 2003: 0.076747617017424
INFO - [G] LONG DT @ 2003: 0.066214153613969
INFO - [G] LONG DT @ 2003: 0.057474642891179
INFO - [G] 2025-01-22 14:19:32 :: DEBUG :: DefaultLogger :: remove from deck
INFO - [G] 2025-01-22 14:19:37 :: DEBUG :: DefaultLogger :: remove from deck
INFO - [G] LONG DT @ 2051: 0.070296483552449
INFO - [G] LONG DT @ 2051: 0.061136386841959
INFO - [G] LONG DT @ 2051: 0.053241689473504
INFO - [G] LONG DT @ 2051: 0.059623071578831
INFO - [G] LONG DT @ 2052: 0.1
INFO - [G] LONG DT @ 2052: 0.083144519999933
INFO - [G] LONG DT @ 2052: 0.069896595999966
INFO - [G] LONG DT @ 2052: 0.059169916800001
INFO - [G] LONG DT @ 2052: 0.050751673439946
INFO - [G] 2025-01-22 14:19:43 :: DEBUG :: DefaultLogger :: remove from deck
INFO - [G] 2025-01-22 14:19:44 :: DEBUG :: DefaultLogger :: remove from deck
INFO - [G] 2025-01-22 14:20:04 :: DEBUG :: DefaultLogger :: remove from deck
INFO - [G] 2025-01-22 14:20:04 :: DEBUG :: DefaultLogger :: remove from deck
INFO - [G] 2025-01-22 14:20:04 :: DEBUG :: DefaultLogger :: remove from deck
INFO - [G] 2025-01-22 14:20:04 :: DEBUG :: DefaultLogger :: remove from deck
INFO - [G] 2025-01-22 14:20:04 :: DEBUG :: DefaultLogger :: remove from deck
INFO - [G] 2025-01-22 14:20:06 :: DEBUG :: DefaultLogger :: remove from deck
INFO - [G] 2025-01-22 14:20:06 :: DEBUG :: DefaultLogger :: remove from deck
INFO - [G] 2025-01-22 14:20:06 :: DEBUG :: DefaultLogger :: remove from deck
INFO - [G] 2025-01-22 14:20:06 :: DEBUG :: DefaultLogger :: remove from deck
INFO - [G] 2025-01-22 14:20:06 :: DEBUG :: DefaultLogger :: remove from deck
INFO - [G] 2025-01-22 14:20:06 :: DEBUG :: DefaultLogger :: remove from deck
INFO - [G] 2025-01-22 14:20:06 :: DEBUG :: DefaultLogger :: remove from deck
INFO - [G] 2025-01-22 14:20:06 :: DEBUG :: DefaultLogger :: remove from deck
INFO - [G] LONG DT @ 2080: 0.065822265758285
INFO - [G] LONG DT @ 2080: 0.059212652606618
INFO - [G] LONG DT @ 2080: 0.05150980208532
INFO - [G] 2025-01-22 14:20:11 :: DEBUG :: DefaultLogger :: remove from deck
INFO - [G] 2025-01-22 14:20:13 :: DEBUG :: DefaultLogger :: remove from deck
INFO - [G] 2025-01-22 14:20:13 :: DEBUG :: DefaultLogger :: remove from deck
INFO - [G] 2025-01-22 14:20:13 :: DEBUG :: DefaultLogger :: remove from deck
INFO - [G] 2025-01-22 14:20:13 :: DEBUG :: DefaultLogger :: remove from deck
INFO - [G] 2025-01-22 14:20:13 :: DEBUG :: DefaultLogger :: remove from deck
INFO - [G] 2025-01-22 14:20:13 :: DEBUG :: DefaultLogger :: remove from deck
INFO - [G] 2025-01-22 14:20:13 :: DEBUG :: DefaultLogger :: remove from deck
INFO - [G] 2025-01-22 14:20:13 :: DEBUG :: DefaultLogger :: remove from deck
INFO - [G] 2025-01-22 14:20:14 :: DEBUG :: DefaultLogger :: remove from deck
INFO - [G] 2025-01-22 14:20:14 :: DEBUG :: DefaultLogger :: remove from deck
INFO - [G] 2025-01-22 14:20:14 :: DEBUG :: DefaultLogger :: remove from deck
INFO - [G] 2025-01-22 14:20:14 :: DEBUG :: DefaultLogger :: remove from deck
INFO - [G] 2025-01-22 14:20:14 :: DEBUG :: DefaultLogger :: remove from deck
INFO - [G] 2025-01-22 14:20:14 :: DEBUG :: DefaultLogger :: remove from deck
INFO - [G] 2025-01-22 14:20:14 :: DEBUG :: DefaultLogger :: remove from deck
INFO - [G] 2025-01-22 14:20:14 :: DEBUG :: DefaultLogger :: remove from deck
INFO - [G] LONG DT @ 2106: 0.068964289391789
INFO - [G] LONG DT @ 2106: 0.084035471513439
INFO - [G] LONG DT @ 2106: 0.073073917210815
INFO - [G] LONG DT @ 2106: 0.062638073768581
INFO - [G] LONG DT @ 2106: 0.055834479014935
INFO - [G] LONG DT @ 2106: 0.051375383211952
INFO - [G] 2025-01-22 14:20:36 :: DEBUG :: DefaultLogger :: remove from deck
INFO - [G] 2025-01-22 14:20:40 :: DEBUG :: DefaultLogger :: remove from deck
INFO - [G] 2025-01-22 14:20:52 :: DEBUG :: DefaultLogger :: remove from deck
INFO - [G] 2025-01-22 14:20:52 :: DEBUG :: DefaultLogger :: remove from deck
INFO - [G] 2025-01-22 14:20:52 :: DEBUG :: DefaultLogger :: remove from deck
INFO - [G] 2025-01-22 14:20:52 :: DEBUG :: DefaultLogger :: remove from deck
INFO - [G] Distro :: Disconnected from Discord IPC
