INFO - [♥] Lovely 0.6.0
INFO - [♥] Game directory is at "C:\\Users\\ramosalves\\Desktop\\laura\\Balatro"
INFO - [♥] Writing logs to "C:\\Users\\ramosalves\\AppData\\Roaming\\Balatro\\Mods\\lovely\\log"
INFO - [♥] Using mod directory at "C:\\Users\\ramosalves\\AppData\\Roaming\\Balatro\\Mods"
WARN - [♥] Unknown key `patches.15.?.match_indent` found in patch file at "C:\\Users\\ramosalves\\AppData\\Roaming\\Balatro\\Mods\\Bunco-main\\lovely.toml", ignoring it
WARN - [♥] Unknown key `patches.46.?.match_indent` found in patch file at "C:\\Users\\ramosalves\\AppData\\Roaming\\Balatro\\Mods\\smods\\lovely\\fixes.toml", ignoring it
WARN - [♥] Unknown key `patches.3.?.match_indent` found in patch file at "C:\\Users\\ramosalves\\AppData\\Roaming\\Balatro\\Mods\\smods\\lovely\\rarity.toml", ignoring it
INFO - [♥] Cleaning up dumps directory at "C:\\Users\\ramosalves\\AppData\\Roaming\\Balatro\\Mods\\lovely\\dump"
INFO - [♥] Initialization complete in 128ms
INFO - [♥] Applied 12 patches to 'main.lua'
INFO - [♥] Applied 5 patches to 'engine/controller.lua'
INFO - [♥] Applied 11 patches to 'back.lua'
INFO - [♥] Applied 9 patches to 'tag.lua'
INFO - [♥] Applied 3 patches to 'engine/node.lua'
INFO - [♥] Applied 1 patch to 'engine/moveable.lua'
INFO - [♥] Applied 2 patches to 'engine/sprite.lua'
INFO - [♥] Applied 2 patches to 'engine/animatedsprite.lua'
INFO - [♥] Applied 44 patches to 'functions/misc_functions.lua'
INFO - [♥] Applied 41 patches to 'game.lua'
INFO - [♥] Applied 4 patches to 'globals.lua'
INFO - [♥] Applied 3 patches to 'engine/ui.lua'
INFO - [♥] Applied 72 patches to 'functions/UI_definitions.lua'
WARN - [♥] Pattern 'reset_idol_card()\nreset_mail_rank()\nreset_ancient_card()\nreset_castle_card()\n' on target 'functions/state_events.lua' resulted in no matches
WARN - [♥] Pattern '--calculate the card edition effects\nif effects[ii].edition then\n    hand_chips = mod_chips(hand_chips + (effects[ii].edition.chip_mod or 0))\n    mult = mult + (effects[ii].edition.mult_mod or 0)\n    mult = mod_mult(mult*(effects[ii].edition.x_mult_mod or 1))\n    update_hand_text({delay = 0}, {\n        chips = effects[ii].edition.chip_mod and hand_chips or nil,\n        mult = (effects[ii].edition.mult_mod or effects[ii].edition.x_mult_mod) and mult or nil,\n    })\n    card_eval_status_text(scoring_hand[i], \'extra\', nil, percent, nil, {\n        message = (effects[ii].edition.chip_mod and localize{type=\'variable\',key=\'a_chips\',vars={effects[ii].edition.chip_mod}}) or\n                (effects[ii].edition.mult_mod and localize{type=\'variable\',key=\'a_mult\',vars={effects[ii].edition.mult_mod}}) or\n                (effects[ii].edition.x_mult_mod and localize{type=\'variable\',key=\'a_xmult\',vars={effects[ii].edition.x_mult_mod}}),\n        chip_mod =  effects[ii].edition.chip_mod,\n        mult_mod =  effects[ii].edition.mult_mod,\n        x_mult_mod =  effects[ii].edition.x_mult_mod,\n        colour = G.C.DARK_EDITION,\n        edition = true})\nend\n' on target 'functions/state_events.lua' resulted in no matches
WARN - [♥] Pattern '    scoring_hand[i].lucky_trigger = nil\n\n        for ii = 1, #effects do\n        --If chips added, do chip add event and add the chips to the total\n        if effects[ii].chips then \n            if effects[ii].card then juice_card(effects[ii].card) end\n            hand_chips = mod_chips(hand_chips + effects[ii].chips)\n            update_hand_text({delay = 0}, {chips = hand_chips})\n            card_eval_status_text(scoring_hand[i], \'chips\', effects[ii].chips, percent)\n        end\n\n        --If mult added, do mult add event and add the mult to the total\n        if effects[ii].mult then \n            if effects[ii].card then juice_card(effects[ii].card) end\n            mult = mod_mult(mult + effects[ii].mult)\n            update_hand_text({delay = 0}, {mult = mult})\n            card_eval_status_text(scoring_hand[i], \'mult\', effects[ii].mult, percent)\n        end\n\n        --If play dollars added, add dollars to total\n        if effects[ii].p_dollars then \n            if effects[ii].card then juice_card(effects[ii].card) end\n            ease_dollars(effects[ii].p_dollars)\n            card_eval_status_text(scoring_hand[i], \'dollars\', effects[ii].p_dollars, percent)\n        end\n\n        --If dollars added, add dollars to total\n        if effects[ii].dollars then \n            if effects[ii].card then juice_card(effects[ii].card) end\n            ease_dollars(effects[ii].dollars)\n            card_eval_status_text(scoring_hand[i], \'dollars\', effects[ii].dollars, percent)\n        end\n\n        --Any extra effects\n        if effects[ii].extra then \n            if effects[ii].card then juice_card(effects[ii].card) end\n            local extras = {mult = false, hand_chips = false}\n            if effects[ii].extra.mult_mod then mult =mod_mult( mult + effects[ii].extra.mult_mod);extras.mult = true end\n            if effects[ii].extra.chip_mod then hand_chips = mod_chips(hand_chips + effects[ii].extra.chip_mod);extras.hand_chips = true end\n            if effects[ii].extra.swap then \n                local old_mult = mult\n                mult = mod_mult(hand_chips)\n                hand_chips = mod_chips(old_mult)\n                extras.hand_chips = true; extras.mult = true\n            end\n            if effects[ii].extra.func then effects[ii].extra.func() end\n            update_hand_text({delay = 0}, {chips = extras.hand_chips and hand_chips, mult = extras.mult and mult})\n            card_eval_status_text(scoring_hand[i], \'extra\', nil, percent, nil, effects[ii].extra)\n        end\n\n        --If x_mult added, do mult add event and mult the mult to the total\n        if effects[ii].x_mult then \n            if effects[ii].card then juice_card(effects[ii].card) end\n            mult = mod_mult(mult*effects[ii].x_mult)\n            update_hand_text({delay = 0}, {mult = mult})\n            card_eval_status_text(scoring_hand[i], \'x_mult\', effects[ii].x_mult, percent)\n        end\n\n\n        end\n    end\nend\n' on target 'functions/state_events.lua' resulted in no matches
WARN - [♥] Pattern '            --calculate the joker effects\n            local effects = eval_card(_card, {cardarea = G.jokers, full_hand = G.play.cards, scoring_hand = scoring_hand, scoring_name = text, poker_hands = poker_hands, joker_main = true})\n\n            --Any Joker effects\n            if effects.jokers then \n                local extras = {mult = false, hand_chips = false}\n                if effects.jokers.mult_mod then mult = mod_mult(mult + effects.jokers.mult_mod);extras.mult = true end\n                if effects.jokers.chip_mod then hand_chips = mod_chips(hand_chips + effects.jokers.chip_mod);extras.hand_chips = true end\n                if effects.jokers.Xmult_mod then mult = mod_mult(mult*effects.jokers.Xmult_mod);extras.mult = true  end\n                update_hand_text({delay = 0}, {chips = extras.hand_chips and hand_chips, mult = extras.mult and mult})\n                card_eval_status_text(_card, \'jokers\', nil, percent, nil, effects.jokers)\n                percent = percent+percent_delta\n            end' on target 'functions/state_events.lua' resulted in no matches
WARN - [♥] Pattern 'local percent = (i-0.999)/(#G.hand.cards-0.998) + (j-1)*0.1' on target 'functions/state_events.lua' resulted in no matches
WARN - [♥] Pattern 'card_eval_status_text(scoring_hand[i], \'extra\', nil, percent, nil, effects[ii].extra)' on target 'functions/state_events.lua' resulted in no matches
WARN - [♥] Pattern 'card_eval_status_text(scoring_hand[i], \'extra\', nil, percent, nil, effects[ii].extra)' on target 'functions/state_events.lua' resulted in no matches
WARN - [♥] Pattern 'card_eval_status_text(scoring_hand[i], \'debuff\')' on target 'functions/state_events.lua' resulted in no matches
WARN - [♥] Pattern 'for j=1,#reps do' on target 'functions/state_events.lua' resulted in no matches
WARN - [♥] Pattern 'G.jokers.cards[i]:calculate_perishable()' on target 'functions/state_events.lua' resulted in no matches
INFO - [♥] Applied 71 patches to 'functions/state_events.lua'
WARN - [♥] Regex '(?<indent>[\\t ]*)if G\\.F_NO_ACHIEVEMENTS then return end\\n[\\s\\S][\\s\\S]{16}--\\|LOCAL SETTINGS FILE' on target 'functions/common_events.lua' resulted in no matches
WARN - [♥] Pattern 'elseif _c.effect == \'Lucky Card\' then loc_vars = {G.GAME.probabilities.normal, _c.config.mult, 5, _c.config.p_dollars, 15}' on target 'functions/common_events.lua' resulted in no matches
WARN - [♥] Pattern 'info_queue[#info_queue + 1] = G.P_CENTERS[\'e_\'..v]' on target 'functions/common_events.lua' resulted in no matches
INFO - [♥] Applied 108 patches to 'functions/common_events.lua'
WARN - [♥] Pattern 'G.pack_cards:emplace(v)' on target 'functions/button_callbacks.lua' resulted in no matches
WARN - [♥] Pattern 'G.jokers.cards[i]:calculate_joker({skip_blind = true})' on target 'functions/button_callbacks.lua' resulted in no matches
INFO - [♥] Applied 47 patches to 'functions/button_callbacks.lua'
WARN - [♥] Pattern 'if (self.edition and (self.edition.negative or self.edition.cry_oversat)) or (self.ability.name == \'Antimatter\' and (self.config.center.discovered or self.bypass_discovery_center)) then' on target 'card.lua' resulted in no matches
WARN - [♥] Regex '(?<indent>[\t ]*)for\\s+i\\s*=\\s*1,\\s*#G\\.jokers\\.cards\\s*do\\s*\\n[\\t ]*G\\.jokers\\.cards\\[i\\]:calculate_joker\\(\\{\\s*open_booster\\s*=\\s*true,\\s*card\\s*=\\s*self\\s*\\}\\)\\s*\\n[\\t ]*end' on target 'card.lua' resulted in no matches
INFO - [♥] Applied 186 patches to 'card.lua'
INFO - [♥] Applied 15 patches to 'cardarea.lua'
INFO - [♥] Applied 32 patches to 'blind.lua'
INFO - [♥] Applied 2 patches to 'engine/text.lua'
INFO - [G] Failed to connect to the debug server
INFO - [G] 2025-01-19 16:04:43 :: DEBUG :: DebugConsole :: Steamodded Debug Socket started !
INFO - [♥] Applied 9 patches to 'engine/sound_manager.lua'
INFO - [♥] Applied 1 patch to 'engine/save_manager.lua'
INFO - [G] 2025-01-19 16:04:44 :: TRACE :: Loader :: Processing Mod file (Legacy header): Bunco.lua
INFO - [G] 2025-01-19 16:04:44 :: TRACE :: Loader :: Saving Mod Info: Bunco
INFO - [G] 2025-01-19 16:04:44 :: INFO  :: DefaultLogger :: Valid JSON file found
INFO - [G] 2025-01-19 16:04:44 :: INFO  :: DefaultLogger :: Valid JSON file found
INFO - [G] 2025-01-19 16:04:44 :: TRACE :: Loader :: Processing Mod file (Legacy header): HouseRules.lua
INFO - [G] 2025-01-19 16:04:44 :: TRACE :: Loader :: Saving Mod Info: HouseRules
INFO - [G] 2025-01-19 16:04:44 :: TRACE :: Loader :: Processing Mod file (Legacy header): JankChallenges.lua
INFO - [G] 2025-01-19 16:04:44 :: TRACE :: Loader :: Saving Mod Info: JankChallenges
INFO - [G] 2025-01-19 16:04:44 :: TRACE :: Loader :: Processing Mod file (Legacy header): JankJonklers.lua
INFO - [G] 2025-01-19 16:04:44 :: TRACE :: Loader :: Saving Mod Info: JankJonklersMod
INFO - [G] 2025-01-19 16:04:44 :: TRACE :: Loader :: Processing Mod file (Legacy header): JokerDisplay.lua
INFO - [G] 2025-01-19 16:04:44 :: TRACE :: Loader :: Saving Mod Info: JokerDisplay
INFO - [G] 2025-01-19 16:04:44 :: TRACE :: Loader :: Processing Mod file (Legacy header): MathBlinds.lua
INFO - [G] 2025-01-19 16:04:44 :: TRACE :: Loader :: Saving Mod Info: MathBlinds
INFO - [G] 2025-01-19 16:04:44 :: TRACE :: Loader :: Processing Mod file (Legacy header): MystBlinds.lua
INFO - [G] 2025-01-19 16:04:44 :: TRACE :: Loader :: Saving Mod Info: MystBlinds
INFO - [G] 2025-01-19 16:04:44 :: TRACE :: Loader :: Processing Mod file (Legacy header): YippeeGameOver.lua
INFO - [G] 2025-01-19 16:04:44 :: TRACE :: Loader :: Saving Mod Info: YippeeGameOver
INFO - [G] 2025-01-19 16:04:45 :: INFO  :: DefaultLogger :: Valid JSON file found
INFO - [G] 2025-01-19 16:04:45 :: ERROR :: Loader :: Found invalid metadata JSON file at C:\Users\ramosalves\AppData\Roaming\Balatro\Mods/paperback-0.4.2/.vscode/settings.json, ignoring: [SMODS _ "src/loader.lua"]:226: id
INFO - [G] 2025-01-19 16:04:46 :: INFO  :: DefaultLogger :: Valid JSON file found
INFO - [G] 2025-01-19 16:04:46 :: WARN  :: Challenge :: Detected duplicate register call on object c_mad_world_1
INFO - [G] 2025-01-19 16:04:46 :: DEBUG :: DefaultLogger :: Loaded HouseRules~
INFO - [G] 2025-01-19 16:04:46 :: INFO  :: DefaultLogger :: Loaded MystBlinds~
INFO - [G] 2025-01-19 16:04:46 :: DEBUG :: DefaultLogger :: yippee! Loaded YippeeGameOver~
INFO - [G] line not found
INFO - [G] file not found: main.lua: No such file or directory
INFO - [G] file not found: main.lua: No such file or directory
INFO - [G] line not found
INFO - [G] line not found
INFO - [G] line not found
INFO - [G] line not found
INFO - [G] file not found: main.lua: No such file or directory
INFO - [G] 2025-01-19 16:04:46 :: ERROR :: StackTrace :: Oops! The game crashed
Could not open file C:\Users\ramosalves\AppData\Roaming\Balatro\Mods/YippeeGameOver/assets/yippee.ogg. Does not exist.
Stack Traceback
===============
(1) Lua local 'handler' at file 'main.lua:612'
	Local variables:
	 msg = string: "Could not open file C:\\Users\\ramosalves\\AppData\\Roaming\\Balatro\\Mods/YippeeGameOver/assets/yippee.ogg. Does not exist."
	 (*temporary) = Lua function '?' (defined at line 31 of chunk [SMODS _ "src/logging.lua"])
	 (*temporary) = string: "Oops! The game crashed\
"
(2) LÖVE function at file 'boot.lua:352' (best guess)
	Local variables:
	 errhand = Lua function '?' (defined at line 598 of chunk main.lua)
	 handler = Lua function '?' (defined at line 598 of chunk main.lua)
(3)  C function 'function: 0x2d0024a8'
(4) field C function 'newSource'
(5) Lua local 'v' at file 'YippeeGameOver.lua:20' (from mod with id YippeeGameOver)
	Local variables:
	 mod = table: 0x2d4fa918  {version:0.0.0, id:YippeeGameOver, main_file:YippeeGameOver.lua, can_load:true (more...)}
	 sprite_yippee = table: 0x2d120a50  {original_key:YippeeGameOver, px:71, path:tbh_joker.png, mod:table: 0x2d4fa918 (more...)}
	 (*temporary) = table: 0x2d120aa0  {}
(6) Lua local 'func' at Steamodded file 'src/loader.lua:565' 
	Local variables:
	 (for generator) = C function: next
	 (for state) = table: 0x2d1f7528  {YippeeGameOver:function: 0x2d1210e0}
	 (for control) = number: nan
	 k = string: "YippeeGameOver"
	 v = Lua function '?' (defined at line 12 of chunk [SMODS YippeeGameOver "YippeeGameOver.lua"])
(7) Lua field 'with_compat' at Steamodded file 'src/compat_0_9_8.lua:522' 
	Local variables:
	 func = Lua function '?' (defined at line 561 of chunk [SMODS _ "src/loader.lua"])
	 localization_ref = table: 0x2d2d4630  {descriptions:table: 0x2d2d4658, tutorial_parsed:table: 0x2d30d0d8, quips_parsed:table: 0x2d0c37e0 (more...)}
	 captured_loc = table: 0x2d26b300  {}
(8) Lua global 'loadMods' at Steamodded file 'src/loader.lua:561' 
	Local variables:
	 modsDirectory = string: "C:\\Users\\ramosalves\\AppData\\Roaming\\Balatro\\Mods"
	 header_components = table: 0x2d774898  {version:table: 0x2d774fe8, id:table: 0x2d774aa8, conflicts:table: 0x2d774ed8 (more...)}
	 json_spec = table: 0x2d7751a0  {version:table: 0x2d7758e0, id:table: 0x2d7754d0, main_file:table: 0x2d775ac0 (more...)}
	 used_prefixes = table: 0x2d775c80  {jankch:JankChallenges, hous:HouseRules, myst:MystBlinds, mathbl:MathBlinds (more...)}
	 lovely_directories = table: 0x2d775ca8  {1:C:\Users\ramosalves\AppData\Roaming\Balatro\Mods/Bunco-main/, 2:C:\Users\ramosalves\AppData\Roaming\Balatro\Mods/Cosmos-0.0.2/ (more...)}
	 processDirectory = Lua function '?' (defined at line 185 of chunk [SMODS _ "src/loader.lua"])
	 keyset = table: 0x2d4d7ed8  {1:-100000, 2:0, 3:1}
	 check_dependencies = Lua function '?' (defined at line 419 of chunk [SMODS _ "src/loader.lua"])
	 (for generator) = C function: builtin#6
	 (for state) = table: 0x2d4d7ed8  {1:-100000, 2:0, 3:1}
	 (for control) = number: 2
	 _ = number: 2
	 priority = number: 0
	 (for generator) = C function: builtin#6
	 (for state) = table: 0x2d7d7748  {1:table: 0x2d78d078, 2:table: 0x2d096c58, 3:table: 0x2d329be8, 4:table: 0x2d39f640 (more...)}
	 (for control) = number: 8
	 _ = number: 8
	 mod = table: 0x2d4fa918  {version:0.0.0, id:YippeeGameOver, main_file:YippeeGameOver.lua, can_load:true (more...)}
(9) Lua global 'initSteamodded' at Steamodded file 'src/loader.lua:654' 
(10) Lua method 'start_up' at file 'game.lua:211'
	Local variables:
	 self = table: 0x2d1342e0  {keybind_mapping:table: 0x2d139328, SPEEDFACTOR:1, F_GUIDE:false, HouseRules_modifiers:table: 0x2d57ccd8 (more...)}
	 settings = string: "return {[\"version\"]=\"1.0.1m-FULL\",[\"paused\"]=false,[\"QUEUED_CHANGE\"]={},[\"COMP\"]={[\"prev_name\"]=\"\",[\"name\"]=\"\",[\"score\"]=260827,},[\"colourblind_option\"]=false,[\"play_button_pos\"]=2,[\"CUSTOM_DECK\"]={[\"Collabs\"]={[\"Spades\"]=\"collab_CYP\",[\"Hearts\"]=\"collab_TBoI\",[\"Diamonds\"]=\"collab_SV\",[\"Clubs\"]=\"collab_STS\",},},[\"crashreports\"]=false,[\"tutorial_progress\"]={[\"hold_parts\"]={[\"first_hand_3\"]=true,[\"small_blind\"]=true,[\"big_blind\"]=true,[\"first_hand_4\"]=true,[\"second_hand\"]=true,[\"shop_1\"]=true,[\"first_hand_2\"]=true,[\"first_hand\"]=true,},[\"section\"]=\"second_hand\",[\"completed_parts\"]={[\"first_hand\"]=true,[\"first_hand_3\"]=true,[\"small_blind\"]=true,[\"big_blind\"]=true,[\"first_hand_4\"]=true,[\"shop_1\"]=true,[\"first_hand_section\"]=true,[\"first_hand_2\"]=true,[\"second_hand\"]=true,},},[\"language\"]=\"en-us\",[\"WINDOW\"]={[\"vsync\"]=1,[\"display_names\"]={[1]=\"[NONE]\",},[\"screenmode\"]=\"Borderless\",[\"DISPLAYS\"]={[1]={[\"name\"]=\"[NONE]\",[\"screen_res\"]={[\"w\"]=1493,[\"h\"]=933,},},},[\"selected_display\"]=1,},[\"ambient_control\"]={[\"ambientFire1\"]={[\"per\"]=1.1,[\"vol\"]=3.8060896335775e-68,},[\"ambientOrgan1\"]={[\"per\"]=0.7,[\"vol\"]=1.1859790007828e-70,},[\"ambientFire2\"]={[\"per\"]=1.05,[\"vol\"]=3.7737016804581e-67,},[\"ambientFire3\"]={[\"per\"]=1,[\"vol\"]=2.3329544699117e-68,},},[\"GAMESPEED\"]=1,[\"SOUND\"]={[\"volume\"]=50,[\"music_volume\"]=100,[\"game_sounds_volume\"]=100,},[\"music_control\"]={[\"current_track\"]=\"\",[\"desired_track\"]=\"\",[\"lerp\"]=1,},[\"ACHIEVEMENTS_EARNED\"]={},[\"run_stake_stickers\"]=false,[\"screenshake\"]=50,[\"tutorial_complete\"]=true,[\"profile\"]=1,[\"DEMO\"]={[\"win_CTA_shown\"]=true,[\"quit_CTA_shown\"]=true,[\"timed_CTA_shown\"]=true,[\"total_uptime\"]=4878.4642330446,},[\"GRAPHICS\"]={[\"texture_scaling\"]=2,[\"crt\"]=70,[\"shadows\"]=\"On\",[\"bloom\"]=1,},}"
	 settings_ver = nil
	 new_colour_proto = table: 0x2d13ca70  {Spades:table: 0x2d610a60, Hearts:table: 0x2d13cb68, Diamonds:table: 0x2d13cc20 (more...)}
	 sound_files = table: 0x2d134ad8  {1:ambientFire1.ogg, 2:ambientFire2.ogg, 3:ambientFire3.ogg, 4:ambientOrgan1.ogg (more...)}
	 shader_files = table: 0x2d4b16d8  {1:CRT.fs, 2:background.fs, 3:booster.fs, 4:debuff.fs, 5:dissolve.fs, 6:flame.fs (more...)}
(11) Lua field 'load' at file 'main.lua:945'
(12) Lua function '?' at file 'main.lua:892' (best guess)
(13) global C function 'xpcall'
(14) LÖVE function at file 'boot.lua:368' (best guess)
	Local variables:
	 result = boolean: true
	 main = nil
(15) global C function 'xpcall'
(16) LÖVE function at file 'boot.lua:377' (best guess)
	Local variables:
	 func = Lua function '(LÖVE Function)' (defined at line 355 of chunk [love "boot.lua"])
	 inerror = boolean: true
	 deferErrhand = Lua function '(LÖVE Function)' (defined at line 348 of chunk [love "boot.lua"])
	 earlyinit = Lua function '(LÖVE Function)' (defined at line 355 of chunk [love "boot.lua"])

INFO - [G] line not found
INFO - [G] line not found
INFO - [G] line not found
INFO - [G] line not found
INFO - [G] file not found: main.lua: No such file or directory
INFO - [G] 2025-01-19 16:04:46 :: INFO  :: StackTrace :: Additional Context:
Balatro Version: 1.0.1m-FULL
Modded Version: 1.0.0~ALPHA-1319c-STEAMODDED
LÖVE Version: 11.5.0
Lovely Version: 0.6.0
Platform: Windows
Steamodded Mods:
    1: Paperback by PaperMoon, Nether, OppositeWolf770, B, srockw [ID: paperback, Version: 0.4.2]
    2: Math Blinds by Bazinga_9000, tauttie [ID: MathBlinds, Version: 1.2.3, Uses Lovely]
    3: Yippee Joker over Win Screen by Mysthaps [ID: YippeeGameOver]
    4: Myst's Boss Blinds by Mysthaps [ID: MystBlinds, Version: 1.2.6]
    5: House Rules by Mysthaps [ID: HouseRules, Version: 1.4.2]
    6: Jank Challenges by Lyman [ID: JankChallenges]
    7: Cosmos by Cosmos [ID: Cosmos, Version: 1.0.0, Uses Lovely]
    8: Bunco by Firch, RENREN, Peas, minichibis, J.D., Guwahavel, Ciirulean, ejwu [ID: Bunco, Version: 5.0, Uses Lovely]
    9: JankJonklersMod by Lyman [ID: JankJonklersMod]
    10: ExtraCredit by CampfireCollective [ID: extracredit, Priority: 1, Version: 1.1.0, Uses Lovely]
    11: JokerDisplay by nh6574 [ID: JokerDisplay, Priority: -100000, Version: 1.7.4]
Lovely Mods:
    1: KCVanilla
        Has Steamodded mod that failed to load.
        Missing Dependencies:
            1. Steamodded (>=1.0.0~ALPHA-1203b) (<=1.0.0~ALPHA-1304a)
