INFO - [♥] Lovely 0.6.0
INFO - [♥] Game directory is at "C:\\Users\\ramosalves\\Desktop\\laura\\Balatro"
INFO - [♥] Writing logs to "C:\\Users\\ramosalves\\AppData\\Roaming\\Balatro\\Mods\\lovely\\log"
INFO - [♥] Using mod directory at "C:\\Users\\ramosalves\\AppData\\Roaming\\Balatro\\Mods"
WARN - [♥] Unknown key `patches.15.?.match_indent` found in patch file at "C:\\Users\\ramosalves\\AppData\\Roaming\\Balatro\\Mods\\Bunco-main\\lovely.toml", ignoring it
WARN - [♥] Unknown key `patches.46.?.match_indent` found in patch file at "C:\\Users\\ramosalves\\AppData\\Roaming\\Balatro\\Mods\\smods-main\\lovely\\fixes.toml", ignoring it
WARN - [♥] Unknown key `patches.3.?.match_indent` found in patch file at "C:\\Users\\ramosalves\\AppData\\Roaming\\Balatro\\Mods\\smods-main\\lovely\\rarity.toml", ignoring it
INFO - [♥] Cleaning up dumps directory at "C:\\Users\\ramosalves\\AppData\\Roaming\\Balatro\\Mods\\lovely\\dump"
INFO - [♥] Initialization complete in 43ms
WARN - [♥] Pattern 'not c.ending_shop and not c.reroll_shop and not c.selling_card and not c.selling_self and not c.buying_card and' on target 'main.lua' resulted in no matches
WARN - [♥] Pattern 'G.ARGS.score_intensity.organ = G.video_organ or G.ARGS.score_intensity.required_score > 0 and math.max(math.min(0.4, 0.1*math.log(G.ARGS.score_intensity.earned_score/(G.ARGS.score_intensity.required_score+1), 5)),0.) or 0' on target 'main.lua' resulted in no matches
WARN - [♥] Pattern 'if type(G.GAME.current_round.current_hand.chips) ~= \'number\' or type(G.GAME.current_round.current_hand.mult) ~= \'number\' then' on target 'main.lua' resulted in no matches
WARN - [♥] Pattern 'not c.ending_shop and not c.reroll_shop and not c.selling_card and not c.selling_self and not c.buying_card and' on target 'main.lua' resulted in no matches
WARN - [♥] Pattern 'modded and {' on target 'main.lua' resulted in no matches
INFO - [♥] Applied 32 patches to 'main.lua'
INFO - [♥] Applied 2 patches to 'engine/string_packer.lua'
INFO - [♥] Applied 7 patches to 'engine/controller.lua'
INFO - [♥] Applied 19 patches to 'back.lua'
INFO - [♥] Applied 18 patches to 'tag.lua'
INFO - [♥] Applied 3 patches to 'engine/node.lua'
INFO - [♥] Applied 2 patches to 'engine/moveable.lua'
INFO - [♥] Applied 2 patches to 'engine/sprite.lua'
INFO - [♥] Applied 2 patches to 'engine/animatedsprite.lua'
WARN - [♥] Pattern 'assembled_string = assembled_string..(type(subpart) == \'string\' and subpart or args.vars[tonumber(subpart[1])] or \'ERROR\')' on target 'functions/misc_functions.lua' resulted in no matches
INFO - [♥] Applied 52 patches to 'functions/misc_functions.lua'
WARN - [♥] Pattern 'for i = 1, 2 do' on target 'game.lua' resulted in no matches
INFO - [♥] Applied 106 patches to 'game.lua'
INFO - [♥] Applied 4 patches to 'globals.lua'
WARN - [♥] Pattern 'self.config.chosen = true' on target 'engine/ui.lua' resulted in no matches
INFO - [♥] Applied 7 patches to 'engine/ui.lua'
WARN - [♥] Pattern '{card_limit = _size, type = \'consumeable\', highlight_limit = 1}' on target 'functions/UI_definitions.lua' resulted in no matches
WARN - [♥] Pattern 'blind_matrix[math.ceil((k-1)/5+0.001)][1+((k-1)%5)] = {n=G.UIT.C, config={align = \"cm\", padding = 0.1}, nodes={' on target 'functions/UI_definitions.lua' resulted in no matches
WARN - [♥] Pattern 'local temp_blind = AnimatedSprite(0,0,1.3,1.3, G.ANIMATION_ATLAS[\'blind_chips\'], discovered and v.pos or G.b_undiscovered.pos)' on target 'functions/UI_definitions.lua' resulted in no matches
WARN - [♥] Pattern 'blind_choice.animation = AnimatedSprite(0,0, 1.4, 1.4, G.ANIMATION_ATLAS[\'blind_chips\'],  blind_choice.config.pos)' on target 'functions/UI_definitions.lua' resulted in no matches
WARN - [♥] Pattern '{n=G.UIT.T, config={text = G.GAME.hands[handname].chips, scale = 0.45, colour = G.C.UI.TEXT_LIGHT}},' on target 'functions/UI_definitions.lua' resulted in no matches
WARN - [♥] Pattern '{n=G.UIT.T, config={text = G.GAME.hands[handname].mult, scale = 0.45, colour = G.C.UI.TEXT_LIGHT}}' on target 'functions/UI_definitions.lua' resulted in no matches
INFO - [♥] Applied 110 patches to 'functions/UI_definitions.lua'
WARN - [♥] Pattern 'ease_to = G.GAME.chips + math.floor(hand_chips * mult) * (e and e.antiscore and -1 or 1),' on target 'functions/state_events.lua' resulted in no matches
WARN - [♥] Pattern 'if cards_destroyed[i].ability.name == \'Glass Card\' then' on target 'functions/state_events.lua' resulted in no matches
WARN - [♥] Pattern 'local hand_space = e or math.min(#G.deck.cards, G.hand.config.card_limit - #G.hand.cards)' on target 'functions/state_events.lua' resulted in no matches
WARN - [♥] Pattern 'local effects = {G.hand.cards[i]:get_end_of_round_effect()}' on target 'functions/state_events.lua' resulted in no matches
WARN - [♥] Pattern 'reset_idol_card()\nreset_mail_rank()\nreset_ancient_card()\nreset_castle_card()\n' on target 'functions/state_events.lua' resulted in no matches
WARN - [♥] Pattern '--calculate the card edition effects\nif effects[ii].edition then\n    hand_chips = mod_chips(hand_chips + (effects[ii].edition.chip_mod or 0))\n    mult = mult + (effects[ii].edition.mult_mod or 0)\n    mult = mod_mult(mult*(effects[ii].edition.x_mult_mod or 1))\n    update_hand_text({delay = 0}, {\n        chips = effects[ii].edition.chip_mod and hand_chips or nil,\n        mult = (effects[ii].edition.mult_mod or effects[ii].edition.x_mult_mod) and mult or nil,\n    })\n    card_eval_status_text(scoring_hand[i], \'extra\', nil, percent, nil, {\n        message = (effects[ii].edition.chip_mod and localize{type=\'variable\',key=\'a_chips\',vars={effects[ii].edition.chip_mod}}) or\n                (effects[ii].edition.mult_mod and localize{type=\'variable\',key=\'a_mult\',vars={effects[ii].edition.mult_mod}}) or\n                (effects[ii].edition.x_mult_mod and localize{type=\'variable\',key=\'a_xmult\',vars={effects[ii].edition.x_mult_mod}}),\n        chip_mod =  effects[ii].edition.chip_mod,\n        mult_mod =  effects[ii].edition.mult_mod,\n        x_mult_mod =  effects[ii].edition.x_mult_mod,\n        colour = G.C.DARK_EDITION,\n        edition = true})\nend\n' on target 'functions/state_events.lua' resulted in no matches
WARN - [♥] Pattern '    scoring_hand[i].lucky_trigger = nil\n\n        for ii = 1, #effects do\n        --If chips added, do chip add event and add the chips to the total\n        if effects[ii].chips then \n            if effects[ii].card then juice_card(effects[ii].card) end\n            hand_chips = mod_chips(hand_chips + effects[ii].chips)\n            update_hand_text({delay = 0}, {chips = hand_chips})\n            card_eval_status_text(scoring_hand[i], \'chips\', effects[ii].chips, percent)\n        end\n\n        --If mult added, do mult add event and add the mult to the total\n        if effects[ii].mult then \n            if effects[ii].card then juice_card(effects[ii].card) end\n            mult = mod_mult(mult + effects[ii].mult)\n            update_hand_text({delay = 0}, {mult = mult})\n            card_eval_status_text(scoring_hand[i], \'mult\', effects[ii].mult, percent)\n        end\n\n        --If play dollars added, add dollars to total\n        if effects[ii].p_dollars then \n            if effects[ii].card then juice_card(effects[ii].card) end\n            ease_dollars(effects[ii].p_dollars)\n            card_eval_status_text(scoring_hand[i], \'dollars\', effects[ii].p_dollars, percent)\n        end\n\n        --If dollars added, add dollars to total\n        if effects[ii].dollars then \n            if effects[ii].card then juice_card(effects[ii].card) end\n            ease_dollars(effects[ii].dollars)\n            card_eval_status_text(scoring_hand[i], \'dollars\', effects[ii].dollars, percent)\n        end\n\n        --Any extra effects\n        if effects[ii].extra then \n            if effects[ii].card then juice_card(effects[ii].card) end\n            local extras = {mult = false, hand_chips = false}\n            if effects[ii].extra.mult_mod then mult =mod_mult( mult + effects[ii].extra.mult_mod);extras.mult = true end\n            if effects[ii].extra.chip_mod then hand_chips = mod_chips(hand_chips + effects[ii].extra.chip_mod);extras.hand_chips = true end\n            if effects[ii].extra.swap then \n                local old_mult = mult\n                mult = mod_mult(hand_chips)\n                hand_chips = mod_chips(old_mult)\n                extras.hand_chips = true; extras.mult = true\n            end\n            if effects[ii].extra.func then effects[ii].extra.func() end\n            update_hand_text({delay = 0}, {chips = extras.hand_chips and hand_chips, mult = extras.mult and mult})\n            card_eval_status_text(scoring_hand[i], \'extra\', nil, percent, nil, effects[ii].extra)\n        end\n\n        --If x_mult added, do mult add event and mult the mult to the total\n        if effects[ii].x_mult then \n            if effects[ii].card then juice_card(effects[ii].card) end\n            mult = mod_mult(mult*effects[ii].x_mult)\n            update_hand_text({delay = 0}, {mult = mult})\n            card_eval_status_text(scoring_hand[i], \'x_mult\', effects[ii].x_mult, percent)\n        end\n\n\n        end\n    end\nend\n' on target 'functions/state_events.lua' resulted in no matches
WARN - [♥] Pattern '--calculate the joker edition effects\nlocal edition_effects = eval_card(_card, {cardarea = G.jokers, full_hand = G.play.cards, scoring_hand = scoring_hand, scoring_name = text, poker_hands = poker_hands, edition = true})\nif edition_effects.jokers then\n    edition_effects.jokers.edition = true\n    if edition_effects.jokers.chip_mod then\n        hand_chips = mod_chips(hand_chips + edition_effects.jokers.chip_mod)\n        update_hand_text({delay = 0}, {chips = hand_chips})\n        card_eval_status_text(_card, \'jokers\', nil, percent, nil, {\n            message = localize{type=\'variable\',key=\'a_chips\',vars={edition_effects.jokers.chip_mod}},\n            chip_mod =  edition_effects.jokers.chip_mod,\n            colour =  G.C.EDITION,\n            edition = true})\n    end\n    if edition_effects.jokers.mult_mod then\n        mult = mod_mult(mult + edition_effects.jokers.mult_mod)\n        update_hand_text({delay = 0}, {mult = mult})\n        card_eval_status_text(_card, \'jokers\', nil, percent, nil, {\n            message = localize{type=\'variable\',key=\'a_mult\',vars={edition_effects.jokers.mult_mod}},\n            mult_mod =  edition_effects.jokers.mult_mod,\n            colour = G.C.DARK_EDITION,\n            edition = true})\n    end\n    percent = percent+percent_delta\nend' on target 'functions/state_events.lua' resulted in no matches
WARN - [♥] Pattern 'if edition_effects.jokers then\n    if edition_effects.jokers.x_mult_mod then\n        mult = mod_mult(mult*edition_effects.jokers.x_mult_mod)\n        update_hand_text({delay = 0}, {mult = mult})\n        card_eval_status_text(_card, \'jokers\', nil, percent, nil, {\n            message = localize{type=\'variable\',key=\'a_xmult\',vars={edition_effects.jokers.x_mult_mod}},\n            x_mult_mod =  edition_effects.jokers.x_mult_mod,\n            colour =  G.C.EDITION,\n            edition = true})\n    end\n    percent = percent+percent_delta\nend' on target 'functions/state_events.lua' resulted in no matches
WARN - [♥] Pattern '            --calculate the joker effects\n            local effects = eval_card(_card, {cardarea = G.jokers, full_hand = G.play.cards, scoring_hand = scoring_hand, scoring_name = text, poker_hands = poker_hands, joker_main = true})\n\n            --Any Joker effects\n            if effects.jokers then \n                local extras = {mult = false, hand_chips = false}\n                if effects.jokers.mult_mod then mult = mod_mult(mult + effects.jokers.mult_mod);extras.mult = true end\n                if effects.jokers.chip_mod then hand_chips = mod_chips(hand_chips + effects.jokers.chip_mod);extras.hand_chips = true end\n                if effects.jokers.Xmult_mod then mult = mod_mult(mult*effects.jokers.Xmult_mod);extras.mult = true  end\n                update_hand_text({delay = 0}, {chips = extras.hand_chips and hand_chips, mult = extras.mult and mult})\n                card_eval_status_text(_card, \'jokers\', nil, percent, nil, effects.jokers)\n                percent = percent+percent_delta\n            end' on target 'functions/state_events.lua' resulted in no matches
WARN - [♥] Pattern '--Joker on Joker effects\nfor _, v in ipairs(G.jokers.cards) do\n    local effect = v:calculate_joker{full_hand = G.play.cards, scoring_hand = scoring_hand, scoring_name = text, poker_hands = poker_hands, other_joker = _card}\n    if effect then\n        local extras = {mult = false, hand_chips = false}\n        if effect.mult_mod then mult = mod_mult(mult + effect.mult_mod);extras.mult = true end\n        if effect.chip_mod then hand_chips = mod_chips(hand_chips + effect.chip_mod);extras.hand_chips = true end\n        if effect.Xmult_mod then mult = mod_mult(mult*effect.Xmult_mod);extras.mult = true  end\n        if extras.mult or extras.hand_chips then update_hand_text({delay = 0}, {chips = extras.hand_chips and hand_chips, mult = extras.mult and mult}) end\n        if extras.mult or extras.hand_chips then card_eval_status_text(v, \'jokers\', nil, percent, nil, effect) end\n        percent = percent+percent_delta\n    end\nend' on target 'functions/state_events.lua' resulted in no matches
WARN - [♥] Pattern 'for j = 1, #G.jokers.cards do\n    destroyed = G.jokers.cards[j]:calculate_joker({destroying_card = scoring_hand[i], full_hand = G.play.cards})\n    if destroyed then break end\nend\n\nif scoring_hand[i].ability.name == \'Glass Card\' and not scoring_hand[i].debuff and pseudorandom(\'glass\') < G.GAME.probabilities.normal/scoring_hand[i].ability.extra then \n    destroyed = true\nend' on target 'functions/state_events.lua' resulted in no matches
WARN - [♥] Pattern 'local percent = (i-0.999)/(#G.hand.cards-0.998) + (j-1)*0.1' on target 'functions/state_events.lua' resulted in no matches
WARN - [♥] Pattern 'if effects[ii].card then' on target 'functions/state_events.lua' resulted in no matches
WARN - [♥] Pattern 'if effects[ii].message then' on target 'functions/state_events.lua' resulted in no matches
WARN - [♥] Pattern '--calculate the card edition effects' on target 'functions/state_events.lua' resulted in no matches
WARN - [♥] Pattern 'if effects[ii].edition.p_dollars_mod then' on target 'functions/state_events.lua' resulted in no matches
WARN - [♥] Pattern 'card_eval_status_text(scoring_hand[i], \'extra\', nil, percent, nil, effects[ii].extra)' on target 'functions/state_events.lua' resulted in no matches
WARN - [♥] Pattern 'card_eval_status_text(scoring_hand[i], \'extra\', nil, percent, nil, effects[ii].extra)' on target 'functions/state_events.lua' resulted in no matches
WARN - [♥] Pattern 'card_eval_status_text(scoring_hand[i], \'debuff\')' on target 'functions/state_events.lua' resulted in no matches
WARN - [♥] Pattern 'for j=1,#reps do' on target 'functions/state_events.lua' resulted in no matches
WARN - [♥] Pattern 'ease_to = G.GAME.chips + math.floor(hand_chips*mult),' on target 'functions/state_events.lua' resulted in no matches
WARN - [♥] Pattern 'G.jokers.cards[i]:calculate_perishable()' on target 'functions/state_events.lua' resulted in no matches
WARN - [♥] Regex '(?<indent>[\\t ]*)if destroyed then \\n' on target 'functions/state_events.lua' resulted in no matches
INFO - [♥] Applied 106 patches to 'functions/state_events.lua'
WARN - [♥] Regex '(?<indent>[\\t ]*)if G\\.F_NO_ACHIEVEMENTS then return end\\n[\\s\\S][\\s\\S]{16}--\\|LOCAL SETTINGS FILE' on target 'functions/common_events.lua' resulted in no matches
WARN - [♥] Pattern 'function generate_card_ui(_c, full_UI_table, specific_vars, card_type, badges, hide_desc, main_start, main_end)' on target 'functions/common_events.lua' resulted in no matches
WARN - [♥] Pattern '{n=G.UIT.T, config={text = localize(\'$\')..config.dollars, scale = 1.2*scale, colour = G.C.WHITE, shadow = true, juice = true}}' on target 'functions/common_events.lua' resulted in no matches
WARN - [♥] Pattern 'elseif _c.name == \'Cryptid\' then loc_vars = {_c.config.extra}' on target 'functions/common_events.lua' resulted in no matches
WARN - [♥] Pattern 'elseif _c.name == \"Clearance Sale\" or _c.name == \"Liquidation\" then loc_vars = {_c.config.extra}' on target 'functions/common_events.lua' resulted in no matches
WARN - [♥] Pattern 'elseif v.boss.showdown and (G.GAME.round_resets.ante)%G.GAME.win_ante == 0 and G.GAME.round_resets.ante >= 2 then' on target 'functions/common_events.lua' resulted in no matches
WARN - [♥] Pattern 'if v == \'negative_consumable\' then info_queue[#info_queue+1] = {key = \'e_negative_consumable\', set = \'Edition\', config = {extra = 1}} end' on target 'functions/common_events.lua' resulted in no matches
WARN - [♥] Pattern 'if _c.effect == \'Mult Card\' then loc_vars = {_c.config.mult}' on target 'functions/common_events.lua' resulted in no matches
WARN - [♥] Pattern 'elseif _c.effect == \'Lucky Card\' then loc_vars = {G.GAME.probabilities.normal, _c.config.mult, 5, _c.config.p_dollars, 15}' on target 'functions/common_events.lua' resulted in no matches
WARN - [♥] Pattern 'elseif _c.name == \"Clearance Sale\" or _c.name == \"Liquidation\" then loc_vars = {_c.config.extra}' on target 'functions/common_events.lua' resulted in no matches
WARN - [♥] Pattern 'local blind_sprite = AnimatedSprite(0, 0, 1.2,1.2, G.ANIMATION_ATLAS[\'blind_chips\'], copy_table(G.GAME.blind.pos))' on target 'functions/common_events.lua' resulted in no matches
WARN - [♥] Pattern 'func = (function() if eval_func(card) then if not first or first then card:juice_up(0.1, 0.1) end;juice_card_until(card, eval_func, nil, 0.8) end return true end)' on target 'functions/common_events.lua' resulted in no matches
WARN - [♥] Pattern 'rarity = (_legendary and 4) or (rarity > 0.95 and 3) or (rarity > 0.7 and 2) or 1' on target 'functions/common_events.lua' resulted in no matches
WARN - [♥] Pattern 'info_queue[#info_queue + 1] = G.P_CENTERS[\'e_\'..v]' on target 'functions/common_events.lua' resulted in no matches
INFO - [♥] Applied 169 patches to 'functions/common_events.lua'
WARN - [♥] Pattern 'G.pack_cards:emplace(v)' on target 'functions/button_callbacks.lua' resulted in no matches
WARN - [♥] Pattern 'if #G.hand.highlighted <= 0 or G.GAME.blind.block_play or #G.hand.highlighted > 5 then' on target 'functions/button_callbacks.lua' resulted in no matches
WARN - [♥] Pattern 'add_tag(_tag.config.ref_table)' on target 'functions/button_callbacks.lua' resulted in no matches
WARN - [♥] Pattern 'G.jokers.cards[i]:calculate_joker({skip_blind = true})' on target 'functions/button_callbacks.lua' resulted in no matches
INFO - [♥] Applied 71 patches to 'functions/button_callbacks.lua'
WARN - [♥] Pattern 'if k ~= \'focused_ui\' and k ~= \"front\" and k ~= \"back\" and k ~= \"soul_parts\" and k ~= \"center\" and k ~= \'floating_sprite\' and k~= \"shadow\" and k~= \"use_button\" and k ~= \'buy_button\' and k ~= \'buy_and_use_button\' and k~= \"debuff\" and k ~= \'price\' and k~= \'particles\' and k ~= \'h_popup\' then v:draw() end' on target 'card.lua' resulted in no matches
WARN - [♥] Pattern 'if center_table.name == \'Overstock\' or center_table.name == \'Overstock Plus\' then' on target 'card.lua' resulted in no matches
WARN - [♥] Pattern 'if self.ability.name == \'Campfire\' and G.GAME.blind.boss and not (G.GAME.blind.config and G.GAME.blind.config.bonus) and self.ability.x_mult > 1 then' on target 'card.lua' resulted in no matches
WARN - [♥] Pattern 'if self.ability.name:find(\'Arcana\') then' on target 'card.lua' resulted in no matches
WARN - [♥] Pattern 'if center_table.name == \'Overstock\' or center_table.name == \'Overstock Plus\' then' on target 'card.lua' resulted in no matches
WARN - [♥] Pattern 'if self.ability.name == \'The Hermit\' or self.ability.consumeable.hand_type or self.ability.name == \'Temperance\' or self.ability.name == \'Black Hole\' then' on target 'card.lua' resulted in no matches
WARN - [♥] Pattern 'if self.ability.queue_negative_removal then' on target 'card.lua' resulted in no matches
WARN - [♥] Pattern 'bonus_chips = (self.ability.bonus + (self.ability.perma_bonus or 0)) > 0 and (self.ability.bonus + (self.ability.perma_bonus or 0)) or nil,' on target 'card.lua' resulted in no matches
WARN - [♥] Pattern 'if self.sticker then loc_vars = loc_vars or {}; loc_vars.sticker=self.sticker end' on target 'card.lua' resulted in no matches
WARN - [♥] Pattern 'if G.GAME.blind then G.E_MANAGER:add_event(Event({ func = function() G.GAME.blind:set_blind(nil, true, nil); return true end })) end' on target 'card.lua' resulted in no matches
WARN - [♥] Pattern 'if (self.edition and self.edition.negative) or (self.ability.name == \'Antimatter\' and (self.config.center.discovered or self.bypass_discovery_center)) then' on target 'card.lua' resulted in no matches
WARN - [♥] Regex '(?<indent>[\t ]*)for\\s+i\\s*=\\s*1,\\s*#G\\.jokers\\.cards\\s*do\\s*\\n[\\t ]*G\\.jokers\\.cards\\[i\\]:calculate_joker\\(\\{\\s*open_booster\\s*=\\s*true,\\s*card\\s*=\\s*self\\s*\\}\\)\\s*\\n[\\t ]*end' on target 'card.lua' resulted in no matches
WARN - [♥] Pattern 'self:start_dissolve({G.C.GOLD})' on target 'card.lua' resulted in no matches
INFO - [♥] Applied 283 patches to 'card.lua'
WARN - [♥] Pattern 'table.sort(self.cards, function (a, b) return a.T.x + a.T.w/2 - 100*(a.pinned and a.sort_id or 0) < b.T.x + b.T.w/2 - 100*(b.pinned and b.sort_id or 0) end)' on target 'cardarea.lua' resulted in no matches
WARN - [♥] Pattern 'update_hand_text({immediate = true, nopulse = nil, delay = 0}, {handname=disp_text, level=G.GAME.hands[text].level, mult = G.GAME.hands[text].mult, chips = G.GAME.hands[text].chips})' on target 'cardarea.lua' resulted in no matches
INFO - [♥] Applied 28 patches to 'cardarea.lua'
INFO - [♥] Applied 39 patches to 'blind.lua'
INFO - [♥] Applied 5 patches to 'engine/text.lua'
INFO - [G] Totally applied 4 replacements to overrides.lua
INFO - [G] Failed to connect to the debug server
INFO - [G] 2025-01-19 21:35:27 :: DEBUG :: DebugConsole :: Steamodded Debug Socket started !
INFO - [G] [Blueprint] Starting to load config
INFO - [G] [Blueprint] Reading config file: 
INFO - [G] [Blueprint] return {
	["INTERNAL_debug"] = false,
	["hello"] = true,
}
INFO - [♥] Applied 9 patches to 'engine/sound_manager.lua'
INFO - [♥] Applied 2 patches to 'engine/string_packer.lua'
INFO - [G] Loaded all Blueprint mod shaders successfully
INFO - [G] {
  [1] = table: 0x0f67cd38   {
     [1] = 0.99607843137255,
     [2] = 0.37254901960784,
     [3] = 0.33333333333333,
     [4] = 1,
   },
  [2] = table: 0x0f73bbc8   {
     [1] = 0,
     [2] = 0.6156862745098,
     [3] = 1,
     [4] = 1,
   },
}
INFO - [G] 2025-01-19 21:35:28 :: TRACE :: Loader :: Processing Mod file (Legacy header): BBBalatro_code.lua
INFO - [G] 2025-01-19 21:35:28 :: TRACE :: Loader :: Saving Mod Info: BBBalatro
INFO - [G] 2025-01-19 21:35:28 :: TRACE :: Loader :: Processing Mod file (Legacy header): olympus.lua
INFO - [G] 2025-01-19 21:35:28 :: TRACE :: Loader :: Saving Mod Info: Olympus
INFO - [G] 2025-01-19 21:35:28 :: TRACE :: Loader :: Processing Mod file (Legacy header): mod.lua
INFO - [G] 2025-01-19 21:35:28 :: TRACE :: Loader :: Saving Mod Info: blueprint
INFO - [G] 2025-01-19 21:35:28 :: TRACE :: Loader :: Processing Mod file (Legacy header): Bunco.lua
INFO - [G] 2025-01-19 21:35:28 :: TRACE :: Loader :: Saving Mod Info: Bunco
INFO - [G] 2025-01-19 21:35:28 :: TRACE :: Loader :: Processing Mod file (Legacy header): mod.lua
INFO - [G] 2025-01-19 21:35:28 :: TRACE :: Loader :: Saving Mod Info: cartomancer
INFO - [G] 2025-01-19 21:35:28 :: INFO  :: DefaultLogger :: Valid JSON file found
INFO - [G] 2025-01-19 21:35:28 :: TRACE :: Loader :: Processing Mod file (Legacy header): Cryptid.lua
INFO - [G] 2025-01-19 21:35:28 :: TRACE :: Loader :: Saving Mod Info: Cryptid
INFO - [G] 2025-01-19 21:35:28 :: TRACE :: Loader :: Processing Mod file (Legacy header): TarotDx.lua
INFO - [G] 2025-01-19 21:35:28 :: TRACE :: Loader :: Saving Mod Info: JeffDeluxeConsumablesPack
INFO - [G] 2025-01-19 21:35:28 :: TRACE :: Loader :: Processing Mod file (Legacy header): datealive.lua
INFO - [G] 2025-01-19 21:35:28 :: TRACE :: Loader :: Saving Mod Info: datealive
INFO - [G] 2025-01-19 21:35:28 :: TRACE :: Loader :: Processing Mod file (Legacy header): Distro.lua
INFO - [G] 2025-01-19 21:35:28 :: TRACE :: Loader :: Saving Mod Info: Distro
INFO - [G] 2025-01-19 21:35:28 :: INFO  :: DefaultLogger :: Valid JSON file found
INFO - [G] 2025-01-19 21:35:28 :: TRACE :: Loader :: Processing Mod file (Legacy header): FloundersJokers.lua
INFO - [G] 2025-01-19 21:35:28 :: TRACE :: Loader :: Saving Mod Info: flounderjokers
INFO - [G] 2025-01-19 21:35:28 :: TRACE :: Loader :: Processing Mod file (Legacy header): steamodded.lua
INFO - [G] 2025-01-19 21:35:28 :: TRACE :: Loader :: Saving Mod Info: Handy
INFO - [G] 2025-01-19 21:35:28 :: WARN  :: Loader :: Found lone Lua file HoldForFinalHandScore.lua in Mods directory :: Please place the files for each mod in its own subdirectory.
INFO - [G] 2025-01-19 21:35:28 :: TRACE :: Loader :: Processing Mod file (Legacy header): HoldForFinalHandScore.lua
INFO - [G] 2025-01-19 21:35:28 :: TRACE :: Loader :: Saving Mod Info: HoldForFinalHandScore
INFO - [G] 2025-01-19 21:35:28 :: TRACE :: Loader :: Processing Mod file (Legacy header): HouseRules.lua
INFO - [G] 2025-01-19 21:35:28 :: TRACE :: Loader :: Saving Mod Info: HouseRules
INFO - [G] 2025-01-19 21:35:28 :: TRACE :: Loader :: Processing Mod file (Legacy header): IncreaseJokerCap.lua
INFO - [G] 2025-01-19 21:35:28 :: TRACE :: Loader :: Saving Mod Info: IncreaseJokerCap
INFO - [G] 2025-01-19 21:35:28 :: TRACE :: Loader :: Processing Mod file (Legacy header): JankChallenges.lua
INFO - [G] 2025-01-19 21:35:28 :: TRACE :: Loader :: Saving Mod Info: JankChallenges
INFO - [G] 2025-01-19 21:35:28 :: TRACE :: Loader :: Processing Mod file (Legacy header): JankJonklers.lua
INFO - [G] 2025-01-19 21:35:28 :: TRACE :: Loader :: Saving Mod Info: JankJonklersMod
INFO - [G] 2025-01-19 21:35:28 :: TRACE :: Loader :: Processing Mod file (Legacy header): Aurinko.lua
INFO - [G] 2025-01-19 21:35:28 :: TRACE :: Loader :: Saving Mod Info: aurinko
INFO - [G] 2025-01-19 21:35:28 :: TRACE :: Loader :: Processing Mod file (Legacy header): Incantation.lua
INFO - [G] 2025-01-19 21:35:28 :: TRACE :: Loader :: Saving Mod Info: incantation
INFO - [G] 2025-01-19 21:35:28 :: TRACE :: Loader :: Processing Mod file (Legacy header): JenLib.lua
INFO - [G] 2025-01-19 21:35:28 :: TRACE :: Loader :: Saving Mod Info: JenLib
INFO - [G] 2025-01-19 21:35:28 :: TRACE :: Loader :: Processing Mod file (Legacy header): Loop.lua
INFO - [G] 2025-01-19 21:35:28 :: TRACE :: Loader :: Saving Mod Info: loop
INFO - [G] 2025-01-19 21:35:28 :: TRACE :: Loader :: Processing Mod file (Legacy header): Nopeus.lua
INFO - [G] 2025-01-19 21:35:28 :: TRACE :: Loader :: Saving Mod Info: nopeus
INFO - [G] 2025-01-19 21:35:28 :: TRACE :: Loader :: Processing Mod file (Legacy header): main.lua
INFO - [G] 2025-01-19 21:35:28 :: TRACE :: Loader :: Saving Mod Info: joker_evolution
INFO - [G] 2025-01-19 21:35:28 :: TRACE :: Loader :: Processing Mod file (Legacy header): JokerDisplay.lua
INFO - [G] 2025-01-19 21:35:28 :: TRACE :: Loader :: Saving Mod Info: JokerDisplay
INFO - [G] 2025-01-19 21:35:28 :: TRACE :: Loader :: Processing Mod file (Legacy header): MathBlinds.lua
INFO - [G] 2025-01-19 21:35:28 :: TRACE :: Loader :: Saving Mod Info: MathBlinds
INFO - [G] 2025-01-19 21:35:28 :: TRACE :: Loader :: Processing Mod file (Legacy header): MikasModCollection.lua
INFO - [G] 2025-01-19 21:35:28 :: TRACE :: Loader :: Saving Mod Info: MikasMods
INFO - [G] 2025-01-19 21:35:28 :: ERROR :: Loader :: Found invalid metadata JSON file at C:\Users\ramosalves\AppData\Roaming\Balatro\Mods/MikasBalatro-main/manifest.json, ignoring: [SMODS _ "src/loader.lua"]:226: id
INFO - [G] 2025-01-19 21:35:28 :: TRACE :: Loader :: Processing Mod file (Legacy header): MoreFluff.lua
INFO - [G] 2025-01-19 21:35:28 :: TRACE :: Loader :: Saving Mod Info: MoreFluff
INFO - [G] 2025-01-19 21:35:28 :: TRACE :: Loader :: Processing Mod file (Legacy header): MoreJokerPacks.lua
INFO - [G] 2025-01-19 21:35:28 :: TRACE :: Loader :: Saving Mod Info: MoreJokerPacks
INFO - [G] 2025-01-19 21:35:28 :: TRACE :: Loader :: Processing Mod file (Legacy header): MystBlinds.lua
INFO - [G] 2025-01-19 21:35:28 :: TRACE :: Loader :: Saving Mod Info: MystBlinds
INFO - [G] 2025-01-19 21:35:28 :: TRACE :: Loader :: Processing Mod file (Legacy header): PampaJokers.lua
INFO - [G] 2025-01-19 21:35:28 :: TRACE :: Loader :: Saving Mod Info: mtl_jkr
INFO - [G] 2025-01-19 21:35:28 :: TRACE :: Loader :: Processing Mod file (Legacy header): RiskofJesters.lua
INFO - [G] 2025-01-19 21:35:28 :: TRACE :: Loader :: Saving Mod Info: RiskofJesters
INFO - [G] 2025-01-19 21:35:28 :: TRACE :: Loader :: Processing Mod file (Legacy header): main.lua
INFO - [G] 2025-01-19 21:35:28 :: TRACE :: Loader :: Saving Mod Info: sdm0sstuff
INFO - [G] 2025-01-19 21:35:28 :: WARN  :: Loader :: Found lone Lua file ShopStake.lua in Mods directory :: Please place the files for each mod in its own subdirectory.
INFO - [G] 2025-01-19 21:35:28 :: TRACE :: Loader :: Processing Mod file (Legacy header): ShopStake.lua
INFO - [G] 2025-01-19 21:35:28 :: TRACE :: Loader :: Saving Mod Info: ShopStakeMod
INFO - [G] 2025-01-19 21:35:28 :: ERROR :: Loader :: Found invalid metadata JSON file at C:\Users\ramosalves\AppData\Roaming\Balatro\Mods/SnoresvilleTurbulentJokers/SnoresvilleTurbulentJokers.json, ignoring: [SMODS _ "src/loader.lua"]:105: attempt to call method 'gmatch' (a nil value)
INFO - [G] 2025-01-19 21:35:28 :: TRACE :: Loader :: Processing Mod file (Legacy header): SnowMods.lua
INFO - [G] 2025-01-19 21:35:28 :: TRACE :: Loader :: Saving Mod Info: SnowHolidayJokers
INFO - [G] 2025-01-19 21:35:28 :: TRACE :: Loader :: Processing Mod file (Legacy header): main.lua
INFO - [G] 2025-01-19 21:35:28 :: TRACE :: Loader :: Saving Mod Info: LeSpectrals
INFO - [G] 2025-01-19 21:35:28 :: TRACE :: Loader :: Processing Mod file (Legacy header): Taikomochi.lua
INFO - [G] 2025-01-19 21:35:28 :: TRACE :: Loader :: Saving Mod Info: Taikomochi
INFO - [G] 2025-01-19 21:35:28 :: TRACE :: Loader :: Processing Mod file (Legacy header): steamodded_metadata.lua
INFO - [G] 2025-01-19 21:35:28 :: TRACE :: Loader :: Saving Mod Info: Talisman
INFO - [G] 2025-01-19 21:35:28 :: TRACE :: Loader :: Processing Mod file (Legacy header): Tetrapak.lua
INFO - [G] 2025-01-19 21:35:28 :: TRACE :: Loader :: Saving Mod Info: tetraminus_tetrapak
INFO - [G] 2025-01-19 21:35:28 :: TRACE :: Loader :: Processing Mod file (Legacy header): ThemedDecks.lua
INFO - [G] 2025-01-19 21:35:28 :: TRACE :: Loader :: Saving Mod Info: ThemedDecks
INFO - [G] 2025-01-19 21:35:28 :: TRACE :: Loader :: Processing Mod file (Legacy header): ThemedJokers.lua
INFO - [G] 2025-01-19 21:35:28 :: TRACE :: Loader :: Saving Mod Info: ThemedJokers
INFO - [G] 2025-01-19 21:35:28 :: TRACE :: Loader :: Processing Mod file (Legacy header): ThemedTarots.lua
INFO - [G] 2025-01-19 21:35:28 :: TRACE :: Loader :: Saving Mod Info: ThemedTarots
INFO - [G] 2025-01-19 21:35:28 :: ERROR :: Loader :: Found invalid metadata JSON file at C:\Users\ramosalves\AppData\Roaming\Balatro\Mods/Themed.Jokers/manifest.json, ignoring: [SMODS _ "src/loader.lua"]:226: id
INFO - [G] 2025-01-19 21:35:28 :: TRACE :: Loader :: Processing Mod file (Legacy header): MultiJokers.lua
INFO - [G] 2025-01-19 21:35:28 :: TRACE :: Loader :: Saving Mod Info: MultiJokersMod
INFO - [G] 2025-01-19 21:35:28 :: ERROR :: Loader :: Found invalid metadata JSON file at C:\Users\ramosalves\AppData\Roaming\Balatro\Mods/paperback-0.4.2/.vscode/settings.json, ignoring: [SMODS _ "src/loader.lua"]:226: id
INFO - [G] 2025-01-19 21:35:28 :: INFO  :: DefaultLogger :: Valid JSON file found
INFO - [G] 2025-01-19 21:35:28 :: TRACE :: Loader :: Processing Mod file (Legacy header): sevendeadlysins.lua
INFO - [G] 2025-01-19 21:35:28 :: TRACE :: Loader :: Saving Mod Info: 7deadlysins
INFO - [G] 2025-01-19 21:35:29 :: WARN  :: Challenge :: Detected duplicate register call on object c_mad_world_1
INFO - [G] 2025-01-19 21:35:29 :: DEBUG :: DefaultLogger :: Loaded HouseRules~
INFO - [G] 2025-01-19 21:35:29 :: TRACE :: Loader :: Mod LeSpectrals was unable to load: Missing Dependencies: 1: malverk


INFO - [G] basepaul_card
INFO - [G] clownfish
INFO - [G] expansion_pack
INFO - [G] hollow
INFO - [G] jester
INFO - [G] lollipop
INFO - [G] luckycharm
INFO - [G] monochrome
INFO - [G] mspaint
INFO - [G] simplified
INFO - [G] spiral
INFO - [G] treasuremap
INFO - [G] philosophical
INFO - [G] badlegaldefence
INFO - [G] clipart
INFO - [G] dropkick
INFO - [G] bladedance
INFO - [G] hyperbeam
INFO - [G] blasphemy
INFO - [G] dramaticentrance
INFO - [G] coupon_catalogue
INFO - [G] css
INFO - [G] globe
INFO - [G] goldencarrot
INFO - [G] hallofmirrors
INFO - [G] impostor
INFO - [G] tonersoup
INFO - [G] loadeddisk
INFO - [G] stylemeter
INFO - [G] teacup
INFO - [G] recycling
INFO - [G] virtual
INFO - [G] bloodpact
INFO - [G] bowlingball
INFO - [G] cba
INFO - [G] fleshprison
INFO - [G] hugejoker
INFO - [G] jankman
INFO - [G] mashupalbum
INFO - [G] pixeljoker
INFO - [G] rainbowjoker
INFO - [G] rosetinted
INFO - [G] the_solo
INFO - [G] triangle
INFO - [G] colorem
INFO - [G] 2025-01-19 21:35:29 :: INFO  :: DefaultLogger :: Loaded MystBlinds~
INFO - [G] line not found
INFO - [G] file not found: main.lua: No such file or directory
INFO - [G] file not found: main.lua: No such file or directory
INFO - [G] file not found: functions/UI_definitions.lua: No such file or directory
INFO - [G] line not found
INFO - [G] file not found: blind.lua: No such file or directory
INFO - [G] file not found: blind.lua: No such file or directory
INFO - [G] file not found: blind.lua: No such file or directory
INFO - [G] file not found: blind.lua: No such file or directory
INFO - [G] line not found
INFO - [G] line not found
INFO - [G] line not found
INFO - [G] line not found
INFO - [G] file not found: main.lua: No such file or directory
INFO - [G] 2025-01-19 21:35:29 :: ERROR :: StackTrace :: Oops! The game crashed
[SMODS RiskofJesters "RiskofJesters.lua"]:16: attempt to call a nil value
Stack Traceback
===============
(1) Lua local 'handler' at file 'main.lua:756'
	Local variables:
	 msg = string: "[SMODS RiskofJesters \"RiskofJesters.lua\"]:16: attempt to call a nil value"
	 (*temporary) = Lua function '?' (defined at line 31 of chunk [SMODS _ "src/logging.lua"])
	 (*temporary) = string: "Oops! The game crashed\
"
(2) LÖVE function at file 'boot.lua:352' (best guess)
	Local variables:
	 errhand = Lua function '?' (defined at line 742 of chunk main.lua)
	 handler = Lua function '?' (defined at line 742 of chunk main.lua)
(3) Lua local 'v' at file 'RiskofJesters.lua:16' (from mod with id RiskofJesters)
	Local variables:
	 mod = table: 0x0f7d1520  {version:0.0.0, id:RiskofJesters, main_file:RiskofJesters.lua, lovely:true (more...)}
	 (*temporary) = nil
	 (*temporary) = string: "Could not open file C:\\Users\\ramosalves\\AppData\\Roaming\\Balatro\\Mods/RiskofJesters - ║╣╗þ║╗/jokers.lua. Does not exist."
	 (*temporary) = nil
	 (*temporary) = string: "Could not open file C:\\Users\\ramosalves\\AppData\\Roaming\\Balatro\\Mods/RiskofJesters - ║╣╗þ║╗/jokers.lua. Does not exist."
	 (*temporary) = Lua function '?' (defined at line 760 of chunk functions/UI_definitions.lua)
	 (*temporary) = Lua function '?' (defined at line 526 of chunk [SMODS HouseRules "HouseRules.lua"])
	 (*temporary) = Lua function '?' (defined at line 85 of chunk blind.lua)
	 (*temporary) = Lua function '?' (defined at line 505 of chunk blind.lua)
	 (*temporary) = Lua function '?' (defined at line 667 of chunk blind.lua)
	 (*temporary) = Lua function '?' (defined at line 390 of chunk blind.lua)
	 (*temporary) = string: "attempt to call a nil value"
(4) Lua local 'func' at Steamodded file 'src/loader.lua:565' 
	Local variables:
	 (for generator) = C function: next
	 (for state) = table: 0x0f83d7d8  {RiskofJesters:function: 0x0fd001e8}
	 (for control) = number: nan
	 k = string: "RiskofJesters"
	 v = Lua function '?' (defined at line 14 of chunk [SMODS RiskofJesters "RiskofJesters.lua"])
(5) Lua field 'with_compat' at Steamodded file 'src/compat_0_9_8.lua:522' 
	Local variables:
	 func = Lua function '?' (defined at line 561 of chunk [SMODS _ "src/loader.lua"])
	 localization_ref = table: 0x0fa48208  {descriptions:table: 0x0fa48268, tutorial_parsed:table: 0x0ff96b28, quips_parsed:table: 0x0fe0d7e8 (more...)}
	 captured_loc = table: 0x0fd5fec0  {}
(6) Lua global 'loadMods' at Steamodded file 'src/loader.lua:561' 
	Local variables:
	 modsDirectory = string: "C:\\Users\\ramosalves\\AppData\\Roaming\\Balatro\\Mods"
	 header_components = table: 0x0fd96be0  {version:table: 0x0fd97330, id:table: 0x0fd96df0, conflicts:table: 0x0fd97220 (more...)}
	 json_spec = table: 0x0fd974e8  {version:table: 0x0fd97c28, id:table: 0x0fd97818, main_file:table: 0x0fd97e08 (more...)}
	 used_prefixes = table: 0x0fd97fc8  {aurinko:aurinko, MJP:MoreJokerPacks, talisman:Talisman, loop:loop, dist:Distro (more...)}
	 lovely_directories = table: 0x0fd97ff0  {1:C:\Users\ramosalves\AppData\Roaming\Balatro\Mods/Blueprint-v.3.2/, 2:C:\Users\ramosalves\AppData\Roaming\Balatro\Mods/Bunco-main/ (more...)}
	 processDirectory = Lua function '?' (defined at line 185 of chunk [SMODS _ "src/loader.lua"])
	 keyset = table: 0x0f9aa8b8  {1:-9999999999, 2:-100000, 3:-1000, 4:0, 5:1, 6:69, 7:1000, 8:10000, 9:1e+299 (more...)}
	 check_dependencies = Lua function '?' (defined at line 419 of chunk [SMODS _ "src/loader.lua"])
	 (for generator) = C function: builtin#6
	 (for state) = table: 0x0f9aa8b8  {1:-9999999999, 2:-100000, 3:-1000, 4:0, 5:1, 6:69, 7:1000, 8:10000, 9:1e+299 (more...)}
	 (for control) = number: 4
	 _ = number: 4
	 priority = number: 0
	 (for generator) = C function: builtin#6
	 (for state) = table: 0x0f9c7b38  {1:table: 0x0fc1f428, 2:table: 0x0f9c70b0, 3:table: 0x0f9a76e8, 4:table: 0x0f690308 (more...)}
	 (for control) = number: 20
	 _ = number: 20
	 mod = table: 0x0f7d1520  {version:0.0.0, id:RiskofJesters, main_file:RiskofJesters.lua, lovely:true (more...)}
(7) Lua global 'initSteamodded' at Steamodded file 'src/loader.lua:654' 
(8) Lua upvalue 'su' at file 'game.lua:315'
	Local variables:
	 self = table: 0x0f584dd8  {F_GUIDE:false, F_CRASH_REPORTS:false, F_QUIT_BUTTON:true, F_ENGLISH_ONLY:false (more...)}
	 settings = string: "return {[\"version\"]=\"1.0.1n-FULL\",[\"reduced_motion\"]=false,[\"paused\"]=false,[\"QUEUED_CHANGE\"]={},[\"COMP\"]={[\"prev_name\"]=\"\",[\"name\"]=\"\",[\"score\"]=260827,},[\"colourblind_option\"]=false,[\"play_button_pos\"]=2,[\"CUSTOM_DECK\"]={[\"Collabs\"]={[\"Spades\"]=\"collab_CYP\",[\"Hearts\"]=\"collab_TBoI\",[\"Diamonds\"]=\"collab_SV\",[\"Clubs\"]=\"collab_VS\",},},[\"STATUSTEXT\"]=0,[\"crashreports\"]=false,[\"tutorial_progress\"]={[\"hold_parts\"]={[\"first_hand_3\"]=true,[\"small_blind\"]=true,[\"big_blind\"]=true,[\"first_hand_4\"]=true,[\"second_hand\"]=true,[\"shop_1\"]=true,[\"first_hand_2\"]=true,[\"first_hand\"]=true,},[\"section\"]=\"second_hand\",[\"completed_parts\"]={[\"first_hand\"]=true,[\"first_hand_3\"]=true,[\"small_blind\"]=true,[\"big_blind\"]=true,[\"first_hand_4\"]=true,[\"shop_1\"]=true,[\"first_hand_section\"]=true,[\"first_hand_2\"]=true,[\"second_hand\"]=true,},},[\"language\"]=\"en-us\",[\"run_stake_stickers\"]=false,[\"tutorial_complete\"]=true,[\"WINDOW\"]={[\"vsync\"]=1,[\"display_names\"]={[1]=\"1\",},[\"screenmode\"]=\"Borderless\",[\"DISPLAYS\"]={[1]={[\"screen_resolutions\"]={[\"strings\"]={[1]=\"2240 X 1400\",},[\"values\"]={[1]={[\"w\"]=1493,[\"h\"]=933,},},},[\"screen_res\"]={[\"w\"]=1493,[\"h\"]=933,},[\"DPI_scale\"]=1,[\"MONITOR_DIMS\"]={[\"height\"]=1400,[\"width\"]=2240,},},},[\"selected_display\"]=1,},[\"screenshake\"]=49.98737640176,[\"GAMESPEED\"]=2,[\"SOUND\"]={[\"volume\"]=39.481131197157,[\"music_volume\"]=100,[\"game_sounds_volume\"]=100,},[\"music_control\"]={[\"current_track\"]=\"\",[\"desired_track\"]=\"\",[\"lerp\"]=1,},[\"ACHIEVEMENTS_EARNED\"]={},[\"profile\"]=1,[\"current_setup\"]=\"Continue\",[\"ambient_control\"]={[\"ambientFire1\"]={[\"per\"]=1.1,[\"vol\"]=0,},[\"ambientOrgan1\"]={[\"per\"]=0.7,[\"vol\"]=0,},[\"ambientFire2\"]={[\"per\"]=1.05,[\"vol\"]=0,},[\"ambientFire3\"]={[\"per\"]=1,[\"vol\"]=0,},},[\"FASTFORWARD\"]=0,[\"DEMO\"]={[\"win_CTA_shown\"]=true,[\"quit_CTA_shown\"]=true,[\"timed_CTA_shown\"]=true,[\"total_uptime\"]=11.542767000595,},[\"GRAPHICS\"]={[\"texture_scaling\"]=2,[\"crt\"]=100,[\"shadows\"]=\"On\",[\"bloom\"]=2,},}"
	 settings_ver = nil
	 new_colour_proto = table: 0x0f58d430  {Spades:table: 0x10024258, Hearts:table: 0x0f58d528, Diamonds:table: 0x0f58d5e0 (more...)}
	 sound_files = table: 0x0f8c4ea8  {1:ambientFire1.ogg, 2:ambientFire2.ogg, 3:ambientFire3.ogg, 4:ambientOrgan1.ogg (more...)}
	 shader_files = table: 0x0f83fd58  {1:CRT.fs, 2:background.fs, 3:booster.fs, 4:debuff.fs, 5:dissolve.fs, 6:flame.fs (more...)}
(9) Lua method 'start_up' at file 'main.lua:4399'
	Local variables:
	 self = table: 0x0f584dd8  {F_GUIDE:false, F_CRASH_REPORTS:false, F_QUIT_BUTTON:true, F_ENGLISH_ONLY:false (more...)}
(10) Lua field 'load' at file 'main.lua:1095'
(11) Lua function '?' at file 'main.lua:1036' (best guess)
(12) global C function 'xpcall'
(13) LÖVE function at file 'boot.lua:368' (best guess)
	Local variables:
	 result = boolean: true
	 main = nil
(14) global C function 'xpcall'
(15) LÖVE function at file 'boot.lua:377' (best guess)
	Local variables:
	 func = Lua function '(LÖVE Function)' (defined at line 355 of chunk [love "boot.lua"])
	 inerror = boolean: true
	 deferErrhand = Lua function '(LÖVE Function)' (defined at line 348 of chunk [love "boot.lua"])
	 earlyinit = Lua function '(LÖVE Function)' (defined at line 355 of chunk [love "boot.lua"])

INFO - [G] file not found: functions/UI_definitions.lua: No such file or directory
INFO - [G] line not found
INFO - [G] file not found: blind.lua: No such file or directory
INFO - [G] file not found: blind.lua: No such file or directory
INFO - [G] file not found: blind.lua: No such file or directory
INFO - [G] file not found: blind.lua: No such file or directory
INFO - [G] line not found
INFO - [G] line not found
INFO - [G] line not found
INFO - [G] line not found
INFO - [G] file not found: main.lua: No such file or directory
INFO - [G] 2025-01-19 21:35:29 :: INFO  :: StackTrace :: Additional Context:
Balatro Version: 1.0.1n-FULL
Modded Version: 1.0.0~ALPHA-1319c-STEAMODDED
LÖVE Version: 11.5.0
Lovely Version: 0.6.0
Platform: Windows
Steamodded Mods:
    1: SDM_0's Stuff by SDM_0 [ID: sdm0sstuff, Version: 1.6.4i, Uses Lovely]
    2: Hold For Final Hand Score by Wiwiweb [ID: HoldForFinalHandScore]
    3: More Joker Packs by Samario [ID: MoreJokerPacks, Priority: 10000, Version: 0.0.2]
    4: Loop by jenwalter666 [ID: loop, Priority: -9999999999, Version: 0.1.1]
    5: datealive by sishui [ID: datealive]
    6: Distro by DVRP [ID: Distro, Version: 1.0.0, Uses Lovely]
    7: Cosmos by Cosmos [ID: Cosmos, Version: 1.0.0, Uses Lovely]
    8: Joker Evolution by SDM_0 [ID: joker_evolution, Priority: -1000, Version: 1.2.1c, Uses Lovely]
    9: 7 Deadly Sins by Alex Davies [ID: 7deadlysins]
    10: Pampa Joker Pack by Matelote [ID: mtl_jkr]
    11: Deluxe Consumables by JeffVi [ID: JeffDeluxeConsumablesPack, Priority: 1000, Version: 1.0.1, Uses Lovely]
    12: Mika's Mod Collection by Mikadoe [ID: MikasMods, Uses Lovely]
    13: Jank Challenges by Lyman [ID: JankChallenges]
    14: Incantation by jenwalter666, MathIsFun_ [ID: incantation, Priority: 9e+301, Version: 0.5.10]
    15: Themed Tarots by Blizzow [ID: ThemedTarots]
    16: JokerDisplay by nh6574 [ID: JokerDisplay, Priority: -100000, Version: 1.7.4]
    17: Aurinko by jenwalter666 [ID: aurinko, Priority: 9.9e+301, Version: 0.4.11]
    18: Olympus by AbhinavR314 [ID: Olympus]
    19: More Fluff by notmario [ID: MoreFluff, Version: 1.0.2-ja, Uses Lovely]
    20: Paperback by PaperMoon, Nether, OppositeWolf770, B, srockw [ID: paperback, Version: 0.4.2]
    21: Myst's Boss Blinds by Mysthaps [ID: MystBlinds, Version: 1.2.6]
    22: House Rules by Mysthaps [ID: HouseRules, Version: 1.4.2]
    23: Flounder's Jokers by Flounder [ID: flounderjokers]
    24: Risk of Jesters by DVRP [ID: RiskofJesters, Uses Lovely]
    25: ExtraCredit by CampfireCollective [ID: extracredit, Priority: 1, Version: 1.1.0, Uses Lovely]
    26: Themed Jokers by Blizzow [ID: ThemedJokers]
    27: Handy by SleepyG11 [ID: Handy, Version: 1.1.6a, Uses Lovely]
    28: Talisman by MathIsFun_, Mathguy24, jenwalter666, cg-223 [ID: Talisman, Version: 2.0.2, Uses Lovely]
    29: Jen's Library by jenwalter666 [ID: JenLib, Version: 0.3.4]
    30: Nopeus by jenwalter666, stupxd [ID: nopeus, Version: 2.2.3]
    31: Themed Decks by Blizzow [ID: ThemedDecks]
    32: Bunco by Firch, RENREN, Peas, minichibis, J.D., Guwahavel, Ciirulean, ejwu [ID: Bunco, Version: 5.0, Uses Lovely]
    33: Taikomochi by Amvoled [ID: Taikomochi]
    34: Math Blinds by Bazinga_9000, tauttie [ID: MathBlinds, Version: 1.2.3, Uses Lovely]
    35: Cartomancer by stupxd aka stupid [ID: cartomancer, Priority: 69, Version: 4.10, Uses Lovely]
    36: Cryptid by MathIsFun_, Cryptid and Balatro Discords [ID: Cryptid, Priority: 1e+299, Version: 0.5.3a, Uses Lovely]
    37: Add +1 Shop to Stakes by Encarvlucas [ID: ShopStakeMod]
    38: Blueprint by stupxd aka stupid, Jonathan [ID: blueprint, Priority: 69, Version: 3.2, Uses Lovely]
    39: Snow's Holiday Jokers by RattlingSnow353 [ID: SnowHolidayJokers, Version: 0.2.0]
    40: MultiJokersMod by John Maged, Multi, GoldenEpsilon [ID: MultiJokersMod]
    41: IncreaseJokerCap by Akita Attribute [ID: IncreaseJokerCap]
    42: JankJonklersMod by Lyman [ID: JankJonklersMod]
    43: BBBalatro by B [ID: BBBalatro]
    44: Tetrapak by tetraminus [ID: tetraminus_tetrapak, Uses Lovely]
Lovely Mods:
    1: Trance
    2: victory_royale
