INFO - [♥] Lovely 0.6.0
INFO - [♥] Game directory is at "C:\\Users\\ramosalves\\Desktop\\laura\\Balatro"
INFO - [♥] Writing logs to "C:\\Users\\ramosalves\\AppData\\Roaming\\Balatro\\Mods\\lovely\\log"
INFO - [♥] Using mod directory at "C:\\Users\\ramosalves\\AppData\\Roaming\\Balatro\\Mods"
WARN - [♥] Unknown key `patches.15.?.match_indent` found in patch file at "C:\\Users\\ramosalves\\AppData\\Roaming\\Balatro\\Mods\\Bunco-main\\lovely.toml", ignoring it
WARN - [♥] Unknown key `patches.46.?.match_indent` found in patch file at "C:\\Users\\ramosalves\\AppData\\Roaming\\Balatro\\Mods\\smods-main\\lovely\\fixes.toml", ignoring it
WARN - [♥] Unknown key `patches.3.?.match_indent` found in patch file at "C:\\Users\\ramosalves\\AppData\\Roaming\\Balatro\\Mods\\smods-main\\lovely\\rarity.toml", ignoring it
INFO - [♥] Cleaning up dumps directory at "C:\\Users\\ramosalves\\AppData\\Roaming\\Balatro\\Mods\\lovely\\dump"
INFO - [♥] Initialization complete in 61ms
WARN - [♥] Pattern 'not c.ending_shop and not c.reroll_shop and not c.selling_card and not c.selling_self and not c.buying_card and' on target 'main.lua' resulted in no matches
WARN - [♥] Pattern 'not c.ending_shop and not c.reroll_shop and not c.selling_card and not c.selling_self and not c.buying_card and' on target 'main.lua' resulted in no matches
WARN - [♥] Pattern 'G.ARGS.score_intensity.organ = G.video_organ or G.ARGS.score_intensity.required_score > 0 and math.max(math.min(0.4, 0.1*math.log(G.ARGS.score_intensity.earned_score/(G.ARGS.score_intensity.required_score+1), 5)),0.) or 0' on target 'main.lua' resulted in no matches
WARN - [♥] Pattern 'if type(G.GAME.current_round.current_hand.chips) ~= \'number\' or type(G.GAME.current_round.current_hand.mult) ~= \'number\' then' on target 'main.lua' resulted in no matches
WARN - [♥] Pattern 'not c.ending_shop and not c.reroll_shop and not c.selling_card and not c.selling_self and not c.buying_card and' on target 'main.lua' resulted in no matches
WARN - [♥] Pattern 'modded and {' on target 'main.lua' resulted in no matches
INFO - [♥] Applied 32 patches to 'main.lua'
INFO - [♥] Applied 2 patches to 'engine/string_packer.lua'
INFO - [♥] Applied 7 patches to 'engine/controller.lua'
INFO - [♥] Applied 20 patches to 'back.lua'
WARN - [♥] Pattern 'tag_sprite.ability_UIBox_table = generate_card_ui(G.P_TAGS[self.key], nil, loc_vars, (self.hide_ability) and \'Undiscovered\' or \'Tag\', nil, (self.hide_ability))' on target 'tag.lua' resulted in no matches
WARN - [♥] Pattern 'local tag_sprite = Sprite(0,0,_size*1,_size*1,G.ASSET_ATLAS[\"tags\"], (self.hide_ability) and G.tag_undiscovered.pos or self.pos)' on target 'tag.lua' resulted in no matches
INFO - [♥] Applied 18 patches to 'tag.lua'
INFO - [♥] Applied 3 patches to 'engine/node.lua'
INFO - [♥] Applied 2 patches to 'engine/moveable.lua'
INFO - [♥] Applied 2 patches to 'engine/sprite.lua'
INFO - [♥] Applied 2 patches to 'engine/animatedsprite.lua'
WARN - [♥] Pattern 'assembled_string = assembled_string..(type(subpart) == \'string\' and subpart or args.vars[tonumber(subpart[1])] or \'ERROR\')' on target 'functions/misc_functions.lua' resulted in no matches
INFO - [♥] Applied 52 patches to 'functions/misc_functions.lua'
WARN - [♥] Pattern 'for i = 1, 2 do' on target 'game.lua' resulted in no matches
INFO - [♥] Applied 107 patches to 'game.lua'
INFO - [♥] Applied 4 patches to 'globals.lua'
WARN - [♥] Pattern 'self.config.chosen = true' on target 'engine/ui.lua' resulted in no matches
INFO - [♥] Applied 7 patches to 'engine/ui.lua'
WARN - [♥] Pattern '{card_limit = _size, type = \'consumeable\', highlight_limit = 1}' on target 'functions/UI_definitions.lua' resulted in no matches
WARN - [♥] Pattern 'UIBox_button({button = \'your_collection_spectrals\', label = {localize(\'b_spectral_cards\')}, count = G.DISCOVER_TALLIES.spectrals, minw = 4, id = \'your_collection_spectrals\', colour = G.C.SECONDARY_SET.Spectral}),' on target 'functions/UI_definitions.lua' resulted in no matches
WARN - [♥] Pattern 'blind_matrix[math.ceil((k-1)/5+0.001)][1+((k-1)%5)] = {n=G.UIT.C, config={align = \"cm\", padding = 0.1}, nodes={' on target 'functions/UI_definitions.lua' resulted in no matches
WARN - [♥] Pattern 'local temp_blind = AnimatedSprite(0,0,1.3,1.3, G.ANIMATION_ATLAS[\'blind_chips\'], discovered and v.pos or G.b_undiscovered.pos)' on target 'functions/UI_definitions.lua' resulted in no matches
WARN - [♥] Pattern 'blind_choice.animation = AnimatedSprite(0,0, 1.4, 1.4, G.ANIMATION_ATLAS[\'blind_chips\'],  blind_choice.config.pos)' on target 'functions/UI_definitions.lua' resulted in no matches
WARN - [♥] Pattern '{n=G.UIT.T, config={text = G.GAME.hands[handname].chips, scale = 0.45, colour = G.C.UI.TEXT_LIGHT}},' on target 'functions/UI_definitions.lua' resulted in no matches
WARN - [♥] Pattern '{n=G.UIT.T, config={text = G.GAME.hands[handname].mult, scale = 0.45, colour = G.C.UI.TEXT_LIGHT}}' on target 'functions/UI_definitions.lua' resulted in no matches
INFO - [♥] Applied 112 patches to 'functions/UI_definitions.lua'
WARN - [♥] Pattern 'ease_to = G.GAME.chips + math.floor(hand_chips * mult) * (e and e.antiscore and -1 or 1),' on target 'functions/state_events.lua' resulted in no matches
WARN - [♥] Pattern 'if cards_destroyed[i].ability.name == \'Glass Card\' then' on target 'functions/state_events.lua' resulted in no matches
WARN - [♥] Pattern 'local hand_space = e or math.min(#G.deck.cards, G.hand.config.card_limit - #G.hand.cards)' on target 'functions/state_events.lua' resulted in no matches
WARN - [♥] Pattern 'local effects = {G.hand.cards[i]:get_end_of_round_effect()}' on target 'functions/state_events.lua' resulted in no matches
WARN - [♥] Pattern 'reset_idol_card()\nreset_mail_rank()\nreset_ancient_card()\nreset_castle_card()\n' on target 'functions/state_events.lua' resulted in no matches
WARN - [♥] Pattern '--calculate the card edition effects\nif effects[ii].edition then\n    hand_chips = mod_chips(hand_chips + (effects[ii].edition.chip_mod or 0))\n    mult = mult + (effects[ii].edition.mult_mod or 0)\n    mult = mod_mult(mult*(effects[ii].edition.x_mult_mod or 1))\n    update_hand_text({delay = 0}, {\n        chips = effects[ii].edition.chip_mod and hand_chips or nil,\n        mult = (effects[ii].edition.mult_mod or effects[ii].edition.x_mult_mod) and mult or nil,\n    })\n    card_eval_status_text(scoring_hand[i], \'extra\', nil, percent, nil, {\n        message = (effects[ii].edition.chip_mod and localize{type=\'variable\',key=\'a_chips\',vars={effects[ii].edition.chip_mod}}) or\n                (effects[ii].edition.mult_mod and localize{type=\'variable\',key=\'a_mult\',vars={effects[ii].edition.mult_mod}}) or\n                (effects[ii].edition.x_mult_mod and localize{type=\'variable\',key=\'a_xmult\',vars={effects[ii].edition.x_mult_mod}}),\n        chip_mod =  effects[ii].edition.chip_mod,\n        mult_mod =  effects[ii].edition.mult_mod,\n        x_mult_mod =  effects[ii].edition.x_mult_mod,\n        colour = G.C.DARK_EDITION,\n        edition = true})\nend\n' on target 'functions/state_events.lua' resulted in no matches
WARN - [♥] Pattern '    scoring_hand[i].lucky_trigger = nil\n\n        for ii = 1, #effects do\n        --If chips added, do chip add event and add the chips to the total\n        if effects[ii].chips then \n            if effects[ii].card then juice_card(effects[ii].card) end\n            hand_chips = mod_chips(hand_chips + effects[ii].chips)\n            update_hand_text({delay = 0}, {chips = hand_chips})\n            card_eval_status_text(scoring_hand[i], \'chips\', effects[ii].chips, percent)\n        end\n\n        --If mult added, do mult add event and add the mult to the total\n        if effects[ii].mult then \n            if effects[ii].card then juice_card(effects[ii].card) end\n            mult = mod_mult(mult + effects[ii].mult)\n            update_hand_text({delay = 0}, {mult = mult})\n            card_eval_status_text(scoring_hand[i], \'mult\', effects[ii].mult, percent)\n        end\n\n        --If play dollars added, add dollars to total\n        if effects[ii].p_dollars then \n            if effects[ii].card then juice_card(effects[ii].card) end\n            ease_dollars(effects[ii].p_dollars)\n            card_eval_status_text(scoring_hand[i], \'dollars\', effects[ii].p_dollars, percent)\n        end\n\n        --If dollars added, add dollars to total\n        if effects[ii].dollars then \n            if effects[ii].card then juice_card(effects[ii].card) end\n            ease_dollars(effects[ii].dollars)\n            card_eval_status_text(scoring_hand[i], \'dollars\', effects[ii].dollars, percent)\n        end\n\n        --Any extra effects\n        if effects[ii].extra then \n            if effects[ii].card then juice_card(effects[ii].card) end\n            local extras = {mult = false, hand_chips = false}\n            if effects[ii].extra.mult_mod then mult =mod_mult( mult + effects[ii].extra.mult_mod);extras.mult = true end\n            if effects[ii].extra.chip_mod then hand_chips = mod_chips(hand_chips + effects[ii].extra.chip_mod);extras.hand_chips = true end\n            if effects[ii].extra.swap then \n                local old_mult = mult\n                mult = mod_mult(hand_chips)\n                hand_chips = mod_chips(old_mult)\n                extras.hand_chips = true; extras.mult = true\n            end\n            if effects[ii].extra.func then effects[ii].extra.func() end\n            update_hand_text({delay = 0}, {chips = extras.hand_chips and hand_chips, mult = extras.mult and mult})\n            card_eval_status_text(scoring_hand[i], \'extra\', nil, percent, nil, effects[ii].extra)\n        end\n\n        --If x_mult added, do mult add event and mult the mult to the total\n        if effects[ii].x_mult then \n            if effects[ii].card then juice_card(effects[ii].card) end\n            mult = mod_mult(mult*effects[ii].x_mult)\n            update_hand_text({delay = 0}, {mult = mult})\n            card_eval_status_text(scoring_hand[i], \'x_mult\', effects[ii].x_mult, percent)\n        end\n\n\n        end\n    end\nend\n' on target 'functions/state_events.lua' resulted in no matches
WARN - [♥] Pattern '--calculate the joker edition effects\nlocal edition_effects = eval_card(_card, {cardarea = G.jokers, full_hand = G.play.cards, scoring_hand = scoring_hand, scoring_name = text, poker_hands = poker_hands, edition = true})\nif edition_effects.jokers then\n    edition_effects.jokers.edition = true\n    if edition_effects.jokers.chip_mod then\n        hand_chips = mod_chips(hand_chips + edition_effects.jokers.chip_mod)\n        update_hand_text({delay = 0}, {chips = hand_chips})\n        card_eval_status_text(_card, \'jokers\', nil, percent, nil, {\n            message = localize{type=\'variable\',key=\'a_chips\',vars={edition_effects.jokers.chip_mod}},\n            chip_mod =  edition_effects.jokers.chip_mod,\n            colour =  G.C.EDITION,\n            edition = true})\n    end\n    if edition_effects.jokers.mult_mod then\n        mult = mod_mult(mult + edition_effects.jokers.mult_mod)\n        update_hand_text({delay = 0}, {mult = mult})\n        card_eval_status_text(_card, \'jokers\', nil, percent, nil, {\n            message = localize{type=\'variable\',key=\'a_mult\',vars={edition_effects.jokers.mult_mod}},\n            mult_mod =  edition_effects.jokers.mult_mod,\n            colour = G.C.DARK_EDITION,\n            edition = true})\n    end\n    percent = percent+percent_delta\nend' on target 'functions/state_events.lua' resulted in no matches
WARN - [♥] Pattern 'if edition_effects.jokers then\n    if edition_effects.jokers.x_mult_mod then\n        mult = mod_mult(mult*edition_effects.jokers.x_mult_mod)\n        update_hand_text({delay = 0}, {mult = mult})\n        card_eval_status_text(_card, \'jokers\', nil, percent, nil, {\n            message = localize{type=\'variable\',key=\'a_xmult\',vars={edition_effects.jokers.x_mult_mod}},\n            x_mult_mod =  edition_effects.jokers.x_mult_mod,\n            colour =  G.C.EDITION,\n            edition = true})\n    end\n    percent = percent+percent_delta\nend' on target 'functions/state_events.lua' resulted in no matches
WARN - [♥] Pattern '            --calculate the joker effects\n            local effects = eval_card(_card, {cardarea = G.jokers, full_hand = G.play.cards, scoring_hand = scoring_hand, scoring_name = text, poker_hands = poker_hands, joker_main = true})\n\n            --Any Joker effects\n            if effects.jokers then \n                local extras = {mult = false, hand_chips = false}\n                if effects.jokers.mult_mod then mult = mod_mult(mult + effects.jokers.mult_mod);extras.mult = true end\n                if effects.jokers.chip_mod then hand_chips = mod_chips(hand_chips + effects.jokers.chip_mod);extras.hand_chips = true end\n                if effects.jokers.Xmult_mod then mult = mod_mult(mult*effects.jokers.Xmult_mod);extras.mult = true  end\n                update_hand_text({delay = 0}, {chips = extras.hand_chips and hand_chips, mult = extras.mult and mult})\n                card_eval_status_text(_card, \'jokers\', nil, percent, nil, effects.jokers)\n                percent = percent+percent_delta\n            end' on target 'functions/state_events.lua' resulted in no matches
WARN - [♥] Pattern '--Joker on Joker effects\nfor _, v in ipairs(G.jokers.cards) do\n    local effect = v:calculate_joker{full_hand = G.play.cards, scoring_hand = scoring_hand, scoring_name = text, poker_hands = poker_hands, other_joker = _card}\n    if effect then\n        local extras = {mult = false, hand_chips = false}\n        if effect.mult_mod then mult = mod_mult(mult + effect.mult_mod);extras.mult = true end\n        if effect.chip_mod then hand_chips = mod_chips(hand_chips + effect.chip_mod);extras.hand_chips = true end\n        if effect.Xmult_mod then mult = mod_mult(mult*effect.Xmult_mod);extras.mult = true  end\n        if extras.mult or extras.hand_chips then update_hand_text({delay = 0}, {chips = extras.hand_chips and hand_chips, mult = extras.mult and mult}) end\n        if extras.mult or extras.hand_chips then card_eval_status_text(v, \'jokers\', nil, percent, nil, effect) end\n        percent = percent+percent_delta\n    end\nend' on target 'functions/state_events.lua' resulted in no matches
WARN - [♥] Pattern 'for j = 1, #G.jokers.cards do\n    destroyed = G.jokers.cards[j]:calculate_joker({destroying_card = scoring_hand[i], full_hand = G.play.cards})\n    if destroyed then break end\nend\n\nif scoring_hand[i].ability.name == \'Glass Card\' and not scoring_hand[i].debuff and pseudorandom(\'glass\') < G.GAME.probabilities.normal/scoring_hand[i].ability.extra then \n    destroyed = true\nend' on target 'functions/state_events.lua' resulted in no matches
WARN - [♥] Pattern 'local percent = (i-0.999)/(#G.hand.cards-0.998) + (j-1)*0.1' on target 'functions/state_events.lua' resulted in no matches
WARN - [♥] Pattern 'if effects[ii].card then' on target 'functions/state_events.lua' resulted in no matches
WARN - [♥] Pattern 'if effects[ii].message then' on target 'functions/state_events.lua' resulted in no matches
WARN - [♥] Pattern '--calculate the card edition effects' on target 'functions/state_events.lua' resulted in no matches
WARN - [♥] Pattern 'if effects[ii].edition.p_dollars_mod then' on target 'functions/state_events.lua' resulted in no matches
WARN - [♥] Pattern 'card_eval_status_text(scoring_hand[i], \'extra\', nil, percent, nil, effects[ii].extra)' on target 'functions/state_events.lua' resulted in no matches
WARN - [♥] Pattern 'card_eval_status_text(scoring_hand[i], \'extra\', nil, percent, nil, effects[ii].extra)' on target 'functions/state_events.lua' resulted in no matches
WARN - [♥] Pattern 'card_eval_status_text(scoring_hand[i], \'debuff\')' on target 'functions/state_events.lua' resulted in no matches
WARN - [♥] Pattern 'for j=1,#reps do' on target 'functions/state_events.lua' resulted in no matches
WARN - [♥] Pattern 'ease_to = G.GAME.chips + math.floor(hand_chips*mult),' on target 'functions/state_events.lua' resulted in no matches
WARN - [♥] Pattern 'G.jokers.cards[i]:calculate_perishable()' on target 'functions/state_events.lua' resulted in no matches
WARN - [♥] Regex '(?<indent>[\\t ]*)if destroyed then \\n' on target 'functions/state_events.lua' resulted in no matches
INFO - [♥] Applied 106 patches to 'functions/state_events.lua'
WARN - [♥] Regex '(?<indent>[\\t ]*)if G\\.F_NO_ACHIEVEMENTS then return end\\n[\\s\\S][\\s\\S]{16}--\\|LOCAL SETTINGS FILE' on target 'functions/common_events.lua' resulted in no matches
WARN - [♥] Pattern 'function generate_card_ui(_c, full_UI_table, specific_vars, card_type, badges, hide_desc, main_start, main_end)' on target 'functions/common_events.lua' resulted in no matches
WARN - [♥] Pattern '{n=G.UIT.T, config={text = localize(\'$\')..config.dollars, scale = 1.2*scale, colour = G.C.WHITE, shadow = true, juice = true}}' on target 'functions/common_events.lua' resulted in no matches
WARN - [♥] Pattern 'elseif _c.name == \'Cryptid\' then loc_vars = {_c.config.extra}' on target 'functions/common_events.lua' resulted in no matches
WARN - [♥] Pattern 'elseif _c.name == \"Clearance Sale\" or _c.name == \"Liquidation\" then loc_vars = {_c.config.extra}' on target 'functions/common_events.lua' resulted in no matches
WARN - [♥] Pattern 'elseif v.boss.showdown and (G.GAME.round_resets.ante)%G.GAME.win_ante == 0 and G.GAME.round_resets.ante >= 2 then' on target 'functions/common_events.lua' resulted in no matches
WARN - [♥] Pattern 'if v == \'negative_consumable\' then info_queue[#info_queue+1] = {key = \'e_negative_consumable\', set = \'Edition\', config = {extra = 1}} end' on target 'functions/common_events.lua' resulted in no matches
WARN - [♥] Pattern 'if _c.effect == \'Mult Card\' then loc_vars = {_c.config.mult}' on target 'functions/common_events.lua' resulted in no matches
WARN - [♥] Pattern 'elseif _c.effect == \'Lucky Card\' then loc_vars = {G.GAME.probabilities.normal, _c.config.mult, 5, _c.config.p_dollars, 15}' on target 'functions/common_events.lua' resulted in no matches
WARN - [♥] Pattern 'elseif _c.name == \'Mega Buffoon Pack\' then desc_override = \'p_buffoon_mega\'; loc_vars = {_c.config.choose, _c.config.extra}' on target 'functions/common_events.lua' resulted in no matches
WARN - [♥] Pattern 'elseif _c.name == \"Clearance Sale\" or _c.name == \"Liquidation\" then loc_vars = {_c.config.extra}' on target 'functions/common_events.lua' resulted in no matches
WARN - [♥] Pattern 'if v.name == \'Black Hole\' or v.name == \'The Soul\' then' on target 'functions/common_events.lua' resulted in no matches
WARN - [♥] Pattern 'elseif _c.name == \"Clearance Sale\" or _c.name == \"Liquidation\" then loc_vars = {_c.config.extra}' on target 'functions/common_events.lua' resulted in no matches
WARN - [♥] Pattern 'local blind_sprite = AnimatedSprite(0, 0, 1.2,1.2, G.ANIMATION_ATLAS[\'blind_chips\'], copy_table(G.GAME.blind.pos))' on target 'functions/common_events.lua' resulted in no matches
WARN - [♥] Pattern 'func = (function() if eval_func(card) then if not first or first then card:juice_up(0.1, 0.1) end;juice_card_until(card, eval_func, nil, 0.8) end return true end)' on target 'functions/common_events.lua' resulted in no matches
WARN - [♥] Pattern 'rarity = (_legendary and 4) or (rarity > 0.95 and 3) or (rarity > 0.7 and 2) or 1' on target 'functions/common_events.lua' resulted in no matches
WARN - [♥] Pattern 'info_queue[#info_queue + 1] = G.P_CENTERS[\'e_\'..v]' on target 'functions/common_events.lua' resulted in no matches
INFO - [♥] Applied 177 patches to 'functions/common_events.lua'
WARN - [♥] Pattern 'G.pack_cards:emplace(v)' on target 'functions/button_callbacks.lua' resulted in no matches
WARN - [♥] Pattern 'if card.area then card.area:remove_card(card) end' on target 'functions/button_callbacks.lua' resulted in no matches
WARN - [♥] Regex 'ease_background_colour_blind\\(G.GAME.PACK_INTERRUPT\\)\\n.*\\n.*\\n.*\\n(?<indent>[ \\t]*)for i = 1, #G\\.GAME\\.tags do\\n' on target 'functions/button_callbacks.lua' resulted in no matches
WARN - [♥] Pattern 'if #G.hand.highlighted <= 0 or G.GAME.blind.block_play or #G.hand.highlighted > 5 then' on target 'functions/button_callbacks.lua' resulted in no matches
WARN - [♥] Pattern 'add_tag(_tag.config.ref_table)' on target 'functions/button_callbacks.lua' resulted in no matches
WARN - [♥] Pattern 'G.jokers.cards[i]:calculate_joker({skip_blind = true})' on target 'functions/button_callbacks.lua' resulted in no matches
INFO - [♥] Applied 82 patches to 'functions/button_callbacks.lua'
INFO - [G] file not found: main.lua: No such file or directory
INFO - [G] file not found: main.lua: No such file or directory
INFO - [G] file not found: main.lua: No such file or directory
INFO - [G] Oops! The game crashed
Syntax error: functions/button_callbacks.lua:2271: undefined label 'reverie_use_card_consumable_skip'

Stack Traceback
===============
(1) Lua local 'handler' at file 'main.lua:756'
	Local variables:
	 msg = string: "Syntax error: functions/button_callbacks.lua:2271: undefined label 'reverie_use_card_consumable_skip'\
"
	 (*temporary) = Lua function '?' (defined at line 746 of chunk main.lua)
	 (*temporary) = string: "Oops! The game crashed\
"
(2) LÖVE function at file 'boot.lua:352' (best guess)
	Local variables:
	 errhand = Lua function '?' (defined at line 742 of chunk main.lua)
	 handler = Lua function '?' (defined at line 742 of chunk main.lua)
(3)  C function 'function: 0x07acce98'
(4) global C function 'require'
(5) main chunk of file 'main.lua' at line 1022
(6) global C function 'require'
(7) LÖVE function at file 'boot.lua:323' (best guess)
	Local variables:
	 c = table: 0x07ac9c10  {identity:false, version:11.5, accelerometerjoystick:true, modules:table: 0x07ac9c60 (more...)}
	 openedconsole = boolean: false
	 confok = boolean: true
	 conferr = nil
(8) global C function 'xpcall'
(9) LÖVE function at file 'boot.lua:362' (best guess)
	Local variables:
	 result = boolean: true
(10) global C function 'xpcall'
(11) LÖVE function at file 'boot.lua:377' (best guess)
	Local variables:
	 func = Lua function '(LÖVE Function)' (defined at line 355 of chunk [love "boot.lua"])
	 inerror = boolean: true
	 deferErrhand = Lua function '(LÖVE Function)' (defined at line 348 of chunk [love "boot.lua"])
	 earlyinit = Lua function '(LÖVE Function)' (defined at line 355 of chunk [love "boot.lua"])

INFO - [G] Additional Context:
Balatro Version: 1.0.1n-FULL
Modded Version: 1.0.0~ALPHA-1319c-STEAMODDED
LÖVE Version: 11.5.0
Lovely Version: 0.6.0
Platform: Windows
