INFO - [♥] Lovely 0.6.0
INFO - [♥] Game directory is at "C:\\Users\\ramosalves\\Desktop\\laura\\Balatro"
INFO - [♥] Writing logs to "C:\\Users\\ramosalves\\AppData\\Roaming\\Balatro\\Mods\\lovely\\log"
INFO - [♥] Using mod directory at "C:\\Users\\ramosalves\\AppData\\Roaming\\Balatro\\Mods"
WARN - [♥] Unknown key `patches.15.?.match_indent` found in patch file at "C:\\Users\\ramosalves\\AppData\\Roaming\\Balatro\\Mods\\Bunco-main\\lovely.toml", ignoring it
WARN - [♥] Unknown key `patches.46.?.match_indent` found in patch file at "C:\\Users\\ramosalves\\AppData\\Roaming\\Balatro\\Mods\\smods-main\\lovely\\fixes.toml", ignoring it
WARN - [♥] Unknown key `patches.3.?.match_indent` found in patch file at "C:\\Users\\ramosalves\\AppData\\Roaming\\Balatro\\Mods\\smods-main\\lovely\\rarity.toml", ignoring it
INFO - [♥] Cleaning up dumps directory at "C:\\Users\\ramosalves\\AppData\\Roaming\\Balatro\\Mods\\lovely\\dump"
INFO - [♥] Initialization complete in 54ms
WARN - [♥] Pattern 'G.ARGS.score_intensity.organ = G.video_organ or G.ARGS.score_intensity.required_score > 0 and math.max(math.min(0.4, 0.1*math.log(G.ARGS.score_intensity.earned_score/(G.ARGS.score_intensity.required_score+1), 5)),0.) or 0' on target 'main.lua' resulted in no matches
WARN - [♥] Pattern 'if type(G.GAME.current_round.current_hand.chips) ~= \'number\' or type(G.GAME.current_round.current_hand.mult) ~= \'number\' then' on target 'main.lua' resulted in no matches
WARN - [♥] Pattern 'modded and {' on target 'main.lua' resulted in no matches
INFO - [♥] Applied 31 patches to 'main.lua'
INFO - [♥] Applied 2 patches to 'engine/string_packer.lua'
INFO - [♥] Applied 6 patches to 'engine/controller.lua'
INFO - [♥] Applied 17 patches to 'back.lua'
INFO - [♥] Applied 9 patches to 'tag.lua'
INFO - [♥] Applied 3 patches to 'engine/node.lua'
INFO - [♥] Applied 2 patches to 'engine/moveable.lua'
INFO - [♥] Applied 2 patches to 'engine/sprite.lua'
INFO - [♥] Applied 2 patches to 'engine/animatedsprite.lua'
WARN - [♥] Pattern 'assembled_string = assembled_string..(type(subpart) == \'string\' and subpart or args.vars[tonumber(subpart[1])] or \'ERROR\')' on target 'functions/misc_functions.lua' resulted in no matches
INFO - [♥] Applied 50 patches to 'functions/misc_functions.lua'
INFO - [♥] Applied 64 patches to 'game.lua'
INFO - [♥] Applied 4 patches to 'globals.lua'
WARN - [♥] Pattern 'self.config.chosen = true' on target 'engine/ui.lua' resulted in no matches
INFO - [♥] Applied 7 patches to 'engine/ui.lua'
WARN - [♥] Pattern '{n=G.UIT.T, config={text = G.GAME.hands[handname].chips, scale = 0.45, colour = G.C.UI.TEXT_LIGHT}},' on target 'functions/UI_definitions.lua' resulted in no matches
WARN - [♥] Pattern '{n=G.UIT.T, config={text = G.GAME.hands[handname].mult, scale = 0.45, colour = G.C.UI.TEXT_LIGHT}}' on target 'functions/UI_definitions.lua' resulted in no matches
INFO - [♥] Applied 91 patches to 'functions/UI_definitions.lua'
WARN - [♥] Pattern 'reset_idol_card()\nreset_mail_rank()\nreset_ancient_card()\nreset_castle_card()\n' on target 'functions/state_events.lua' resulted in no matches
WARN - [♥] Pattern '--calculate the card edition effects\nif effects[ii].edition then\n    hand_chips = mod_chips(hand_chips + (effects[ii].edition.chip_mod or 0))\n    mult = mult + (effects[ii].edition.mult_mod or 0)\n    mult = mod_mult(mult*(effects[ii].edition.x_mult_mod or 1))\n    update_hand_text({delay = 0}, {\n        chips = effects[ii].edition.chip_mod and hand_chips or nil,\n        mult = (effects[ii].edition.mult_mod or effects[ii].edition.x_mult_mod) and mult or nil,\n    })\n    card_eval_status_text(scoring_hand[i], \'extra\', nil, percent, nil, {\n        message = (effects[ii].edition.chip_mod and localize{type=\'variable\',key=\'a_chips\',vars={effects[ii].edition.chip_mod}}) or\n                (effects[ii].edition.mult_mod and localize{type=\'variable\',key=\'a_mult\',vars={effects[ii].edition.mult_mod}}) or\n                (effects[ii].edition.x_mult_mod and localize{type=\'variable\',key=\'a_xmult\',vars={effects[ii].edition.x_mult_mod}}),\n        chip_mod =  effects[ii].edition.chip_mod,\n        mult_mod =  effects[ii].edition.mult_mod,\n        x_mult_mod =  effects[ii].edition.x_mult_mod,\n        colour = G.C.DARK_EDITION,\n        edition = true})\nend\n' on target 'functions/state_events.lua' resulted in no matches
WARN - [♥] Pattern '    scoring_hand[i].lucky_trigger = nil\n\n        for ii = 1, #effects do\n        --If chips added, do chip add event and add the chips to the total\n        if effects[ii].chips then \n            if effects[ii].card then juice_card(effects[ii].card) end\n            hand_chips = mod_chips(hand_chips + effects[ii].chips)\n            update_hand_text({delay = 0}, {chips = hand_chips})\n            card_eval_status_text(scoring_hand[i], \'chips\', effects[ii].chips, percent)\n        end\n\n        --If mult added, do mult add event and add the mult to the total\n        if effects[ii].mult then \n            if effects[ii].card then juice_card(effects[ii].card) end\n            mult = mod_mult(mult + effects[ii].mult)\n            update_hand_text({delay = 0}, {mult = mult})\n            card_eval_status_text(scoring_hand[i], \'mult\', effects[ii].mult, percent)\n        end\n\n        --If play dollars added, add dollars to total\n        if effects[ii].p_dollars then \n            if effects[ii].card then juice_card(effects[ii].card) end\n            ease_dollars(effects[ii].p_dollars)\n            card_eval_status_text(scoring_hand[i], \'dollars\', effects[ii].p_dollars, percent)\n        end\n\n        --If dollars added, add dollars to total\n        if effects[ii].dollars then \n            if effects[ii].card then juice_card(effects[ii].card) end\n            ease_dollars(effects[ii].dollars)\n            card_eval_status_text(scoring_hand[i], \'dollars\', effects[ii].dollars, percent)\n        end\n\n        --Any extra effects\n        if effects[ii].extra then \n            if effects[ii].card then juice_card(effects[ii].card) end\n            local extras = {mult = false, hand_chips = false}\n            if effects[ii].extra.mult_mod then mult =mod_mult( mult + effects[ii].extra.mult_mod);extras.mult = true end\n            if effects[ii].extra.chip_mod then hand_chips = mod_chips(hand_chips + effects[ii].extra.chip_mod);extras.hand_chips = true end\n            if effects[ii].extra.swap then \n                local old_mult = mult\n                mult = mod_mult(hand_chips)\n                hand_chips = mod_chips(old_mult)\n                extras.hand_chips = true; extras.mult = true\n            end\n            if effects[ii].extra.func then effects[ii].extra.func() end\n            update_hand_text({delay = 0}, {chips = extras.hand_chips and hand_chips, mult = extras.mult and mult})\n            card_eval_status_text(scoring_hand[i], \'extra\', nil, percent, nil, effects[ii].extra)\n        end\n\n        --If x_mult added, do mult add event and mult the mult to the total\n        if effects[ii].x_mult then \n            if effects[ii].card then juice_card(effects[ii].card) end\n            mult = mod_mult(mult*effects[ii].x_mult)\n            update_hand_text({delay = 0}, {mult = mult})\n            card_eval_status_text(scoring_hand[i], \'x_mult\', effects[ii].x_mult, percent)\n        end\n\n\n        end\n    end\nend\n' on target 'functions/state_events.lua' resulted in no matches
WARN - [♥] Pattern 'local percent = (i-0.999)/(#G.hand.cards-0.998) + (j-1)*0.1' on target 'functions/state_events.lua' resulted in no matches
WARN - [♥] Pattern 'if effects[ii].card then' on target 'functions/state_events.lua' resulted in no matches
WARN - [♥] Pattern 'if effects.jokers.Xmult_mod then mult = mod_mult(mult*effects.jokers.Xmult_mod);extras.mult = true  end' on target 'functions/state_events.lua' resulted in no matches
WARN - [♥] Pattern 'if effect.Xmult_mod then mult = mod_mult(mult*effect.Xmult_mod);extras.mult = true  end' on target 'functions/state_events.lua' resulted in no matches
WARN - [♥] Pattern 'if effects[ii].message then' on target 'functions/state_events.lua' resulted in no matches
WARN - [♥] Pattern '--calculate the card edition effects' on target 'functions/state_events.lua' resulted in no matches
WARN - [♥] Pattern 'if effects[ii].edition.p_dollars_mod then' on target 'functions/state_events.lua' resulted in no matches
WARN - [♥] Pattern 'if edition_effects.jokers.x_mult_mod then' on target 'functions/state_events.lua' resulted in no matches
WARN - [♥] Pattern 'card_eval_status_text(scoring_hand[i], \'extra\', nil, percent, nil, effects[ii].extra)' on target 'functions/state_events.lua' resulted in no matches
WARN - [♥] Pattern 'card_eval_status_text(scoring_hand[i], \'extra\', nil, percent, nil, effects[ii].extra)' on target 'functions/state_events.lua' resulted in no matches
WARN - [♥] Pattern 'card_eval_status_text(scoring_hand[i], \'debuff\')' on target 'functions/state_events.lua' resulted in no matches
WARN - [♥] Pattern 'for j=1,#reps do' on target 'functions/state_events.lua' resulted in no matches
WARN - [♥] Pattern 'G.jokers.cards[i]:calculate_perishable()' on target 'functions/state_events.lua' resulted in no matches
INFO - [♥] Applied 70 patches to 'functions/state_events.lua'
WARN - [♥] Regex '(?<indent>[\\t ]*)if G\\.F_NO_ACHIEVEMENTS then return end\\n[\\s\\S][\\s\\S]{16}--\\|LOCAL SETTINGS FILE' on target 'functions/common_events.lua' resulted in no matches
WARN - [♥] Pattern 'func = (function() if eval_func(card) then if not first or first then card:juice_up(0.1, 0.1) end;juice_card_until(card, eval_func, nil, 0.8) end return true end)' on target 'functions/common_events.lua' resulted in no matches
WARN - [♥] Pattern 'info_queue[#info_queue + 1] = G.P_CENTERS[\'e_\'..v]' on target 'functions/common_events.lua' resulted in no matches
INFO - [♥] Applied 130 patches to 'functions/common_events.lua'
WARN - [♥] Pattern 'G.pack_cards:emplace(v)' on target 'functions/button_callbacks.lua' resulted in no matches
WARN - [♥] Pattern 'G.jokers.cards[i]:calculate_joker({skip_blind = true})' on target 'functions/button_callbacks.lua' resulted in no matches
INFO - [♥] Applied 59 patches to 'functions/button_callbacks.lua'
WARN - [♥] Pattern 'if G.GAME.blind then G.E_MANAGER:add_event(Event({ func = function() G.GAME.blind:set_blind(nil, true, nil); return true end })) end' on target 'card.lua' resulted in no matches
WARN - [♥] Pattern 'if (self.edition and (self.edition.negative or self.edition.cry_oversat)) or (self.ability.name == \'Antimatter\' and (self.config.center.discovered or self.bypass_discovery_center)) then' on target 'card.lua' resulted in no matches
WARN - [♥] Regex '(?<indent>[\t ]*)for\\s+i\\s*=\\s*1,\\s*#G\\.jokers\\.cards\\s*do\\s*\\n[\\t ]*G\\.jokers\\.cards\\[i\\]:calculate_joker\\(\\{\\s*open_booster\\s*=\\s*true,\\s*card\\s*=\\s*self\\s*\\}\\)\\s*\\n[\\t ]*end' on target 'card.lua' resulted in no matches
INFO - [♥] Applied 200 patches to 'card.lua'
INFO - [♥] Applied 20 patches to 'cardarea.lua'
INFO - [♥] Applied 33 patches to 'blind.lua'
INFO - [♥] Applied 5 patches to 'engine/text.lua'
INFO - [G] Totally applied 4 replacements to overrides.lua
INFO - [G] Failed to connect to the debug server
INFO - [G] 2025-01-21 11:45:39 :: DEBUG :: DebugConsole :: Steamodded Debug Socket started !
INFO - [G] [Blueprint] Starting to load config
INFO - [G] [Blueprint] Reading config file: 
INFO - [G] [Blueprint] return {
	["INTERNAL_debug"] = false,
	["hello"] = true,
}
INFO - [♥] Applied 9 patches to 'engine/sound_manager.lua'
INFO - [♥] Applied 2 patches to 'engine/string_packer.lua'
INFO - [G] Loaded all Blueprint mod shaders successfully
INFO - [G] {
  [1] = table: 0x369cb268   {
     [1] = 0.99607843137255,
     [2] = 0.37254901960784,
     [3] = 0.33333333333333,
     [4] = 1,
   },
  [2] = table: 0x36b9a9e0   {
     [1] = 0,
     [2] = 0.6156862745098,
     [3] = 1,
     [4] = 1,
   },
}
INFO - [G] 2025-01-21 11:45:40 :: TRACE :: Loader :: Processing Mod file (Legacy header): BBBalatro_code.lua
INFO - [G] 2025-01-21 11:45:40 :: TRACE :: Loader :: Saving Mod Info: BBBalatro
INFO - [G] 2025-01-21 11:45:40 :: TRACE :: Loader :: Processing Mod file (Legacy header): olympus.lua
INFO - [G] 2025-01-21 11:45:40 :: TRACE :: Loader :: Saving Mod Info: Olympus
INFO - [G] 2025-01-21 11:45:40 :: TRACE :: Loader :: Processing Mod file (Legacy header): mod.lua
INFO - [G] 2025-01-21 11:45:40 :: TRACE :: Loader :: Saving Mod Info: blueprint
INFO - [G] 2025-01-21 11:45:40 :: TRACE :: Loader :: Processing Mod file (Legacy header): Bunco.lua
INFO - [G] 2025-01-21 11:45:40 :: TRACE :: Loader :: Saving Mod Info: Bunco
INFO - [G] 2025-01-21 11:45:40 :: TRACE :: Loader :: Processing Mod file (Legacy header): mod.lua
INFO - [G] 2025-01-21 11:45:40 :: TRACE :: Loader :: Saving Mod Info: cartomancer
INFO - [G] 2025-01-21 11:45:40 :: INFO  :: DefaultLogger :: Valid JSON file found
INFO - [G] 2025-01-21 11:45:40 :: TRACE :: Loader :: Processing Mod file (Legacy header): TarotDx.lua
INFO - [G] 2025-01-21 11:45:40 :: TRACE :: Loader :: Saving Mod Info: JeffDeluxeConsumablesPack
INFO - [G] 2025-01-21 11:45:40 :: TRACE :: Loader :: Processing Mod file (Legacy header): datealive.lua
INFO - [G] 2025-01-21 11:45:40 :: TRACE :: Loader :: Saving Mod Info: datealive
INFO - [G] 2025-01-21 11:45:40 :: TRACE :: Loader :: Processing Mod file (Legacy header): Distro.lua
INFO - [G] 2025-01-21 11:45:40 :: TRACE :: Loader :: Saving Mod Info: Distro
INFO - [G] 2025-01-21 11:45:40 :: INFO  :: DefaultLogger :: Valid JSON file found
INFO - [G] 2025-01-21 11:45:40 :: TRACE :: Loader :: Processing Mod file (Legacy header): GamepadStyleKeyboardControls.lua
INFO - [G] 2025-01-21 11:45:40 :: TRACE :: Loader :: Saving Mod Info: GamepadStyleKeyboardControls
INFO - [G] 2025-01-21 11:45:40 :: TRACE :: Loader :: Processing Mod file (Legacy header): steamodded.lua
INFO - [G] 2025-01-21 11:45:40 :: TRACE :: Loader :: Saving Mod Info: Handy
INFO - [G] 2025-01-21 11:45:40 :: WARN  :: Loader :: Found lone Lua file HoldForFinalHandScore.lua in Mods directory :: Please place the files for each mod in its own subdirectory.
INFO - [G] 2025-01-21 11:45:40 :: TRACE :: Loader :: Processing Mod file (Legacy header): HoldForFinalHandScore.lua
INFO - [G] 2025-01-21 11:45:40 :: TRACE :: Loader :: Saving Mod Info: HoldForFinalHandScore
INFO - [G] 2025-01-21 11:45:40 :: TRACE :: Loader :: Processing Mod file (Legacy header): IncreaseJokerCap.lua
INFO - [G] 2025-01-21 11:45:40 :: TRACE :: Loader :: Saving Mod Info: IncreaseJokerCap
INFO - [G] 2025-01-21 11:45:40 :: TRACE :: Loader :: Processing Mod file (Legacy header): JankChallenges.lua
INFO - [G] 2025-01-21 11:45:40 :: TRACE :: Loader :: Saving Mod Info: JankChallenges
INFO - [G] 2025-01-21 11:45:40 :: TRACE :: Loader :: Processing Mod file (Legacy header): JankJonklers.lua
INFO - [G] 2025-01-21 11:45:40 :: TRACE :: Loader :: Saving Mod Info: JankJonklersMod
INFO - [G] 2025-01-21 11:45:40 :: TRACE :: Loader :: Processing Mod file (Legacy header): Aurinko.lua
INFO - [G] 2025-01-21 11:45:40 :: TRACE :: Loader :: Saving Mod Info: aurinko
INFO - [G] 2025-01-21 11:45:40 :: TRACE :: Loader :: Processing Mod file (Legacy header): Incantation.lua
INFO - [G] 2025-01-21 11:45:40 :: TRACE :: Loader :: Saving Mod Info: incantation
INFO - [G] 2025-01-21 11:45:40 :: TRACE :: Loader :: Processing Mod file (Legacy header): JenLib.lua
INFO - [G] 2025-01-21 11:45:40 :: TRACE :: Loader :: Saving Mod Info: JenLib
INFO - [G] 2025-01-21 11:45:40 :: TRACE :: Loader :: Processing Mod file (Legacy header): Loop.lua
INFO - [G] 2025-01-21 11:45:40 :: TRACE :: Loader :: Saving Mod Info: loop
INFO - [G] 2025-01-21 11:45:40 :: TRACE :: Loader :: Processing Mod file (Legacy header): Nopeus.lua
INFO - [G] 2025-01-21 11:45:40 :: TRACE :: Loader :: Saving Mod Info: nopeus
INFO - [G] 2025-01-21 11:45:40 :: TRACE :: Loader :: Processing Mod file (Legacy header): main.lua
INFO - [G] 2025-01-21 11:45:40 :: TRACE :: Loader :: Saving Mod Info: joker_evolution
INFO - [G] 2025-01-21 11:45:40 :: TRACE :: Loader :: Processing Mod file (Legacy header): JokerDisplay.lua
INFO - [G] 2025-01-21 11:45:40 :: TRACE :: Loader :: Saving Mod Info: JokerDisplay
INFO - [G] 2025-01-21 11:45:40 :: TRACE :: Loader :: Processing Mod file (Legacy header): MoreFluff.lua
INFO - [G] 2025-01-21 11:45:40 :: TRACE :: Loader :: Saving Mod Info: MoreFluff
INFO - [G] 2025-01-21 11:45:40 :: TRACE :: Loader :: Processing Mod file (Legacy header): MoreJokerPacks.lua
INFO - [G] 2025-01-21 11:45:40 :: TRACE :: Loader :: Saving Mod Info: MoreJokerPacks
INFO - [G] 2025-01-21 11:45:40 :: TRACE :: Loader :: Processing Mod file (Legacy header): PampaJokers.lua
INFO - [G] 2025-01-21 11:45:40 :: TRACE :: Loader :: Saving Mod Info: mtl_jkr
INFO - [G] 2025-01-21 11:45:40 :: TRACE :: Loader :: Processing Mod file (Legacy header): main.lua
INFO - [G] 2025-01-21 11:45:40 :: TRACE :: Loader :: Saving Mod Info: sdm0sstuff
INFO - [G] 2025-01-21 11:45:40 :: WARN  :: Loader :: Found lone Lua file ShopStake.lua in Mods directory :: Please place the files for each mod in its own subdirectory.
INFO - [G] 2025-01-21 11:45:40 :: TRACE :: Loader :: Processing Mod file (Legacy header): ShopStake.lua
INFO - [G] 2025-01-21 11:45:40 :: TRACE :: Loader :: Saving Mod Info: ShopStakeMod
INFO - [G] 2025-01-21 11:45:40 :: ERROR :: Loader :: Found invalid metadata JSON file at C:\Users\ramosalves\AppData\Roaming\Balatro\Mods/SnoresvilleTurbulentJokers/SnoresvilleTurbulentJokers.json, ignoring: [SMODS _ "src/loader.lua"]:105: attempt to call method 'gmatch' (a nil value)
INFO - [G] 2025-01-21 11:45:40 :: TRACE :: Loader :: Processing Mod file (Legacy header): SnowMods.lua
INFO - [G] 2025-01-21 11:45:40 :: TRACE :: Loader :: Saving Mod Info: SnowHolidayJokers
INFO - [G] 2025-01-21 11:45:40 :: TRACE :: Loader :: Processing Mod file (Legacy header): Taikomochi.lua
INFO - [G] 2025-01-21 11:45:40 :: TRACE :: Loader :: Saving Mod Info: Taikomochi
INFO - [G] 2025-01-21 11:45:40 :: TRACE :: Loader :: Processing Mod file (Legacy header): steamodded_metadata.lua
INFO - [G] 2025-01-21 11:45:40 :: TRACE :: Loader :: Saving Mod Info: Talisman
INFO - [G] 2025-01-21 11:45:40 :: TRACE :: Loader :: Processing Mod file (Legacy header): ThemedDecks.lua
INFO - [G] 2025-01-21 11:45:40 :: TRACE :: Loader :: Saving Mod Info: ThemedDecks
INFO - [G] 2025-01-21 11:45:40 :: TRACE :: Loader :: Processing Mod file (Legacy header): ThemedJokers.lua
INFO - [G] 2025-01-21 11:45:40 :: TRACE :: Loader :: Saving Mod Info: ThemedJokers
INFO - [G] 2025-01-21 11:45:40 :: TRACE :: Loader :: Processing Mod file (Legacy header): ThemedTarots.lua
INFO - [G] 2025-01-21 11:45:40 :: TRACE :: Loader :: Saving Mod Info: ThemedTarots
INFO - [G] 2025-01-21 11:45:40 :: ERROR :: Loader :: Found invalid metadata JSON file at C:\Users\ramosalves\AppData\Roaming\Balatro\Mods/Themed.Jokers/manifest.json, ignoring: [SMODS _ "src/loader.lua"]:226: id
INFO - [G] 2025-01-21 11:45:40 :: TRACE :: Loader :: Processing Mod file (Legacy header): MultiJokers.lua
INFO - [G] 2025-01-21 11:45:40 :: TRACE :: Loader :: Saving Mod Info: MultiJokersMod
INFO - [G] 2025-01-21 11:45:40 :: ERROR :: Loader :: Found invalid metadata JSON file at C:\Users\ramosalves\AppData\Roaming\Balatro\Mods/paperback-0.4.2/.vscode/settings.json, ignoring: [SMODS _ "src/loader.lua"]:226: id
INFO - [G] 2025-01-21 11:45:40 :: INFO  :: DefaultLogger :: Valid JSON file found
INFO - [G] 2025-01-21 11:45:40 :: TRACE :: Loader :: Processing Mod file (Legacy header): sevendeadlysins.lua
INFO - [G] 2025-01-21 11:45:40 :: TRACE :: Loader :: Saving Mod Info: 7deadlysins
INFO - [G] 2025-01-21 11:45:40 :: WARN  :: Challenge :: Detected duplicate register call on object c_mad_world_1
INFO - [G] basepaul_card
INFO - [G] clownfish
INFO - [G] expansion_pack
INFO - [G] hollow
INFO - [G] jester
INFO - [G] lollipop
INFO - [G] luckycharm
INFO - [G] monochrome
INFO - [G] mspaint
INFO - [G] simplified
INFO - [G] spiral
INFO - [G] treasuremap
INFO - [G] philosophical
INFO - [G] badlegaldefence
INFO - [G] clipart
INFO - [G] dropkick
INFO - [G] bladedance
INFO - [G] hyperbeam
INFO - [G] blasphemy
INFO - [G] dramaticentrance
INFO - [G] coupon_catalogue
INFO - [G] css
INFO - [G] globe
INFO - [G] goldencarrot
INFO - [G] hallofmirrors
INFO - [G] impostor
INFO - [G] tonersoup
INFO - [G] loadeddisk
INFO - [G] stylemeter
INFO - [G] teacup
INFO - [G] recycling
INFO - [G] virtual
INFO - [G] bloodpact
INFO - [G] bowlingball
INFO - [G] cba
INFO - [G] fleshprison
INFO - [G] hugejoker
INFO - [G] jankman
INFO - [G] mashupalbum
INFO - [G] pixeljoker
INFO - [G] rainbowjoker
INFO - [G] rosetinted
INFO - [G] the_solo
INFO - [G] triangle
INFO - [G] colorem
INFO - [G] 2025-01-21 11:45:41 :: DEBUG :: Paperback :: Loaded joker: calling_card
INFO - [G] 2025-01-21 11:45:41 :: DEBUG :: Paperback :: Loaded joker: quick_fix
INFO - [G] 2025-01-21 11:45:41 :: DEBUG :: Paperback :: Loaded joker: sacrificial_lamb
INFO - [G] 2025-01-21 11:45:41 :: DEBUG :: Paperback :: Loaded joker: wish_you_were_here
INFO - [G] 2025-01-21 11:45:41 :: DEBUG :: Paperback :: Loaded joker: stamp
INFO - [G] 2025-01-21 11:45:41 :: DEBUG :: Paperback :: Loaded joker: solar_system
INFO - [G] 2025-01-21 11:45:41 :: DEBUG :: Paperback :: Loaded joker: furioso
INFO - [G] 2025-01-21 11:45:41 :: DEBUG :: Paperback :: Loaded joker: pride_flag
INFO - [G] 2025-01-21 11:45:41 :: DEBUG :: Paperback :: Loaded joker: pool_table
INFO - [G] 2025-01-21 11:45:41 :: DEBUG :: Paperback :: Loaded joker: summoning_circle
INFO - [G] 2025-01-21 11:45:41 :: DEBUG :: Paperback :: Loaded joker: hole_in_one
INFO - [G] 2025-01-21 11:45:41 :: DEBUG :: Paperback :: Loaded joker: derecho
INFO - [G] 2025-01-21 11:45:41 :: DEBUG :: Paperback :: Loaded joker: skydiver
INFO - [G] 2025-01-21 11:45:41 :: DEBUG :: Paperback :: Loaded joker: solemn_lament
INFO - [G] 2025-01-21 11:45:41 :: DEBUG :: Paperback :: Loaded joker: ghost_cola
INFO - [G] 2025-01-21 11:45:41 :: DEBUG :: Paperback :: Loaded joker: mismatched_sock
INFO - [G] 2025-01-21 11:45:41 :: DEBUG :: Paperback :: Loaded joker: shopping_center
INFO - [G] 2025-01-21 11:45:41 :: DEBUG :: Paperback :: Loaded joker: union_card
INFO - [G] 2025-01-21 11:45:41 :: DEBUG :: Paperback :: Loaded joker: nachos
INFO - [G] 2025-01-21 11:45:41 :: DEBUG :: Paperback :: Loaded joker: complete_breakfast
INFO - [G] 2025-01-21 11:45:41 :: DEBUG :: Paperback :: Loaded joker: reference_card
INFO - [G] 2025-01-21 11:45:41 :: DEBUG :: Paperback :: Loaded joker: crispy_taco
INFO - [G] 2025-01-21 11:45:41 :: DEBUG :: Paperback :: Loaded joker: soft_taco
INFO - [G] 2025-01-21 11:45:41 :: DEBUG :: Paperback :: Loaded joker: prince_of_darkness
INFO - [G] 2025-01-21 11:45:41 :: DEBUG :: Paperback :: Loaded joker: emergency_broadcast
INFO - [G] 2025-01-21 11:45:41 :: DEBUG :: Paperback :: Loaded joker: triple_moon_goddess
INFO - [G] 2025-01-21 11:45:41 :: DEBUG :: Paperback :: Loaded joker: wild_prize
INFO - [G] 2025-01-21 11:45:41 :: DEBUG :: Paperback :: Loaded joker: bicycle
INFO - [G] 2025-01-21 11:45:41 :: DEBUG :: Paperback :: Loaded joker: grand_strategy
INFO - [G] 2025-01-21 11:45:41 :: DEBUG :: Paperback :: Loaded joker: great_wave
INFO - [G] 2025-01-21 11:45:41 :: DEBUG :: Paperback :: Loaded joker: let_it_happen
INFO - [G] 2025-01-21 11:45:41 :: DEBUG :: Paperback :: Loaded joker: dreamsicle
INFO - [G] 2025-01-21 11:45:41 :: DEBUG :: Paperback :: Loaded joker: popsicle_stick
INFO - [G] 2025-01-21 11:45:41 :: DEBUG :: Paperback :: Loaded joker: cakepop
INFO - [G] 2025-01-21 11:45:41 :: DEBUG :: Paperback :: Loaded joker: pop_stick
INFO - [G] 2025-01-21 11:45:41 :: DEBUG :: Paperback :: Loaded joker: caramel_apple
INFO - [G] 2025-01-21 11:45:41 :: DEBUG :: Paperback :: Loaded joker: pointy_stick
INFO - [G] 2025-01-21 11:45:41 :: DEBUG :: Paperback :: Loaded joker: charred_marshmallow
INFO - [G] 2025-01-21 11:45:41 :: DEBUG :: Paperback :: Loaded joker: sticky_stick
INFO - [G] 2025-01-21 11:45:41 :: DEBUG :: Paperback :: Loaded joker: paranoia
INFO - [G] 2025-01-21 11:45:41 :: DEBUG :: Paperback :: Loaded joker: subterfuge
INFO - [G] 2025-01-21 11:45:41 :: DEBUG :: Paperback :: Loaded joker: unholy_alliance
INFO - [G] 2025-01-21 11:45:41 :: DEBUG :: Paperback :: Loaded joker: cherry_blossoms
INFO - [G] 2025-01-21 11:45:41 :: DEBUG :: Paperback :: Loaded joker: blue_bonnets
INFO - [G] 2025-01-21 11:45:41 :: DEBUG :: Paperback :: Loaded joker: autumn_leaves
INFO - [G] 2025-01-21 11:45:41 :: DEBUG :: Paperback :: Loaded joker: evergreens
INFO - [G] 2025-01-21 11:45:41 :: DEBUG :: Paperback :: Loaded joker: river
INFO - [G] 2025-01-21 11:45:41 :: DEBUG :: Paperback :: Loaded joker: moribund
INFO - [G] 2025-01-21 11:45:41 :: DEBUG :: Paperback :: Loaded joker: jimbo_adventure
INFO - [G] 2025-01-21 11:45:41 :: DEBUG :: Paperback :: Loaded joker: joker_cookie
INFO - [G] 2025-01-21 11:45:41 :: DEBUG :: Paperback :: Loaded joker: jestrica
INFO - [G] 2025-01-21 11:45:41 :: WARN  :: Atlas :: Detected duplicate register call on object ExtraCredit_ECjokers
INFO - [G] 2025-01-21 11:45:41 :: INFO  :: DX :: Deluxe Consumables Cards Loaded
INFO - [G] 2025-01-21 11:45:41 :: INFO  :: DX :: Bunco Loaded
INFO - [G] 2025-01-21 11:45:41 :: INFO  :: TIMER :: [0000] Injected Language in 0.002 ms
INFO - [G] 2025-01-21 11:45:41 :: INFO  :: TIMER :: [0000] Injected [INTERNAL] in 1.173 ms
INFO - [G] 2025-01-21 11:45:42 :: INFO  :: TIMER :: [0137] Injected Atlas in 1524.398 ms
INFO - [G] 2025-01-21 11:45:42 :: INFO  :: TIMER :: [0019] Injected Sound in 20.616 ms
INFO - [G] 2025-01-21 11:45:42 :: INFO  :: TIMER :: [0012] Injected Stake in 2.495 ms
INFO - [G] 2025-01-21 11:45:42 :: INFO  :: TIMER :: [0005] Injected Rarity in 0.334 ms
INFO - [G] 2025-01-21 11:45:42 :: INFO  :: TIMER :: [0006] Injected ObjectType in 0.477 ms
INFO - [G] 2025-01-21 11:45:42 :: INFO  :: TIMER :: [0702] Injected Center in 11.876 ms
INFO - [G] 2025-01-21 11:45:42 :: INFO  :: TIMER :: [0009] Injected Undiscovered Sprite in 0.030 ms
INFO - [G] 2025-01-21 11:45:42 :: INFO  :: TIMER :: [0027] Injected Blind in 0.136 ms
INFO - [G] 2025-01-21 11:45:42 :: INFO  :: TIMER :: [0004] Injected Seal in 1.403 ms
INFO - [G] 2025-01-21 11:45:42 :: INFO  :: TIMER :: [0006] Injected Suit in 2.054 ms
INFO - [G] 2025-01-21 11:45:42 :: INFO  :: TIMER :: [0013] Injected Rank in 1.279 ms
INFO - [G] 2025-01-21 11:45:42 :: INFO  :: TIMER :: [0016] Injected DeckSkin in 0.306 ms
INFO - [G] 2025-01-21 11:45:42 :: INFO  :: TIMER :: [0017] Injected PokerHand in 0.689 ms
INFO - [G] 2025-01-21 11:45:42 :: INFO  :: TIMER :: [0027] Injected Challenge in 0.070 ms
INFO - [G] 2025-01-21 11:45:42 :: INFO  :: TIMER :: [0018] Injected Tag in 0.277 ms
INFO - [G] 2025-01-21 11:45:43 :: INFO  :: TIMER :: [0007] Injected Sticker in 1.824 ms
INFO - [G] 2025-01-21 11:45:43 :: INFO  :: TIMER :: [0004] Injected Shader in 106.902 ms
INFO - [G] 2025-01-21 11:45:43 :: INFO  :: TIMER :: [0001] Injected Keybind in 0.009 ms
INFO - [G] 2025-01-21 11:45:43 :: INFO  :: TIMER :: [0006] Injected Achievement in 0.459 ms
INFO - [G] 2025-01-21 11:45:43 :: INFO  :: TIMER :: [0000] Injected [INTERNAL] in 44.808 ms
INFO - [G] 2025-01-21 11:45:48 :: DEBUG :: DefaultLogger :: remove from deck
INFO - [G] 2025-01-21 11:45:49 :: DEBUG :: DefaultLogger :: remove from deck
INFO - [G] 2025-01-21 11:45:50 :: DEBUG :: DefaultLogger :: remove from deck
INFO - [G] 2025-01-21 11:45:50 :: DEBUG :: DefaultLogger :: remove from deck
INFO - [G] 2025-01-21 11:45:50 :: DEBUG :: DefaultLogger :: remove from deck
INFO - [G] 2025-01-21 11:45:50 :: DEBUG :: DefaultLogger :: remove from deck
INFO - [G] 2025-01-21 11:45:51 :: DEBUG :: DefaultLogger :: remove from deck
INFO - [G] 2025-01-21 11:45:51 :: DEBUG :: DefaultLogger :: remove from deck
INFO - [G] 2025-01-21 11:45:51 :: DEBUG :: DefaultLogger :: remove from deck
INFO - [G] 2025-01-21 11:45:51 :: DEBUG :: DefaultLogger :: remove from deck
INFO - [G] 2025-01-21 11:45:51 :: DEBUG :: DefaultLogger :: remove from deck
INFO - [G] 2025-01-21 11:45:51 :: DEBUG :: DefaultLogger :: remove from deck
INFO - [G] 2025-01-21 11:45:51 :: DEBUG :: DefaultLogger :: remove from deck
INFO - [G] 2025-01-21 11:45:51 :: DEBUG :: DefaultLogger :: remove from deck
INFO - [G] 2025-01-21 11:45:51 :: DEBUG :: DefaultLogger :: remove from deck
INFO - [G] 2025-01-21 11:45:51 :: DEBUG :: DefaultLogger :: remove from deck
INFO - [G] 2025-01-21 11:45:51 :: DEBUG :: DefaultLogger :: remove from deck
INFO - [G] 2025-01-21 11:45:51 :: DEBUG :: DefaultLogger :: remove from deck
INFO - [G] 2025-01-21 11:45:52 :: DEBUG :: DefaultLogger :: remove from deck
INFO - [G] 2025-01-21 11:45:52 :: DEBUG :: DefaultLogger :: remove from deck
INFO - [G] 2025-01-21 11:45:52 :: DEBUG :: DefaultLogger :: remove from deck
INFO - [G] 2025-01-21 11:45:52 :: DEBUG :: DefaultLogger :: remove from deck
INFO - [G] 2025-01-21 11:45:52 :: DEBUG :: DefaultLogger :: remove from deck
INFO - [G] 2025-01-21 11:45:52 :: DEBUG :: DefaultLogger :: remove from deck
INFO - [G] 2025-01-21 11:45:52 :: DEBUG :: DefaultLogger :: remove from deck
INFO - [G] 2025-01-21 11:45:52 :: DEBUG :: DefaultLogger :: remove from deck
INFO - [G] 2025-01-21 11:45:52 :: DEBUG :: DefaultLogger :: remove from deck
INFO - [G] 2025-01-21 11:45:52 :: DEBUG :: DefaultLogger :: remove from deck
INFO - [G] 2025-01-21 11:45:52 :: DEBUG :: DefaultLogger :: remove from deck
INFO - [G] 2025-01-21 11:45:52 :: DEBUG :: DefaultLogger :: remove from deck
INFO - [G] 2025-01-21 11:45:52 :: DEBUG :: DefaultLogger :: remove from deck
INFO - [G] 2025-01-21 11:45:52 :: DEBUG :: DefaultLogger :: remove from deck
INFO - [G] 2025-01-21 11:45:52 :: DEBUG :: DefaultLogger :: remove from deck
INFO - [G] 2025-01-21 11:45:52 :: DEBUG :: DefaultLogger :: remove from deck
INFO - [G] 2025-01-21 11:45:52 :: DEBUG :: DefaultLogger :: remove from deck
INFO - [G] 2025-01-21 11:45:52 :: DEBUG :: DefaultLogger :: remove from deck
INFO - [G] 2025-01-21 11:45:52 :: DEBUG :: DefaultLogger :: remove from deck
INFO - [G] 2025-01-21 11:45:52 :: DEBUG :: DefaultLogger :: remove from deck
INFO - [G] 2025-01-21 11:45:53 :: DEBUG :: DefaultLogger :: remove from deck
INFO - [G] 2025-01-21 11:45:53 :: DEBUG :: DefaultLogger :: remove from deck
INFO - [G] 2025-01-21 11:45:53 :: DEBUG :: DefaultLogger :: remove from deck
INFO - [G] 2025-01-21 11:45:53 :: DEBUG :: DefaultLogger :: remove from deck
INFO - [G] 2025-01-21 11:45:53 :: DEBUG :: DefaultLogger :: remove from deck
INFO - [G] 2025-01-21 11:45:53 :: DEBUG :: DefaultLogger :: remove from deck
INFO - [G] 2025-01-21 11:45:53 :: DEBUG :: DefaultLogger :: remove from deck
INFO - [G] 2025-01-21 11:45:53 :: DEBUG :: DefaultLogger :: remove from deck
INFO - [G] 2025-01-21 11:45:53 :: DEBUG :: DefaultLogger :: remove from deck
INFO - [G] 2025-01-21 11:45:53 :: DEBUG :: DefaultLogger :: remove from deck
INFO - [G] 2025-01-21 11:45:53 :: DEBUG :: DefaultLogger :: remove from deck
INFO - [G] 2025-01-21 11:45:53 :: DEBUG :: DefaultLogger :: remove from deck
INFO - [G] 2025-01-21 11:45:53 :: DEBUG :: DefaultLogger :: remove from deck
INFO - [G] 2025-01-21 11:45:53 :: DEBUG :: DefaultLogger :: remove from deck
INFO - [G] 2025-01-21 11:45:53 :: DEBUG :: DefaultLogger :: remove from deck
INFO - [G] 2025-01-21 11:45:53 :: DEBUG :: DefaultLogger :: remove from deck
INFO - [G] 2025-01-21 11:45:53 :: DEBUG :: DefaultLogger :: remove from deck
INFO - [G] 2025-01-21 11:45:53 :: DEBUG :: DefaultLogger :: remove from deck
INFO - [G] 2025-01-21 11:45:53 :: DEBUG :: DefaultLogger :: remove from deck
INFO - [G] 2025-01-21 11:45:53 :: DEBUG :: DefaultLogger :: remove from deck
INFO - [G] 2025-01-21 11:45:53 :: DEBUG :: DefaultLogger :: remove from deck
INFO - [G] 2025-01-21 11:45:53 :: DEBUG :: DefaultLogger :: remove from deck
INFO - [G] 2025-01-21 11:45:53 :: DEBUG :: DefaultLogger :: remove from deck
INFO - [G] 2025-01-21 11:45:54 :: DEBUG :: DefaultLogger :: remove from deck
INFO - [G] 2025-01-21 11:45:54 :: DEBUG :: DefaultLogger :: remove from deck
INFO - [G] 2025-01-21 11:45:54 :: DEBUG :: DefaultLogger :: remove from deck
INFO - [G] 2025-01-21 11:45:54 :: DEBUG :: DefaultLogger :: remove from deck
INFO - [G] 2025-01-21 11:45:54 :: DEBUG :: DefaultLogger :: remove from deck
INFO - [G] 2025-01-21 11:45:54 :: DEBUG :: DefaultLogger :: remove from deck
INFO - [G] 2025-01-21 11:45:54 :: DEBUG :: DefaultLogger :: remove from deck
INFO - [G] 2025-01-21 11:45:54 :: DEBUG :: DefaultLogger :: remove from deck
INFO - [G] 2025-01-21 11:45:54 :: DEBUG :: DefaultLogger :: remove from deck
INFO - [G] 2025-01-21 11:45:54 :: DEBUG :: DefaultLogger :: remove from deck
INFO - [G] 2025-01-21 11:45:54 :: DEBUG :: DefaultLogger :: remove from deck
INFO - [G] 2025-01-21 11:45:54 :: DEBUG :: DefaultLogger :: remove from deck
INFO - [G] 2025-01-21 11:45:54 :: DEBUG :: DefaultLogger :: remove from deck
INFO - [G] 2025-01-21 11:45:54 :: DEBUG :: DefaultLogger :: remove from deck
INFO - [G] 2025-01-21 11:45:54 :: DEBUG :: DefaultLogger :: remove from deck
INFO - [G] 2025-01-21 11:45:54 :: DEBUG :: DefaultLogger :: remove from deck
INFO - [G] 2025-01-21 11:45:54 :: DEBUG :: DefaultLogger :: remove from deck
INFO - [G] 2025-01-21 11:45:54 :: DEBUG :: DefaultLogger :: remove from deck
INFO - [G] 2025-01-21 11:45:54 :: DEBUG :: DefaultLogger :: remove from deck
INFO - [G] 2025-01-21 11:45:54 :: DEBUG :: DefaultLogger :: remove from deck
INFO - [G] 2025-01-21 11:45:54 :: DEBUG :: DefaultLogger :: remove from deck
INFO - [G] 2025-01-21 11:45:54 :: DEBUG :: DefaultLogger :: remove from deck
INFO - [G] 2025-01-21 11:45:54 :: DEBUG :: DefaultLogger :: remove from deck
INFO - [G] 2025-01-21 11:45:54 :: DEBUG :: DefaultLogger :: remove from deck
INFO - [G] 2025-01-21 11:45:54 :: DEBUG :: DefaultLogger :: remove from deck
INFO - [G] 2025-01-21 11:45:54 :: DEBUG :: DefaultLogger :: remove from deck
INFO - [G] 2025-01-21 11:45:54 :: DEBUG :: DefaultLogger :: remove from deck
INFO - [G] 2025-01-21 11:45:54 :: DEBUG :: DefaultLogger :: remove from deck
INFO - [G] 2025-01-21 11:45:54 :: DEBUG :: DefaultLogger :: remove from deck
INFO - [G] 2025-01-21 11:45:54 :: DEBUG :: DefaultLogger :: remove from deck
INFO - [G] 2025-01-21 11:45:54 :: DEBUG :: DefaultLogger :: remove from deck
INFO - [G] 2025-01-21 11:45:55 :: DEBUG :: DefaultLogger :: remove from deck
INFO - [G] 2025-01-21 11:45:55 :: DEBUG :: DefaultLogger :: remove from deck
INFO - [G] 2025-01-21 11:45:55 :: DEBUG :: DefaultLogger :: remove from deck
INFO - [G] 2025-01-21 11:45:55 :: DEBUG :: DefaultLogger :: remove from deck
INFO - [G] 2025-01-21 11:45:55 :: DEBUG :: DefaultLogger :: remove from deck
INFO - [G] 2025-01-21 11:45:55 :: DEBUG :: DefaultLogger :: remove from deck
INFO - [G] 2025-01-21 11:45:55 :: DEBUG :: DefaultLogger :: remove from deck
INFO - [G] 2025-01-21 11:45:55 :: DEBUG :: DefaultLogger :: remove from deck
INFO - [G] 2025-01-21 11:45:55 :: DEBUG :: DefaultLogger :: remove from deck
INFO - [G] 2025-01-21 11:45:55 :: DEBUG :: DefaultLogger :: remove from deck
INFO - [G] 2025-01-21 11:45:55 :: DEBUG :: DefaultLogger :: remove from deck
INFO - [G] 2025-01-21 11:45:55 :: DEBUG :: DefaultLogger :: remove from deck
INFO - [G] 2025-01-21 11:45:55 :: DEBUG :: DefaultLogger :: remove from deck
INFO - [G] 2025-01-21 11:45:55 :: DEBUG :: DefaultLogger :: remove from deck
INFO - [G] 2025-01-21 11:45:55 :: DEBUG :: DefaultLogger :: remove from deck
INFO - [G] 2025-01-21 11:45:55 :: DEBUG :: DefaultLogger :: remove from deck
INFO - [G] 2025-01-21 11:45:55 :: DEBUG :: DefaultLogger :: remove from deck
INFO - [G] 2025-01-21 11:45:55 :: DEBUG :: DefaultLogger :: remove from deck
INFO - [G] 2025-01-21 11:45:55 :: DEBUG :: DefaultLogger :: remove from deck
INFO - [G] 2025-01-21 11:45:55 :: DEBUG :: DefaultLogger :: remove from deck
INFO - [G] 2025-01-21 11:45:55 :: DEBUG :: DefaultLogger :: remove from deck
INFO - [G] 2025-01-21 11:45:55 :: DEBUG :: DefaultLogger :: remove from deck
INFO - [G] 2025-01-21 11:45:55 :: DEBUG :: DefaultLogger :: remove from deck
INFO - [G] 2025-01-21 11:45:55 :: DEBUG :: DefaultLogger :: remove from deck
INFO - [G] 2025-01-21 11:45:55 :: DEBUG :: DefaultLogger :: remove from deck
INFO - [G] 2025-01-21 11:45:55 :: DEBUG :: DefaultLogger :: remove from deck
INFO - [G] 2025-01-21 11:45:55 :: DEBUG :: DefaultLogger :: remove from deck
INFO - [G] 2025-01-21 11:45:55 :: DEBUG :: DefaultLogger :: remove from deck
INFO - [G] 2025-01-21 11:45:55 :: DEBUG :: DefaultLogger :: remove from deck
INFO - [G] 2025-01-21 11:45:55 :: DEBUG :: DefaultLogger :: remove from deck
INFO - [G] 2025-01-21 11:45:55 :: DEBUG :: DefaultLogger :: remove from deck
INFO - [G] 2025-01-21 11:45:55 :: DEBUG :: DefaultLogger :: remove from deck
INFO - [G] 2025-01-21 11:45:55 :: DEBUG :: DefaultLogger :: remove from deck
INFO - [G] 2025-01-21 11:45:55 :: DEBUG :: DefaultLogger :: remove from deck
INFO - [G] 2025-01-21 11:45:55 :: DEBUG :: DefaultLogger :: remove from deck
INFO - [G] 2025-01-21 11:45:55 :: DEBUG :: DefaultLogger :: remove from deck
INFO - [G] 2025-01-21 11:45:55 :: DEBUG :: DefaultLogger :: remove from deck
INFO - [G] 2025-01-21 11:45:55 :: DEBUG :: DefaultLogger :: remove from deck
INFO - [G] 2025-01-21 11:45:55 :: DEBUG :: DefaultLogger :: remove from deck
INFO - [G] 2025-01-21 11:45:55 :: DEBUG :: DefaultLogger :: remove from deck
INFO - [G] 2025-01-21 11:45:55 :: DEBUG :: DefaultLogger :: remove from deck
INFO - [G] 2025-01-21 11:45:55 :: DEBUG :: DefaultLogger :: remove from deck
INFO - [G] 2025-01-21 11:45:55 :: DEBUG :: DefaultLogger :: remove from deck
INFO - [G] 2025-01-21 11:45:55 :: DEBUG :: DefaultLogger :: remove from deck
INFO - [G] 2025-01-21 11:45:55 :: DEBUG :: DefaultLogger :: remove from deck
INFO - [G] 2025-01-21 11:45:55 :: DEBUG :: DefaultLogger :: remove from deck
INFO - [G] 2025-01-21 11:45:55 :: DEBUG :: DefaultLogger :: remove from deck
INFO - [G] 2025-01-21 11:45:55 :: DEBUG :: DefaultLogger :: remove from deck
INFO - [G] 2025-01-21 11:45:55 :: DEBUG :: DefaultLogger :: remove from deck
INFO - [G] 2025-01-21 11:45:55 :: DEBUG :: DefaultLogger :: remove from deck
INFO - [G] 2025-01-21 11:45:55 :: DEBUG :: DefaultLogger :: remove from deck
INFO - [G] 2025-01-21 11:45:55 :: DEBUG :: DefaultLogger :: remove from deck
INFO - [G] 2025-01-21 11:45:55 :: DEBUG :: DefaultLogger :: remove from deck
INFO - [G] 2025-01-21 11:45:55 :: DEBUG :: DefaultLogger :: remove from deck
INFO - [G] 2025-01-21 11:45:55 :: DEBUG :: DefaultLogger :: remove from deck
INFO - [G] 2025-01-21 11:45:55 :: DEBUG :: DefaultLogger :: remove from deck
INFO - [G] 2025-01-21 11:45:55 :: DEBUG :: DefaultLogger :: remove from deck
INFO - [G] 2025-01-21 11:45:55 :: DEBUG :: DefaultLogger :: remove from deck
INFO - [G] 2025-01-21 11:45:55 :: DEBUG :: DefaultLogger :: remove from deck
INFO - [G] 2025-01-21 11:45:55 :: DEBUG :: DefaultLogger :: remove from deck
INFO - [G] 2025-01-21 11:45:55 :: DEBUG :: DefaultLogger :: remove from deck
INFO - [G] 2025-01-21 11:45:55 :: DEBUG :: DefaultLogger :: remove from deck
INFO - [G] 2025-01-21 11:45:55 :: DEBUG :: DefaultLogger :: remove from deck
INFO - [G] 2025-01-21 11:45:55 :: DEBUG :: DefaultLogger :: remove from deck
INFO - [G] 2025-01-21 11:45:55 :: DEBUG :: DefaultLogger :: remove from deck
INFO - [G] 2025-01-21 11:45:56 :: DEBUG :: DefaultLogger :: remove from deck
INFO - [G] 2025-01-21 11:45:56 :: DEBUG :: DefaultLogger :: remove from deck
INFO - [G] 2025-01-21 11:45:56 :: DEBUG :: DefaultLogger :: remove from deck
INFO - [G] 2025-01-21 11:45:56 :: DEBUG :: DefaultLogger :: remove from deck
INFO - [G] 2025-01-21 11:45:56 :: DEBUG :: DefaultLogger :: remove from deck
INFO - [G] 2025-01-21 11:45:56 :: DEBUG :: DefaultLogger :: remove from deck
INFO - [G] 2025-01-21 11:45:56 :: DEBUG :: DefaultLogger :: remove from deck
INFO - [G] 2025-01-21 11:45:56 :: DEBUG :: DefaultLogger :: remove from deck
INFO - [G] 2025-01-21 11:45:56 :: DEBUG :: DefaultLogger :: remove from deck
INFO - [G] 2025-01-21 11:45:56 :: DEBUG :: DefaultLogger :: remove from deck
INFO - [G] 2025-01-21 11:45:56 :: DEBUG :: DefaultLogger :: remove from deck
INFO - [G] 2025-01-21 11:45:56 :: DEBUG :: DefaultLogger :: remove from deck
INFO - [G] 2025-01-21 11:45:56 :: DEBUG :: DefaultLogger :: remove from deck
INFO - [G] 2025-01-21 11:45:56 :: DEBUG :: DefaultLogger :: remove from deck
INFO - [G] 2025-01-21 11:45:56 :: DEBUG :: DefaultLogger :: remove from deck
INFO - [G] 2025-01-21 11:45:56 :: DEBUG :: DefaultLogger :: remove from deck
INFO - [G] 2025-01-21 11:45:56 :: DEBUG :: DefaultLogger :: remove from deck
INFO - [G] 2025-01-21 11:45:56 :: DEBUG :: DefaultLogger :: remove from deck
INFO - [G] 2025-01-21 11:45:56 :: DEBUG :: DefaultLogger :: remove from deck
INFO - [G] 2025-01-21 11:45:56 :: DEBUG :: DefaultLogger :: remove from deck
INFO - [G] 2025-01-21 11:45:56 :: DEBUG :: DefaultLogger :: remove from deck
INFO - [G] 2025-01-21 11:45:56 :: DEBUG :: DefaultLogger :: remove from deck
INFO - [G] 2025-01-21 11:45:56 :: DEBUG :: DefaultLogger :: remove from deck
INFO - [G] 2025-01-21 11:45:56 :: DEBUG :: DefaultLogger :: remove from deck
INFO - [G] 2025-01-21 11:45:56 :: DEBUG :: DefaultLogger :: remove from deck
INFO - [G] 2025-01-21 11:45:56 :: DEBUG :: DefaultLogger :: remove from deck
INFO - [G] 2025-01-21 11:45:56 :: DEBUG :: DefaultLogger :: remove from deck
INFO - [G] 2025-01-21 11:45:56 :: DEBUG :: DefaultLogger :: remove from deck
INFO - [G] 2025-01-21 11:45:56 :: DEBUG :: DefaultLogger :: remove from deck
INFO - [G] 2025-01-21 11:45:56 :: DEBUG :: DefaultLogger :: remove from deck
INFO - [G] 2025-01-21 11:45:56 :: DEBUG :: DefaultLogger :: remove from deck
INFO - [G] 2025-01-21 11:45:56 :: DEBUG :: DefaultLogger :: remove from deck
INFO - [G] 2025-01-21 11:45:56 :: DEBUG :: DefaultLogger :: remove from deck
INFO - [G] 2025-01-21 11:45:56 :: DEBUG :: DefaultLogger :: remove from deck
INFO - [G] 2025-01-21 11:45:56 :: DEBUG :: DefaultLogger :: remove from deck
INFO - [G] 2025-01-21 11:45:56 :: DEBUG :: DefaultLogger :: remove from deck
INFO - [G] 2025-01-21 11:45:56 :: DEBUG :: DefaultLogger :: remove from deck
INFO - [G] 2025-01-21 11:45:56 :: DEBUG :: DefaultLogger :: remove from deck
INFO - [G] 2025-01-21 11:45:56 :: DEBUG :: DefaultLogger :: remove from deck
INFO - [G] 2025-01-21 11:45:56 :: DEBUG :: DefaultLogger :: remove from deck
INFO - [G] 2025-01-21 11:45:56 :: DEBUG :: DefaultLogger :: remove from deck
INFO - [G] 2025-01-21 11:45:56 :: DEBUG :: DefaultLogger :: remove from deck
INFO - [G] 2025-01-21 11:45:56 :: DEBUG :: DefaultLogger :: remove from deck
INFO - [G] 2025-01-21 11:45:56 :: DEBUG :: DefaultLogger :: remove from deck
INFO - [G] Distro :: Failed to connect to Discord IPC
INFO - [G] 2025-01-21 11:46:58 :: DEBUG :: DefaultLogger :: remove from deck
INFO - [G] 2025-01-21 11:46:58 :: DEBUG :: DefaultLogger :: remove from deck
INFO - [G] 2025-01-21 11:46:58 :: DEBUG :: DefaultLogger :: remove from deck
INFO - [G] 2025-01-21 11:46:58 :: DEBUG :: DefaultLogger :: remove from deck
INFO - [G] 2025-01-21 11:46:58 :: DEBUG :: DefaultLogger :: remove from deck
INFO - [G] 2025-01-21 11:46:58 :: DEBUG :: DefaultLogger :: remove from deck
INFO - [G] 2025-01-21 11:46:58 :: DEBUG :: DefaultLogger :: remove from deck
INFO - [G] 2025-01-21 11:46:58 :: DEBUG :: DefaultLogger :: remove from deck
INFO - [G] 2025-01-21 11:46:58 :: DEBUG :: DefaultLogger :: remove from deck
INFO - [G] 2025-01-21 11:46:58 :: DEBUG :: DefaultLogger :: remove from deck
INFO - [G] 2025-01-21 11:46:59 :: DEBUG :: DefaultLogger :: remove from deck
INFO - [G] 2025-01-21 11:46:59 :: DEBUG :: DefaultLogger :: remove from deck
INFO - [G] 2025-01-21 11:46:59 :: DEBUG :: DefaultLogger :: remove from deck
INFO - [G] 2025-01-21 11:46:59 :: DEBUG :: DefaultLogger :: remove from deck
INFO - [G] 2025-01-21 11:46:59 :: DEBUG :: DefaultLogger :: remove from deck
INFO - [G] 2025-01-21 11:46:59 :: DEBUG :: DefaultLogger :: remove from deck
INFO - [G] 2025-01-21 11:46:59 :: DEBUG :: DefaultLogger :: remove from deck
INFO - [G] 2025-01-21 11:46:59 :: DEBUG :: DefaultLogger :: remove from deck
INFO - [G] 2025-01-21 11:46:59 :: DEBUG :: DefaultLogger :: remove from deck
INFO - [G] 2025-01-21 11:46:59 :: DEBUG :: DefaultLogger :: remove from deck
INFO - [G] 2025-01-21 11:46:59 :: DEBUG :: DefaultLogger :: remove from deck
INFO - [G] 2025-01-21 11:47:00 :: DEBUG :: DefaultLogger :: remove from deck
INFO - [G] 2025-01-21 11:47:01 :: DEBUG :: DefaultLogger :: remove from deck
INFO - [G] 2025-01-21 11:48:31 :: DEBUG :: DefaultLogger :: remove from deck
INFO - [G] 2025-01-21 11:49:02 :: DEBUG :: DefaultLogger :: remove from deck
INFO - [G] 2025-01-21 11:49:02 :: DEBUG :: DefaultLogger :: remove from deck
INFO - [G] 2025-01-21 11:49:24 :: DEBUG :: DefaultLogger :: remove from deck
INFO - [G] 2025-01-21 11:49:24 :: DEBUG :: DefaultLogger :: remove from deck
INFO - [G] 2025-01-21 11:49:24 :: DEBUG :: DefaultLogger :: remove from deck
INFO - [G] 2025-01-21 11:49:24 :: DEBUG :: DefaultLogger :: remove from deck
INFO - [G] 2025-01-21 11:54:52 :: DEBUG :: DefaultLogger :: remove from deck
INFO - [G] 2025-01-21 11:55:01 :: DEBUG :: DefaultLogger :: remove from deck
INFO - [G] 2025-01-21 11:55:01 :: DEBUG :: DefaultLogger :: remove from deck
INFO - [G] 2025-01-21 11:55:01 :: DEBUG :: DefaultLogger :: remove from deck
INFO - [G] LONG DT @ 580: 0.056614937022777
INFO - [G] LONG DT @ 636: 0.065128879444794
INFO - [G] LONG DT @ 636: 0.05605576355584
INFO - [G] 2025-01-21 11:57:02 :: DEBUG :: DefaultLogger :: remove from deck
INFO - [G] 2025-01-21 11:57:08 :: DEBUG :: DefaultLogger :: remove from deck
INFO - [G] 2025-01-21 11:57:25 :: DEBUG :: DefaultLogger :: remove from deck
INFO - [G] 2025-01-21 11:57:25 :: DEBUG :: DefaultLogger :: remove from deck
INFO - [G] 2025-01-21 11:57:25 :: DEBUG :: DefaultLogger :: remove from deck
INFO - [G] 2025-01-21 11:57:25 :: DEBUG :: DefaultLogger :: remove from deck
INFO - [G] 2025-01-21 11:58:20 :: DEBUG :: DefaultLogger :: remove from deck
INFO - [G] 2025-01-21 11:58:23 :: DEBUG :: DefaultLogger :: remove from deck
INFO - [G] 2025-01-21 11:58:35 :: DEBUG :: DefaultLogger :: remove from deck
INFO - [G] 2025-01-21 11:58:35 :: DEBUG :: DefaultLogger :: remove from deck
INFO - [G] 2025-01-21 11:58:35 :: DEBUG :: DefaultLogger :: remove from deck
INFO - [G] 2025-01-21 11:59:14 :: DEBUG :: DefaultLogger :: remove from deck
INFO - [G] LONG DT @ 1148: 0.069377052788138
INFO - [G] LONG DT @ 1148: 0.1
INFO - [G] LONG DT @ 1148: 0.081814760000025
INFO - [G] LONG DT @ 1148: 0.071121688000025
INFO - [G] LONG DT @ 1148: 0.06033135039999
INFO - [G] LONG DT @ 1148: 0.055135240320009
INFO - [G] 2025-01-21 12:05:54 :: DEBUG :: DefaultLogger :: remove from deck
INFO - [G] 2025-01-21 12:05:57 :: DEBUG :: DefaultLogger :: remove from deck
INFO - [G] 2025-01-21 12:05:57 :: DEBUG :: DefaultLogger :: remove from deck
INFO - [G] 2025-01-21 12:05:57 :: DEBUG :: DefaultLogger :: remove from deck
INFO - [G] 2025-01-21 12:06:00 :: DEBUG :: DefaultLogger :: remove from deck
INFO - [G] 2025-01-21 12:06:00 :: DEBUG :: DefaultLogger :: remove from deck
INFO - [G] 2025-01-21 12:06:00 :: DEBUG :: DefaultLogger :: remove from deck
INFO - [G] 2025-01-21 12:06:00 :: DEBUG :: DefaultLogger :: remove from deck
INFO - [G] 2025-01-21 12:06:00 :: DEBUG :: DefaultLogger :: remove from deck
INFO - [G] 2025-01-21 12:06:59 :: DEBUG :: DefaultLogger :: remove from deck
INFO - [G] 2025-01-21 12:06:59 :: DEBUG :: DefaultLogger :: remove from deck
INFO - [G] 2025-01-21 12:06:59 :: DEBUG :: DefaultLogger :: remove from deck
INFO - [G] 2025-01-21 12:06:59 :: DEBUG :: DefaultLogger :: remove from deck
INFO - [G] 2025-01-21 12:06:59 :: DEBUG :: DefaultLogger :: remove from deck
INFO - [G] LONG DT @ 1324: 0.1
INFO - [G] LONG DT @ 1324: 0.084323320000003
INFO - [G] LONG DT @ 1324: 0.074368735999991
INFO - [G] LONG DT @ 1324: 0.062688388800002
INFO - [G] LONG DT @ 1324: 0.056983471039999
INFO - [G] 2025-01-21 12:08:05 :: DEBUG :: DefaultLogger :: remove from deck
INFO - [G] 2025-01-21 12:08:16 :: DEBUG :: DefaultLogger :: remove from deck
INFO - [G] 2025-01-21 12:08:16 :: DEBUG :: DefaultLogger :: remove from deck
INFO - [G] 2025-01-21 12:08:16 :: DEBUG :: DefaultLogger :: remove from deck
INFO - [G] 2025-01-21 12:08:16 :: DEBUG :: DefaultLogger :: remove from deck
INFO - [G] 2025-01-21 12:08:16 :: DEBUG :: DefaultLogger :: remove from deck
INFO - [G] 2025-01-21 12:10:15 :: DEBUG :: DefaultLogger :: remove from deck
INFO - [G] 2025-01-21 12:10:22 :: DEBUG :: DefaultLogger :: remove from deck
INFO - [G] 2025-01-21 12:10:23 :: DEBUG :: DefaultLogger :: remove from deck
INFO - [G] 2025-01-21 12:10:23 :: DEBUG :: DefaultLogger :: remove from deck
INFO - [G] 2025-01-21 12:10:23 :: DEBUG :: DefaultLogger :: remove from deck
INFO - [G] 2025-01-21 12:10:23 :: DEBUG :: DefaultLogger :: remove from deck
INFO - [G] 2025-01-21 12:10:24 :: DEBUG :: DefaultLogger :: remove from deck
INFO - [G] 2025-01-21 12:10:24 :: DEBUG :: DefaultLogger :: remove from deck
INFO - [G] 2025-01-21 12:10:24 :: DEBUG :: DefaultLogger :: remove from deck
INFO - [G] 2025-01-21 12:11:23 :: DEBUG :: DefaultLogger :: remove from deck
INFO - [G] 2025-01-21 12:11:27 :: DEBUG :: DefaultLogger :: remove from deck
INFO - [G] 2025-01-21 12:11:32 :: DEBUG :: DefaultLogger :: remove from deck
INFO - [G] 2025-01-21 12:11:32 :: DEBUG :: DefaultLogger :: remove from deck
INFO - [G] 2025-01-21 12:11:32 :: DEBUG :: DefaultLogger :: remove from deck
INFO - [G] 2025-01-21 12:11:32 :: DEBUG :: DefaultLogger :: remove from deck
INFO - [G] 2025-01-21 12:11:38 :: DEBUG :: DefaultLogger :: remove from deck
INFO - [G] 2025-01-21 12:11:38 :: DEBUG :: DefaultLogger :: remove from deck
INFO - [G] 2025-01-21 12:11:38 :: DEBUG :: DefaultLogger :: remove from deck
INFO - [G] 2025-01-21 12:12:37 :: DEBUG :: DefaultLogger :: remove from deck
INFO - [G] 2025-01-21 12:13:16 :: DEBUG :: DefaultLogger :: remove from deck
INFO - [G] 2025-01-21 12:13:23 :: DEBUG :: DefaultLogger :: remove from deck
INFO - [G] 2025-01-21 12:13:23 :: DEBUG :: DefaultLogger :: remove from deck
INFO - [G] 2025-01-21 12:13:23 :: DEBUG :: DefaultLogger :: remove from deck
INFO - [G] 2025-01-21 12:14:54 :: DEBUG :: DefaultLogger :: remove from deck
INFO - [G] 2025-01-21 12:14:54 :: DEBUG :: DefaultLogger :: remove from deck
INFO - [G] 2025-01-21 12:14:54 :: DEBUG :: DefaultLogger :: remove from deck
INFO - [G] 2025-01-21 12:14:54 :: DEBUG :: DefaultLogger :: remove from deck
INFO - [G] 2025-01-21 12:14:54 :: DEBUG :: DefaultLogger :: remove from deck
INFO - [G] 2025-01-21 12:16:13 :: DEBUG :: DefaultLogger :: remove from deck
INFO - [G] 2025-01-21 12:16:45 :: DEBUG :: DefaultLogger :: remove from deck
INFO - [G] 2025-01-21 12:16:45 :: DEBUG :: DefaultLogger :: remove from deck
INFO - [G] 2025-01-21 12:16:45 :: DEBUG :: DefaultLogger :: remove from deck
INFO - [G] LONG DT @ 1862: 0.064686064418637
INFO - [G] LONG DT @ 1862: 0.05463287153492
INFO - [G] 2025-01-21 12:16:49 :: DEBUG :: DefaultLogger :: remove from deck
INFO - [G] 2025-01-21 12:16:49 :: DEBUG :: DefaultLogger :: remove from deck
INFO - [G] 2025-01-21 12:16:49 :: DEBUG :: DefaultLogger :: remove from deck
INFO - [G] 2025-01-21 12:16:49 :: DEBUG :: DefaultLogger :: remove from deck
INFO - [G] LONG DT @ 2012: 0.1
INFO - [G] LONG DT @ 2012: 0.083398639999978
INFO - [G] LONG DT @ 2012: 0.075368971999973
INFO - [G] LONG DT @ 2013: 0.068081117600009
INFO - [G] LONG DT @ 2013: 0.062781354079976
INFO - [G] LONG DT @ 2013: 0.057708843263995
INFO - [G] LONG DT @ 2013: 0.054032054611218
INFO - [G] LONG DT @ 2013: 0.05198570368896
INFO - [G] LONG DT @ 2013: 0.1
INFO - [G] LONG DT @ 2013: 0.090795320000034
INFO - [G] LONG DT @ 2013: 0.082002836000123
INFO - [G] LONG DT @ 2013: 0.073999288800037
INFO - [G] LONG DT @ 2013: 0.067275951040061
INFO - [G] LONG DT @ 2013: 0.061578040831945
INFO - [G] LONG DT @ 2013: 0.057291672665552
INFO - [G] LONG DT @ 2013: 0.053714118132492
INFO - [G] LONG DT @ 2013: 0.05112197450592
INFO - [G] LONG DT @ 2015: 0.1
INFO - [G] LONG DT @ 2015: 0.089984880000047
INFO - [G] LONG DT @ 2015: 0.085423064000192
INFO - [G] LONG DT @ 2015: 0.08071469120002
INFO - [G] LONG DT @ 2015: 0.070113272960059
INFO - [G] LONG DT @ 2015: 0.06231217836795
INFO - [G] LONG DT @ 2016: 0.056436302694502
INFO - [G] 2025-01-21 14:26:15 :: DEBUG :: DefaultLogger :: remove from deck
INFO - [G] 2025-01-21 14:26:15 :: DEBUG :: DefaultLogger :: remove from deck
INFO - [G] 2025-01-21 14:26:15 :: DEBUG :: DefaultLogger :: remove from deck
INFO - [G] 2025-01-21 14:26:15 :: DEBUG :: DefaultLogger :: remove from deck
INFO - [G] 2025-01-21 14:26:15 :: DEBUG :: DefaultLogger :: remove from deck
INFO - [G] 2025-01-21 14:26:15 :: DEBUG :: DefaultLogger :: remove from deck
INFO - [G] 2025-01-21 14:26:15 :: DEBUG :: DefaultLogger :: remove from deck
INFO - [G] 2025-01-21 14:26:15 :: DEBUG :: DefaultLogger :: remove from deck
INFO - [G] 2025-01-21 14:26:15 :: DEBUG :: DefaultLogger :: remove from deck
INFO - [G] 2025-01-21 14:26:15 :: DEBUG :: DefaultLogger :: remove from deck
INFO - [G] 2025-01-21 14:26:15 :: DEBUG :: DefaultLogger :: remove from deck
INFO - [G] 2025-01-21 14:26:15 :: DEBUG :: DefaultLogger :: remove from deck
INFO - [G] 2025-01-21 14:26:15 :: DEBUG :: DefaultLogger :: remove from deck
INFO - [G] 2025-01-21 14:26:15 :: DEBUG :: DefaultLogger :: remove from deck
INFO - [G] 2025-01-21 14:26:15 :: DEBUG :: DefaultLogger :: remove from deck
INFO - [G] 2025-01-21 14:26:15 :: DEBUG :: DefaultLogger :: remove from deck
INFO - [G] 2025-01-21 14:26:15 :: DEBUG :: DefaultLogger :: remove from deck
INFO - [G] 2025-01-21 14:26:15 :: DEBUG :: DefaultLogger :: remove from deck
INFO - [G] 2025-01-21 14:26:15 :: DEBUG :: DefaultLogger :: remove from deck
INFO - [G] 2025-01-21 14:26:15 :: DEBUG :: DefaultLogger :: remove from deck
INFO - [G] 2025-01-21 14:26:15 :: DEBUG :: DefaultLogger :: remove from deck
INFO - [G] 2025-01-21 14:26:15 :: DEBUG :: DefaultLogger :: remove from deck
INFO - [G] 2025-01-21 14:26:15 :: DEBUG :: DefaultLogger :: remove from deck
INFO - [G] 2025-01-21 14:26:15 :: DEBUG :: DefaultLogger :: remove from deck
INFO - [G] 2025-01-21 14:26:15 :: DEBUG :: DefaultLogger :: remove from deck
INFO - [G] 2025-01-21 14:26:15 :: DEBUG :: DefaultLogger :: remove from deck
INFO - [G] 2025-01-21 14:26:15 :: DEBUG :: DefaultLogger :: remove from deck
INFO - [G] 2025-01-21 14:26:15 :: DEBUG :: DefaultLogger :: remove from deck
INFO - [G] 2025-01-21 14:26:15 :: DEBUG :: DefaultLogger :: remove from deck
INFO - [G] 2025-01-21 14:26:15 :: DEBUG :: DefaultLogger :: remove from deck
INFO - [G] 2025-01-21 14:26:15 :: DEBUG :: DefaultLogger :: remove from deck
INFO - [G] 2025-01-21 14:26:15 :: DEBUG :: DefaultLogger :: remove from deck
INFO - [G] 2025-01-21 14:26:15 :: DEBUG :: DefaultLogger :: remove from deck
INFO - [G] 2025-01-21 14:26:15 :: DEBUG :: DefaultLogger :: remove from deck
INFO - [G] 2025-01-21 14:26:15 :: DEBUG :: DefaultLogger :: remove from deck
INFO - [G] 2025-01-21 14:26:15 :: DEBUG :: DefaultLogger :: remove from deck
INFO - [G] 2025-01-21 14:26:15 :: DEBUG :: DefaultLogger :: remove from deck
INFO - [G] 2025-01-21 14:26:15 :: DEBUG :: DefaultLogger :: remove from deck
INFO - [G] 2025-01-21 14:26:15 :: DEBUG :: DefaultLogger :: remove from deck
INFO - [G] 2025-01-21 14:26:15 :: DEBUG :: DefaultLogger :: remove from deck
INFO - [G] 2025-01-21 14:26:15 :: DEBUG :: DefaultLogger :: remove from deck
INFO - [G] 2025-01-21 14:26:15 :: DEBUG :: DefaultLogger :: remove from deck
INFO - [G] 2025-01-21 14:26:15 :: DEBUG :: DefaultLogger :: remove from deck
INFO - [G] 2025-01-21 14:26:15 :: DEBUG :: DefaultLogger :: remove from deck
INFO - [G] 2025-01-21 14:26:15 :: DEBUG :: DefaultLogger :: remove from deck
INFO - [G] 2025-01-21 14:26:15 :: DEBUG :: DefaultLogger :: remove from deck
INFO - [G] 2025-01-21 14:26:15 :: DEBUG :: DefaultLogger :: remove from deck
INFO - [G] 2025-01-21 14:26:15 :: DEBUG :: DefaultLogger :: remove from deck
INFO - [G] 2025-01-21 14:26:15 :: DEBUG :: DefaultLogger :: remove from deck
INFO - [G] 2025-01-21 14:26:15 :: DEBUG :: DefaultLogger :: remove from deck
INFO - [G] 2025-01-21 14:26:15 :: DEBUG :: DefaultLogger :: remove from deck
INFO - [G] 2025-01-21 14:26:15 :: DEBUG :: DefaultLogger :: remove from deck
INFO - [G] 2025-01-21 14:26:15 :: DEBUG :: DefaultLogger :: remove from deck
INFO - [G] 2025-01-21 14:26:15 :: DEBUG :: DefaultLogger :: remove from deck
INFO - [G] 2025-01-21 14:26:15 :: DEBUG :: DefaultLogger :: remove from deck
INFO - [G] 2025-01-21 14:26:15 :: DEBUG :: DefaultLogger :: remove from deck
INFO - [G] 2025-01-21 14:26:15 :: DEBUG :: DefaultLogger :: remove from deck
INFO - [G] 2025-01-21 14:26:15 :: DEBUG :: DefaultLogger :: remove from deck
INFO - [G] 2025-01-21 14:26:15 :: DEBUG :: DefaultLogger :: remove from deck
INFO - [G] 2025-01-21 14:26:15 :: DEBUG :: DefaultLogger :: remove from deck
INFO - [G] 2025-01-21 14:26:15 :: DEBUG :: DefaultLogger :: remove from deck
INFO - [G] 2025-01-21 14:26:15 :: DEBUG :: DefaultLogger :: remove from deck
INFO - [G] 2025-01-21 14:26:15 :: DEBUG :: DefaultLogger :: remove from deck
INFO - [G] 2025-01-21 14:26:15 :: DEBUG :: DefaultLogger :: remove from deck
INFO - [G] 2025-01-21 14:26:15 :: DEBUG :: DefaultLogger :: remove from deck
INFO - [G] 2025-01-21 14:26:15 :: DEBUG :: DefaultLogger :: remove from deck
INFO - [G] 2025-01-21 14:26:15 :: DEBUG :: DefaultLogger :: remove from deck
INFO - [G] 2025-01-21 14:26:15 :: DEBUG :: DefaultLogger :: remove from deck
INFO - [G] 2025-01-21 14:26:15 :: DEBUG :: DefaultLogger :: remove from deck
INFO - [G] 2025-01-21 14:26:17 :: DEBUG :: DefaultLogger :: remove from deck
INFO - [G] 2025-01-21 14:26:17 :: DEBUG :: DefaultLogger :: remove from deck
INFO - [G] 2025-01-21 14:27:16 :: DEBUG :: DefaultLogger :: remove from deck
INFO - [G] 2025-01-21 14:27:16 :: DEBUG :: DefaultLogger :: remove from deck
INFO - [G] 2025-01-21 14:27:16 :: DEBUG :: DefaultLogger :: remove from deck
INFO - [G] 2025-01-21 14:27:16 :: DEBUG :: DefaultLogger :: remove from deck
INFO - [G] 2025-01-21 14:27:16 :: DEBUG :: DefaultLogger :: remove from deck
INFO - [G] 2025-01-21 14:27:16 :: DEBUG :: DefaultLogger :: remove from deck
INFO - [G] 2025-01-21 14:27:16 :: DEBUG :: DefaultLogger :: remove from deck
INFO - [G] 2025-01-21 14:27:16 :: DEBUG :: DefaultLogger :: remove from deck
INFO - [G] 2025-01-21 14:27:16 :: DEBUG :: DefaultLogger :: remove from deck
INFO - [G] 2025-01-21 14:27:16 :: DEBUG :: DefaultLogger :: remove from deck
INFO - [G] 2025-01-21 14:27:17 :: DEBUG :: DefaultLogger :: remove from deck
INFO - [G] 2025-01-21 14:27:17 :: DEBUG :: DefaultLogger :: remove from deck
INFO - [G] 2025-01-21 14:27:17 :: DEBUG :: DefaultLogger :: remove from deck
INFO - [G] 2025-01-21 14:27:17 :: DEBUG :: DefaultLogger :: remove from deck
INFO - [G] 2025-01-21 14:27:17 :: DEBUG :: DefaultLogger :: remove from deck
INFO - [G] 2025-01-21 14:27:17 :: DEBUG :: DefaultLogger :: remove from deck
INFO - [G] 2025-01-21 14:27:17 :: DEBUG :: DefaultLogger :: remove from deck
INFO - [G] 2025-01-21 14:27:17 :: DEBUG :: DefaultLogger :: remove from deck
INFO - [G] 2025-01-21 14:27:17 :: DEBUG :: DefaultLogger :: remove from deck
INFO - [G] 2025-01-21 14:27:17 :: DEBUG :: DefaultLogger :: remove from deck
INFO - [G] 2025-01-21 14:27:17 :: DEBUG :: DefaultLogger :: remove from deck
INFO - [G] 2025-01-21 14:27:17 :: DEBUG :: DefaultLogger :: remove from deck
INFO - [G] 2025-01-21 14:27:17 :: DEBUG :: DefaultLogger :: remove from deck
INFO - [G] 2025-01-21 14:27:17 :: DEBUG :: DefaultLogger :: remove from deck
INFO - [G] 2025-01-21 14:27:17 :: DEBUG :: DefaultLogger :: remove from deck
INFO - [G] 2025-01-21 14:27:17 :: DEBUG :: DefaultLogger :: remove from deck
INFO - [G] 2025-01-21 14:27:17 :: DEBUG :: DefaultLogger :: remove from deck
INFO - [G] 2025-01-21 14:27:17 :: DEBUG :: DefaultLogger :: remove from deck
INFO - [G] 2025-01-21 14:27:17 :: DEBUG :: DefaultLogger :: remove from deck
INFO - [G] 2025-01-21 14:27:17 :: DEBUG :: DefaultLogger :: remove from deck
INFO - [G] 2025-01-21 14:27:17 :: DEBUG :: DefaultLogger :: remove from deck
INFO - [G] 2025-01-21 14:27:17 :: DEBUG :: DefaultLogger :: remove from deck
INFO - [G] 2025-01-21 14:27:17 :: DEBUG :: DefaultLogger :: remove from deck
INFO - [G] 2025-01-21 14:27:17 :: DEBUG :: DefaultLogger :: remove from deck
INFO - [G] 2025-01-21 14:27:17 :: DEBUG :: DefaultLogger :: remove from deck
INFO - [G] 2025-01-21 14:27:17 :: DEBUG :: DefaultLogger :: remove from deck
INFO - [G] 2025-01-21 14:27:17 :: DEBUG :: DefaultLogger :: remove from deck
INFO - [G] 2025-01-21 14:27:17 :: DEBUG :: DefaultLogger :: remove from deck
INFO - [G] 2025-01-21 14:27:17 :: DEBUG :: DefaultLogger :: remove from deck
INFO - [G] 2025-01-21 14:27:17 :: DEBUG :: DefaultLogger :: remove from deck
INFO - [G] 2025-01-21 14:27:17 :: DEBUG :: DefaultLogger :: remove from deck
INFO - [G] 2025-01-21 14:27:17 :: DEBUG :: DefaultLogger :: remove from deck
INFO - [G] 2025-01-21 14:27:17 :: DEBUG :: DefaultLogger :: remove from deck
INFO - [G] 2025-01-21 14:27:17 :: DEBUG :: DefaultLogger :: remove from deck
INFO - [G] 2025-01-21 14:27:17 :: DEBUG :: DefaultLogger :: remove from deck
INFO - [G] 2025-01-21 14:27:17 :: DEBUG :: DefaultLogger :: remove from deck
INFO - [G] 2025-01-21 14:27:17 :: DEBUG :: DefaultLogger :: remove from deck
INFO - [G] 2025-01-21 14:27:17 :: DEBUG :: DefaultLogger :: remove from deck
INFO - [G] 2025-01-21 14:27:17 :: DEBUG :: DefaultLogger :: remove from deck
INFO - [G] 2025-01-21 14:27:17 :: DEBUG :: DefaultLogger :: remove from deck
INFO - [G] 2025-01-21 14:27:17 :: DEBUG :: DefaultLogger :: remove from deck
INFO - [G] 2025-01-21 14:27:17 :: DEBUG :: DefaultLogger :: remove from deck
INFO - [G] 2025-01-21 14:27:17 :: DEBUG :: DefaultLogger :: remove from deck
INFO - [G] 2025-01-21 14:27:17 :: DEBUG :: DefaultLogger :: remove from deck
INFO - [G] 2025-01-21 14:27:17 :: DEBUG :: DefaultLogger :: remove from deck
INFO - [G] 2025-01-21 14:27:17 :: DEBUG :: DefaultLogger :: remove from deck
INFO - [G] 2025-01-21 14:27:17 :: DEBUG :: DefaultLogger :: remove from deck
INFO - [G] 2025-01-21 14:27:17 :: DEBUG :: DefaultLogger :: remove from deck
INFO - [G] 2025-01-21 14:27:17 :: DEBUG :: DefaultLogger :: remove from deck
INFO - [G] 2025-01-21 14:27:17 :: DEBUG :: DefaultLogger :: remove from deck
INFO - [G] 2025-01-21 14:27:17 :: DEBUG :: DefaultLogger :: remove from deck
INFO - [G] 2025-01-21 14:27:17 :: DEBUG :: DefaultLogger :: remove from deck
INFO - [G] 2025-01-21 14:27:18 :: DEBUG :: DefaultLogger :: remove from deck
INFO - [G] 2025-01-21 14:27:18 :: DEBUG :: DefaultLogger :: remove from deck
INFO - [G] 2025-01-21 14:28:05 :: DEBUG :: DefaultLogger :: remove from deck
INFO - [G] 2025-01-21 14:28:18 :: DEBUG :: DefaultLogger :: remove from deck
INFO - [G] 2025-01-21 14:28:22 :: DEBUG :: DefaultLogger :: remove from deck
INFO - [G] 2025-01-21 14:28:22 :: DEBUG :: DefaultLogger :: remove from deck
INFO - [G] 2025-01-21 14:28:22 :: DEBUG :: DefaultLogger :: remove from deck
INFO - [G] 2025-01-21 14:28:22 :: DEBUG :: DefaultLogger :: remove from deck
INFO - [G] 2025-01-21 14:30:09 :: DEBUG :: DefaultLogger :: remove from deck
INFO - [G] 2025-01-21 14:30:09 :: DEBUG :: DefaultLogger :: remove from deck
INFO - [G] 2025-01-21 14:30:09 :: DEBUG :: DefaultLogger :: remove from deck
INFO - [G] 2025-01-21 14:30:09 :: DEBUG :: DefaultLogger :: remove from deck
INFO - [G] LONG DT @ 2344: 0.08274421575873
INFO - [G] LONG DT @ 2345: 0.068856852606717
INFO - [G] LONG DT @ 2345: 0.060924982085375
INFO - [G] LONG DT @ 2345: 0.051290305668528
INFO - [G] 2025-01-21 14:30:51 :: DEBUG :: DefaultLogger :: remove from deck
INFO - [G] 2025-01-21 14:30:51 :: DEBUG :: DefaultLogger :: remove from deck
INFO - [G] 2025-01-21 14:30:51 :: DEBUG :: DefaultLogger :: remove from deck
INFO - [G] 2025-01-21 14:30:51 :: DEBUG :: DefaultLogger :: remove from deck
INFO - [G] LONG DT @ 2387: 0.090518141774368
INFO - [G] LONG DT @ 2387: 0.076241513419587
INFO - [G] LONG DT @ 2387: 0.064361230735504
INFO - [G] LONG DT @ 2387: 0.054908704588277
INFO - [G] LONG DT @ 2420: 0.067641495060805
INFO - [G] LONG DT @ 2420: 0.059621756048734
INFO - [G] LONG DT @ 2420: 0.05088962483897
INFO - [G] LONG DT @ 2448: 0.065813013231773
INFO - [G] LONG DT @ 2448: 0.057866290585524
INFO - [G] 2025-01-21 14:32:19 :: DEBUG :: DefaultLogger :: remove from deck
INFO - [G] LONG DT @ 2461: 0.050383760029113
INFO - [G] 2025-01-21 14:32:24 :: DEBUG :: DefaultLogger :: remove from deck
INFO - [G] 2025-01-21 14:32:28 :: DEBUG :: DefaultLogger :: remove from deck
INFO - [G] 2025-01-21 14:32:28 :: DEBUG :: DefaultLogger :: remove from deck
INFO - [G] 2025-01-21 14:32:33 :: DEBUG :: DefaultLogger :: remove from deck
INFO - [G] 2025-01-21 14:32:33 :: DEBUG :: DefaultLogger :: remove from deck
INFO - [G] 2025-01-21 14:32:33 :: DEBUG :: DefaultLogger :: remove from deck
INFO - [G] LONG DT @ 2515: 0.050068061014674
INFO - [G] LONG DT @ 2564: 0.052413726433148
INFO - [G] 2025-01-21 14:34:20 :: DEBUG :: DefaultLogger :: remove from deck
INFO - [G] 2025-01-21 14:34:30 :: DEBUG :: DefaultLogger :: remove from deck
INFO - [G] 2025-01-21 14:34:30 :: DEBUG :: DefaultLogger :: remove from deck
INFO - [G] 2025-01-21 14:34:30 :: DEBUG :: DefaultLogger :: remove from deck
INFO - [G] 2025-01-21 14:34:30 :: DEBUG :: DefaultLogger :: remove from deck
INFO - [G] 2025-01-21 14:34:30 :: DEBUG :: DefaultLogger :: remove from deck
INFO - [G] 2025-01-21 14:34:30 :: DEBUG :: DefaultLogger :: remove from deck
INFO - [G] 2025-01-21 14:34:30 :: DEBUG :: DefaultLogger :: remove from deck
INFO - [G] 2025-01-21 14:34:30 :: DEBUG :: DefaultLogger :: remove from deck
INFO - [G] 2025-01-21 14:34:30 :: DEBUG :: DefaultLogger :: remove from deck
INFO - [G] 2025-01-21 14:34:30 :: DEBUG :: DefaultLogger :: remove from deck
INFO - [G] 2025-01-21 14:34:30 :: DEBUG :: DefaultLogger :: remove from deck
INFO - [G] 2025-01-21 14:34:30 :: DEBUG :: DefaultLogger :: remove from deck
INFO - [G] 2025-01-21 14:34:30 :: DEBUG :: DefaultLogger :: remove from deck
INFO - [G] 2025-01-21 14:34:30 :: DEBUG :: DefaultLogger :: remove from deck
INFO - [G] 2025-01-21 14:34:30 :: DEBUG :: DefaultLogger :: remove from deck
INFO - [G] 2025-01-21 14:34:30 :: DEBUG :: DefaultLogger :: remove from deck
INFO - [G] 2025-01-21 14:34:30 :: DEBUG :: DefaultLogger :: remove from deck
INFO - [G] 2025-01-21 14:34:30 :: DEBUG :: DefaultLogger :: remove from deck
INFO - [G] 2025-01-21 14:34:30 :: DEBUG :: DefaultLogger :: remove from deck
INFO - [G] 2025-01-21 14:34:30 :: DEBUG :: DefaultLogger :: remove from deck
INFO - [G] 2025-01-21 14:34:30 :: DEBUG :: DefaultLogger :: remove from deck
INFO - [G] 2025-01-21 14:34:30 :: DEBUG :: DefaultLogger :: remove from deck
INFO - [G] 2025-01-21 14:34:30 :: DEBUG :: DefaultLogger :: remove from deck
INFO - [G] 2025-01-21 14:34:30 :: DEBUG :: DefaultLogger :: remove from deck
INFO - [G] 2025-01-21 14:34:30 :: DEBUG :: DefaultLogger :: remove from deck
INFO - [G] 2025-01-21 14:34:30 :: DEBUG :: DefaultLogger :: remove from deck
INFO - [G] 2025-01-21 14:34:30 :: DEBUG :: DefaultLogger :: remove from deck
INFO - [G] 2025-01-21 14:34:30 :: DEBUG :: DefaultLogger :: remove from deck
INFO - [G] 2025-01-21 14:34:30 :: DEBUG :: DefaultLogger :: remove from deck
INFO - [G] 2025-01-21 14:34:30 :: DEBUG :: DefaultLogger :: remove from deck
INFO - [G] 2025-01-21 14:34:30 :: DEBUG :: DefaultLogger :: remove from deck
INFO - [G] 2025-01-21 14:34:30 :: DEBUG :: DefaultLogger :: remove from deck
INFO - [G] 2025-01-21 14:34:30 :: DEBUG :: DefaultLogger :: remove from deck
INFO - [G] 2025-01-21 14:34:30 :: DEBUG :: DefaultLogger :: remove from deck
INFO - [G] 2025-01-21 14:34:30 :: DEBUG :: DefaultLogger :: remove from deck
INFO - [G] 2025-01-21 14:34:30 :: DEBUG :: DefaultLogger :: remove from deck
INFO - [G] 2025-01-21 14:34:30 :: DEBUG :: DefaultLogger :: remove from deck
INFO - [G] 2025-01-21 14:34:30 :: DEBUG :: DefaultLogger :: remove from deck
INFO - [G] 2025-01-21 14:34:30 :: DEBUG :: DefaultLogger :: remove from deck
INFO - [G] 2025-01-21 14:34:30 :: DEBUG :: DefaultLogger :: remove from deck
INFO - [G] 2025-01-21 14:34:30 :: DEBUG :: DefaultLogger :: remove from deck
INFO - [G] 2025-01-21 14:34:30 :: DEBUG :: DefaultLogger :: remove from deck
INFO - [G] 2025-01-21 14:34:30 :: DEBUG :: DefaultLogger :: remove from deck
INFO - [G] 2025-01-21 14:34:30 :: DEBUG :: DefaultLogger :: remove from deck
INFO - [G] 2025-01-21 14:34:30 :: DEBUG :: DefaultLogger :: remove from deck
INFO - [G] 2025-01-21 14:34:30 :: DEBUG :: DefaultLogger :: remove from deck
INFO - [G] 2025-01-21 14:34:30 :: DEBUG :: DefaultLogger :: remove from deck
INFO - [G] 2025-01-21 14:34:30 :: DEBUG :: DefaultLogger :: remove from deck
INFO - [G] 2025-01-21 14:34:30 :: DEBUG :: DefaultLogger :: remove from deck
INFO - [G] 2025-01-21 14:34:30 :: DEBUG :: DefaultLogger :: remove from deck
INFO - [G] 2025-01-21 14:34:30 :: DEBUG :: DefaultLogger :: remove from deck
INFO - [G] 2025-01-21 14:34:30 :: DEBUG :: DefaultLogger :: remove from deck
INFO - [G] 2025-01-21 14:34:30 :: DEBUG :: DefaultLogger :: remove from deck
INFO - [G] 2025-01-21 14:34:30 :: DEBUG :: DefaultLogger :: remove from deck
INFO - [G] 2025-01-21 14:34:30 :: DEBUG :: DefaultLogger :: remove from deck
INFO - [G] Distro :: Failed to connect to Discord IPC
INFO - [G] 2025-01-21 14:34:31 :: DEBUG :: DefaultLogger :: remove from deck
INFO - [G] 2025-01-21 14:34:31 :: DEBUG :: DefaultLogger :: remove from deck
