INFO - [♥] Lovely 0.6.0
INFO - [♥] Game directory is at "C:\\Users\\ramosalves\\Desktop\\laura\\Balatro"
INFO - [♥] Writing logs to "C:\\Users\\ramosalves\\AppData\\Roaming\\Balatro\\Mods\\lovely\\log"
INFO - [♥] Using mod directory at "C:\\Users\\ramosalves\\AppData\\Roaming\\Balatro\\Mods"
INFO - [♥] Found .lovelyignore in 'dist', skipping it.
WARN - [♥] Unknown key `patches.15.?.match_indent` found in patch file at "C:\\Users\\ramosalves\\AppData\\Roaming\\Balatro\\Mods\\Bunco-main\\lovely.toml", ignoring it
WARN - [♥] Unknown key `patches.46.?.match_indent` found in patch file at "C:\\Users\\ramosalves\\AppData\\Roaming\\Balatro\\Mods\\smods\\lovely\\fixes.toml", ignoring it
WARN - [♥] Unknown key `patches.3.?.match_indent` found in patch file at "C:\\Users\\ramosalves\\AppData\\Roaming\\Balatro\\Mods\\smods\\lovely\\rarity.toml", ignoring it
INFO - [♥] Cleaning up dumps directory at "C:\\Users\\ramosalves\\AppData\\Roaming\\Balatro\\Mods\\lovely\\dump"
INFO - [♥] Initialization complete in 46ms
INFO - [♥] Applied 14 patches to 'main.lua'
INFO - [♥] Applied 5 patches to 'engine/controller.lua'
INFO - [♥] Applied 17 patches to 'back.lua'
INFO - [♥] Applied 9 patches to 'tag.lua'
INFO - [♥] Applied 3 patches to 'engine/node.lua'
INFO - [♥] Applied 1 patch to 'engine/moveable.lua'
INFO - [♥] Applied 4 patches to 'engine/sprite.lua'
INFO - [♥] Applied 2 patches to 'engine/animatedsprite.lua'
WARN - [♥] Pattern 'assembled_string = assembled_string..(type(subpart) == \'string\' and subpart or args.vars[tonumber(subpart[1])])' on target 'functions/misc_functions.lua' resulted in no matches
INFO - [♥] Applied 44 patches to 'functions/misc_functions.lua'
INFO - [♥] Applied 52 patches to 'game.lua'
INFO - [♥] Applied 4 patches to 'globals.lua'
INFO - [♥] Applied 3 patches to 'engine/ui.lua'
WARN - [♥] Pattern 'if (v.type == \'Base\' or v.type == \'Enhanced\') and G.GAME.used_vouchers[\"v_illusion\"] and pseudorandom(pseudoseed(\'illusion\')) > 0.8 then nope' on target 'functions/UI_definitions.lua' resulted in no matches
INFO - [♥] Applied 74 patches to 'functions/UI_definitions.lua'
WARN - [♥] Pattern 'if game_over then nope' on target 'functions/state_events.lua' resulted in no matches
WARN - [♥] Pattern 'if next(eval) then nope' on target 'functions/state_events.lua' resulted in no matches
WARN - [♥] Pattern 'reset_idol_card()\nreset_mail_rank()\nreset_ancient_card()\nreset_castle_card()\n' on target 'functions/state_events.lua' resulted in no matches
WARN - [♥] Pattern '--calculate the card edition effects\nif effects[ii].edition then\n    hand_chips = mod_chips(hand_chips + (effects[ii].edition.chip_mod or 0))\n    mult = mult + (effects[ii].edition.mult_mod or 0)\n    mult = mod_mult(mult*(effects[ii].edition.x_mult_mod or 1))\n    update_hand_text({delay = 0}, {\n        chips = effects[ii].edition.chip_mod and hand_chips or nil,\n        mult = (effects[ii].edition.mult_mod or effects[ii].edition.x_mult_mod) and mult or nil,\n    })\n    card_eval_status_text(scoring_hand[i], \'extra\', nil, percent, nil, {\n        message = (effects[ii].edition.chip_mod and localize{type=\'variable\',key=\'a_chips\',vars={effects[ii].edition.chip_mod}}) or\n                (effects[ii].edition.mult_mod and localize{type=\'variable\',key=\'a_mult\',vars={effects[ii].edition.mult_mod}}) or\n                (effects[ii].edition.x_mult_mod and localize{type=\'variable\',key=\'a_xmult\',vars={effects[ii].edition.x_mult_mod}}),\n        chip_mod =  effects[ii].edition.chip_mod,\n        mult_mod =  effects[ii].edition.mult_mod,\n        x_mult_mod =  effects[ii].edition.x_mult_mod,\n        colour = G.C.DARK_EDITION,\n        edition = true})\nend\n' on target 'functions/state_events.lua' resulted in no matches
WARN - [♥] Pattern '    scoring_hand[i].lucky_trigger = nil\n\n        for ii = 1, #effects do\n        --If chips added, do chip add event and add the chips to the total\n        if effects[ii].chips then \n            if effects[ii].card then juice_card(effects[ii].card) end\n            hand_chips = mod_chips(hand_chips + effects[ii].chips)\n            update_hand_text({delay = 0}, {chips = hand_chips})\n            card_eval_status_text(scoring_hand[i], \'chips\', effects[ii].chips, percent)\n        end\n\n        --If mult added, do mult add event and add the mult to the total\n        if effects[ii].mult then \n            if effects[ii].card then juice_card(effects[ii].card) end\n            mult = mod_mult(mult + effects[ii].mult)\n            update_hand_text({delay = 0}, {mult = mult})\n            card_eval_status_text(scoring_hand[i], \'mult\', effects[ii].mult, percent)\n        end\n\n        --If play dollars added, add dollars to total\n        if effects[ii].p_dollars then \n            if effects[ii].card then juice_card(effects[ii].card) end\n            ease_dollars(effects[ii].p_dollars)\n            card_eval_status_text(scoring_hand[i], \'dollars\', effects[ii].p_dollars, percent)\n        end\n\n        --If dollars added, add dollars to total\n        if effects[ii].dollars then \n            if effects[ii].card then juice_card(effects[ii].card) end\n            ease_dollars(effects[ii].dollars)\n            card_eval_status_text(scoring_hand[i], \'dollars\', effects[ii].dollars, percent)\n        end\n\n        --Any extra effects\n        if effects[ii].extra then \n            if effects[ii].card then juice_card(effects[ii].card) end\n            local extras = {mult = false, hand_chips = false}\n            if effects[ii].extra.mult_mod then mult =mod_mult( mult + effects[ii].extra.mult_mod);extras.mult = true end\n            if effects[ii].extra.chip_mod then hand_chips = mod_chips(hand_chips + effects[ii].extra.chip_mod);extras.hand_chips = true end\n            if effects[ii].extra.swap then \n                local old_mult = mult\n                mult = mod_mult(hand_chips)\n                hand_chips = mod_chips(old_mult)\n                extras.hand_chips = true; extras.mult = true\n            end\n            if effects[ii].extra.func then effects[ii].extra.func() end\n            update_hand_text({delay = 0}, {chips = extras.hand_chips and hand_chips, mult = extras.mult and mult})\n            card_eval_status_text(scoring_hand[i], \'extra\', nil, percent, nil, effects[ii].extra)\n        end\n\n        --If x_mult added, do mult add event and mult the mult to the total\n        if effects[ii].x_mult then \n            if effects[ii].card then juice_card(effects[ii].card) end\n            mult = mod_mult(mult*effects[ii].x_mult)\n            update_hand_text({delay = 0}, {mult = mult})\n            card_eval_status_text(scoring_hand[i], \'x_mult\', effects[ii].x_mult, percent)\n        end\n\n\n        end\n    end\nend\n' on target 'functions/state_events.lua' resulted in no matches
WARN - [♥] Pattern 'local percent = (i-0.999)/(#G.hand.cards-0.998) + (j-1)*0.1' on target 'functions/state_events.lua' resulted in no matches
WARN - [♥] Pattern 'card_eval_status_text(scoring_hand[i], \'extra\', nil, percent, nil, effects[ii].extra)' on target 'functions/state_events.lua' resulted in no matches
WARN - [♥] Pattern 'card_eval_status_text(scoring_hand[i], \'extra\', nil, percent, nil, effects[ii].extra)' on target 'functions/state_events.lua' resulted in no matches
WARN - [♥] Pattern 'card_eval_status_text(scoring_hand[i], \'debuff\')' on target 'functions/state_events.lua' resulted in no matches
WARN - [♥] Pattern 'for j=1,#reps do' on target 'functions/state_events.lua' resulted in no matches
WARN - [♥] Pattern 'G.jokers.cards[i]:calculate_perishable()' on target 'functions/state_events.lua' resulted in no matches
INFO - [♥] Applied 69 patches to 'functions/state_events.lua'
WARN - [♥] Regex '(?<indent>[\\t ]*)if G\\.F_NO_ACHIEVEMENTS then return end\\n[\\s\\S][\\s\\S]{16}--\\|LOCAL SETTINGS FILE' on target 'functions/common_events.lua' resulted in no matches
WARN - [♥] Pattern 'if context.cardarea == G.play then\n    local chips = card:get_chip_bonus()\n    if chips > 0 then \n        ret.chips = chips\n    end\n\n    local mult = card:get_chip_mult()\n    if mult > 0 then \n        ret.mult = mult\n    end\n\n    local x_mult = card:get_chip_x_mult(context)\n    if x_mult > 0 then \n        ret.x_mult = x_mult\n    end\n\n    local p_dollars = card:get_p_dollars()\n    if p_dollars > 0 then \n        ret.p_dollars = p_dollars\n    end\n\n    local jokers = card:calculate_joker(context)\n    if jokers then \n        ret.jokers = jokers\n    end\n\n    local edition = card:get_edition(context)\n    if edition then \n        ret.edition = edition\n    end\nend\n' on target 'functions/common_events.lua' resulted in no matches
WARN - [♥] Pattern 'if context.cardarea == G.hand then\n    local h_mult = card:get_chip_h_mult()\n    if h_mult > 0 then \n        ret.h_mult = h_mult\n    end\n\n    local h_x_mult = card:get_chip_h_x_mult()\n    if h_x_mult > 0 then \n        ret.x_mult = h_x_mult\n    end\n' on target 'functions/common_events.lua' resulted in no matches
WARN - [♥] Pattern 'info_queue[#info_queue + 1] = G.P_CENTERS[\'e_\'..v]' on target 'functions/common_events.lua' resulted in no matches
INFO - [♥] Applied 118 patches to 'functions/common_events.lua'
WARN - [♥] Pattern 'G.pack_cards:emplace(v)' on target 'functions/button_callbacks.lua' resulted in no matches
WARN - [♥] Pattern 'if G.STATE == G.STATES.TAROT_PACK or G.STATE == G.STATES.PLANET_PACK or G.STATE == G.STATES.SPECTRAL_PACK*' on target 'functions/button_callbacks.lua' resulted in no matches
WARN - [♥] Pattern 'if G.STATE == G.STATES.TAROT_PACK or G.STATE == G.STATES.PLANET_PACK or G.STATE == G.STATES.SPECTRAL_PACK*' on target 'functions/button_callbacks.lua' resulted in no matches
WARN - [♥] Pattern 'G.jokers.cards[i]:calculate_joker({skip_blind = true})' on target 'functions/button_callbacks.lua' resulted in no matches
INFO - [♥] Applied 55 patches to 'functions/button_callbacks.lua'
WARN - [♥] Pattern 'if not self.no_shadow and G.SETTINGS.GRAPHICS.shadows == \'On\' and((layer == \'shadow\' or layer == \'both\') and (self.ability.effect ~= \'Glass Card\' and not self.greyed) and ((self.area and self.area ~= G.discard and self.area.config.type ~= \'deck\') or not self.area or self.states.drag.is)) then' on target 'card.lua' resulted in no matches
WARN - [♥] Pattern 'if (self.edition and (self.edition.negative or self.edition.cry_oversat)) or (self.ability.name == \'Antimatter\' and (self.config.center.discovered or self.bypass_discovery_center)) then' on target 'card.lua' resulted in no matches
WARN - [♥] Regex '(?<indent>[\t ]*)for\\s+i\\s*=\\s*1,\\s*#G\\.jokers\\.cards\\s*do\\s*\\n[\\t ]*G\\.jokers\\.cards\\[i\\]:calculate_joker\\(\\{\\s*open_booster\\s*=\\s*true,\\s*card\\s*=\\s*self\\s*\\}\\)\\s*\\n[\\t ]*end' on target 'card.lua' resulted in no matches
INFO - [♥] Applied 186 patches to 'card.lua'
INFO - [♥] Applied 16 patches to 'cardarea.lua'
INFO - [♥] Applied 33 patches to 'blind.lua'
INFO - [♥] Applied 2 patches to 'engine/text.lua'
INFO - [G] Failed to connect to the debug server
INFO - [G] 2025-01-19 16:34:38 :: DEBUG :: DebugConsole :: Steamodded Debug Socket started !
INFO - [♥] Applied 9 patches to 'engine/sound_manager.lua'
INFO - [♥] Applied 1 patch to 'engine/save_manager.lua'
INFO - [G] {
  [1] = table: 0x32849a38   {
     [1] = 0.99607843137255,
     [2] = 0.37254901960784,
     [3] = 0.33333333333333,
     [4] = 1,
   },
  [2] = table: 0x32849a88   {
     [1] = 0,
     [2] = 0.6156862745098,
     [3] = 1,
     [4] = 1,
   },
}
INFO - [G] 2025-01-19 16:34:39 :: TRACE :: Loader :: Processing Mod file (Legacy header): BBBalatro_code.lua
INFO - [G] 2025-01-19 16:34:39 :: TRACE :: Loader :: Saving Mod Info: BBBalatro
INFO - [G] 2025-01-19 16:34:39 :: TRACE :: Loader :: Processing Mod file (Legacy header): BadAppleJoker.lua
INFO - [G] 2025-01-19 16:34:39 :: TRACE :: Loader :: Saving Mod Info: BadApple
INFO - [G] 2025-01-19 16:34:39 :: TRACE :: Loader :: Processing Mod file (Legacy header): Bunco.lua
INFO - [G] 2025-01-19 16:34:39 :: TRACE :: Loader :: Saving Mod Info: Bunco
INFO - [G] 2025-01-19 16:34:39 :: INFO  :: DefaultLogger :: Valid JSON file found
INFO - [G] 2025-01-19 16:34:39 :: TRACE :: Loader :: Processing Mod file (Legacy header): TarotDx.lua
INFO - [G] 2025-01-19 16:34:39 :: TRACE :: Loader :: Saving Mod Info: JeffDeluxeConsumablesPack
INFO - [G] 2025-01-19 16:34:39 :: TRACE :: Loader :: Processing Mod file (Legacy header): datealive.lua
INFO - [G] 2025-01-19 16:34:39 :: TRACE :: Loader :: Saving Mod Info: datealive
INFO - [G] 2025-01-19 16:34:39 :: INFO  :: DefaultLogger :: Valid JSON file found
INFO - [G] 2025-01-19 16:34:39 :: WARN  :: Loader :: Found lone Lua file HoldForFinalHandScore.lua in Mods directory :: Please place the files for each mod in its own subdirectory.
INFO - [G] 2025-01-19 16:34:39 :: TRACE :: Loader :: Processing Mod file (Legacy header): HoldForFinalHandScore.lua
INFO - [G] 2025-01-19 16:34:39 :: TRACE :: Loader :: Saving Mod Info: HoldForFinalHandScore
INFO - [G] 2025-01-19 16:34:39 :: TRACE :: Loader :: Processing Mod file (Legacy header): HouseRules.lua
INFO - [G] 2025-01-19 16:34:39 :: TRACE :: Loader :: Saving Mod Info: HouseRules
INFO - [G] 2025-01-19 16:34:39 :: TRACE :: Loader :: Processing Mod file (Legacy header): IncreaseJokerCap.lua
INFO - [G] 2025-01-19 16:34:39 :: TRACE :: Loader :: Saving Mod Info: IncreaseJokerCap
INFO - [G] 2025-01-19 16:34:39 :: TRACE :: Loader :: Processing Mod file (Legacy header): JankChallenges.lua
INFO - [G] 2025-01-19 16:34:39 :: TRACE :: Loader :: Saving Mod Info: JankChallenges
INFO - [G] 2025-01-19 16:34:39 :: TRACE :: Loader :: Processing Mod file (Legacy header): JankJonklers.lua
INFO - [G] 2025-01-19 16:34:39 :: TRACE :: Loader :: Saving Mod Info: JankJonklersMod
INFO - [G] 2025-01-19 16:34:39 :: TRACE :: Loader :: Processing Mod file (Legacy header): JokerDisplay.lua
INFO - [G] 2025-01-19 16:34:39 :: TRACE :: Loader :: Saving Mod Info: JokerDisplay
INFO - [G] 2025-01-19 16:34:39 :: TRACE :: Loader :: Processing Mod file (Legacy header): MathBlinds.lua
INFO - [G] 2025-01-19 16:34:39 :: TRACE :: Loader :: Saving Mod Info: MathBlinds
INFO - [G] 2025-01-19 16:34:39 :: TRACE :: Loader :: Processing Mod file (Legacy header): MystBlinds.lua
INFO - [G] 2025-01-19 16:34:39 :: TRACE :: Loader :: Saving Mod Info: MystBlinds
INFO - [G] 2025-01-19 16:34:39 :: WARN  :: Loader :: Found lone Lua file ShopStake.lua in Mods directory :: Please place the files for each mod in its own subdirectory.
INFO - [G] 2025-01-19 16:34:39 :: TRACE :: Loader :: Processing Mod file (Legacy header): ShopStake.lua
INFO - [G] 2025-01-19 16:34:39 :: TRACE :: Loader :: Saving Mod Info: ShopStakeMod
INFO - [G] 2025-01-19 16:34:39 :: TRACE :: Loader :: Processing Mod file (Legacy header): Taikomochi.lua
INFO - [G] 2025-01-19 16:34:39 :: TRACE :: Loader :: Saving Mod Info: Taikomochi
INFO - [G] 2025-01-19 16:34:39 :: TRACE :: Loader :: Processing Mod file (Legacy header): 5_legendary_challenges.lua
INFO - [G] 2025-01-19 16:34:39 :: TRACE :: Loader :: Saving Mod Info: legendaryChallenges
INFO - [G] 2025-01-19 16:34:39 :: TRACE :: Loader :: Processing Mod file (Legacy header): Betmma_Abilities.lua
INFO - [G] 2025-01-19 16:34:39 :: TRACE :: Loader :: Saving Mod Info: BetmmaAbilities
INFO - [G] 2025-01-19 16:34:39 :: TRACE :: Loader :: Processing Mod file (Legacy header): Betmma_Jokers.lua
INFO - [G] 2025-01-19 16:34:39 :: TRACE :: Loader :: Saving Mod Info: BetmmaJokers
INFO - [G] 2025-01-19 16:34:39 :: TRACE :: Loader :: Processing Mod file (Legacy header): Betmma_Spells.lua
INFO - [G] 2025-01-19 16:34:39 :: TRACE :: Loader :: Saving Mod Info: BetmmaSpells
INFO - [G] 2025-01-19 16:34:39 :: TRACE :: Loader :: Processing Mod file (Legacy header): Betmma_Voucher_Pack.lua
INFO - [G] 2025-01-19 16:34:39 :: TRACE :: Loader :: Saving Mod Info: BetmmaVoucherPack
INFO - [G] 2025-01-19 16:34:39 :: TRACE :: Loader :: Processing Mod file (Legacy header): Betmma_Vouchers.lua
INFO - [G] 2025-01-19 16:34:39 :: TRACE :: Loader :: Saving Mod Info: BetmmaVouchers
INFO - [G] 2025-01-19 16:34:39 :: TRACE :: Loader :: Processing Mod file (Legacy header): better_vouchers_this_run_ui.lua
INFO - [G] 2025-01-19 16:34:39 :: TRACE :: Loader :: Saving Mod Info: BetterVouchersThisRunUI
INFO - [G] 2025-01-19 16:34:39 :: INFO  :: DefaultLogger :: Valid JSON file found
INFO - [G] 2025-01-19 16:34:39 :: ERROR :: Loader :: Found invalid metadata JSON file at C:\Users\ramosalves\AppData\Roaming\Balatro\Mods/paperback-0.4.2/.vscode/settings.json, ignoring: [SMODS _ "src/loader.lua"]:226: id
INFO - [G] 2025-01-19 16:34:39 :: INFO  :: DefaultLogger :: Valid JSON file found
INFO - [G] betmma config not found
INFO - [G] 2025-01-19 16:34:39 :: DEBUG :: DefaultLogger :: Loaded BadAppleJoker~
INFO - [G] 2025-01-19 16:34:39 :: WARN  :: Spell :: The field `raw_key` on dark is deprecated.
Set `prefix_config.key = false` on your object instead.
INFO - [G] 2025-01-19 16:34:39 :: WARN  :: Spell :: The field `raw_key` on light is deprecated.
Set `prefix_config.key = false` on your object instead.
INFO - [G] 2025-01-19 16:34:39 :: WARN  :: Spell :: The field `raw_key` on earth is deprecated.
Set `prefix_config.key = false` on your object instead.
INFO - [G] 2025-01-19 16:34:39 :: WARN  :: Spell :: The field `raw_key` on air is deprecated.
Set `prefix_config.key = false` on your object instead.
INFO - [G] 2025-01-19 16:34:39 :: WARN  :: Spell :: The field `raw_key` on water is deprecated.
Set `prefix_config.key = false` on your object instead.
INFO - [G] 2025-01-19 16:34:39 :: WARN  :: Spell :: The field `raw_key` on fire is deprecated.
Set `prefix_config.key = false` on your object instead.
INFO - [G] 2025-01-19 16:34:39 :: WARN  :: Spell :: The field `raw_key` on shadow is deprecated.
Set `prefix_config.key = false` on your object instead.
INFO - [G] 2025-01-19 16:34:39 :: WARN  :: Spell :: The field `raw_key` on inferno is deprecated.
Set `prefix_config.key = false` on your object instead.
INFO - [G] 2025-01-19 16:34:39 :: WARN  :: Spell :: The field `raw_key` on abyss is deprecated.
Set `prefix_config.key = false` on your object instead.
INFO - [G] 2025-01-19 16:34:39 :: WARN  :: Spell :: The field `raw_key` on cavern is deprecated.
Set `prefix_config.key = false` on your object instead.
INFO - [G] 2025-01-19 16:34:39 :: WARN  :: Spell :: The field `raw_key` on smoke is deprecated.
Set `prefix_config.key = false` on your object instead.
INFO - [G] 2025-01-19 16:34:39 :: WARN  :: Spell :: The field `raw_key` on radiance is deprecated.
Set `prefix_config.key = false` on your object instead.
INFO - [G] 2025-01-19 16:34:39 :: WARN  :: Spell :: The field `raw_key` on reflection is deprecated.
Set `prefix_config.key = false` on your object instead.
INFO - [G] 2025-01-19 16:34:39 :: WARN  :: Spell :: The field `raw_key` on crystal is deprecated.
Set `prefix_config.key = false` on your object instead.
INFO - [G] 2025-01-19 16:34:39 :: WARN  :: Spell :: The field `raw_key` on halo is deprecated.
Set `prefix_config.key = false` on your object instead.
INFO - [G] 2025-01-19 16:34:39 :: WARN  :: Spell :: The field `raw_key` on steam is deprecated.
Set `prefix_config.key = false` on your object instead.
INFO - [G] 2025-01-19 16:34:39 :: WARN  :: Spell :: The field `raw_key` on magma is deprecated.
Set `prefix_config.key = false` on your object instead.
INFO - [G] 2025-01-19 16:34:39 :: WARN  :: Spell :: The field `raw_key` on ember is deprecated.
Set `prefix_config.key = false` on your object instead.
INFO - [G] 2025-01-19 16:34:39 :: WARN  :: Spell :: The field `raw_key` on mud is deprecated.
Set `prefix_config.key = false` on your object instead.
INFO - [G] 2025-01-19 16:34:39 :: WARN  :: Spell :: The field `raw_key` on dust is deprecated.
Set `prefix_config.key = false` on your object instead.
INFO - [G] 2025-01-19 16:34:39 :: WARN  :: Spell :: The field `raw_key` on cloud is deprecated.
Set `prefix_config.key = false` on your object instead.
INFO - [G] 2025-01-19 16:34:39 :: WARN  :: Spell :: The field `raw_key` on ripple is deprecated.
Set `prefix_config.key = false` on your object instead.
INFO - [G] 2025-01-19 16:34:39 :: WARN  :: Spell :: The field `raw_key` on lava is deprecated.
Set `prefix_config.key = false` on your object instead.
INFO - [G] 2025-01-19 16:34:39 :: WARN  :: Challenge :: Detected duplicate register call on object c_mad_world_1
INFO - [G] 2025-01-19 16:34:39 :: DEBUG :: DefaultLogger :: Loaded HouseRules~
INFO - [G] 2025-01-19 16:34:39 :: INFO  :: DefaultLogger :: Loaded MystBlinds~
INFO - [G] 2025-01-19 16:34:39 :: TRACE :: Loader :: Mod kcvanilla was unable to load: Missing Dependencies: 1: Steamodded (>=1.0.0~ALPHA-1203b) (<=1.0.0~ALPHA-1304a)


INFO - [G] 2025-01-19 16:34:39 :: DEBUG :: Paperback :: Loaded joker: calling_card
INFO - [G] 2025-01-19 16:34:39 :: DEBUG :: Paperback :: Loaded joker: quick_fix
INFO - [G] 2025-01-19 16:34:39 :: DEBUG :: Paperback :: Loaded joker: sacrificial_lamb
INFO - [G] 2025-01-19 16:34:39 :: DEBUG :: Paperback :: Loaded joker: wish_you_were_here
INFO - [G] 2025-01-19 16:34:39 :: DEBUG :: Paperback :: Loaded joker: stamp
INFO - [G] 2025-01-19 16:34:39 :: DEBUG :: Paperback :: Loaded joker: solar_system
INFO - [G] 2025-01-19 16:34:39 :: DEBUG :: Paperback :: Loaded joker: furioso
INFO - [G] 2025-01-19 16:34:39 :: DEBUG :: Paperback :: Loaded joker: pride_flag
INFO - [G] 2025-01-19 16:34:39 :: DEBUG :: Paperback :: Loaded joker: pool_table
INFO - [G] 2025-01-19 16:34:39 :: DEBUG :: Paperback :: Loaded joker: summoning_circle
INFO - [G] 2025-01-19 16:34:39 :: DEBUG :: Paperback :: Loaded joker: hole_in_one
INFO - [G] 2025-01-19 16:34:39 :: DEBUG :: Paperback :: Loaded joker: derecho
INFO - [G] 2025-01-19 16:34:39 :: DEBUG :: Paperback :: Loaded joker: skydiver
INFO - [G] 2025-01-19 16:34:39 :: DEBUG :: Paperback :: Loaded joker: solemn_lament
INFO - [G] 2025-01-19 16:34:39 :: DEBUG :: Paperback :: Loaded joker: ghost_cola
INFO - [G] 2025-01-19 16:34:39 :: DEBUG :: Paperback :: Loaded joker: mismatched_sock
INFO - [G] 2025-01-19 16:34:39 :: DEBUG :: Paperback :: Loaded joker: shopping_center
INFO - [G] 2025-01-19 16:34:39 :: DEBUG :: Paperback :: Loaded joker: union_card
INFO - [G] 2025-01-19 16:34:39 :: DEBUG :: Paperback :: Loaded joker: nachos
INFO - [G] 2025-01-19 16:34:39 :: DEBUG :: Paperback :: Loaded joker: complete_breakfast
INFO - [G] 2025-01-19 16:34:39 :: DEBUG :: Paperback :: Loaded joker: reference_card
INFO - [G] 2025-01-19 16:34:39 :: DEBUG :: Paperback :: Loaded joker: crispy_taco
INFO - [G] 2025-01-19 16:34:39 :: DEBUG :: Paperback :: Loaded joker: soft_taco
INFO - [G] 2025-01-19 16:34:39 :: DEBUG :: Paperback :: Loaded joker: prince_of_darkness
INFO - [G] 2025-01-19 16:34:39 :: DEBUG :: Paperback :: Loaded joker: emergency_broadcast
INFO - [G] 2025-01-19 16:34:39 :: DEBUG :: Paperback :: Loaded joker: triple_moon_goddess
INFO - [G] 2025-01-19 16:34:39 :: DEBUG :: Paperback :: Loaded joker: wild_prize
INFO - [G] 2025-01-19 16:34:39 :: DEBUG :: Paperback :: Loaded joker: bicycle
INFO - [G] 2025-01-19 16:34:39 :: DEBUG :: Paperback :: Loaded joker: grand_strategy
INFO - [G] 2025-01-19 16:34:39 :: DEBUG :: Paperback :: Loaded joker: great_wave
INFO - [G] 2025-01-19 16:34:39 :: DEBUG :: Paperback :: Loaded joker: let_it_happen
INFO - [G] 2025-01-19 16:34:39 :: DEBUG :: Paperback :: Loaded joker: dreamsicle
INFO - [G] 2025-01-19 16:34:39 :: DEBUG :: Paperback :: Loaded joker: popsicle_stick
INFO - [G] 2025-01-19 16:34:39 :: DEBUG :: Paperback :: Loaded joker: cakepop
INFO - [G] 2025-01-19 16:34:39 :: DEBUG :: Paperback :: Loaded joker: pop_stick
INFO - [G] 2025-01-19 16:34:39 :: DEBUG :: Paperback :: Loaded joker: caramel_apple
INFO - [G] 2025-01-19 16:34:39 :: DEBUG :: Paperback :: Loaded joker: pointy_stick
INFO - [G] 2025-01-19 16:34:39 :: DEBUG :: Paperback :: Loaded joker: charred_marshmallow
INFO - [G] 2025-01-19 16:34:39 :: DEBUG :: Paperback :: Loaded joker: sticky_stick
INFO - [G] 2025-01-19 16:34:39 :: DEBUG :: Paperback :: Loaded joker: paranoia
INFO - [G] 2025-01-19 16:34:39 :: DEBUG :: Paperback :: Loaded joker: subterfuge
INFO - [G] 2025-01-19 16:34:39 :: DEBUG :: Paperback :: Loaded joker: unholy_alliance
INFO - [G] 2025-01-19 16:34:39 :: DEBUG :: Paperback :: Loaded joker: cherry_blossoms
INFO - [G] 2025-01-19 16:34:39 :: DEBUG :: Paperback :: Loaded joker: blue_bonnets
INFO - [G] 2025-01-19 16:34:39 :: DEBUG :: Paperback :: Loaded joker: autumn_leaves
INFO - [G] 2025-01-19 16:34:39 :: DEBUG :: Paperback :: Loaded joker: evergreens
INFO - [G] 2025-01-19 16:34:39 :: DEBUG :: Paperback :: Loaded joker: river
INFO - [G] 2025-01-19 16:34:39 :: DEBUG :: Paperback :: Loaded joker: moribund
INFO - [G] 2025-01-19 16:34:39 :: DEBUG :: Paperback :: Loaded joker: jimbo_adventure
INFO - [G] 2025-01-19 16:34:39 :: DEBUG :: Paperback :: Loaded joker: joker_cookie
INFO - [G] 2025-01-19 16:34:39 :: DEBUG :: Paperback :: Loaded joker: jestrica
INFO - [G] 2025-01-19 16:34:39 :: WARN  :: Atlas :: Detected duplicate register call on object ExtraCredit_ECjokers
INFO - [G] 2025-01-19 16:34:39 :: INFO  :: DX :: Deluxe Consumables Cards Loaded
INFO - [G] 2025-01-19 16:34:39 :: INFO  :: DX :: Bunco Loaded
INFO - [G] 2025-01-19 16:34:39 :: INFO  :: TIMER :: [0000] Injected Language in 0.002 ms
INFO - [G] 2025-01-19 16:34:39 :: INFO  :: TIMER :: [0000] Injected [INTERNAL] in 1.565 ms
INFO - [G] 2025-01-19 16:34:51 :: INFO  :: TIMER :: [0253] Injected Atlas in 11675.181 ms
INFO - [G] 2025-01-19 16:34:51 :: INFO  :: TIMER :: [0011] Injected Sound in 3.399 ms
INFO - [G] 2025-01-19 16:34:51 :: INFO  :: TIMER :: [0012] Injected Stake in 39.458 ms
INFO - [G] 2025-01-19 16:34:51 :: INFO  :: TIMER :: [0004] Injected Rarity in 0.713 ms
INFO - [G] 2025-01-19 16:34:51 :: INFO  :: TIMER :: [0007] Injected ObjectType in 1.188 ms
INFO - [G] 2025-01-19 16:34:51 :: INFO  :: TIMER :: [0632] Injected Center in 27.796 ms
INFO - [G] 2025-01-19 16:34:51 :: INFO  :: TIMER :: [0009] Injected Undiscovered Sprite in 0.039 ms
INFO - [G] 2025-01-19 16:34:51 :: INFO  :: TIMER :: [0056] Injected Blind in 0.948 ms
INFO - [G] 2025-01-19 16:34:51 :: INFO  :: TIMER :: [0004] Injected Seal in 0.930 ms
INFO - [G] 2025-01-19 16:34:51 :: INFO  :: TIMER :: [0006] Injected Suit in 0.277 ms
INFO - [G] 2025-01-19 16:34:52 :: INFO  :: TIMER :: [0013] Injected Rank in 0.242 ms
INFO - [G] 2025-01-19 16:34:52 :: INFO  :: TIMER :: [0008] Injected DeckSkin in 0.064 ms
INFO - [G] 2025-01-19 16:34:52 :: INFO  :: TIMER :: [0017] Injected PokerHand in 0.266 ms
INFO - [G] 2025-01-19 16:34:52 :: INFO  :: TIMER :: [0022] Injected Challenge in 0.054 ms
INFO - [G] 2025-01-19 16:34:52 :: INFO  :: TIMER :: [0018] Injected Tag in 0.250 ms
INFO - [G] 2025-01-19 16:34:52 :: INFO  :: TIMER :: [0007] Injected Sticker in 0.221 ms
INFO - [G] 2025-01-19 16:34:52 :: INFO  :: TIMER :: [0004] Injected Shader in 169.006 ms
INFO - [G] 2025-01-19 16:34:52 :: INFO  :: TIMER :: [0001] Injected Keybind in 0.019 ms
INFO - [G] 2025-01-19 16:34:52 :: INFO  :: TIMER :: [0000] Injected Achievement in 0.041 ms
INFO - [G] 2025-01-19 16:34:52 :: INFO  :: TIMER :: [0000] Injected [INTERNAL] in 13.720 ms
INFO - [G] LONG DT @ 12: 0.055586611999999
