INFO - [♥] Lovely 0.6.0
INFO - [♥] Game directory is at "C:\\Users\\ramosalves\\Desktop\\laura\\Balatro"
INFO - [♥] Writing logs to "C:\\Users\\ramosalves\\AppData\\Roaming\\Balatro\\Mods\\lovely\\log"
INFO - [♥] Using mod directory at "C:\\Users\\ramosalves\\AppData\\Roaming\\Balatro\\Mods"
WARN - [♥] Unknown key `patches.15.?.match_indent` found in patch file at "C:\\Users\\ramosalves\\AppData\\Roaming\\Balatro\\Mods\\Bunco-main\\lovely.toml", ignoring it
WARN - [♥] Unknown key `patches.46.?.match_indent` found in patch file at "C:\\Users\\ramosalves\\AppData\\Roaming\\Balatro\\Mods\\smods-main\\lovely\\fixes.toml", ignoring it
WARN - [♥] Unknown key `patches.3.?.match_indent` found in patch file at "C:\\Users\\ramosalves\\AppData\\Roaming\\Balatro\\Mods\\smods-main\\lovely\\rarity.toml", ignoring it
INFO - [♥] Cleaning up dumps directory at "C:\\Users\\ramosalves\\AppData\\Roaming\\Balatro\\Mods\\lovely\\dump"
INFO - [♥] Initialization complete in 50ms
WARN - [♥] Pattern 'modded and {' on target 'main.lua' resulted in no matches
INFO - [♥] Applied 27 patches to 'main.lua'
INFO - [♥] Applied 6 patches to 'engine/controller.lua'
INFO - [♥] Applied 11 patches to 'back.lua'
INFO - [♥] Applied 9 patches to 'tag.lua'
INFO - [♥] Applied 3 patches to 'engine/node.lua'
INFO - [♥] Applied 1 patch to 'engine/moveable.lua'
INFO - [♥] Applied 2 patches to 'engine/sprite.lua'
INFO - [♥] Applied 2 patches to 'engine/animatedsprite.lua'
INFO - [♥] Applied 45 patches to 'functions/misc_functions.lua'
INFO - [♥] Applied 50 patches to 'game.lua'
INFO - [♥] Applied 4 patches to 'globals.lua'
WARN - [♥] Pattern 'self.config.chosen = true' on target 'engine/ui.lua' resulted in no matches
INFO - [♥] Applied 4 patches to 'engine/ui.lua'
INFO - [♥] Applied 90 patches to 'functions/UI_definitions.lua'
WARN - [♥] Pattern 'reset_idol_card()\nreset_mail_rank()\nreset_ancient_card()\nreset_castle_card()\n' on target 'functions/state_events.lua' resulted in no matches
WARN - [♥] Pattern '--calculate the card edition effects\nif effects[ii].edition then\n    hand_chips = mod_chips(hand_chips + (effects[ii].edition.chip_mod or 0))\n    mult = mult + (effects[ii].edition.mult_mod or 0)\n    mult = mod_mult(mult*(effects[ii].edition.x_mult_mod or 1))\n    update_hand_text({delay = 0}, {\n        chips = effects[ii].edition.chip_mod and hand_chips or nil,\n        mult = (effects[ii].edition.mult_mod or effects[ii].edition.x_mult_mod) and mult or nil,\n    })\n    card_eval_status_text(scoring_hand[i], \'extra\', nil, percent, nil, {\n        message = (effects[ii].edition.chip_mod and localize{type=\'variable\',key=\'a_chips\',vars={effects[ii].edition.chip_mod}}) or\n                (effects[ii].edition.mult_mod and localize{type=\'variable\',key=\'a_mult\',vars={effects[ii].edition.mult_mod}}) or\n                (effects[ii].edition.x_mult_mod and localize{type=\'variable\',key=\'a_xmult\',vars={effects[ii].edition.x_mult_mod}}),\n        chip_mod =  effects[ii].edition.chip_mod,\n        mult_mod =  effects[ii].edition.mult_mod,\n        x_mult_mod =  effects[ii].edition.x_mult_mod,\n        colour = G.C.DARK_EDITION,\n        edition = true})\nend\n' on target 'functions/state_events.lua' resulted in no matches
WARN - [♥] Pattern '    scoring_hand[i].lucky_trigger = nil\n\n        for ii = 1, #effects do\n        --If chips added, do chip add event and add the chips to the total\n        if effects[ii].chips then \n            if effects[ii].card then juice_card(effects[ii].card) end\n            hand_chips = mod_chips(hand_chips + effects[ii].chips)\n            update_hand_text({delay = 0}, {chips = hand_chips})\n            card_eval_status_text(scoring_hand[i], \'chips\', effects[ii].chips, percent)\n        end\n\n        --If mult added, do mult add event and add the mult to the total\n        if effects[ii].mult then \n            if effects[ii].card then juice_card(effects[ii].card) end\n            mult = mod_mult(mult + effects[ii].mult)\n            update_hand_text({delay = 0}, {mult = mult})\n            card_eval_status_text(scoring_hand[i], \'mult\', effects[ii].mult, percent)\n        end\n\n        --If play dollars added, add dollars to total\n        if effects[ii].p_dollars then \n            if effects[ii].card then juice_card(effects[ii].card) end\n            ease_dollars(effects[ii].p_dollars)\n            card_eval_status_text(scoring_hand[i], \'dollars\', effects[ii].p_dollars, percent)\n        end\n\n        --If dollars added, add dollars to total\n        if effects[ii].dollars then \n            if effects[ii].card then juice_card(effects[ii].card) end\n            ease_dollars(effects[ii].dollars)\n            card_eval_status_text(scoring_hand[i], \'dollars\', effects[ii].dollars, percent)\n        end\n\n        --Any extra effects\n        if effects[ii].extra then \n            if effects[ii].card then juice_card(effects[ii].card) end\n            local extras = {mult = false, hand_chips = false}\n            if effects[ii].extra.mult_mod then mult =mod_mult( mult + effects[ii].extra.mult_mod);extras.mult = true end\n            if effects[ii].extra.chip_mod then hand_chips = mod_chips(hand_chips + effects[ii].extra.chip_mod);extras.hand_chips = true end\n            if effects[ii].extra.swap then \n                local old_mult = mult\n                mult = mod_mult(hand_chips)\n                hand_chips = mod_chips(old_mult)\n                extras.hand_chips = true; extras.mult = true\n            end\n            if effects[ii].extra.func then effects[ii].extra.func() end\n            update_hand_text({delay = 0}, {chips = extras.hand_chips and hand_chips, mult = extras.mult and mult})\n            card_eval_status_text(scoring_hand[i], \'extra\', nil, percent, nil, effects[ii].extra)\n        end\n\n        --If x_mult added, do mult add event and mult the mult to the total\n        if effects[ii].x_mult then \n            if effects[ii].card then juice_card(effects[ii].card) end\n            mult = mod_mult(mult*effects[ii].x_mult)\n            update_hand_text({delay = 0}, {mult = mult})\n            card_eval_status_text(scoring_hand[i], \'x_mult\', effects[ii].x_mult, percent)\n        end\n\n\n        end\n    end\nend\n' on target 'functions/state_events.lua' resulted in no matches
WARN - [♥] Pattern 'local percent = (i-0.999)/(#G.hand.cards-0.998) + (j-1)*0.1' on target 'functions/state_events.lua' resulted in no matches
WARN - [♥] Pattern 'card_eval_status_text(scoring_hand[i], \'extra\', nil, percent, nil, effects[ii].extra)' on target 'functions/state_events.lua' resulted in no matches
WARN - [♥] Pattern 'card_eval_status_text(scoring_hand[i], \'extra\', nil, percent, nil, effects[ii].extra)' on target 'functions/state_events.lua' resulted in no matches
WARN - [♥] Pattern 'card_eval_status_text(scoring_hand[i], \'debuff\')' on target 'functions/state_events.lua' resulted in no matches
WARN - [♥] Pattern 'for j=1,#reps do' on target 'functions/state_events.lua' resulted in no matches
WARN - [♥] Pattern 'G.jokers.cards[i]:calculate_perishable()' on target 'functions/state_events.lua' resulted in no matches
INFO - [♥] Applied 65 patches to 'functions/state_events.lua'
WARN - [♥] Regex '(?<indent>[\\t ]*)if G\\.F_NO_ACHIEVEMENTS then return end\\n[\\s\\S][\\s\\S]{16}--\\|LOCAL SETTINGS FILE' on target 'functions/common_events.lua' resulted in no matches
WARN - [♥] Pattern 'info_queue[#info_queue + 1] = G.P_CENTERS[\'e_\'..v]' on target 'functions/common_events.lua' resulted in no matches
INFO - [♥] Applied 113 patches to 'functions/common_events.lua'
WARN - [♥] Pattern 'G.pack_cards:emplace(v)' on target 'functions/button_callbacks.lua' resulted in no matches
WARN - [♥] Pattern 'G.jokers.cards[i]:calculate_joker({skip_blind = true})' on target 'functions/button_callbacks.lua' resulted in no matches
INFO - [♥] Applied 53 patches to 'functions/button_callbacks.lua'
WARN - [♥] Pattern 'if (self.edition and (self.edition.negative or self.edition.cry_oversat)) or (self.ability.name == \'Antimatter\' and (self.config.center.discovered or self.bypass_discovery_center)) then' on target 'card.lua' resulted in no matches
WARN - [♥] Regex '(?<indent>[\t ]*)for\\s+i\\s*=\\s*1,\\s*#G\\.jokers\\.cards\\s*do\\s*\\n[\\t ]*G\\.jokers\\.cards\\[i\\]:calculate_joker\\(\\{\\s*open_booster\\s*=\\s*true,\\s*card\\s*=\\s*self\\s*\\}\\)\\s*\\n[\\t ]*end' on target 'card.lua' resulted in no matches
INFO - [♥] Applied 196 patches to 'card.lua'
INFO - [♥] Applied 20 patches to 'cardarea.lua'
INFO - [♥] Applied 32 patches to 'blind.lua'
INFO - [♥] Applied 2 patches to 'engine/text.lua'
INFO - [G] Totally applied 4 replacements to overrides.lua
INFO - [G] Failed to connect to the debug server
INFO - [G] 2025-01-20 09:59:34 :: DEBUG :: DebugConsole :: Steamodded Debug Socket started !
INFO - [G] [Blueprint] Starting to load config
INFO - [G] [Blueprint] Reading config file: 
INFO - [G] [Blueprint] return {
	["INTERNAL_debug"] = false,
	["hello"] = true,
}
INFO - [♥] Applied 9 patches to 'engine/sound_manager.lua'
INFO - [♥] Applied 1 patch to 'engine/save_manager.lua'
INFO - [G] Loaded all Blueprint mod shaders successfully
INFO - [G] 2025-01-20 09:59:35 :: TRACE :: Loader :: Processing Mod file (Legacy header): BBBalatro_code.lua
INFO - [G] 2025-01-20 09:59:35 :: TRACE :: Loader :: Saving Mod Info: BBBalatro
INFO - [G] 2025-01-20 09:59:35 :: TRACE :: Loader :: Processing Mod file (Legacy header): olympus.lua
INFO - [G] 2025-01-20 09:59:35 :: TRACE :: Loader :: Saving Mod Info: Olympus
INFO - [G] 2025-01-20 09:59:35 :: TRACE :: Loader :: Processing Mod file (Legacy header): mod.lua
INFO - [G] 2025-01-20 09:59:35 :: TRACE :: Loader :: Saving Mod Info: blueprint
INFO - [G] 2025-01-20 09:59:35 :: TRACE :: Loader :: Processing Mod file (Legacy header): Bunco.lua
INFO - [G] 2025-01-20 09:59:35 :: TRACE :: Loader :: Saving Mod Info: Bunco
INFO - [G] 2025-01-20 09:59:35 :: TRACE :: Loader :: Processing Mod file (Legacy header): mod.lua
INFO - [G] 2025-01-20 09:59:35 :: TRACE :: Loader :: Saving Mod Info: cartomancer
INFO - [G] 2025-01-20 09:59:35 :: INFO  :: DefaultLogger :: Valid JSON file found
INFO - [G] 2025-01-20 09:59:35 :: TRACE :: Loader :: Processing Mod file (Legacy header): TarotDx.lua
INFO - [G] 2025-01-20 09:59:35 :: TRACE :: Loader :: Saving Mod Info: JeffDeluxeConsumablesPack
INFO - [G] 2025-01-20 09:59:35 :: TRACE :: Loader :: Processing Mod file (Legacy header): datealive.lua
INFO - [G] 2025-01-20 09:59:35 :: TRACE :: Loader :: Saving Mod Info: datealive
INFO - [G] 2025-01-20 09:59:35 :: TRACE :: Loader :: Processing Mod file (Legacy header): Distro.lua
INFO - [G] 2025-01-20 09:59:35 :: TRACE :: Loader :: Saving Mod Info: Distro
INFO - [G] 2025-01-20 09:59:35 :: INFO  :: DefaultLogger :: Valid JSON file found
INFO - [G] 2025-01-20 09:59:35 :: TRACE :: Loader :: Processing Mod file (Legacy header): FloundersJokers.lua
INFO - [G] 2025-01-20 09:59:35 :: TRACE :: Loader :: Saving Mod Info: flounderjokers
INFO - [G] 2025-01-20 09:59:35 :: TRACE :: Loader :: Processing Mod file (Legacy header): steamodded.lua
INFO - [G] 2025-01-20 09:59:35 :: TRACE :: Loader :: Saving Mod Info: Handy
INFO - [G] 2025-01-20 09:59:35 :: TRACE :: Loader :: Processing Mod file (Legacy header): IncreaseJokerCap.lua
INFO - [G] 2025-01-20 09:59:35 :: TRACE :: Loader :: Saving Mod Info: IncreaseJokerCap
INFO - [G] 2025-01-20 09:59:35 :: TRACE :: Loader :: Processing Mod file (Legacy header): JankChallenges.lua
INFO - [G] 2025-01-20 09:59:35 :: TRACE :: Loader :: Saving Mod Info: JankChallenges
INFO - [G] 2025-01-20 09:59:35 :: TRACE :: Loader :: Processing Mod file (Legacy header): JankJonklers.lua
INFO - [G] 2025-01-20 09:59:35 :: TRACE :: Loader :: Saving Mod Info: JankJonklersMod
INFO - [G] 2025-01-20 09:59:35 :: TRACE :: Loader :: Processing Mod file (Legacy header): Aurinko.lua
INFO - [G] 2025-01-20 09:59:35 :: TRACE :: Loader :: Saving Mod Info: aurinko
INFO - [G] 2025-01-20 09:59:35 :: TRACE :: Loader :: Processing Mod file (Legacy header): Incantation.lua
INFO - [G] 2025-01-20 09:59:35 :: TRACE :: Loader :: Saving Mod Info: incantation
INFO - [G] 2025-01-20 09:59:35 :: TRACE :: Loader :: Processing Mod file (Legacy header): JenLib.lua
INFO - [G] 2025-01-20 09:59:35 :: TRACE :: Loader :: Saving Mod Info: JenLib
INFO - [G] 2025-01-20 09:59:35 :: TRACE :: Loader :: Processing Mod file (Legacy header): Loop.lua
INFO - [G] 2025-01-20 09:59:35 :: TRACE :: Loader :: Saving Mod Info: loop
INFO - [G] 2025-01-20 09:59:35 :: TRACE :: Loader :: Processing Mod file (Legacy header): Nopeus.lua
INFO - [G] 2025-01-20 09:59:35 :: TRACE :: Loader :: Saving Mod Info: nopeus
INFO - [G] 2025-01-20 09:59:35 :: TRACE :: Loader :: Processing Mod file (Legacy header): main.lua
INFO - [G] 2025-01-20 09:59:35 :: TRACE :: Loader :: Saving Mod Info: joker_evolution
INFO - [G] 2025-01-20 09:59:35 :: TRACE :: Loader :: Processing Mod file (Legacy header): JokerDisplay.lua
INFO - [G] 2025-01-20 09:59:35 :: TRACE :: Loader :: Saving Mod Info: JokerDisplay
INFO - [G] 2025-01-20 09:59:35 :: TRACE :: Loader :: Processing Mod file (Legacy header): MoreFluff.lua
INFO - [G] 2025-01-20 09:59:35 :: TRACE :: Loader :: Saving Mod Info: MoreFluff
INFO - [G] 2025-01-20 09:59:35 :: TRACE :: Loader :: Processing Mod file (Legacy header): MoreJokerPacks.lua
INFO - [G] 2025-01-20 09:59:35 :: TRACE :: Loader :: Saving Mod Info: MoreJokerPacks
INFO - [G] 2025-01-20 09:59:35 :: TRACE :: Loader :: Processing Mod file (Legacy header): PampaJokers.lua
INFO - [G] 2025-01-20 09:59:35 :: TRACE :: Loader :: Saving Mod Info: mtl_jkr
INFO - [G] 2025-01-20 09:59:36 :: TRACE :: Loader :: Processing Mod file (Legacy header): main.lua
INFO - [G] 2025-01-20 09:59:36 :: TRACE :: Loader :: Saving Mod Info: sdm0sstuff
INFO - [G] 2025-01-20 09:59:36 :: ERROR :: Loader :: Found invalid metadata JSON file at C:\Users\ramosalves\AppData\Roaming\Balatro\Mods/SnoresvilleTurbulentJokers/SnoresvilleTurbulentJokers.json, ignoring: [SMODS _ "src/loader.lua"]:105: attempt to call method 'gmatch' (a nil value)
INFO - [G] 2025-01-20 09:59:36 :: TRACE :: Loader :: Processing Mod file (Legacy header): MultiJokers.lua
INFO - [G] 2025-01-20 09:59:36 :: TRACE :: Loader :: Saving Mod Info: MultiJokersMod
INFO - [G] 2025-01-20 09:59:36 :: ERROR :: Loader :: Found invalid metadata JSON file at C:\Users\ramosalves\AppData\Roaming\Balatro\Mods/paperback-0.4.2/.vscode/settings.json, ignoring: [SMODS _ "src/loader.lua"]:226: id
INFO - [G] 2025-01-20 09:59:36 :: INFO  :: DefaultLogger :: Valid JSON file found
INFO - [G] 2025-01-20 09:59:36 :: TRACE :: Loader :: Processing Mod file (Legacy header): sevendeadlysins.lua
INFO - [G] 2025-01-20 09:59:36 :: TRACE :: Loader :: Saving Mod Info: 7deadlysins
INFO - [G] 2025-01-20 09:59:36 :: WARN  :: Challenge :: Detected duplicate register call on object c_mad_world_1
INFO - [G] 2025-01-20 09:59:36 :: TRACE :: Loader :: Mod MoreFluff was unable to load: Missing Dependencies: 1: Talisman>=2.0.0-beta8


INFO - [G] 2025-01-20 09:59:36 :: DEBUG :: Paperback :: Loaded joker: calling_card
INFO - [G] 2025-01-20 09:59:36 :: DEBUG :: Paperback :: Loaded joker: quick_fix
INFO - [G] 2025-01-20 09:59:36 :: DEBUG :: Paperback :: Loaded joker: sacrificial_lamb
INFO - [G] 2025-01-20 09:59:36 :: DEBUG :: Paperback :: Loaded joker: wish_you_were_here
INFO - [G] 2025-01-20 09:59:36 :: DEBUG :: Paperback :: Loaded joker: stamp
INFO - [G] 2025-01-20 09:59:36 :: DEBUG :: Paperback :: Loaded joker: solar_system
INFO - [G] 2025-01-20 09:59:36 :: DEBUG :: Paperback :: Loaded joker: furioso
INFO - [G] 2025-01-20 09:59:36 :: DEBUG :: Paperback :: Loaded joker: pride_flag
INFO - [G] 2025-01-20 09:59:36 :: DEBUG :: Paperback :: Loaded joker: pool_table
INFO - [G] 2025-01-20 09:59:36 :: DEBUG :: Paperback :: Loaded joker: summoning_circle
INFO - [G] 2025-01-20 09:59:36 :: DEBUG :: Paperback :: Loaded joker: hole_in_one
INFO - [G] 2025-01-20 09:59:36 :: DEBUG :: Paperback :: Loaded joker: derecho
INFO - [G] 2025-01-20 09:59:36 :: DEBUG :: Paperback :: Loaded joker: skydiver
INFO - [G] 2025-01-20 09:59:36 :: DEBUG :: Paperback :: Loaded joker: solemn_lament
INFO - [G] 2025-01-20 09:59:36 :: DEBUG :: Paperback :: Loaded joker: ghost_cola
INFO - [G] 2025-01-20 09:59:36 :: DEBUG :: Paperback :: Loaded joker: mismatched_sock
INFO - [G] 2025-01-20 09:59:36 :: DEBUG :: Paperback :: Loaded joker: shopping_center
INFO - [G] 2025-01-20 09:59:36 :: DEBUG :: Paperback :: Loaded joker: union_card
INFO - [G] 2025-01-20 09:59:36 :: DEBUG :: Paperback :: Loaded joker: nachos
INFO - [G] 2025-01-20 09:59:36 :: DEBUG :: Paperback :: Loaded joker: complete_breakfast
INFO - [G] 2025-01-20 09:59:36 :: DEBUG :: Paperback :: Loaded joker: reference_card
INFO - [G] 2025-01-20 09:59:36 :: DEBUG :: Paperback :: Loaded joker: crispy_taco
INFO - [G] 2025-01-20 09:59:36 :: DEBUG :: Paperback :: Loaded joker: soft_taco
INFO - [G] 2025-01-20 09:59:36 :: DEBUG :: Paperback :: Loaded joker: prince_of_darkness
INFO - [G] 2025-01-20 09:59:36 :: DEBUG :: Paperback :: Loaded joker: emergency_broadcast
INFO - [G] 2025-01-20 09:59:36 :: DEBUG :: Paperback :: Loaded joker: triple_moon_goddess
INFO - [G] 2025-01-20 09:59:36 :: DEBUG :: Paperback :: Loaded joker: wild_prize
INFO - [G] 2025-01-20 09:59:36 :: DEBUG :: Paperback :: Loaded joker: bicycle
INFO - [G] 2025-01-20 09:59:36 :: DEBUG :: Paperback :: Loaded joker: grand_strategy
INFO - [G] 2025-01-20 09:59:36 :: DEBUG :: Paperback :: Loaded joker: great_wave
INFO - [G] 2025-01-20 09:59:36 :: DEBUG :: Paperback :: Loaded joker: let_it_happen
INFO - [G] 2025-01-20 09:59:36 :: DEBUG :: Paperback :: Loaded joker: dreamsicle
INFO - [G] 2025-01-20 09:59:36 :: DEBUG :: Paperback :: Loaded joker: popsicle_stick
INFO - [G] 2025-01-20 09:59:36 :: DEBUG :: Paperback :: Loaded joker: cakepop
INFO - [G] 2025-01-20 09:59:36 :: DEBUG :: Paperback :: Loaded joker: pop_stick
INFO - [G] 2025-01-20 09:59:36 :: DEBUG :: Paperback :: Loaded joker: caramel_apple
INFO - [G] 2025-01-20 09:59:36 :: DEBUG :: Paperback :: Loaded joker: pointy_stick
INFO - [G] 2025-01-20 09:59:36 :: DEBUG :: Paperback :: Loaded joker: charred_marshmallow
INFO - [G] 2025-01-20 09:59:36 :: DEBUG :: Paperback :: Loaded joker: sticky_stick
INFO - [G] 2025-01-20 09:59:36 :: DEBUG :: Paperback :: Loaded joker: paranoia
INFO - [G] 2025-01-20 09:59:36 :: DEBUG :: Paperback :: Loaded joker: subterfuge
INFO - [G] 2025-01-20 09:59:36 :: DEBUG :: Paperback :: Loaded joker: unholy_alliance
INFO - [G] 2025-01-20 09:59:36 :: DEBUG :: Paperback :: Loaded joker: cherry_blossoms
INFO - [G] 2025-01-20 09:59:36 :: DEBUG :: Paperback :: Loaded joker: blue_bonnets
INFO - [G] 2025-01-20 09:59:36 :: DEBUG :: Paperback :: Loaded joker: autumn_leaves
INFO - [G] 2025-01-20 09:59:36 :: DEBUG :: Paperback :: Loaded joker: evergreens
INFO - [G] 2025-01-20 09:59:36 :: DEBUG :: Paperback :: Loaded joker: river
INFO - [G] 2025-01-20 09:59:36 :: DEBUG :: Paperback :: Loaded joker: moribund
INFO - [G] 2025-01-20 09:59:36 :: DEBUG :: Paperback :: Loaded joker: jimbo_adventure
INFO - [G] 2025-01-20 09:59:36 :: DEBUG :: Paperback :: Loaded joker: joker_cookie
INFO - [G] 2025-01-20 09:59:36 :: DEBUG :: Paperback :: Loaded joker: jestrica
INFO - [G] 2025-01-20 09:59:36 :: WARN  :: Atlas :: Detected duplicate register call on object ExtraCredit_ECjokers
INFO - [G] 2025-01-20 09:59:36 :: INFO  :: DX :: Deluxe Consumables Cards Loaded
INFO - [G] 2025-01-20 09:59:36 :: INFO  :: DX :: Bunco Loaded
INFO - [G] 2025-01-20 09:59:36 :: INFO  :: TIMER :: [0000] Injected Language in 0.001 ms
INFO - [G] 2025-01-20 09:59:36 :: INFO  :: TIMER :: [0000] Injected [INTERNAL] in 1.917 ms
INFO - [G] 2025-01-20 09:59:38 :: INFO  :: TIMER :: [0146] Injected Atlas in 1866.462 ms
INFO - [G] 2025-01-20 09:59:38 :: INFO  :: TIMER :: [0011] Injected Sound in 1.722 ms
INFO - [G] 2025-01-20 09:59:38 :: INFO  :: TIMER :: [0012] Injected Stake in 1.101 ms
INFO - [G] 2025-01-20 09:59:38 :: INFO  :: TIMER :: [0005] Injected Rarity in 0.078 ms
INFO - [G] 2025-01-20 09:59:38 :: INFO  :: TIMER :: [0005] Injected ObjectType in 0.094 ms
INFO - [G] 2025-01-20 09:59:38 :: INFO  :: TIMER :: [0587] Injected Center in 7.561 ms
INFO - [G] 2025-01-20 09:59:38 :: INFO  :: TIMER :: [0008] Injected Undiscovered Sprite in 0.029 ms
INFO - [G] 2025-01-20 09:59:38 :: INFO  :: TIMER :: [0027] Injected Blind in 0.259 ms
INFO - [G] 2025-01-20 09:59:38 :: INFO  :: TIMER :: [0004] Injected Seal in 0.430 ms
INFO - [G] 2025-01-20 09:59:38 :: INFO  :: TIMER :: [0006] Injected Suit in 0.813 ms
INFO - [G] 2025-01-20 09:59:38 :: INFO  :: TIMER :: [0013] Injected Rank in 0.342 ms
INFO - [G] 2025-01-20 09:59:38 :: INFO  :: TIMER :: [0016] Injected DeckSkin in 0.092 ms
INFO - [G] 2025-01-20 09:59:38 :: INFO  :: TIMER :: [0017] Injected PokerHand in 0.346 ms
INFO - [G] 2025-01-20 09:59:38 :: INFO  :: TIMER :: [0027] Injected Challenge in 0.057 ms
INFO - [G] 2025-01-20 09:59:38 :: INFO  :: TIMER :: [0018] Injected Tag in 0.239 ms
INFO - [G] 2025-01-20 09:59:38 :: INFO  :: TIMER :: [0007] Injected Sticker in 0.193 ms
INFO - [G] 2025-01-20 09:59:38 :: INFO  :: TIMER :: [0004] Injected Shader in 113.159 ms
INFO - [G] 2025-01-20 09:59:38 :: INFO  :: TIMER :: [0001] Injected Keybind in 0.012 ms
INFO - [G] 2025-01-20 09:59:38 :: INFO  :: TIMER :: [0000] Injected Achievement in 0.039 ms
INFO - [G] 2025-01-20 09:59:38 :: INFO  :: TIMER :: [0000] Injected [INTERNAL] in 15.040 ms
INFO - [G] 2025-01-20 09:59:44 :: DEBUG :: DefaultLogger :: remove from deck
INFO - [G] 2025-01-20 09:59:45 :: DEBUG :: DefaultLogger :: remove from deck
INFO - [G] 2025-01-20 09:59:45 :: DEBUG :: DefaultLogger :: remove from deck
INFO - [G] 2025-01-20 09:59:45 :: DEBUG :: DefaultLogger :: remove from deck
INFO - [G] 2025-01-20 09:59:46 :: DEBUG :: DefaultLogger :: remove from deck
INFO - [G] 2025-01-20 09:59:46 :: DEBUG :: DefaultLogger :: remove from deck
INFO - [G] 2025-01-20 09:59:46 :: DEBUG :: DefaultLogger :: remove from deck
INFO - [G] 2025-01-20 09:59:46 :: DEBUG :: DefaultLogger :: remove from deck
INFO - [G] 2025-01-20 09:59:46 :: DEBUG :: DefaultLogger :: remove from deck
INFO - [G] 2025-01-20 09:59:46 :: DEBUG :: DefaultLogger :: remove from deck
INFO - [G] 2025-01-20 09:59:46 :: DEBUG :: DefaultLogger :: remove from deck
INFO - [G] 2025-01-20 09:59:47 :: DEBUG :: DefaultLogger :: remove from deck
INFO - [G] 2025-01-20 09:59:47 :: DEBUG :: DefaultLogger :: remove from deck
INFO - [G] 2025-01-20 09:59:47 :: DEBUG :: DefaultLogger :: remove from deck
INFO - [G] 2025-01-20 09:59:47 :: DEBUG :: DefaultLogger :: remove from deck
INFO - [G] 2025-01-20 09:59:47 :: DEBUG :: DefaultLogger :: remove from deck
INFO - [G] 2025-01-20 09:59:47 :: DEBUG :: DefaultLogger :: remove from deck
INFO - [G] 2025-01-20 09:59:47 :: DEBUG :: DefaultLogger :: remove from deck
INFO - [G] 2025-01-20 09:59:47 :: DEBUG :: DefaultLogger :: remove from deck
INFO - [G] 2025-01-20 09:59:47 :: DEBUG :: DefaultLogger :: remove from deck
INFO - [G] 2025-01-20 09:59:47 :: DEBUG :: DefaultLogger :: remove from deck
INFO - [G] 2025-01-20 09:59:47 :: DEBUG :: DefaultLogger :: remove from deck
INFO - [G] 2025-01-20 09:59:47 :: DEBUG :: DefaultLogger :: remove from deck
INFO - [G] 2025-01-20 09:59:47 :: DEBUG :: DefaultLogger :: remove from deck
INFO - [G] 2025-01-20 09:59:47 :: DEBUG :: DefaultLogger :: remove from deck
INFO - [G] 2025-01-20 09:59:47 :: DEBUG :: DefaultLogger :: remove from deck
INFO - [G] 2025-01-20 09:59:47 :: DEBUG :: DefaultLogger :: remove from deck
INFO - [G] 2025-01-20 09:59:47 :: DEBUG :: DefaultLogger :: remove from deck
INFO - [G] 2025-01-20 09:59:48 :: DEBUG :: DefaultLogger :: remove from deck
INFO - [G] 2025-01-20 09:59:48 :: DEBUG :: DefaultLogger :: remove from deck
INFO - [G] 2025-01-20 09:59:48 :: DEBUG :: DefaultLogger :: remove from deck
INFO - [G] 2025-01-20 09:59:48 :: DEBUG :: DefaultLogger :: remove from deck
INFO - [G] 2025-01-20 09:59:48 :: DEBUG :: DefaultLogger :: remove from deck
INFO - [G] 2025-01-20 09:59:48 :: DEBUG :: DefaultLogger :: remove from deck
INFO - [G] 2025-01-20 09:59:48 :: DEBUG :: DefaultLogger :: remove from deck
INFO - [G] 2025-01-20 09:59:48 :: DEBUG :: DefaultLogger :: remove from deck
INFO - [G] 2025-01-20 09:59:48 :: DEBUG :: DefaultLogger :: remove from deck
INFO - [G] 2025-01-20 09:59:48 :: DEBUG :: DefaultLogger :: remove from deck
INFO - [G] 2025-01-20 09:59:48 :: DEBUG :: DefaultLogger :: remove from deck
INFO - [G] 2025-01-20 09:59:48 :: DEBUG :: DefaultLogger :: remove from deck
INFO - [G] 2025-01-20 09:59:48 :: DEBUG :: DefaultLogger :: remove from deck
INFO - [G] 2025-01-20 09:59:48 :: DEBUG :: DefaultLogger :: remove from deck
INFO - [G] 2025-01-20 09:59:48 :: DEBUG :: DefaultLogger :: remove from deck
INFO - [G] 2025-01-20 09:59:48 :: DEBUG :: DefaultLogger :: remove from deck
INFO - [G] 2025-01-20 09:59:48 :: DEBUG :: DefaultLogger :: remove from deck
INFO - [G] 2025-01-20 09:59:48 :: DEBUG :: DefaultLogger :: remove from deck
INFO - [G] 2025-01-20 09:59:48 :: DEBUG :: DefaultLogger :: remove from deck
INFO - [G] 2025-01-20 09:59:48 :: DEBUG :: DefaultLogger :: remove from deck
INFO - [G] 2025-01-20 09:59:48 :: DEBUG :: DefaultLogger :: remove from deck
INFO - [G] 2025-01-20 09:59:49 :: DEBUG :: DefaultLogger :: remove from deck
INFO - [G] 2025-01-20 09:59:49 :: DEBUG :: DefaultLogger :: remove from deck
INFO - [G] 2025-01-20 09:59:49 :: DEBUG :: DefaultLogger :: remove from deck
INFO - [G] 2025-01-20 09:59:49 :: DEBUG :: DefaultLogger :: remove from deck
INFO - [G] 2025-01-20 09:59:49 :: DEBUG :: DefaultLogger :: remove from deck
INFO - [G] 2025-01-20 09:59:49 :: DEBUG :: DefaultLogger :: remove from deck
INFO - [G] 2025-01-20 09:59:49 :: DEBUG :: DefaultLogger :: remove from deck
INFO - [G] 2025-01-20 09:59:49 :: DEBUG :: DefaultLogger :: remove from deck
INFO - [G] 2025-01-20 09:59:49 :: DEBUG :: DefaultLogger :: remove from deck
INFO - [G] 2025-01-20 09:59:49 :: DEBUG :: DefaultLogger :: remove from deck
INFO - [G] 2025-01-20 09:59:49 :: DEBUG :: DefaultLogger :: remove from deck
INFO - [G] 2025-01-20 09:59:49 :: DEBUG :: DefaultLogger :: remove from deck
INFO - [G] 2025-01-20 09:59:49 :: DEBUG :: DefaultLogger :: remove from deck
INFO - [G] 2025-01-20 09:59:49 :: DEBUG :: DefaultLogger :: remove from deck
INFO - [G] 2025-01-20 09:59:49 :: DEBUG :: DefaultLogger :: remove from deck
INFO - [G] 2025-01-20 09:59:49 :: DEBUG :: DefaultLogger :: remove from deck
INFO - [G] 2025-01-20 09:59:49 :: DEBUG :: DefaultLogger :: remove from deck
INFO - [G] 2025-01-20 09:59:49 :: DEBUG :: DefaultLogger :: remove from deck
INFO - [G] 2025-01-20 09:59:49 :: DEBUG :: DefaultLogger :: remove from deck
INFO - [G] 2025-01-20 09:59:49 :: DEBUG :: DefaultLogger :: remove from deck
INFO - [G] 2025-01-20 09:59:49 :: DEBUG :: DefaultLogger :: remove from deck
INFO - [G] 2025-01-20 09:59:49 :: DEBUG :: DefaultLogger :: remove from deck
INFO - [G] 2025-01-20 09:59:49 :: DEBUG :: DefaultLogger :: remove from deck
INFO - [G] 2025-01-20 09:59:49 :: DEBUG :: DefaultLogger :: remove from deck
INFO - [G] 2025-01-20 09:59:49 :: DEBUG :: DefaultLogger :: remove from deck
INFO - [G] 2025-01-20 09:59:49 :: DEBUG :: DefaultLogger :: remove from deck
INFO - [G] 2025-01-20 09:59:49 :: DEBUG :: DefaultLogger :: remove from deck
INFO - [G] 2025-01-20 09:59:49 :: DEBUG :: DefaultLogger :: remove from deck
INFO - [G] 2025-01-20 09:59:50 :: DEBUG :: DefaultLogger :: remove from deck
INFO - [G] 2025-01-20 09:59:50 :: DEBUG :: DefaultLogger :: remove from deck
INFO - [G] 2025-01-20 09:59:50 :: DEBUG :: DefaultLogger :: remove from deck
INFO - [G] 2025-01-20 09:59:50 :: DEBUG :: DefaultLogger :: remove from deck
INFO - [G] 2025-01-20 09:59:50 :: DEBUG :: DefaultLogger :: remove from deck
INFO - [G] 2025-01-20 09:59:50 :: DEBUG :: DefaultLogger :: remove from deck
INFO - [G] 2025-01-20 09:59:50 :: DEBUG :: DefaultLogger :: remove from deck
INFO - [G] 2025-01-20 09:59:50 :: DEBUG :: DefaultLogger :: remove from deck
INFO - [G] 2025-01-20 09:59:50 :: DEBUG :: DefaultLogger :: remove from deck
INFO - [G] 2025-01-20 09:59:50 :: DEBUG :: DefaultLogger :: remove from deck
INFO - [G] 2025-01-20 09:59:50 :: DEBUG :: DefaultLogger :: remove from deck
INFO - [G] 2025-01-20 09:59:50 :: DEBUG :: DefaultLogger :: remove from deck
INFO - [G] 2025-01-20 09:59:50 :: DEBUG :: DefaultLogger :: remove from deck
INFO - [G] 2025-01-20 09:59:50 :: DEBUG :: DefaultLogger :: remove from deck
INFO - [G] 2025-01-20 09:59:50 :: DEBUG :: DefaultLogger :: remove from deck
INFO - [G] 2025-01-20 09:59:50 :: DEBUG :: DefaultLogger :: remove from deck
INFO - [G] 2025-01-20 09:59:50 :: DEBUG :: DefaultLogger :: remove from deck
INFO - [G] 2025-01-20 09:59:50 :: DEBUG :: DefaultLogger :: remove from deck
INFO - [G] 2025-01-20 09:59:50 :: DEBUG :: DefaultLogger :: remove from deck
INFO - [G] 2025-01-20 09:59:50 :: DEBUG :: DefaultLogger :: remove from deck
INFO - [G] 2025-01-20 09:59:50 :: DEBUG :: DefaultLogger :: remove from deck
INFO - [G] 2025-01-20 09:59:50 :: DEBUG :: DefaultLogger :: remove from deck
INFO - [G] 2025-01-20 09:59:50 :: DEBUG :: DefaultLogger :: remove from deck
INFO - [G] 2025-01-20 09:59:50 :: DEBUG :: DefaultLogger :: remove from deck
INFO - [G] 2025-01-20 09:59:50 :: DEBUG :: DefaultLogger :: remove from deck
INFO - [G] 2025-01-20 09:59:50 :: DEBUG :: DefaultLogger :: remove from deck
INFO - [G] 2025-01-20 09:59:50 :: DEBUG :: DefaultLogger :: remove from deck
INFO - [G] 2025-01-20 09:59:50 :: DEBUG :: DefaultLogger :: remove from deck
INFO - [G] 2025-01-20 09:59:50 :: DEBUG :: DefaultLogger :: remove from deck
INFO - [G] 2025-01-20 09:59:50 :: DEBUG :: DefaultLogger :: remove from deck
INFO - [G] 2025-01-20 09:59:50 :: DEBUG :: DefaultLogger :: remove from deck
INFO - [G] 2025-01-20 09:59:50 :: DEBUG :: DefaultLogger :: remove from deck
INFO - [G] 2025-01-20 09:59:50 :: DEBUG :: DefaultLogger :: remove from deck
INFO - [G] 2025-01-20 09:59:50 :: DEBUG :: DefaultLogger :: remove from deck
INFO - [G] 2025-01-20 09:59:50 :: DEBUG :: DefaultLogger :: remove from deck
INFO - [G] 2025-01-20 09:59:50 :: DEBUG :: DefaultLogger :: remove from deck
INFO - [G] 2025-01-20 09:59:50 :: DEBUG :: DefaultLogger :: remove from deck
INFO - [G] 2025-01-20 09:59:50 :: DEBUG :: DefaultLogger :: remove from deck
INFO - [G] 2025-01-20 09:59:50 :: DEBUG :: DefaultLogger :: remove from deck
INFO - [G] 2025-01-20 09:59:50 :: DEBUG :: DefaultLogger :: remove from deck
INFO - [G] 2025-01-20 09:59:50 :: DEBUG :: DefaultLogger :: remove from deck
INFO - [G] 2025-01-20 09:59:51 :: DEBUG :: DefaultLogger :: remove from deck
INFO - [G] 2025-01-20 09:59:51 :: DEBUG :: DefaultLogger :: remove from deck
INFO - [G] 2025-01-20 09:59:51 :: DEBUG :: DefaultLogger :: remove from deck
INFO - [G] 2025-01-20 09:59:51 :: DEBUG :: DefaultLogger :: remove from deck
INFO - [G] 2025-01-20 09:59:51 :: DEBUG :: DefaultLogger :: remove from deck
INFO - [G] 2025-01-20 09:59:51 :: DEBUG :: DefaultLogger :: remove from deck
INFO - [G] 2025-01-20 09:59:51 :: DEBUG :: DefaultLogger :: remove from deck
INFO - [G] 2025-01-20 09:59:51 :: DEBUG :: DefaultLogger :: remove from deck
INFO - [G] 2025-01-20 09:59:51 :: DEBUG :: DefaultLogger :: remove from deck
INFO - [G] 2025-01-20 09:59:51 :: DEBUG :: DefaultLogger :: remove from deck
INFO - [G] 2025-01-20 09:59:51 :: DEBUG :: DefaultLogger :: remove from deck
INFO - [G] 2025-01-20 09:59:51 :: DEBUG :: DefaultLogger :: remove from deck
INFO - [G] 2025-01-20 09:59:51 :: DEBUG :: DefaultLogger :: remove from deck
INFO - [G] 2025-01-20 09:59:51 :: DEBUG :: DefaultLogger :: remove from deck
INFO - [G] 2025-01-20 09:59:51 :: DEBUG :: DefaultLogger :: remove from deck
INFO - [G] 2025-01-20 09:59:51 :: DEBUG :: DefaultLogger :: remove from deck
INFO - [G] 2025-01-20 09:59:51 :: DEBUG :: DefaultLogger :: remove from deck
INFO - [G] 2025-01-20 09:59:51 :: DEBUG :: DefaultLogger :: remove from deck
INFO - [G] 2025-01-20 09:59:51 :: DEBUG :: DefaultLogger :: remove from deck
INFO - [G] 2025-01-20 09:59:51 :: DEBUG :: DefaultLogger :: remove from deck
INFO - [G] 2025-01-20 09:59:51 :: DEBUG :: DefaultLogger :: remove from deck
INFO - [G] 2025-01-20 09:59:51 :: DEBUG :: DefaultLogger :: remove from deck
INFO - [G] 2025-01-20 09:59:51 :: DEBUG :: DefaultLogger :: remove from deck
INFO - [G] 2025-01-20 09:59:51 :: DEBUG :: DefaultLogger :: remove from deck
INFO - [G] 2025-01-20 09:59:51 :: DEBUG :: DefaultLogger :: remove from deck
INFO - [G] 2025-01-20 09:59:51 :: DEBUG :: DefaultLogger :: remove from deck
INFO - [G] 2025-01-20 09:59:51 :: DEBUG :: DefaultLogger :: remove from deck
INFO - [G] 2025-01-20 09:59:51 :: DEBUG :: DefaultLogger :: remove from deck
INFO - [G] 2025-01-20 09:59:51 :: DEBUG :: DefaultLogger :: remove from deck
INFO - [G] 2025-01-20 09:59:51 :: DEBUG :: DefaultLogger :: remove from deck
INFO - [G] 2025-01-20 09:59:51 :: DEBUG :: DefaultLogger :: remove from deck
INFO - [G] 2025-01-20 09:59:51 :: DEBUG :: DefaultLogger :: remove from deck
INFO - [G] 2025-01-20 09:59:51 :: DEBUG :: DefaultLogger :: remove from deck
INFO - [G] 2025-01-20 09:59:51 :: DEBUG :: DefaultLogger :: remove from deck
INFO - [G] 2025-01-20 09:59:51 :: DEBUG :: DefaultLogger :: remove from deck
INFO - [G] 2025-01-20 09:59:51 :: DEBUG :: DefaultLogger :: remove from deck
INFO - [G] 2025-01-20 09:59:51 :: DEBUG :: DefaultLogger :: remove from deck
INFO - [G] 2025-01-20 09:59:51 :: DEBUG :: DefaultLogger :: remove from deck
INFO - [G] 2025-01-20 09:59:51 :: DEBUG :: DefaultLogger :: remove from deck
INFO - [G] 2025-01-20 09:59:51 :: DEBUG :: DefaultLogger :: remove from deck
INFO - [G] 2025-01-20 09:59:51 :: DEBUG :: DefaultLogger :: remove from deck
INFO - [G] 2025-01-20 09:59:51 :: DEBUG :: DefaultLogger :: remove from deck
INFO - [G] 2025-01-20 09:59:51 :: DEBUG :: DefaultLogger :: remove from deck
INFO - [G] 2025-01-20 09:59:51 :: DEBUG :: DefaultLogger :: remove from deck
INFO - [G] 2025-01-20 09:59:51 :: DEBUG :: DefaultLogger :: remove from deck
INFO - [G] 2025-01-20 09:59:51 :: DEBUG :: DefaultLogger :: remove from deck
INFO - [G] 2025-01-20 09:59:51 :: DEBUG :: DefaultLogger :: remove from deck
INFO - [G] 2025-01-20 09:59:51 :: DEBUG :: DefaultLogger :: remove from deck
INFO - [G] 2025-01-20 09:59:51 :: DEBUG :: DefaultLogger :: remove from deck
INFO - [G] 2025-01-20 09:59:51 :: DEBUG :: DefaultLogger :: remove from deck
INFO - [G] 2025-01-20 09:59:51 :: DEBUG :: DefaultLogger :: remove from deck
INFO - [G] 2025-01-20 09:59:51 :: DEBUG :: DefaultLogger :: remove from deck
INFO - [G] 2025-01-20 09:59:51 :: DEBUG :: DefaultLogger :: remove from deck
INFO - [G] 2025-01-20 09:59:51 :: DEBUG :: DefaultLogger :: remove from deck
INFO - [G] 2025-01-20 09:59:51 :: DEBUG :: DefaultLogger :: remove from deck
INFO - [G] 2025-01-20 09:59:51 :: DEBUG :: DefaultLogger :: remove from deck
INFO - [G] 2025-01-20 09:59:51 :: DEBUG :: DefaultLogger :: remove from deck
INFO - [G] 2025-01-20 09:59:51 :: DEBUG :: DefaultLogger :: remove from deck
INFO - [G] 2025-01-20 09:59:51 :: DEBUG :: DefaultLogger :: remove from deck
INFO - [G] 2025-01-20 09:59:51 :: DEBUG :: DefaultLogger :: remove from deck
INFO - [G] 2025-01-20 09:59:51 :: DEBUG :: DefaultLogger :: remove from deck
INFO - [G] 2025-01-20 09:59:51 :: DEBUG :: DefaultLogger :: remove from deck
INFO - [G] 2025-01-20 09:59:51 :: DEBUG :: DefaultLogger :: remove from deck
INFO - [G] 2025-01-20 09:59:51 :: DEBUG :: DefaultLogger :: remove from deck
INFO - [G] 2025-01-20 09:59:51 :: DEBUG :: DefaultLogger :: remove from deck
INFO - [G] 2025-01-20 09:59:51 :: DEBUG :: DefaultLogger :: remove from deck
INFO - [G] 2025-01-20 09:59:51 :: DEBUG :: DefaultLogger :: remove from deck
INFO - [G] 2025-01-20 09:59:51 :: DEBUG :: DefaultLogger :: remove from deck
INFO - [G] 2025-01-20 09:59:51 :: DEBUG :: DefaultLogger :: remove from deck
INFO - [G] 2025-01-20 09:59:51 :: DEBUG :: DefaultLogger :: remove from deck
INFO - [G] 2025-01-20 09:59:51 :: DEBUG :: DefaultLogger :: remove from deck
INFO - [G] 2025-01-20 09:59:51 :: DEBUG :: DefaultLogger :: remove from deck
INFO - [G] 2025-01-20 09:59:51 :: DEBUG :: DefaultLogger :: remove from deck
INFO - [G] 2025-01-20 09:59:51 :: DEBUG :: DefaultLogger :: remove from deck
INFO - [G] 2025-01-20 09:59:51 :: DEBUG :: DefaultLogger :: remove from deck
INFO - [G] 2025-01-20 09:59:51 :: DEBUG :: DefaultLogger :: remove from deck
INFO - [G] 2025-01-20 09:59:51 :: DEBUG :: DefaultLogger :: remove from deck
INFO - [G] 2025-01-20 09:59:51 :: DEBUG :: DefaultLogger :: remove from deck
INFO - [G] 2025-01-20 09:59:51 :: DEBUG :: DefaultLogger :: remove from deck
INFO - [G] 2025-01-20 09:59:51 :: DEBUG :: DefaultLogger :: remove from deck
INFO - [G] 2025-01-20 09:59:51 :: DEBUG :: DefaultLogger :: remove from deck
INFO - [G] 2025-01-20 09:59:51 :: DEBUG :: DefaultLogger :: remove from deck
INFO - [G] 2025-01-20 09:59:51 :: DEBUG :: DefaultLogger :: remove from deck
INFO - [G] Distro :: Failed to connect to Discord IPC
INFO - [G] 2025-01-20 10:00:16 :: DEBUG :: DefaultLogger :: remove from deck
INFO - [G] 2025-01-20 10:00:16 :: DEBUG :: DefaultLogger :: remove from deck
INFO - [G] 2025-01-20 10:00:16 :: DEBUG :: DefaultLogger :: remove from deck
INFO - [G] 2025-01-20 10:00:16 :: DEBUG :: DefaultLogger :: remove from deck
INFO - [G] 2025-01-20 10:00:16 :: DEBUG :: DefaultLogger :: remove from deck
INFO - [G] 2025-01-20 10:00:16 :: DEBUG :: DefaultLogger :: remove from deck
INFO - [G] 2025-01-20 10:00:16 :: DEBUG :: DefaultLogger :: remove from deck
INFO - [G] 2025-01-20 10:00:16 :: DEBUG :: DefaultLogger :: remove from deck
INFO - [G] 2025-01-20 10:00:16 :: DEBUG :: DefaultLogger :: remove from deck
INFO - [G] 2025-01-20 10:00:16 :: DEBUG :: DefaultLogger :: remove from deck
INFO - [G] 2025-01-20 10:00:18 :: DEBUG :: DefaultLogger :: remove from deck
INFO - [G] 2025-01-20 10:00:18 :: DEBUG :: DefaultLogger :: remove from deck
INFO - [G] 2025-01-20 10:00:18 :: DEBUG :: DefaultLogger :: remove from deck
INFO - [G] 2025-01-20 10:00:18 :: DEBUG :: DefaultLogger :: remove from deck
INFO - [G] 2025-01-20 10:00:18 :: DEBUG :: DefaultLogger :: remove from deck
INFO - [G] 2025-01-20 10:00:18 :: DEBUG :: DefaultLogger :: remove from deck
INFO - [G] 2025-01-20 10:00:18 :: DEBUG :: DefaultLogger :: remove from deck
INFO - [G] 2025-01-20 10:00:18 :: DEBUG :: DefaultLogger :: remove from deck
INFO - [G] 2025-01-20 10:00:18 :: DEBUG :: DefaultLogger :: remove from deck
INFO - [G] 2025-01-20 10:00:18 :: DEBUG :: DefaultLogger :: remove from deck
INFO - [G] 2025-01-20 10:00:18 :: DEBUG :: DefaultLogger :: remove from deck
INFO - [G] 2025-01-20 10:00:20 :: DEBUG :: DefaultLogger :: remove from deck
INFO - [G] 2025-01-20 10:00:20 :: DEBUG :: DefaultLogger :: remove from deck
