INFO - [♥] Lovely 0.6.0
INFO - [♥] Game directory is at "C:\\Users\\ramosalves\\Desktop\\laura\\Balatro"
INFO - [♥] Writing logs to "C:\\Users\\ramosalves\\AppData\\Roaming\\Balatro\\Mods\\lovely\\log"
INFO - [♥] Using mod directory at "C:\\Users\\ramosalves\\AppData\\Roaming\\Balatro\\Mods"
WARN - [♥] Unknown key `patches.46.?.match_indent` found in patch file at "C:\\Users\\ramosalves\\AppData\\Roaming\\Balatro\\Mods\\smods-main\\lovely\\fixes.toml", ignoring it
WARN - [♥] Unknown key `patches.3.?.match_indent` found in patch file at "C:\\Users\\ramosalves\\AppData\\Roaming\\Balatro\\Mods\\smods-main\\lovely\\rarity.toml", ignoring it
INFO - [♥] Cleaning up dumps directory at "C:\\Users\\ramosalves\\AppData\\Roaming\\Balatro\\Mods\\lovely\\dump"
INFO - [♥] Initialization complete in 79ms
WARN - [♥] Pattern 'G.ARGS.score_intensity.organ = G.video_organ or G.ARGS.score_intensity.required_score > 0 and math.max(math.min(0.4, 0.1*math.log(G.ARGS.score_intensity.earned_score/(G.ARGS.score_intensity.required_score+1), 5)),0.) or 0' on target 'main.lua' resulted in no matches
WARN - [♥] Pattern 'if type(G.GAME.current_round.current_hand.chips) ~= \'number\' or type(G.GAME.current_round.current_hand.mult) ~= \'number\' then' on target 'main.lua' resulted in no matches
WARN - [♥] Pattern 'modded and {' on target 'main.lua' resulted in no matches
INFO - [♥] Applied 31 patches to 'main.lua'
INFO - [♥] Applied 2 patches to 'engine/string_packer.lua'
INFO - [♥] Applied 6 patches to 'engine/controller.lua'
INFO - [♥] Applied 17 patches to 'back.lua'
INFO - [♥] Applied 6 patches to 'tag.lua'
INFO - [♥] Applied 2 patches to 'engine/moveable.lua'
INFO - [♥] Applied 2 patches to 'engine/sprite.lua'
INFO - [♥] Applied 2 patches to 'engine/animatedsprite.lua'
WARN - [♥] Pattern 'assembled_string = assembled_string..(type(subpart) == \'string\' and subpart or args.vars[tonumber(subpart[1])] or \'ERROR\')' on target 'functions/misc_functions.lua' resulted in no matches
INFO - [♥] Applied 47 patches to 'functions/misc_functions.lua'
INFO - [♥] Applied 49 patches to 'game.lua'
INFO - [♥] Applied 1 patch to 'globals.lua'
WARN - [♥] Pattern 'self.config.chosen = true' on target 'engine/ui.lua' resulted in no matches
INFO - [♥] Applied 7 patches to 'engine/ui.lua'
WARN - [♥] Pattern '{n=G.UIT.T, config={text = G.GAME.hands[handname].chips, scale = 0.45, colour = G.C.UI.TEXT_LIGHT}},' on target 'functions/UI_definitions.lua' resulted in no matches
WARN - [♥] Pattern '{n=G.UIT.T, config={text = G.GAME.hands[handname].mult, scale = 0.45, colour = G.C.UI.TEXT_LIGHT}}' on target 'functions/UI_definitions.lua' resulted in no matches
INFO - [♥] Applied 87 patches to 'functions/UI_definitions.lua'
WARN - [♥] Pattern 'reset_idol_card()\nreset_mail_rank()\nreset_ancient_card()\nreset_castle_card()\n' on target 'functions/state_events.lua' resulted in no matches
WARN - [♥] Pattern '--calculate the card edition effects\nif effects[ii].edition then\n    hand_chips = mod_chips(hand_chips + (effects[ii].edition.chip_mod or 0))\n    mult = mult + (effects[ii].edition.mult_mod or 0)\n    mult = mod_mult(mult*(effects[ii].edition.x_mult_mod or 1))\n    update_hand_text({delay = 0}, {\n        chips = effects[ii].edition.chip_mod and hand_chips or nil,\n        mult = (effects[ii].edition.mult_mod or effects[ii].edition.x_mult_mod) and mult or nil,\n    })\n    card_eval_status_text(scoring_hand[i], \'extra\', nil, percent, nil, {\n        message = (effects[ii].edition.chip_mod and localize{type=\'variable\',key=\'a_chips\',vars={effects[ii].edition.chip_mod}}) or\n                (effects[ii].edition.mult_mod and localize{type=\'variable\',key=\'a_mult\',vars={effects[ii].edition.mult_mod}}) or\n                (effects[ii].edition.x_mult_mod and localize{type=\'variable\',key=\'a_xmult\',vars={effects[ii].edition.x_mult_mod}}),\n        chip_mod =  effects[ii].edition.chip_mod,\n        mult_mod =  effects[ii].edition.mult_mod,\n        x_mult_mod =  effects[ii].edition.x_mult_mod,\n        colour = G.C.DARK_EDITION,\n        edition = true})\nend\n' on target 'functions/state_events.lua' resulted in no matches
WARN - [♥] Pattern '    scoring_hand[i].lucky_trigger = nil\n\n        for ii = 1, #effects do\n        --If chips added, do chip add event and add the chips to the total\n        if effects[ii].chips then \n            if effects[ii].card then juice_card(effects[ii].card) end\n            hand_chips = mod_chips(hand_chips + effects[ii].chips)\n            update_hand_text({delay = 0}, {chips = hand_chips})\n            card_eval_status_text(scoring_hand[i], \'chips\', effects[ii].chips, percent)\n        end\n\n        --If mult added, do mult add event and add the mult to the total\n        if effects[ii].mult then \n            if effects[ii].card then juice_card(effects[ii].card) end\n            mult = mod_mult(mult + effects[ii].mult)\n            update_hand_text({delay = 0}, {mult = mult})\n            card_eval_status_text(scoring_hand[i], \'mult\', effects[ii].mult, percent)\n        end\n\n        --If play dollars added, add dollars to total\n        if effects[ii].p_dollars then \n            if effects[ii].card then juice_card(effects[ii].card) end\n            ease_dollars(effects[ii].p_dollars)\n            card_eval_status_text(scoring_hand[i], \'dollars\', effects[ii].p_dollars, percent)\n        end\n\n        --If dollars added, add dollars to total\n        if effects[ii].dollars then \n            if effects[ii].card then juice_card(effects[ii].card) end\n            ease_dollars(effects[ii].dollars)\n            card_eval_status_text(scoring_hand[i], \'dollars\', effects[ii].dollars, percent)\n        end\n\n        --Any extra effects\n        if effects[ii].extra then \n            if effects[ii].card then juice_card(effects[ii].card) end\n            local extras = {mult = false, hand_chips = false}\n            if effects[ii].extra.mult_mod then mult =mod_mult( mult + effects[ii].extra.mult_mod);extras.mult = true end\n            if effects[ii].extra.chip_mod then hand_chips = mod_chips(hand_chips + effects[ii].extra.chip_mod);extras.hand_chips = true end\n            if effects[ii].extra.swap then \n                local old_mult = mult\n                mult = mod_mult(hand_chips)\n                hand_chips = mod_chips(old_mult)\n                extras.hand_chips = true; extras.mult = true\n            end\n            if effects[ii].extra.func then effects[ii].extra.func() end\n            update_hand_text({delay = 0}, {chips = extras.hand_chips and hand_chips, mult = extras.mult and mult})\n            card_eval_status_text(scoring_hand[i], \'extra\', nil, percent, nil, effects[ii].extra)\n        end\n\n        --If x_mult added, do mult add event and mult the mult to the total\n        if effects[ii].x_mult then \n            if effects[ii].card then juice_card(effects[ii].card) end\n            mult = mod_mult(mult*effects[ii].x_mult)\n            update_hand_text({delay = 0}, {mult = mult})\n            card_eval_status_text(scoring_hand[i], \'x_mult\', effects[ii].x_mult, percent)\n        end\n\n\n        end\n    end\nend\n' on target 'functions/state_events.lua' resulted in no matches
WARN - [♥] Pattern 'local percent = (i-0.999)/(#G.hand.cards-0.998) + (j-1)*0.1' on target 'functions/state_events.lua' resulted in no matches
WARN - [♥] Pattern 'if effects[ii].card then' on target 'functions/state_events.lua' resulted in no matches
WARN - [♥] Pattern 'if effects.jokers.Xmult_mod then mult = mod_mult(mult*effects.jokers.Xmult_mod);extras.mult = true  end' on target 'functions/state_events.lua' resulted in no matches
WARN - [♥] Pattern 'if effect.Xmult_mod then mult = mod_mult(mult*effect.Xmult_mod);extras.mult = true  end' on target 'functions/state_events.lua' resulted in no matches
WARN - [♥] Pattern 'if effects[ii].message then' on target 'functions/state_events.lua' resulted in no matches
WARN - [♥] Pattern '--calculate the card edition effects' on target 'functions/state_events.lua' resulted in no matches
WARN - [♥] Pattern 'if effects[ii].edition.p_dollars_mod then' on target 'functions/state_events.lua' resulted in no matches
WARN - [♥] Pattern 'if edition_effects.jokers.x_mult_mod then' on target 'functions/state_events.lua' resulted in no matches
WARN - [♥] Pattern 'if destroyed then' on target 'functions/state_events.lua' resulted in no matches
WARN - [♥] Pattern 'card_eval_status_text(scoring_hand[i], \'extra\', nil, percent, nil, effects[ii].extra)' on target 'functions/state_events.lua' resulted in no matches
WARN - [♥] Pattern 'card_eval_status_text(scoring_hand[i], \'extra\', nil, percent, nil, effects[ii].extra)' on target 'functions/state_events.lua' resulted in no matches
INFO - [♥] Applied 42 patches to 'functions/state_events.lua'
WARN - [♥] Regex '(?<indent>[\\t ]*)if G\\.F_NO_ACHIEVEMENTS then return end\\n[\\s\\S][\\s\\S]{16}--\\|LOCAL SETTINGS FILE' on target 'functions/common_events.lua' resulted in no matches
WARN - [♥] Pattern 'func = (function() if eval_func(card) then if not first or first then card:juice_up(0.1, 0.1) end;juice_card_until(card, eval_func, nil, 0.8) end return true end)' on target 'functions/common_events.lua' resulted in no matches
INFO - [♥] Applied 107 patches to 'functions/common_events.lua'
WARN - [♥] Pattern 'G.pack_cards:emplace(v)' on target 'functions/button_callbacks.lua' resulted in no matches
INFO - [♥] Applied 47 patches to 'functions/button_callbacks.lua'
WARN - [♥] Pattern 'if G.GAME.blind then G.E_MANAGER:add_event(Event({ func = function() G.GAME.blind:set_blind(nil, true, nil); return true end })) end' on target 'card.lua' resulted in no matches
INFO - [♥] Applied 157 patches to 'card.lua'
INFO - [♥] Applied 11 patches to 'cardarea.lua'
INFO - [♥] Applied 31 patches to 'blind.lua'
INFO - [♥] Applied 5 patches to 'engine/text.lua'
INFO - [G] Totally applied 4 replacements to overrides.lua
INFO - [G] Failed to connect to the debug server
INFO - [G] 2025-01-23 11:51:21 :: DEBUG :: DebugConsole :: Steamodded Debug Socket started !
INFO - [G] [Blueprint] Starting to load config
INFO - [G] [Blueprint] Reading config file: 
INFO - [G] [Blueprint] return {
	["INTERNAL_debug"] = false,
	["hello"] = true,
}
INFO - [♥] Applied 9 patches to 'engine/sound_manager.lua'
INFO - [♥] Applied 2 patches to 'engine/string_packer.lua'
INFO - [G] Loaded all Blueprint mod shaders successfully
INFO - [G] {
  [1] = table: 0x3e678260   {
     [1] = 0.99607843137255,
     [2] = 0.37254901960784,
     [3] = 0.33333333333333,
     [4] = 1,
   },
  [2] = table: 0x3e43af78   {
     [1] = 0,
     [2] = 0.6156862745098,
     [3] = 1,
     [4] = 1,
   },
}
INFO - [G] 2025-01-23 11:51:22 :: TRACE :: Loader :: Processing Mod file (Legacy header): BBBalatro_code.lua
INFO - [G] 2025-01-23 11:51:22 :: TRACE :: Loader :: Saving Mod Info: BBBalatro
INFO - [G] 2025-01-23 11:51:22 :: TRACE :: Loader :: Processing Mod file (Legacy header): olympus.lua
INFO - [G] 2025-01-23 11:51:22 :: TRACE :: Loader :: Saving Mod Info: Olympus
INFO - [G] 2025-01-23 11:51:22 :: TRACE :: Loader :: Processing Mod file (Legacy header): mod.lua
INFO - [G] 2025-01-23 11:51:22 :: TRACE :: Loader :: Saving Mod Info: blueprint
INFO - [G] 2025-01-23 11:51:22 :: TRACE :: Loader :: Processing Mod file (Legacy header): mod.lua
INFO - [G] 2025-01-23 11:51:22 :: TRACE :: Loader :: Saving Mod Info: cartomancer
INFO - [G] 2025-01-23 11:51:22 :: INFO  :: DefaultLogger :: Valid JSON file found
INFO - [G] 2025-01-23 11:51:22 :: TRACE :: Loader :: Processing Mod file (Legacy header): TarotDx.lua
INFO - [G] 2025-01-23 11:51:22 :: TRACE :: Loader :: Saving Mod Info: JeffDeluxeConsumablesPack
INFO - [G] 2025-01-23 11:51:22 :: TRACE :: Loader :: Processing Mod file (Legacy header): datealive.lua
INFO - [G] 2025-01-23 11:51:22 :: TRACE :: Loader :: Saving Mod Info: datealive
INFO - [G] 2025-01-23 11:51:22 :: TRACE :: Loader :: Processing Mod file (Legacy header): Distro.lua
INFO - [G] 2025-01-23 11:51:22 :: TRACE :: Loader :: Saving Mod Info: Distro
INFO - [G] 2025-01-23 11:51:22 :: INFO  :: DefaultLogger :: Valid JSON file found
INFO - [G] 2025-01-23 11:51:22 :: TRACE :: Loader :: Processing Mod file (Legacy header): GamepadStyleKeyboardControls.lua
INFO - [G] 2025-01-23 11:51:22 :: TRACE :: Loader :: Saving Mod Info: GamepadStyleKeyboardControls
INFO - [G] 2025-01-23 11:51:22 :: TRACE :: Loader :: Processing Mod file (Legacy header): steamodded.lua
INFO - [G] 2025-01-23 11:51:22 :: TRACE :: Loader :: Saving Mod Info: Handy
INFO - [G] 2025-01-23 11:51:22 :: WARN  :: Loader :: Found lone Lua file HoldForFinalHandScore.lua in Mods directory :: Please place the files for each mod in its own subdirectory.
INFO - [G] 2025-01-23 11:51:22 :: TRACE :: Loader :: Processing Mod file (Legacy header): HoldForFinalHandScore.lua
INFO - [G] 2025-01-23 11:51:22 :: TRACE :: Loader :: Saving Mod Info: HoldForFinalHandScore
INFO - [G] 2025-01-23 11:51:22 :: TRACE :: Loader :: Processing Mod file (Legacy header): IncreaseJokerCap.lua
INFO - [G] 2025-01-23 11:51:22 :: TRACE :: Loader :: Saving Mod Info: IncreaseJokerCap
INFO - [G] 2025-01-23 11:51:22 :: TRACE :: Loader :: Processing Mod file (Legacy header): JankChallenges.lua
INFO - [G] 2025-01-23 11:51:22 :: TRACE :: Loader :: Saving Mod Info: JankChallenges
INFO - [G] 2025-01-23 11:51:22 :: TRACE :: Loader :: Processing Mod file (Legacy header): JankJonklers.lua
INFO - [G] 2025-01-23 11:51:22 :: TRACE :: Loader :: Saving Mod Info: JankJonklersMod
INFO - [G] 2025-01-23 11:51:22 :: TRACE :: Loader :: Processing Mod file (Legacy header): Aurinko.lua
INFO - [G] 2025-01-23 11:51:22 :: TRACE :: Loader :: Saving Mod Info: aurinko
INFO - [G] 2025-01-23 11:51:22 :: TRACE :: Loader :: Processing Mod file (Legacy header): Incantation.lua
INFO - [G] 2025-01-23 11:51:22 :: TRACE :: Loader :: Saving Mod Info: incantation
INFO - [G] 2025-01-23 11:51:22 :: TRACE :: Loader :: Processing Mod file (Legacy header): JenLib.lua
INFO - [G] 2025-01-23 11:51:22 :: TRACE :: Loader :: Saving Mod Info: JenLib
INFO - [G] 2025-01-23 11:51:22 :: TRACE :: Loader :: Processing Mod file (Legacy header): Loop.lua
INFO - [G] 2025-01-23 11:51:22 :: TRACE :: Loader :: Saving Mod Info: loop
INFO - [G] 2025-01-23 11:51:22 :: TRACE :: Loader :: Processing Mod file (Legacy header): Nopeus.lua
INFO - [G] 2025-01-23 11:51:22 :: TRACE :: Loader :: Saving Mod Info: nopeus
INFO - [G] 2025-01-23 11:51:22 :: INFO  :: DefaultLogger :: Valid JSON file found
INFO - [G] 2025-01-23 11:51:22 :: TRACE :: Loader :: Processing Mod file (Legacy header): MoreJokerPacks.lua
INFO - [G] 2025-01-23 11:51:22 :: TRACE :: Loader :: Saving Mod Info: MoreJokerPacks
INFO - [G] 2025-01-23 11:51:22 :: TRACE :: Loader :: Processing Mod file (Legacy header): PampaJokers.lua
INFO - [G] 2025-01-23 11:51:22 :: TRACE :: Loader :: Saving Mod Info: mtl_jkr
INFO - [G] 2025-01-23 11:51:22 :: TRACE :: Loader :: Processing Mod file (Legacy header): main.lua
INFO - [G] 2025-01-23 11:51:22 :: TRACE :: Loader :: Saving Mod Info: sdm0sstuff
INFO - [G] 2025-01-23 11:51:22 :: WARN  :: Loader :: Found lone Lua file ShopStake.lua in Mods directory :: Please place the files for each mod in its own subdirectory.
INFO - [G] 2025-01-23 11:51:22 :: TRACE :: Loader :: Processing Mod file (Legacy header): ShopStake.lua
INFO - [G] 2025-01-23 11:51:22 :: TRACE :: Loader :: Saving Mod Info: ShopStakeMod
INFO - [G] 2025-01-23 11:51:22 :: ERROR :: Loader :: Found invalid metadata JSON file at C:\Users\ramosalves\AppData\Roaming\Balatro\Mods/SnoresvilleTurbulentJokers/SnoresvilleTurbulentJokers.json, ignoring: [SMODS _ "src/loader.lua"]:105: attempt to call method 'gmatch' (a nil value)
INFO - [G] 2025-01-23 11:51:22 :: TRACE :: Loader :: Processing Mod file (Legacy header): SnowMods.lua
INFO - [G] 2025-01-23 11:51:22 :: TRACE :: Loader :: Saving Mod Info: SnowHolidayJokers
INFO - [G] 2025-01-23 11:51:22 :: TRACE :: Loader :: Processing Mod file (Legacy header): Taikomochi.lua
INFO - [G] 2025-01-23 11:51:22 :: TRACE :: Loader :: Saving Mod Info: Taikomochi
INFO - [G] 2025-01-23 11:51:22 :: TRACE :: Loader :: Processing Mod file (Legacy header): steamodded_metadata.lua
INFO - [G] 2025-01-23 11:51:22 :: TRACE :: Loader :: Saving Mod Info: Talisman
INFO - [G] 2025-01-23 11:51:22 :: TRACE :: Loader :: Processing Mod file (Legacy header): ThemedDecks.lua
INFO - [G] 2025-01-23 11:51:22 :: TRACE :: Loader :: Saving Mod Info: ThemedDecks
INFO - [G] 2025-01-23 11:51:22 :: TRACE :: Loader :: Processing Mod file (Legacy header): ThemedJokers.lua
INFO - [G] 2025-01-23 11:51:22 :: TRACE :: Loader :: Saving Mod Info: ThemedJokers
INFO - [G] 2025-01-23 11:51:22 :: TRACE :: Loader :: Processing Mod file (Legacy header): ThemedTarots.lua
INFO - [G] 2025-01-23 11:51:22 :: TRACE :: Loader :: Saving Mod Info: ThemedTarots
INFO - [G] 2025-01-23 11:51:22 :: ERROR :: Loader :: Found invalid metadata JSON file at C:\Users\ramosalves\AppData\Roaming\Balatro\Mods/Themed.Jokers/manifest.json, ignoring: [SMODS _ "src/loader.lua"]:226: id
INFO - [G] 2025-01-23 11:51:22 :: INFO  :: DefaultLogger :: Valid JSON file found
INFO - [G] 2025-01-23 11:51:22 :: INFO  :: DefaultLogger :: Valid JSON file found
INFO - [G] 2025-01-23 11:51:22 :: TRACE :: Loader :: Processing Mod file (Legacy header): MultiJokers.lua
INFO - [G] 2025-01-23 11:51:22 :: TRACE :: Loader :: Saving Mod Info: MultiJokersMod
INFO - [G] 2025-01-23 11:51:22 :: ERROR :: Loader :: Found invalid metadata JSON file at C:\Users\ramosalves\AppData\Roaming\Balatro\Mods/paperback-0.4.2/.vscode/settings.json, ignoring: [SMODS _ "src/loader.lua"]:226: id
INFO - [G] 2025-01-23 11:51:22 :: INFO  :: DefaultLogger :: Valid JSON file found
INFO - [G] 2025-01-23 11:51:22 :: TRACE :: Loader :: Processing Mod file (Legacy header): sevendeadlysins.lua
INFO - [G] 2025-01-23 11:51:22 :: TRACE :: Loader :: Saving Mod Info: 7deadlysins
INFO - [G] 2025-01-23 11:51:22 :: DEBUG :: Paperback :: Loaded joker: calling_card
INFO - [G] 2025-01-23 11:51:22 :: DEBUG :: Paperback :: Loaded joker: quick_fix
INFO - [G] 2025-01-23 11:51:22 :: DEBUG :: Paperback :: Loaded joker: sacrificial_lamb
INFO - [G] 2025-01-23 11:51:22 :: DEBUG :: Paperback :: Loaded joker: wish_you_were_here
INFO - [G] 2025-01-23 11:51:22 :: DEBUG :: Paperback :: Loaded joker: stamp
INFO - [G] 2025-01-23 11:51:22 :: DEBUG :: Paperback :: Loaded joker: solar_system
INFO - [G] 2025-01-23 11:51:22 :: DEBUG :: Paperback :: Loaded joker: furioso
INFO - [G] 2025-01-23 11:51:22 :: DEBUG :: Paperback :: Loaded joker: pride_flag
INFO - [G] 2025-01-23 11:51:22 :: DEBUG :: Paperback :: Loaded joker: pool_table
INFO - [G] 2025-01-23 11:51:22 :: DEBUG :: Paperback :: Loaded joker: summoning_circle
INFO - [G] 2025-01-23 11:51:22 :: DEBUG :: Paperback :: Loaded joker: hole_in_one
INFO - [G] 2025-01-23 11:51:22 :: DEBUG :: Paperback :: Loaded joker: derecho
INFO - [G] 2025-01-23 11:51:22 :: DEBUG :: Paperback :: Loaded joker: skydiver
INFO - [G] 2025-01-23 11:51:22 :: DEBUG :: Paperback :: Loaded joker: solemn_lament
INFO - [G] 2025-01-23 11:51:22 :: DEBUG :: Paperback :: Loaded joker: ghost_cola
INFO - [G] 2025-01-23 11:51:22 :: DEBUG :: Paperback :: Loaded joker: mismatched_sock
INFO - [G] 2025-01-23 11:51:22 :: DEBUG :: Paperback :: Loaded joker: shopping_center
INFO - [G] 2025-01-23 11:51:22 :: DEBUG :: Paperback :: Loaded joker: union_card
INFO - [G] 2025-01-23 11:51:22 :: DEBUG :: Paperback :: Loaded joker: nachos
INFO - [G] 2025-01-23 11:51:22 :: DEBUG :: Paperback :: Loaded joker: complete_breakfast
INFO - [G] 2025-01-23 11:51:22 :: DEBUG :: Paperback :: Loaded joker: reference_card
INFO - [G] 2025-01-23 11:51:22 :: DEBUG :: Paperback :: Loaded joker: crispy_taco
INFO - [G] 2025-01-23 11:51:22 :: DEBUG :: Paperback :: Loaded joker: soft_taco
INFO - [G] 2025-01-23 11:51:22 :: DEBUG :: Paperback :: Loaded joker: prince_of_darkness
INFO - [G] 2025-01-23 11:51:22 :: DEBUG :: Paperback :: Loaded joker: emergency_broadcast
INFO - [G] 2025-01-23 11:51:22 :: DEBUG :: Paperback :: Loaded joker: triple_moon_goddess
INFO - [G] 2025-01-23 11:51:22 :: DEBUG :: Paperback :: Loaded joker: wild_prize
INFO - [G] 2025-01-23 11:51:22 :: DEBUG :: Paperback :: Loaded joker: bicycle
INFO - [G] 2025-01-23 11:51:22 :: DEBUG :: Paperback :: Loaded joker: grand_strategy
INFO - [G] 2025-01-23 11:51:22 :: DEBUG :: Paperback :: Loaded joker: great_wave
INFO - [G] 2025-01-23 11:51:22 :: DEBUG :: Paperback :: Loaded joker: let_it_happen
INFO - [G] 2025-01-23 11:51:22 :: DEBUG :: Paperback :: Loaded joker: dreamsicle
INFO - [G] 2025-01-23 11:51:22 :: DEBUG :: Paperback :: Loaded joker: popsicle_stick
INFO - [G] 2025-01-23 11:51:22 :: DEBUG :: Paperback :: Loaded joker: cakepop
INFO - [G] 2025-01-23 11:51:22 :: DEBUG :: Paperback :: Loaded joker: pop_stick
INFO - [G] 2025-01-23 11:51:22 :: DEBUG :: Paperback :: Loaded joker: caramel_apple
INFO - [G] 2025-01-23 11:51:22 :: DEBUG :: Paperback :: Loaded joker: pointy_stick
INFO - [G] 2025-01-23 11:51:22 :: DEBUG :: Paperback :: Loaded joker: charred_marshmallow
INFO - [G] 2025-01-23 11:51:22 :: DEBUG :: Paperback :: Loaded joker: sticky_stick
INFO - [G] 2025-01-23 11:51:22 :: DEBUG :: Paperback :: Loaded joker: paranoia
INFO - [G] 2025-01-23 11:51:22 :: DEBUG :: Paperback :: Loaded joker: subterfuge
INFO - [G] 2025-01-23 11:51:22 :: DEBUG :: Paperback :: Loaded joker: unholy_alliance
INFO - [G] 2025-01-23 11:51:22 :: DEBUG :: Paperback :: Loaded joker: cherry_blossoms
INFO - [G] 2025-01-23 11:51:22 :: DEBUG :: Paperback :: Loaded joker: blue_bonnets
INFO - [G] 2025-01-23 11:51:22 :: DEBUG :: Paperback :: Loaded joker: autumn_leaves
INFO - [G] 2025-01-23 11:51:22 :: DEBUG :: Paperback :: Loaded joker: evergreens
INFO - [G] 2025-01-23 11:51:22 :: DEBUG :: Paperback :: Loaded joker: river
INFO - [G] 2025-01-23 11:51:22 :: DEBUG :: Paperback :: Loaded joker: moribund
INFO - [G] 2025-01-23 11:51:22 :: DEBUG :: Paperback :: Loaded joker: jimbo_adventure
INFO - [G] 2025-01-23 11:51:22 :: DEBUG :: Paperback :: Loaded joker: joker_cookie
INFO - [G] 2025-01-23 11:51:22 :: DEBUG :: Paperback :: Loaded joker: jestrica
INFO - [G] 2025-01-23 11:51:22 :: WARN  :: Atlas :: Detected duplicate register call on object ExtraCredit_ECjokers
INFO - [G] 2025-01-23 11:51:22 :: DEBUG :: DefaultLogger :: [UnStable] - Starting Unstable
INFO - [G] 2025-01-23 11:51:22 :: DEBUG :: DefaultLogger :: [Unstable_Suit] - Registering suit: Spades with the type suit_black
INFO - [G] 2025-01-23 11:51:22 :: DEBUG :: DefaultLogger :: [Unstable_Suit] - Registering suit: Clubs with the type suit_black
INFO - [G] 2025-01-23 11:51:22 :: DEBUG :: DefaultLogger :: [Unstable_Suit] - Registering suit: Hearts with the type suit_red
INFO - [G] 2025-01-23 11:51:22 :: DEBUG :: DefaultLogger :: [Unstable_Suit] - Registering suit: Diamonds with the type suit_red
INFO - [G] 2025-01-23 11:51:22 :: INFO  :: DX :: Deluxe Consumables Cards Loaded
INFO - [G] 2025-01-23 11:51:22 :: DEBUG :: DefaultLogger :: [UnstableEX] - Starting UnstableEX
INFO - [G] 2025-01-23 11:51:22 :: DEBUG :: DefaultLogger :: [UnstableEX] - Injecting the graphic for rank unstb_???
INFO - [G] 2025-01-23 11:51:22 :: DEBUG :: DefaultLogger :: [UnstableEX] - Injecting the graphic for rank unstb_e
INFO - [G] 2025-01-23 11:51:22 :: DEBUG :: DefaultLogger :: [UnstableEX] - Injecting the graphic for rank unstb_0
INFO - [G] 2025-01-23 11:51:22 :: DEBUG :: DefaultLogger :: [UnstableEX] - Injecting the graphic for rank unstb_161
INFO - [G] 2025-01-23 11:51:22 :: DEBUG :: DefaultLogger :: [UnstableEX] - Injecting the graphic for rank unstb_r2
INFO - [G] 2025-01-23 11:51:22 :: DEBUG :: DefaultLogger :: [UnstableEX] - Injecting the graphic for rank unstb_13
INFO - [G] 2025-01-23 11:51:22 :: DEBUG :: DefaultLogger :: [UnstableEX] - Injecting the graphic for rank unstb_12
INFO - [G] 2025-01-23 11:51:22 :: DEBUG :: DefaultLogger :: [UnstableEX] - Injecting the graphic for rank unstb_11
INFO - [G] 2025-01-23 11:51:22 :: DEBUG :: DefaultLogger :: [UnstableEX] - Injecting the graphic for rank unstb_21
INFO - [G] 2025-01-23 11:51:22 :: DEBUG :: DefaultLogger :: [UnstableEX] - Injecting the graphic for rank unstb_Pi
INFO - [G] 2025-01-23 11:51:22 :: DEBUG :: DefaultLogger :: [UnstableEX] - Injecting the graphic for rank unstb_25
INFO - [G] 2025-01-23 11:51:22 :: DEBUG :: DefaultLogger :: [UnstableEX] - Injecting the graphic for rank unstb_0.5
INFO - [G] 2025-01-23 11:51:22 :: DEBUG :: DefaultLogger :: [UnstableEX] - Injecting the graphic for rank unstb_1
INFO - [G] 2025-01-23 11:51:22 :: INFO  :: TIMER :: [0000] Injected Language in 0.001 ms
INFO - [G] 2025-01-23 11:51:22 :: INFO  :: TIMER :: [0000] Injected [INTERNAL] in 0.952 ms
INFO - [G] 2025-01-23 11:51:24 :: INFO  :: TIMER :: [0118] Injected Atlas in 1505.803 ms
INFO - [G] 2025-01-23 11:51:24 :: INFO  :: TIMER :: [0010] Injected Sound in 40.128 ms
INFO - [G] 2025-01-23 11:51:24 :: INFO  :: TIMER :: [0008] Injected Stake in 0.966 ms
INFO - [G] 2025-01-23 11:51:24 :: INFO  :: TIMER :: [0004] Injected Rarity in 0.054 ms
INFO - [G] 2025-01-23 11:51:24 :: INFO  :: TIMER :: [0005] Injected ObjectType in 0.118 ms
INFO - [G] 2025-01-23 11:51:24 :: INFO  :: TIMER :: [0590] Injected Center in 3.840 ms
INFO - [G] 2025-01-23 11:51:24 :: INFO  :: TIMER :: [0008] Injected Undiscovered Sprite in 0.114 ms
INFO - [G] 2025-01-23 11:51:24 :: INFO  :: TIMER :: [0002] Injected Blind in 0.026 ms
INFO - [G] 2025-01-23 11:51:24 :: INFO  :: TIMER :: [0010] Injected Seal in 1.423 ms
INFO - [G] 2025-01-23 11:51:24 :: INFO  :: TIMER :: [0004] Injected Suit in 0.733 ms
INFO - [G] 2025-01-23 11:51:24 :: INFO  :: TIMER :: [0026] Injected Rank in 2.626 ms
INFO - [G] 2025-01-23 11:51:24 :: INFO  :: TIMER :: [0016] Injected DeckSkin in 0.481 ms
INFO - [G] 2025-01-23 11:51:24 :: INFO  :: TIMER :: [0012] Injected PokerHand in 1.760 ms
INFO - [G] 2025-01-23 11:51:24 :: INFO  :: TIMER :: [0027] Injected Challenge in 0.042 ms
INFO - [G] 2025-01-23 11:51:24 :: INFO  :: TIMER :: [0000] Injected Tag in 0.002 ms
INFO - [G] 2025-01-23 11:51:24 :: INFO  :: TIMER :: [0004] Injected Sticker in 1.623 ms
INFO - [G] 2025-01-23 11:51:24 :: INFO  :: TIMER :: [0000] Injected Shader in 0.002 ms
INFO - [G] 2025-01-23 11:51:24 :: INFO  :: TIMER :: [0001] Injected Keybind in 0.011 ms
INFO - [G] 2025-01-23 11:51:24 :: INFO  :: TIMER :: [0000] Injected Achievement in 0.022 ms
INFO - [G] 2025-01-23 11:51:24 :: INFO  :: TIMER :: [0000] Injected [INTERNAL] in 16.042 ms
INFO - [G] 2025-01-23 11:51:24 :: DEBUG :: DefaultLogger :: [UnStable] - Initialize Remaining Previous Rank Data
INFO - [G] 2025-01-23 11:51:24 :: DEBUG :: DefaultLogger :: [UnStable] - Start initializing localization-independent info
INFO - [G] 2025-01-23 11:51:24 :: DEBUG :: DefaultLogger :: [UnStable] - Finished initializing localization-independent info
INFO - [G] 2025-01-23 11:51:26 :: DEBUG :: DefaultLogger :: remove from deck
INFO - [G] Distro :: Connected to Discord IPC (pipe 0)
INFO - [G] Distro :: Received 1 - {"cmd":"DISPATCH","data":{"v":1,"config":{"cdn_host":"cdn.discordapp.com","api_endpoint":"//discord.com/api","environment":"production"},"user":{"id":"650965599316475931","username":"zlaura.xyz","discriminator":"0","global_name":"Laura ⚸","avatar":"9d6ceab675e8a29dfa3f3daf9addd1c7","avatar_decoration_data":null,"bot":false,"flags":96,"premium_type":0}},"evt":"READY","nonce":null}
INFO - [G] LONG DT @ 12: 0.073456813865086
INFO - [G] LONG DT @ 12: 0.065143391092069
INFO - [G] LONG DT @ 12: 0.055419632873655
INFO - [G] 2025-01-23 11:53:17 :: DEBUG :: DefaultLogger :: remove from deck
INFO - [G] 2025-01-23 11:53:17 :: DEBUG :: DefaultLogger :: remove from deck
INFO - [G] 2025-01-23 11:53:17 :: DEBUG :: DefaultLogger :: remove from deck
INFO - [G] 2025-01-23 11:53:17 :: DEBUG :: DefaultLogger :: remove from deck
INFO - [G] 2025-01-23 11:53:17 :: DEBUG :: DefaultLogger :: remove from deck
INFO - [G] 2025-01-23 11:53:17 :: DEBUG :: DefaultLogger :: remove from deck
INFO - [G] 2025-01-23 11:53:17 :: DEBUG :: DefaultLogger :: remove from deck
INFO - [G] 2025-01-23 11:53:17 :: DEBUG :: DefaultLogger :: remove from deck
INFO - [G] 2025-01-23 11:53:17 :: DEBUG :: DefaultLogger :: remove from deck
INFO - [G] 2025-01-23 11:53:17 :: DEBUG :: DefaultLogger :: remove from deck
INFO - [G] 2025-01-23 11:53:24 :: DEBUG :: DefaultLogger :: remove from deck
INFO - [G] 2025-01-23 11:53:24 :: INFO  :: TIMER :: [0000] Injected Language in 0.001 ms
INFO - [G] 2025-01-23 11:53:24 :: INFO  :: TIMER :: [0000] Injected [INTERNAL] in 0.886 ms
INFO - [G] 2025-01-23 11:53:25 :: INFO  :: TIMER :: [0118] Injected Atlas in 1344.035 ms
INFO - [G] 2025-01-23 11:53:25 :: INFO  :: TIMER :: [0010] Injected Sound in 0.016 ms
INFO - [G] 2025-01-23 11:53:25 :: INFO  :: TIMER :: [0008] Injected Stake in 0.130 ms
INFO - [G] 2025-01-23 11:53:25 :: INFO  :: TIMER :: [0004] Injected Rarity in 0.030 ms
INFO - [G] 2025-01-23 11:53:25 :: INFO  :: TIMER :: [0005] Injected ObjectType in 0.028 ms
INFO - [G] 2025-01-23 11:53:25 :: INFO  :: TIMER :: [0590] Injected Center in 1.687 ms
INFO - [G] 2025-01-23 11:53:25 :: INFO  :: TIMER :: [0008] Injected Undiscovered Sprite in 0.009 ms
INFO - [G] 2025-01-23 11:53:25 :: INFO  :: TIMER :: [0002] Injected Blind in 0.008 ms
INFO - [G] 2025-01-23 11:53:25 :: INFO  :: TIMER :: [0010] Injected Seal in 0.232 ms
INFO - [G] 2025-01-23 11:53:25 :: INFO  :: TIMER :: [0004] Injected Suit in 0.103 ms
INFO - [G] 2025-01-23 11:53:25 :: INFO  :: TIMER :: [0026] Injected Rank in 0.144 ms
INFO - [G] 2025-01-23 11:53:25 :: INFO  :: TIMER :: [0016] Injected DeckSkin in 0.027 ms
INFO - [G] 2025-01-23 11:53:25 :: INFO  :: TIMER :: [0012] Injected PokerHand in 0.089 ms
INFO - [G] 2025-01-23 11:53:25 :: INFO  :: TIMER :: [0027] Injected Challenge in 0.038 ms
INFO - [G] 2025-01-23 11:53:25 :: INFO  :: TIMER :: [0000] Injected Tag in 0.001 ms
INFO - [G] 2025-01-23 11:53:25 :: INFO  :: TIMER :: [0004] Injected Sticker in 0.093 ms
INFO - [G] 2025-01-23 11:53:25 :: INFO  :: TIMER :: [0000] Injected Shader in 0.001 ms
INFO - [G] 2025-01-23 11:53:25 :: INFO  :: TIMER :: [0001] Injected Keybind in 0.005 ms
INFO - [G] 2025-01-23 11:53:25 :: INFO  :: TIMER :: [0000] Injected Achievement in 0.008 ms
INFO - [G] 2025-01-23 11:53:25 :: INFO  :: TIMER :: [0000] Injected [INTERNAL] in 8.495 ms
INFO - [G] LONG DT @ 129: 0.1
INFO - [G] LONG DT @ 12: 0.08762292
INFO - [G] LONG DT @ 12: 0.072076715999997
INFO - [G] LONG DT @ 12: 0.060987452799997
INFO - [G] LONG DT @ 12: 0.052200002239998
INFO - [G] 2025-01-23 11:53:26 :: DEBUG :: DefaultLogger :: remove from deck
INFO - [G] 2025-01-23 11:53:27 :: DEBUG :: DefaultLogger :: remove from deck
INFO - [G] 2025-01-23 11:53:27 :: DEBUG :: DefaultLogger :: remove from deck
INFO - [G] 2025-01-23 11:53:27 :: DEBUG :: DefaultLogger :: remove from deck
INFO - [G] 2025-01-23 11:53:27 :: DEBUG :: DefaultLogger :: remove from deck
INFO - [G] 2025-01-23 11:53:27 :: DEBUG :: DefaultLogger :: remove from deck
INFO - [G] 2025-01-23 11:53:27 :: DEBUG :: DefaultLogger :: remove from deck
INFO - [G] 2025-01-23 11:53:27 :: DEBUG :: DefaultLogger :: remove from deck
INFO - [G] 2025-01-23 11:53:27 :: DEBUG :: DefaultLogger :: remove from deck
INFO - [G] 2025-01-23 11:53:27 :: DEBUG :: DefaultLogger :: remove from deck
INFO - [G] 2025-01-23 11:53:27 :: DEBUG :: DefaultLogger :: remove from deck
INFO - [G] 2025-01-23 11:53:27 :: DEBUG :: DefaultLogger :: remove from deck
INFO - [G] 2025-01-23 11:53:27 :: DEBUG :: DefaultLogger :: remove from deck
INFO - [G] 2025-01-23 11:53:27 :: DEBUG :: DefaultLogger :: remove from deck
INFO - [G] 2025-01-23 11:53:27 :: DEBUG :: DefaultLogger :: remove from deck
INFO - [G] 2025-01-23 11:53:27 :: DEBUG :: DefaultLogger :: remove from deck
INFO - [G] 2025-01-23 11:53:27 :: DEBUG :: DefaultLogger :: remove from deck
INFO - [G] 2025-01-23 11:53:27 :: DEBUG :: DefaultLogger :: remove from deck
INFO - [G] 2025-01-23 11:53:27 :: DEBUG :: DefaultLogger :: remove from deck
INFO - [G] 2025-01-23 11:53:27 :: DEBUG :: DefaultLogger :: remove from deck
INFO - [G] 2025-01-23 11:53:27 :: DEBUG :: DefaultLogger :: remove from deck
INFO - [G] 2025-01-23 11:53:27 :: DEBUG :: DefaultLogger :: remove from deck
INFO - [G] 2025-01-23 11:53:27 :: DEBUG :: DefaultLogger :: remove from deck
INFO - [G] 2025-01-23 11:53:27 :: DEBUG :: DefaultLogger :: remove from deck
INFO - [G] 2025-01-23 11:53:27 :: DEBUG :: DefaultLogger :: remove from deck
INFO - [G] 2025-01-23 11:53:27 :: DEBUG :: DefaultLogger :: remove from deck
INFO - [G] 2025-01-23 11:53:27 :: DEBUG :: DefaultLogger :: remove from deck
INFO - [G] 2025-01-23 11:53:27 :: DEBUG :: DefaultLogger :: remove from deck
INFO - [G] 2025-01-23 11:53:27 :: DEBUG :: DefaultLogger :: remove from deck
INFO - [G] 2025-01-23 11:53:27 :: DEBUG :: DefaultLogger :: remove from deck
INFO - [G] 2025-01-23 11:53:27 :: DEBUG :: DefaultLogger :: remove from deck
INFO - [G] 2025-01-23 11:53:27 :: DEBUG :: DefaultLogger :: remove from deck
INFO - [G] 2025-01-23 11:53:27 :: DEBUG :: DefaultLogger :: remove from deck
INFO - [G] 2025-01-23 11:53:27 :: DEBUG :: DefaultLogger :: remove from deck
INFO - [G] 2025-01-23 11:53:27 :: DEBUG :: DefaultLogger :: remove from deck
INFO - [G] 2025-01-23 11:53:27 :: DEBUG :: DefaultLogger :: remove from deck
INFO - [G] 2025-01-23 11:53:27 :: DEBUG :: DefaultLogger :: remove from deck
INFO - [G] 2025-01-23 11:53:27 :: DEBUG :: DefaultLogger :: remove from deck
INFO - [G] 2025-01-23 11:53:27 :: DEBUG :: DefaultLogger :: remove from deck
INFO - [G] 2025-01-23 11:53:27 :: DEBUG :: DefaultLogger :: remove from deck
INFO - [G] 2025-01-23 11:53:27 :: DEBUG :: DefaultLogger :: remove from deck
INFO - [G] 2025-01-23 11:53:27 :: DEBUG :: DefaultLogger :: remove from deck
INFO - [G] 2025-01-23 11:53:27 :: DEBUG :: DefaultLogger :: remove from deck
INFO - [G] 2025-01-23 11:53:27 :: DEBUG :: DefaultLogger :: remove from deck
INFO - [G] 2025-01-23 11:53:27 :: DEBUG :: DefaultLogger :: remove from deck
INFO - [G] 2025-01-23 11:53:27 :: DEBUG :: DefaultLogger :: remove from deck
INFO - [G] 2025-01-23 11:53:27 :: DEBUG :: DefaultLogger :: remove from deck
INFO - [G] 2025-01-23 11:53:27 :: DEBUG :: DefaultLogger :: remove from deck
INFO - [G] 2025-01-23 11:53:27 :: DEBUG :: DefaultLogger :: remove from deck
INFO - [G] 2025-01-23 11:53:27 :: DEBUG :: DefaultLogger :: remove from deck
INFO - [G] 2025-01-23 11:53:27 :: DEBUG :: DefaultLogger :: remove from deck
INFO - [G] 2025-01-23 11:53:27 :: DEBUG :: DefaultLogger :: remove from deck
INFO - [G] 2025-01-23 11:53:27 :: DEBUG :: DefaultLogger :: remove from deck
INFO - [G] 2025-01-23 11:53:27 :: DEBUG :: DefaultLogger :: remove from deck
INFO - [G] 2025-01-23 11:53:27 :: DEBUG :: DefaultLogger :: remove from deck
INFO - [G] 2025-01-23 11:53:27 :: DEBUG :: DefaultLogger :: remove from deck
INFO - [G] 2025-01-23 11:53:27 :: DEBUG :: DefaultLogger :: remove from deck
INFO - [G] 2025-01-23 11:53:27 :: DEBUG :: DefaultLogger :: remove from deck
INFO - [G] 2025-01-23 11:53:27 :: DEBUG :: DefaultLogger :: remove from deck
INFO - [G] 2025-01-23 11:53:27 :: DEBUG :: DefaultLogger :: remove from deck
INFO - [G] 2025-01-23 11:53:27 :: DEBUG :: DefaultLogger :: remove from deck
INFO - [G] 2025-01-23 11:53:27 :: DEBUG :: DefaultLogger :: remove from deck
INFO - [G] 2025-01-23 11:53:27 :: DEBUG :: DefaultLogger :: remove from deck
INFO - [G] 2025-01-23 11:53:27 :: DEBUG :: DefaultLogger :: remove from deck
INFO - [G] 2025-01-23 11:53:27 :: DEBUG :: DefaultLogger :: remove from deck
INFO - [G] 2025-01-23 11:53:27 :: DEBUG :: DefaultLogger :: remove from deck
INFO - [G] 2025-01-23 11:53:27 :: DEBUG :: DefaultLogger :: remove from deck
INFO - [G] 2025-01-23 11:53:27 :: DEBUG :: DefaultLogger :: remove from deck
INFO - [G] 2025-01-23 11:53:27 :: DEBUG :: DefaultLogger :: remove from deck
INFO - [G] 2025-01-23 11:53:27 :: DEBUG :: DefaultLogger :: remove from deck
INFO - [G] 2025-01-23 11:53:27 :: DEBUG :: DefaultLogger :: remove from deck
INFO - [G] 2025-01-23 11:53:27 :: DEBUG :: DefaultLogger :: remove from deck
INFO - [G] 2025-01-23 11:53:27 :: DEBUG :: DefaultLogger :: remove from deck
INFO - [G] 2025-01-23 11:53:27 :: DEBUG :: DefaultLogger :: remove from deck
INFO - [G] 2025-01-23 11:53:27 :: DEBUG :: DefaultLogger :: remove from deck
INFO - [G] 2025-01-23 11:53:27 :: DEBUG :: DefaultLogger :: remove from deck
INFO - [G] 2025-01-23 11:53:27 :: DEBUG :: DefaultLogger :: remove from deck
INFO - [G] 2025-01-23 11:53:27 :: DEBUG :: DefaultLogger :: remove from deck
INFO - [G] 2025-01-23 11:53:27 :: DEBUG :: DefaultLogger :: remove from deck
INFO - [G] 2025-01-23 11:53:27 :: DEBUG :: DefaultLogger :: remove from deck
INFO - [G] 2025-01-23 11:53:27 :: DEBUG :: DefaultLogger :: remove from deck
INFO - [G] 2025-01-23 11:53:27 :: DEBUG :: DefaultLogger :: remove from deck
INFO - [G] 2025-01-23 11:53:27 :: DEBUG :: DefaultLogger :: remove from deck
INFO - [G] 2025-01-23 11:53:27 :: DEBUG :: DefaultLogger :: remove from deck
INFO - [G] 2025-01-23 11:53:27 :: DEBUG :: DefaultLogger :: remove from deck
INFO - [G] 2025-01-23 11:53:27 :: DEBUG :: DefaultLogger :: remove from deck
INFO - [G] 2025-01-23 11:53:27 :: DEBUG :: DefaultLogger :: remove from deck
INFO - [G] 2025-01-23 11:53:27 :: DEBUG :: DefaultLogger :: remove from deck
INFO - [G] 2025-01-23 11:53:27 :: DEBUG :: DefaultLogger :: remove from deck
INFO - [G] 2025-01-23 11:53:27 :: DEBUG :: DefaultLogger :: remove from deck
INFO - [G] 2025-01-23 11:53:27 :: DEBUG :: DefaultLogger :: remove from deck
INFO - [G] 2025-01-23 11:53:27 :: DEBUG :: DefaultLogger :: remove from deck
INFO - [G] 2025-01-23 11:53:27 :: DEBUG :: DefaultLogger :: remove from deck
INFO - [G] 2025-01-23 11:53:27 :: DEBUG :: DefaultLogger :: remove from deck
INFO - [G] 2025-01-23 11:53:27 :: DEBUG :: DefaultLogger :: remove from deck
INFO - [G] 2025-01-23 11:53:27 :: DEBUG :: DefaultLogger :: remove from deck
INFO - [G] 2025-01-23 11:53:27 :: DEBUG :: DefaultLogger :: remove from deck
INFO - [G] 2025-01-23 11:53:27 :: DEBUG :: DefaultLogger :: remove from deck
INFO - [G] 2025-01-23 11:53:27 :: DEBUG :: DefaultLogger :: remove from deck
INFO - [G] 2025-01-23 11:53:27 :: DEBUG :: DefaultLogger :: remove from deck
INFO - [G] 2025-01-23 11:53:27 :: DEBUG :: DefaultLogger :: remove from deck
INFO - [G] 2025-01-23 11:53:27 :: DEBUG :: DefaultLogger :: remove from deck
INFO - [G] 2025-01-23 11:53:27 :: DEBUG :: DefaultLogger :: remove from deck
INFO - [G] 2025-01-23 11:53:27 :: DEBUG :: DefaultLogger :: remove from deck
INFO - [G] 2025-01-23 11:53:27 :: DEBUG :: DefaultLogger :: remove from deck
INFO - [G] 2025-01-23 11:53:28 :: DEBUG :: DefaultLogger :: remove from deck
INFO - [G] 2025-01-23 11:53:28 :: DEBUG :: DefaultLogger :: remove from deck
INFO - [G] 2025-01-23 11:53:28 :: DEBUG :: DefaultLogger :: remove from deck
INFO - [G] 2025-01-23 11:53:28 :: DEBUG :: DefaultLogger :: remove from deck
INFO - [G] 2025-01-23 11:53:28 :: DEBUG :: DefaultLogger :: remove from deck
INFO - [G] 2025-01-23 11:53:28 :: DEBUG :: DefaultLogger :: remove from deck
INFO - [G] 2025-01-23 11:53:28 :: DEBUG :: DefaultLogger :: remove from deck
INFO - [G] 2025-01-23 11:53:28 :: DEBUG :: DefaultLogger :: remove from deck
INFO - [G] 2025-01-23 11:53:28 :: DEBUG :: DefaultLogger :: remove from deck
INFO - [G] 2025-01-23 11:53:28 :: DEBUG :: DefaultLogger :: remove from deck
INFO - [G] 2025-01-23 11:53:28 :: DEBUG :: DefaultLogger :: remove from deck
INFO - [G] 2025-01-23 11:53:28 :: DEBUG :: DefaultLogger :: remove from deck
INFO - [G] 2025-01-23 11:53:28 :: DEBUG :: DefaultLogger :: remove from deck
INFO - [G] 2025-01-23 11:53:28 :: DEBUG :: DefaultLogger :: remove from deck
INFO - [G] 2025-01-23 11:53:28 :: DEBUG :: DefaultLogger :: remove from deck
INFO - [G] 2025-01-23 11:53:28 :: DEBUG :: DefaultLogger :: remove from deck
INFO - [G] 2025-01-23 11:53:28 :: DEBUG :: DefaultLogger :: remove from deck
INFO - [G] 2025-01-23 11:53:28 :: DEBUG :: DefaultLogger :: remove from deck
INFO - [G] 2025-01-23 11:53:28 :: DEBUG :: DefaultLogger :: remove from deck
INFO - [G] 2025-01-23 11:53:28 :: DEBUG :: DefaultLogger :: remove from deck
INFO - [G] 2025-01-23 11:53:28 :: DEBUG :: DefaultLogger :: remove from deck
INFO - [G] 2025-01-23 11:53:28 :: DEBUG :: DefaultLogger :: remove from deck
INFO - [G] 2025-01-23 11:53:28 :: DEBUG :: DefaultLogger :: remove from deck
INFO - [G] 2025-01-23 11:53:28 :: DEBUG :: DefaultLogger :: remove from deck
INFO - [G] 2025-01-23 11:53:28 :: DEBUG :: DefaultLogger :: remove from deck
INFO - [G] 2025-01-23 11:53:28 :: DEBUG :: DefaultLogger :: remove from deck
INFO - [G] 2025-01-23 11:53:28 :: DEBUG :: DefaultLogger :: remove from deck
INFO - [G] 2025-01-23 11:53:28 :: DEBUG :: DefaultLogger :: remove from deck
INFO - [G] 2025-01-23 11:53:28 :: DEBUG :: DefaultLogger :: remove from deck
INFO - [G] 2025-01-23 11:53:28 :: DEBUG :: DefaultLogger :: remove from deck
INFO - [G] 2025-01-23 11:53:28 :: DEBUG :: DefaultLogger :: remove from deck
INFO - [G] 2025-01-23 11:53:28 :: DEBUG :: DefaultLogger :: remove from deck
INFO - [G] 2025-01-23 11:53:28 :: DEBUG :: DefaultLogger :: remove from deck
INFO - [G] 2025-01-23 11:53:28 :: DEBUG :: DefaultLogger :: remove from deck
INFO - [G] 2025-01-23 11:53:28 :: DEBUG :: DefaultLogger :: remove from deck
INFO - [G] 2025-01-23 11:53:28 :: DEBUG :: DefaultLogger :: remove from deck
INFO - [G] 2025-01-23 11:53:28 :: DEBUG :: DefaultLogger :: remove from deck
INFO - [G] 2025-01-23 11:53:28 :: DEBUG :: DefaultLogger :: remove from deck
INFO - [G] 2025-01-23 11:53:28 :: DEBUG :: DefaultLogger :: remove from deck
INFO - [G] 2025-01-23 11:53:28 :: DEBUG :: DefaultLogger :: remove from deck
INFO - [G] 2025-01-23 11:53:28 :: DEBUG :: DefaultLogger :: remove from deck
INFO - [G] 2025-01-23 11:53:28 :: DEBUG :: DefaultLogger :: remove from deck
INFO - [G] 2025-01-23 11:53:28 :: DEBUG :: DefaultLogger :: remove from deck
INFO - [G] 2025-01-23 11:53:28 :: DEBUG :: DefaultLogger :: remove from deck
INFO - [G] 2025-01-23 11:53:28 :: DEBUG :: DefaultLogger :: remove from deck
INFO - [G] 2025-01-23 11:53:28 :: DEBUG :: DefaultLogger :: remove from deck
INFO - [G] 2025-01-23 11:53:28 :: DEBUG :: DefaultLogger :: remove from deck
INFO - [G] 2025-01-23 11:53:28 :: DEBUG :: DefaultLogger :: remove from deck
INFO - [G] 2025-01-23 11:53:28 :: DEBUG :: DefaultLogger :: remove from deck
INFO - [G] 2025-01-23 11:53:28 :: DEBUG :: DefaultLogger :: remove from deck
INFO - [G] 2025-01-23 11:53:28 :: DEBUG :: DefaultLogger :: remove from deck
INFO - [G] 2025-01-23 11:53:28 :: DEBUG :: DefaultLogger :: remove from deck
INFO - [G] 2025-01-23 11:53:28 :: DEBUG :: DefaultLogger :: remove from deck
INFO - [G] 2025-01-23 11:53:28 :: DEBUG :: DefaultLogger :: remove from deck
INFO - [G] 2025-01-23 11:53:28 :: DEBUG :: DefaultLogger :: remove from deck
INFO - [G] 2025-01-23 11:53:28 :: DEBUG :: DefaultLogger :: remove from deck
INFO - [G] 2025-01-23 11:53:28 :: DEBUG :: DefaultLogger :: remove from deck
INFO - [G] 2025-01-23 11:53:28 :: DEBUG :: DefaultLogger :: remove from deck
INFO - [G] 2025-01-23 11:53:28 :: DEBUG :: DefaultLogger :: remove from deck
INFO - [G] 2025-01-23 11:53:28 :: DEBUG :: DefaultLogger :: remove from deck
INFO - [G] 2025-01-23 11:53:28 :: DEBUG :: DefaultLogger :: remove from deck
INFO - [G] 2025-01-23 11:53:28 :: DEBUG :: DefaultLogger :: remove from deck
INFO - [G] 2025-01-23 11:53:28 :: DEBUG :: DefaultLogger :: remove from deck
INFO - [G] 2025-01-23 11:53:28 :: DEBUG :: DefaultLogger :: remove from deck
INFO - [G] 2025-01-23 11:53:28 :: DEBUG :: DefaultLogger :: remove from deck
INFO - [G] 2025-01-23 11:53:28 :: DEBUG :: DefaultLogger :: remove from deck
INFO - [G] 2025-01-23 11:53:28 :: DEBUG :: DefaultLogger :: remove from deck
INFO - [G] 2025-01-23 11:53:28 :: DEBUG :: DefaultLogger :: remove from deck
INFO - [G] 2025-01-23 11:53:28 :: DEBUG :: DefaultLogger :: remove from deck
INFO - [G] 2025-01-23 11:53:28 :: DEBUG :: DefaultLogger :: remove from deck
INFO - [G] 2025-01-23 11:53:28 :: DEBUG :: DefaultLogger :: remove from deck
INFO - [G] 2025-01-23 11:53:28 :: DEBUG :: DefaultLogger :: remove from deck
INFO - [G] 2025-01-23 11:53:28 :: DEBUG :: DefaultLogger :: remove from deck
INFO - [G] 2025-01-23 11:53:28 :: DEBUG :: DefaultLogger :: remove from deck
INFO - [G] 2025-01-23 11:53:28 :: DEBUG :: DefaultLogger :: remove from deck
INFO - [G] 2025-01-23 11:53:28 :: DEBUG :: DefaultLogger :: remove from deck
INFO - [G] 2025-01-23 11:53:28 :: DEBUG :: DefaultLogger :: remove from deck
INFO - [G] 2025-01-23 11:53:28 :: DEBUG :: DefaultLogger :: remove from deck
INFO - [G] 2025-01-23 11:53:28 :: DEBUG :: DefaultLogger :: remove from deck
INFO - [G] 2025-01-23 11:53:28 :: DEBUG :: DefaultLogger :: remove from deck
INFO - [G] 2025-01-23 11:53:28 :: DEBUG :: DefaultLogger :: remove from deck
INFO - [G] 2025-01-23 11:53:28 :: DEBUG :: DefaultLogger :: remove from deck
INFO - [G] 2025-01-23 11:53:28 :: DEBUG :: DefaultLogger :: remove from deck
INFO - [G] 2025-01-23 11:53:28 :: DEBUG :: DefaultLogger :: remove from deck
INFO - [G] 2025-01-23 11:53:28 :: DEBUG :: DefaultLogger :: remove from deck
INFO - [G] 2025-01-23 11:53:28 :: DEBUG :: DefaultLogger :: remove from deck
INFO - [G] 2025-01-23 11:53:28 :: DEBUG :: DefaultLogger :: remove from deck
INFO - [G] 2025-01-23 11:53:28 :: DEBUG :: DefaultLogger :: remove from deck
INFO - [G] 2025-01-23 11:53:28 :: DEBUG :: DefaultLogger :: remove from deck
INFO - [G] 2025-01-23 11:53:28 :: DEBUG :: DefaultLogger :: remove from deck
INFO - [G] 2025-01-23 11:53:28 :: DEBUG :: DefaultLogger :: remove from deck
INFO - [G] 2025-01-23 11:53:28 :: DEBUG :: DefaultLogger :: remove from deck
INFO - [G] 2025-01-23 11:53:28 :: DEBUG :: DefaultLogger :: remove from deck
INFO - [G] 2025-01-23 11:53:28 :: DEBUG :: DefaultLogger :: remove from deck
INFO - [G] 2025-01-23 11:53:28 :: DEBUG :: DefaultLogger :: remove from deck
INFO - [G] 2025-01-23 11:53:28 :: DEBUG :: DefaultLogger :: remove from deck
INFO - [G] 2025-01-23 11:53:28 :: DEBUG :: DefaultLogger :: remove from deck
INFO - [G] 2025-01-23 11:53:28 :: DEBUG :: DefaultLogger :: remove from deck
INFO - [G] 2025-01-23 11:53:28 :: DEBUG :: DefaultLogger :: remove from deck
INFO - [G] 2025-01-23 11:53:28 :: DEBUG :: DefaultLogger :: remove from deck
INFO - [G] 2025-01-23 11:53:28 :: DEBUG :: DefaultLogger :: remove from deck
INFO - [G] 2025-01-23 11:53:28 :: DEBUG :: DefaultLogger :: remove from deck
INFO - [G] 2025-01-23 11:53:28 :: DEBUG :: DefaultLogger :: remove from deck
INFO - [G] 2025-01-23 11:53:28 :: DEBUG :: DefaultLogger :: remove from deck
INFO - [G] 2025-01-23 11:53:28 :: DEBUG :: DefaultLogger :: remove from deck
INFO - [G] 2025-01-23 11:54:16 :: DEBUG :: DefaultLogger :: remove from deck
INFO - [G] 2025-01-23 11:54:16 :: DEBUG :: DefaultLogger :: remove from deck
INFO - [G] 2025-01-23 11:54:16 :: DEBUG :: DefaultLogger :: remove from deck
INFO - [G] 2025-01-23 11:54:16 :: DEBUG :: DefaultLogger :: remove from deck
INFO - [G] 2025-01-23 11:54:16 :: DEBUG :: DefaultLogger :: remove from deck
INFO - [G] 2025-01-23 11:54:16 :: DEBUG :: DefaultLogger :: remove from deck
INFO - [G] 2025-01-23 11:54:16 :: DEBUG :: DefaultLogger :: remove from deck
INFO - [G] 2025-01-23 11:54:16 :: DEBUG :: DefaultLogger :: remove from deck
INFO - [G] 2025-01-23 11:54:16 :: DEBUG :: DefaultLogger :: remove from deck
INFO - [G] 2025-01-23 11:54:16 :: DEBUG :: DefaultLogger :: remove from deck
INFO - [G] 2025-01-23 11:54:16 :: DEBUG :: DefaultLogger :: remove from deck
INFO - [G] 2025-01-23 11:54:16 :: DEBUG :: DefaultLogger :: remove from deck
INFO - [G] 2025-01-23 11:54:16 :: DEBUG :: DefaultLogger :: remove from deck
INFO - [G] 2025-01-23 11:54:16 :: DEBUG :: DefaultLogger :: remove from deck
INFO - [G] 2025-01-23 11:54:16 :: DEBUG :: DefaultLogger :: remove from deck
INFO - [G] 2025-01-23 11:54:18 :: DEBUG :: DefaultLogger :: remove from deck
INFO - [G] 2025-01-23 11:54:18 :: DEBUG :: DefaultLogger :: remove from deck
INFO - [G] 2025-01-23 11:54:18 :: DEBUG :: DefaultLogger :: remove from deck
INFO - [G] 2025-01-23 11:54:18 :: DEBUG :: DefaultLogger :: remove from deck
INFO - [G] 2025-01-23 11:54:18 :: DEBUG :: DefaultLogger :: remove from deck
INFO - [G] 2025-01-23 11:54:18 :: DEBUG :: DefaultLogger :: remove from deck
INFO - [G] 2025-01-23 11:54:18 :: DEBUG :: DefaultLogger :: remove from deck
INFO - [G] 2025-01-23 11:54:18 :: DEBUG :: DefaultLogger :: remove from deck
INFO - [G] 2025-01-23 11:54:18 :: DEBUG :: DefaultLogger :: remove from deck
INFO - [G] 2025-01-23 11:54:18 :: DEBUG :: DefaultLogger :: remove from deck
INFO - [G] 2025-01-23 11:54:19 :: DEBUG :: DefaultLogger :: remove from deck
INFO - [G] 2025-01-23 11:54:19 :: DEBUG :: DefaultLogger :: remove from deck
INFO - [G] 2025-01-23 11:54:19 :: DEBUG :: DefaultLogger :: remove from deck
INFO - [G] 2025-01-23 11:54:19 :: DEBUG :: DefaultLogger :: remove from deck
INFO - [G] 2025-01-23 11:54:19 :: DEBUG :: DefaultLogger :: remove from deck
INFO - [G] 2025-01-23 11:54:19 :: DEBUG :: DefaultLogger :: remove from deck
INFO - [G] 2025-01-23 11:54:19 :: DEBUG :: DefaultLogger :: remove from deck
INFO - [G] 2025-01-23 11:54:19 :: DEBUG :: DefaultLogger :: remove from deck
INFO - [G] 2025-01-23 11:54:19 :: DEBUG :: DefaultLogger :: remove from deck
INFO - [G] 2025-01-23 11:54:19 :: DEBUG :: DefaultLogger :: remove from deck
INFO - [G] 2025-01-23 11:54:41 :: DEBUG :: DefaultLogger :: remove from deck
INFO - [G] 2025-01-23 11:54:41 :: DEBUG :: DefaultLogger :: remove from deck
INFO - [G] 2025-01-23 11:54:41 :: DEBUG :: DefaultLogger :: remove from deck
INFO - [G] 2025-01-23 11:54:41 :: DEBUG :: DefaultLogger :: remove from deck
INFO - [G] 2025-01-23 11:54:41 :: DEBUG :: DefaultLogger :: remove from deck
INFO - [G] 2025-01-23 11:54:41 :: DEBUG :: DefaultLogger :: remove from deck
INFO - [G] 2025-01-23 11:54:41 :: DEBUG :: DefaultLogger :: remove from deck
INFO - [G] 2025-01-23 11:54:41 :: DEBUG :: DefaultLogger :: remove from deck
INFO - [G] 2025-01-23 11:54:41 :: DEBUG :: DefaultLogger :: remove from deck
INFO - [G] 2025-01-23 11:54:41 :: DEBUG :: DefaultLogger :: remove from deck
INFO - [G] 2025-01-23 11:54:49 :: DEBUG :: DefaultLogger :: remove from deck
INFO - [G] 2025-01-23 11:54:49 :: DEBUG :: DefaultLogger :: remove from deck
INFO - [G] 2025-01-23 11:54:49 :: DEBUG :: DefaultLogger :: remove from deck
INFO - [G] 2025-01-23 11:54:49 :: DEBUG :: DefaultLogger :: remove from deck
INFO - [G] 2025-01-23 11:54:49 :: DEBUG :: DefaultLogger :: remove from deck
INFO - [G] 2025-01-23 11:54:49 :: DEBUG :: DefaultLogger :: remove from deck
INFO - [G] 2025-01-23 11:54:49 :: DEBUG :: DefaultLogger :: remove from deck
INFO - [G] 2025-01-23 11:54:49 :: DEBUG :: DefaultLogger :: remove from deck
INFO - [G] 2025-01-23 11:54:49 :: DEBUG :: DefaultLogger :: remove from deck
INFO - [G] 2025-01-23 11:54:49 :: DEBUG :: DefaultLogger :: remove from deck
INFO - [G] 2025-01-23 11:54:52 :: DEBUG :: DefaultLogger :: remove from deck
INFO - [G] 2025-01-23 11:54:52 :: DEBUG :: DefaultLogger :: remove from deck
INFO - [G] 2025-01-23 11:54:52 :: DEBUG :: DefaultLogger :: remove from deck
INFO - [G] 2025-01-23 11:54:52 :: DEBUG :: DefaultLogger :: remove from deck
INFO - [G] 2025-01-23 11:54:52 :: DEBUG :: DefaultLogger :: remove from deck
INFO - [G] 2025-01-23 11:54:52 :: DEBUG :: DefaultLogger :: remove from deck
INFO - [G] 2025-01-23 11:54:52 :: DEBUG :: DefaultLogger :: remove from deck
INFO - [G] 2025-01-23 11:54:52 :: DEBUG :: DefaultLogger :: remove from deck
INFO - [G] 2025-01-23 11:54:52 :: DEBUG :: DefaultLogger :: remove from deck
INFO - [G] 2025-01-23 11:54:55 :: DEBUG :: DefaultLogger :: remove from deck
INFO - [G] 2025-01-23 11:54:55 :: DEBUG :: DefaultLogger :: remove from deck
INFO - [G] 2025-01-23 11:54:55 :: DEBUG :: DefaultLogger :: remove from deck
INFO - [G] 2025-01-23 11:54:55 :: DEBUG :: DefaultLogger :: remove from deck
INFO - [G] 2025-01-23 11:54:55 :: DEBUG :: DefaultLogger :: remove from deck
INFO - [G] 2025-01-23 11:54:55 :: DEBUG :: DefaultLogger :: remove from deck
INFO - [G] 2025-01-23 11:54:55 :: DEBUG :: DefaultLogger :: remove from deck
INFO - [G] 2025-01-23 11:54:55 :: DEBUG :: DefaultLogger :: remove from deck
INFO - [G] 2025-01-23 11:54:55 :: DEBUG :: DefaultLogger :: remove from deck
INFO - [G] 2025-01-23 11:54:56 :: DEBUG :: DefaultLogger :: remove from deck
INFO - [G] 2025-01-23 11:54:56 :: DEBUG :: DefaultLogger :: remove from deck
INFO - [G] 2025-01-23 11:54:56 :: DEBUG :: DefaultLogger :: remove from deck
INFO - [G] 2025-01-23 11:54:56 :: DEBUG :: DefaultLogger :: remove from deck
INFO - [G] 2025-01-23 11:54:56 :: DEBUG :: DefaultLogger :: remove from deck
INFO - [G] 2025-01-23 11:55:03 :: DEBUG :: DefaultLogger :: remove from deck
INFO - [G] 2025-01-23 11:55:03 :: DEBUG :: DefaultLogger :: remove from deck
INFO - [G] 2025-01-23 11:55:03 :: DEBUG :: DefaultLogger :: remove from deck
INFO - [G] 2025-01-23 11:55:03 :: DEBUG :: DefaultLogger :: remove from deck
INFO - [G] 2025-01-23 11:55:03 :: DEBUG :: DefaultLogger :: remove from deck
INFO - [G] Distro :: Disconnected from Discord IPC
